#
# There is insufficient memory for the Java Runtime Environment to continue.
# Native memory allocation (malloc) failed to allocate 93136 bytes for Chunk::new
# Possible reasons:
#   The system is out of physical RAM or swap space
#   The process is running with CompressedOops enabled, and the Java Heap may be blocking the growth of the native heap
# Possible solutions:
#   Reduce memory load on the system
#   Increase physical memory or swap space
#   Check if swap backing store is full
#   Decrease Java heap size (-Xmx/-Xms)
#   Decrease number of Java threads
#   Decrease Java thread stack sizes (-Xss)
#   Set larger code cache with -XX:ReservedCodeCacheSize=
#   JVM is running with Unscaled Compressed Oops mode in which the Java heap is
#     placed in the first 4GB address space. The Java Heap base address is the
#     maximum limit for the native heap growth. Please use -XX:HeapBaseMinAddress
#     to set the Java Heap base and to place the Java Heap above 4GB virtual address.
# This output file may be truncated or incomplete.
#
#  Out of Memory Error (./src/hotspot/share/memory/arena.cpp:197), pid=3124, tid=4208
#
# JRE version: OpenJDK Runtime Environment (11.0.13) (build 11.0.13+0-b1751.21-8125866)
# Java VM: OpenJDK 64-Bit Server VM (11.0.13+0-b1751.21-8125866, mixed mode, tiered, compressed oops, g1 gc, windows-amd64)
# No core dump will be written. Minidumps are not enabled by default on client versions of Windows
#

---------------  S U M M A R Y ------------

Command Line: --add-opens=java.base/java.util=ALL-UNNAMED --add-opens=java.base/java.lang=ALL-UNNAMED --add-opens=java.base/java.lang.invoke=ALL-UNNAMED --add-opens=java.base/java.util=ALL-UNNAMED --add-opens=java.prefs/java.util.prefs=ALL-UNNAMED --add-opens=java.prefs/java.util.prefs=ALL-UNNAMED --add-opens=java.base/java.nio.charset=ALL-UNNAMED --add-opens=java.base/java.net=ALL-UNNAMED --add-opens=java.base/java.util.concurrent.atomic=ALL-UNNAMED -Xmx2048m -Dfile.encoding=UTF-8 -Duser.country=RU -Duser.language=ru -Duser.variant org.gradle.launcher.daemon.bootstrap.GradleDaemon 7.4

Host: Intel(R) Core(TM) i5-2450M CPU @ 2.50GHz, 4 cores, 7G,  Windows 8.1 , 64 bit Build 9600 (6.3.9600.20389)
Time: Tue Nov 15 20:23:38 2022 RTZ 4 (ceia) elapsed time: 6.400845 seconds (0d 0h 0m 6s)

---------------  T H R E A D  ---------------

Current thread (0x000000ab59004800):  JavaThread "C2 CompilerThread0" daemon [_thread_in_native, id=4208, stack(0x000000ab5a500000,0x000000ab5a600000)]


Current CompileTask:
C2:   6400 1935   !   4       sun.net.www.ParseUtil::decode (317 bytes)

Stack: [0x000000ab5a500000,0x000000ab5a600000]
Native frames: (J=compiled Java code, j=interpreted, Vv=VM code, C=native code)
V  [jvm.dll+0x6100fa]
V  [jvm.dll+0x747090]
V  [jvm.dll+0x7486ad]
V  [jvm.dll+0x748d83]
V  [jvm.dll+0x24ab48]
V  [jvm.dll+0xc04dc]
V  [jvm.dll+0xc0a0c]
V  [jvm.dll+0x508340]
V  [jvm.dll+0x32b862]
V  [jvm.dll+0x32ad2a]
V  [jvm.dll+0x2032b2]
V  [jvm.dll+0x202437]
V  [jvm.dll+0x188e01]
V  [jvm.dll+0x21106b]
V  [jvm.dll+0x20f8c1]
V  [jvm.dll+0x70de0f]
V  [jvm.dll+0x706a75]
V  [jvm.dll+0x60ed66]
C  [ucrtbase.DLL+0x1f4a0]
C  [KERNEL32.DLL+0x1412]
C  [ntdll.dll+0x15504]


---------------  P R O C E S S  ---------------

Threads class SMR info:
_java_thread_list=0x000000ab59e045b0, length=23, elements={
0x000000ab3f0e5800, 0x000000ab59a31800, 0x000000ab59a3b000, 0x000000ab59a8b800,
0x000000ab59a8e000, 0x000000ab59a8f800, 0x000000ab59004800, 0x000000ab5900d800,
0x000000ab59010000, 0x000000ab59be5800, 0x000000ab5c2cd800, 0x000000ab5c044000,
0x000000ab5cea5800, 0x000000ab5d020800, 0x000000ab5d021000, 0x000000ab5bfea000,
0x000000ab5b7d2800, 0x000000ab5d761000, 0x000000ab5aa0c800, 0x000000ab5b8d8800,
0x000000ab5af49800, 0x000000ab5af47000, 0x000000ab5af4a800
}

Java Threads: ( => current thread )
  0x000000ab3f0e5800 JavaThread "main" [_thread_blocked, id=1868, stack(0x000000ab3e790000,0x000000ab3e890000)]
  0x000000ab59a31800 JavaThread "Reference Handler" daemon [_thread_blocked, id=4076, stack(0x000000ab59f20000,0x000000ab5a020000)]
  0x000000ab59a3b000 JavaThread "Finalizer" daemon [_thread_blocked, id=4608, stack(0x000000ab5a020000,0x000000ab5a120000)]
  0x000000ab59a8b800 JavaThread "Signal Dispatcher" daemon [_thread_blocked, id=3852, stack(0x000000ab5a200000,0x000000ab5a300000)]
  0x000000ab59a8e000 JavaThread "Attach Listener" daemon [_thread_blocked, id=4840, stack(0x000000ab5a300000,0x000000ab5a400000)]
  0x000000ab59a8f800 JavaThread "Service Thread" daemon [_thread_blocked, id=4992, stack(0x000000ab5a400000,0x000000ab5a500000)]
=>0x000000ab59004800 JavaThread "C2 CompilerThread0" daemon [_thread_in_native, id=4208, stack(0x000000ab5a500000,0x000000ab5a600000)]
  0x000000ab5900d800 JavaThread "C1 CompilerThread0" daemon [_thread_blocked, id=556, stack(0x000000ab5a600000,0x000000ab5a700000)]
  0x000000ab59010000 JavaThread "Sweeper thread" daemon [_thread_blocked, id=2432, stack(0x000000ab5a700000,0x000000ab5a800000)]
  0x000000ab59be5800 JavaThread "Common-Cleaner" daemon [_thread_blocked, id=4976, stack(0x000000ab5a800000,0x000000ab5a900000)]
  0x000000ab5c2cd800 JavaThread "Daemon health stats" [_thread_blocked, id=3804, stack(0x000000ab5dea0000,0x000000ab5dfa0000)]
  0x000000ab5c044000 JavaThread "Incoming local TCP Connector on port 50498" [_thread_in_native, id=2120, stack(0x000000ab5b200000,0x000000ab5b300000)]
  0x000000ab5cea5800 JavaThread "Daemon periodic checks" [_thread_blocked, id=4524, stack(0x000000ab5e480000,0x000000ab5e580000)]
  0x000000ab5d020800 JavaThread "Daemon" [_thread_blocked, id=2504, stack(0x000000ab5e580000,0x000000ab5e680000)]
  0x000000ab5d021000 JavaThread "Handler for socket connection from /127.0.0.1:50498 to /127.0.0.1:50499" [_thread_in_native, id=3356, stack(0x000000ab5e680000,0x000000ab5e780000)]
  0x000000ab5bfea000 JavaThread "Cancel handler" [_thread_blocked, id=5020, stack(0x000000ab5e780000,0x000000ab5e880000)]
  0x000000ab5b7d2800 JavaThread "Daemon worker" [_thread_in_Java, id=1268, stack(0x000000ab5e880000,0x000000ab5e980000)]
  0x000000ab5d761000 JavaThread "Asynchronous log dispatcher for DefaultDaemonConnection: socket connection from /127.0.0.1:50498 to /127.0.0.1:50499" [_thread_blocked, id=4156, stack(0x000000ab5e980000,0x000000ab5ea80000)]
  0x000000ab5aa0c800 JavaThread "Stdin handler" [_thread_blocked, id=4280, stack(0x000000ab5ea80000,0x000000ab5eb80000)]
  0x000000ab5b8d8800 JavaThread "Daemon client event forwarder" [_thread_blocked, id=4460, stack(0x000000ab5ec80000,0x000000ab5ed80000)]
  0x000000ab5af49800 JavaThread "Cache worker for journal cache (C:\Users\Nadezhda S\.gradle\caches\journal-1)" [_thread_blocked, id=3712, stack(0x000000ab5f080000,0x000000ab5f180000)]
  0x000000ab5af47000 JavaThread "File lock request listener" [_thread_in_native, id=4988, stack(0x000000ab5f180000,0x000000ab5f280000)]
  0x000000ab5af4a800 JavaThread "Cache worker for file hash cache (C:\Users\Nadezhda S\.gradle\caches\7.4\fileHashes)" [_thread_blocked, id=4996, stack(0x000000ab5f280000,0x000000ab5f380000)]

Other Threads:
  0x000000ab59a24000 VMThread "VM Thread" [stack: 0x000000ab59e20000,0x000000ab59f20000] [id=4436]
  0x000000ab59bff000 WatcherThread [stack: 0x000000ab5a900000,0x000000ab5aa00000] [id=2836]
  0x000000ab3f0fe800 GCTaskThread "GC Thread#0" [stack: 0x000000ab3ea70000,0x000000ab3eb70000] [id=4068]
  0x000000ab5b108800 GCTaskThread "GC Thread#1" [stack: 0x000000ab5c2d0000,0x000000ab5c3d0000] [id=4716]
  0x000000ab5ab6f000 GCTaskThread "GC Thread#2" [stack: 0x000000ab5c3d0000,0x000000ab5c4d0000] [id=4852]
  0x000000ab5b8db800 GCTaskThread "GC Thread#3" [stack: 0x000000ab5ed80000,0x000000ab5ee80000] [id=4580]
  0x000000ab3f130800 ConcurrentGCThread "G1 Main Marker" [stack: 0x000000ab567d0000,0x000000ab568d0000] [id=4408]
  0x000000ab3f133800 ConcurrentGCThread "G1 Conc#0" [stack: 0x000000ab568d0000,0x000000ab569d0000] [id=4920]
  0x000000ab58e54800 ConcurrentGCThread "G1 Refine#0" [stack: 0x000000ab59020000,0x000000ab59120000] [id=4896]
  0x000000ab58e55800 ConcurrentGCThread "G1 Young RemSet Sampling" [stack: 0x000000ab59120000,0x000000ab59220000] [id=4452]

Threads with active compile tasks:
C2 CompilerThread0   6451 1935   !   4       sun.net.www.ParseUtil::decode (317 bytes)

VM state:not at safepoint (normal execution)

VM Mutex/Monitor currently owned by a thread: None

Heap address: 0x0000000080000000, size: 2048 MB, Compressed Oops mode: 32-bit
Narrow klass base: 0x0000000000000000, Narrow klass shift: 3
Compressed class space size: 1073741824 Address: 0x0000000100000000

Heap:
 garbage-first heap   total 131072K, used 48725K [0x0000000080000000, 0x0000000100000000)
  region size 1024K, 39 young (39936K), 6 survivors (6144K)
 Metaspace       used 20728K, capacity 21149K, committed 21296K, reserved 1069056K
  class space    used 2512K, capacity 2648K, committed 2688K, reserved 1048576K
Heap Regions: E=young(eden), S=young(survivor), O=old, HS=humongous(starts), HC=humongous(continues), CS=collection set, F=free, A=archive, TAMS=top-at-mark-start (previous, next)
|   0|0x0000000080000000, 0x0000000080100000, 0x0000000080100000|100%|HS|  |TAMS 0x0000000080000000, 0x0000000080000000| Complete 
|   1|0x0000000080100000, 0x0000000080200000, 0x0000000080200000|100%|HC|  |TAMS 0x0000000080100000, 0x0000000080100000| Complete 
|   2|0x0000000080200000, 0x0000000080300000, 0x0000000080300000|100%|HC|  |TAMS 0x0000000080200000, 0x0000000080200000| Complete 
|   3|0x0000000080300000, 0x0000000080400000, 0x0000000080400000|100%| O|  |TAMS 0x0000000080300000, 0x0000000080300000| Untracked 
|   4|0x0000000080400000, 0x0000000080500000, 0x0000000080500000|100%| O|  |TAMS 0x0000000080400000, 0x0000000080400000| Untracked 
|   5|0x0000000080500000, 0x0000000080600000, 0x0000000080600000|100%| O|  |TAMS 0x0000000080500000, 0x0000000080500000| Untracked 
|   6|0x0000000080600000, 0x0000000080700000, 0x0000000080700000|100%| O|  |TAMS 0x0000000080600000, 0x0000000080600000| Untracked 
|   7|0x0000000080700000, 0x0000000080800000, 0x0000000080800000|100%| O|  |TAMS 0x0000000080700000, 0x0000000080700000| Untracked 
|   8|0x0000000080800000, 0x0000000080800000, 0x0000000080900000|  0%| F|  |TAMS 0x0000000080800000, 0x0000000080800000| Untracked 
|   9|0x0000000080900000, 0x0000000080a00000, 0x0000000080a00000|100%| O|  |TAMS 0x0000000080900000, 0x0000000080900000| Untracked 
|  10|0x0000000080a00000, 0x0000000080a95400, 0x0000000080b00000| 58%| O|  |TAMS 0x0000000080a00000, 0x0000000080a00000| Untracked 
|  11|0x0000000080b00000, 0x0000000080b00000, 0x0000000080c00000|  0%| F|  |TAMS 0x0000000080b00000, 0x0000000080b00000| Untracked 
|  12|0x0000000080c00000, 0x0000000080c00000, 0x0000000080d00000|  0%| F|  |TAMS 0x0000000080c00000, 0x0000000080c00000| Untracked 
|  13|0x0000000080d00000, 0x0000000080d00000, 0x0000000080e00000|  0%| F|  |TAMS 0x0000000080d00000, 0x0000000080d00000| Untracked 
|  14|0x0000000080e00000, 0x0000000080e00000, 0x0000000080f00000|  0%| F|  |TAMS 0x0000000080e00000, 0x0000000080e00000| Untracked 
|  15|0x0000000080f00000, 0x0000000080f00000, 0x0000000081000000|  0%| F|  |TAMS 0x0000000080f00000, 0x0000000080f00000| Untracked 
|  16|0x0000000081000000, 0x0000000081000000, 0x0000000081100000|  0%| F|  |TAMS 0x0000000081000000, 0x0000000081000000| Untracked 
|  17|0x0000000081100000, 0x0000000081100000, 0x0000000081200000|  0%| F|  |TAMS 0x0000000081100000, 0x0000000081100000| Untracked 
|  18|0x0000000081200000, 0x0000000081200000, 0x0000000081300000|  0%| F|  |TAMS 0x0000000081200000, 0x0000000081200000| Untracked 
|  19|0x0000000081300000, 0x0000000081300000, 0x0000000081400000|  0%| F|  |TAMS 0x0000000081300000, 0x0000000081300000| Untracked 
|  20|0x0000000081400000, 0x0000000081400000, 0x0000000081500000|  0%| F|  |TAMS 0x0000000081400000, 0x0000000081400000| Untracked 
|  21|0x0000000081500000, 0x0000000081500000, 0x0000000081600000|  0%| F|  |TAMS 0x0000000081500000, 0x0000000081500000| Untracked 
|  22|0x0000000081600000, 0x0000000081600000, 0x0000000081700000|  0%| F|  |TAMS 0x0000000081600000, 0x0000000081600000| Untracked 
|  23|0x0000000081700000, 0x0000000081700000, 0x0000000081800000|  0%| F|  |TAMS 0x0000000081700000, 0x0000000081700000| Untracked 
|  24|0x0000000081800000, 0x0000000081800000, 0x0000000081900000|  0%| F|  |TAMS 0x0000000081800000, 0x0000000081800000| Untracked 
|  25|0x0000000081900000, 0x0000000081900000, 0x0000000081a00000|  0%| F|  |TAMS 0x0000000081900000, 0x0000000081900000| Untracked 
|  26|0x0000000081a00000, 0x0000000081a00000, 0x0000000081b00000|  0%| F|  |TAMS 0x0000000081a00000, 0x0000000081a00000| Untracked 
|  27|0x0000000081b00000, 0x0000000081b00000, 0x0000000081c00000|  0%| F|  |TAMS 0x0000000081b00000, 0x0000000081b00000| Untracked 
|  28|0x0000000081c00000, 0x0000000081c00000, 0x0000000081d00000|  0%| F|  |TAMS 0x0000000081c00000, 0x0000000081c00000| Untracked 
|  29|0x0000000081d00000, 0x0000000081d00000, 0x0000000081e00000|  0%| F|  |TAMS 0x0000000081d00000, 0x0000000081d00000| Untracked 
|  30|0x0000000081e00000, 0x0000000081e00000, 0x0000000081f00000|  0%| F|  |TAMS 0x0000000081e00000, 0x0000000081e00000| Untracked 
|  31|0x0000000081f00000, 0x0000000081f00000, 0x0000000082000000|  0%| F|  |TAMS 0x0000000081f00000, 0x0000000081f00000| Untracked 
|  32|0x0000000082000000, 0x0000000082000000, 0x0000000082100000|  0%| F|  |TAMS 0x0000000082000000, 0x0000000082000000| Untracked 
|  33|0x0000000082100000, 0x0000000082100000, 0x0000000082200000|  0%| F|  |TAMS 0x0000000082100000, 0x0000000082100000| Untracked 
|  34|0x0000000082200000, 0x0000000082200000, 0x0000000082300000|  0%| F|  |TAMS 0x0000000082200000, 0x0000000082200000| Untracked 
|  35|0x0000000082300000, 0x0000000082300000, 0x0000000082400000|  0%| F|  |TAMS 0x0000000082300000, 0x0000000082300000| Untracked 
|  36|0x0000000082400000, 0x0000000082400000, 0x0000000082500000|  0%| F|  |TAMS 0x0000000082400000, 0x0000000082400000| Untracked 
|  37|0x0000000082500000, 0x0000000082500000, 0x0000000082600000|  0%| F|  |TAMS 0x0000000082500000, 0x0000000082500000| Untracked 
|  38|0x0000000082600000, 0x0000000082600000, 0x0000000082700000|  0%| F|  |TAMS 0x0000000082600000, 0x0000000082600000| Untracked 
|  39|0x0000000082700000, 0x0000000082700000, 0x0000000082800000|  0%| F|  |TAMS 0x0000000082700000, 0x0000000082700000| Untracked 
|  40|0x0000000082800000, 0x0000000082800000, 0x0000000082900000|  0%| F|  |TAMS 0x0000000082800000, 0x0000000082800000| Untracked 
|  41|0x0000000082900000, 0x0000000082900000, 0x0000000082a00000|  0%| F|  |TAMS 0x0000000082900000, 0x0000000082900000| Untracked 
|  42|0x0000000082a00000, 0x0000000082a00000, 0x0000000082b00000|  0%| F|  |TAMS 0x0000000082a00000, 0x0000000082a00000| Untracked 
|  43|0x0000000082b00000, 0x0000000082b00000, 0x0000000082c00000|  0%| F|  |TAMS 0x0000000082b00000, 0x0000000082b00000| Untracked 
|  44|0x0000000082c00000, 0x0000000082c00000, 0x0000000082d00000|  0%| F|  |TAMS 0x0000000082c00000, 0x0000000082c00000| Untracked 
|  45|0x0000000082d00000, 0x0000000082d00000, 0x0000000082e00000|  0%| F|  |TAMS 0x0000000082d00000, 0x0000000082d00000| Untracked 
|  46|0x0000000082e00000, 0x0000000082e00000, 0x0000000082f00000|  0%| F|  |TAMS 0x0000000082e00000, 0x0000000082e00000| Untracked 
|  47|0x0000000082f00000, 0x0000000082f00000, 0x0000000083000000|  0%| F|  |TAMS 0x0000000082f00000, 0x0000000082f00000| Untracked 
|  48|0x0000000083000000, 0x0000000083000000, 0x0000000083100000|  0%| F|  |TAMS 0x0000000083000000, 0x0000000083000000| Untracked 
|  49|0x0000000083100000, 0x0000000083100000, 0x0000000083200000|  0%| F|  |TAMS 0x0000000083100000, 0x0000000083100000| Untracked 
|  50|0x0000000083200000, 0x0000000083200000, 0x0000000083300000|  0%| F|  |TAMS 0x0000000083200000, 0x0000000083200000| Untracked 
|  51|0x0000000083300000, 0x0000000083300000, 0x0000000083400000|  0%| F|  |TAMS 0x0000000083300000, 0x0000000083300000| Untracked 
|  52|0x0000000083400000, 0x0000000083400000, 0x0000000083500000|  0%| F|  |TAMS 0x0000000083400000, 0x0000000083400000| Untracked 
|  53|0x0000000083500000, 0x0000000083500000, 0x0000000083600000|  0%| F|  |TAMS 0x0000000083500000, 0x0000000083500000| Untracked 
|  54|0x0000000083600000, 0x0000000083600000, 0x0000000083700000|  0%| F|  |TAMS 0x0000000083600000, 0x0000000083600000| Untracked 
|  55|0x0000000083700000, 0x0000000083700000, 0x0000000083800000|  0%| F|  |TAMS 0x0000000083700000, 0x0000000083700000| Untracked 
|  56|0x0000000083800000, 0x0000000083800000, 0x0000000083900000|  0%| F|  |TAMS 0x0000000083800000, 0x0000000083800000| Untracked 
|  57|0x0000000083900000, 0x0000000083900000, 0x0000000083a00000|  0%| F|  |TAMS 0x0000000083900000, 0x0000000083900000| Untracked 
|  58|0x0000000083a00000, 0x0000000083a00000, 0x0000000083b00000|  0%| F|  |TAMS 0x0000000083a00000, 0x0000000083a00000| Untracked 
|  59|0x0000000083b00000, 0x0000000083b00000, 0x0000000083c00000|  0%| F|  |TAMS 0x0000000083b00000, 0x0000000083b00000| Untracked 
|  60|0x0000000083c00000, 0x0000000083c00000, 0x0000000083d00000|  0%| F|  |TAMS 0x0000000083c00000, 0x0000000083c00000| Untracked 
|  61|0x0000000083d00000, 0x0000000083d00000, 0x0000000083e00000|  0%| F|  |TAMS 0x0000000083d00000, 0x0000000083d00000| Untracked 
|  62|0x0000000083e00000, 0x0000000083e00000, 0x0000000083f00000|  0%| F|  |TAMS 0x0000000083e00000, 0x0000000083e00000| Untracked 
|  63|0x0000000083f00000, 0x0000000083f00000, 0x0000000084000000|  0%| F|  |TAMS 0x0000000083f00000, 0x0000000083f00000| Untracked 
|  64|0x0000000084000000, 0x0000000084000000, 0x0000000084100000|  0%| F|  |TAMS 0x0000000084000000, 0x0000000084000000| Untracked 
|  65|0x0000000084100000, 0x0000000084100000, 0x0000000084200000|  0%| F|  |TAMS 0x0000000084100000, 0x0000000084100000| Untracked 
|  66|0x0000000084200000, 0x0000000084200000, 0x0000000084300000|  0%| F|  |TAMS 0x0000000084200000, 0x0000000084200000| Untracked 
|  67|0x0000000084300000, 0x0000000084300000, 0x0000000084400000|  0%| F|  |TAMS 0x0000000084300000, 0x0000000084300000| Untracked 
|  68|0x0000000084400000, 0x0000000084400000, 0x0000000084500000|  0%| F|  |TAMS 0x0000000084400000, 0x0000000084400000| Untracked 
|  69|0x0000000084500000, 0x0000000084500000, 0x0000000084600000|  0%| F|  |TAMS 0x0000000084500000, 0x0000000084500000| Untracked 
|  70|0x0000000084600000, 0x0000000084600000, 0x0000000084700000|  0%| F|  |TAMS 0x0000000084600000, 0x0000000084600000| Untracked 
|  71|0x0000000084700000, 0x0000000084700000, 0x0000000084800000|  0%| F|  |TAMS 0x0000000084700000, 0x0000000084700000| Untracked 
|  72|0x0000000084800000, 0x0000000084800000, 0x0000000084900000|  0%| F|  |TAMS 0x0000000084800000, 0x0000000084800000| Untracked 
|  73|0x0000000084900000, 0x0000000084900000, 0x0000000084a00000|  0%| F|  |TAMS 0x0000000084900000, 0x0000000084900000| Untracked 
|  74|0x0000000084a00000, 0x0000000084a00000, 0x0000000084b00000|  0%| F|  |TAMS 0x0000000084a00000, 0x0000000084a00000| Untracked 
|  75|0x0000000084b00000, 0x0000000084b00000, 0x0000000084c00000|  0%| F|  |TAMS 0x0000000084b00000, 0x0000000084b00000| Untracked 
|  76|0x0000000084c00000, 0x0000000084c00000, 0x0000000084d00000|  0%| F|  |TAMS 0x0000000084c00000, 0x0000000084c00000| Untracked 
|  77|0x0000000084d00000, 0x0000000084d00000, 0x0000000084e00000|  0%| F|  |TAMS 0x0000000084d00000, 0x0000000084d00000| Untracked 
|  78|0x0000000084e00000, 0x0000000084f00000, 0x0000000084f00000|100%| S|CS|TAMS 0x0000000084e00000, 0x0000000084e00000| Complete 
|  79|0x0000000084f00000, 0x0000000085000000, 0x0000000085000000|100%| S|CS|TAMS 0x0000000084f00000, 0x0000000084f00000| Complete 
|  80|0x0000000085000000, 0x0000000085100000, 0x0000000085100000|100%| S|CS|TAMS 0x0000000085000000, 0x0000000085000000| Complete 
|  81|0x0000000085100000, 0x0000000085200000, 0x0000000085200000|100%| S|CS|TAMS 0x0000000085100000, 0x0000000085100000| Complete 
|  82|0x0000000085200000, 0x0000000085300000, 0x0000000085300000|100%| S|CS|TAMS 0x0000000085200000, 0x0000000085200000| Complete 
|  83|0x0000000085300000, 0x0000000085400000, 0x0000000085400000|100%| S|CS|TAMS 0x0000000085300000, 0x0000000085300000| Complete 
|  84|0x0000000085400000, 0x0000000085400000, 0x0000000085500000|  0%| F|  |TAMS 0x0000000085400000, 0x0000000085400000| Untracked 
|  85|0x0000000085500000, 0x0000000085500000, 0x0000000085600000|  0%| F|  |TAMS 0x0000000085500000, 0x0000000085500000| Untracked 
|  86|0x0000000085600000, 0x0000000085600000, 0x0000000085700000|  0%| F|  |TAMS 0x0000000085600000, 0x0000000085600000| Untracked 
|  87|0x0000000085700000, 0x0000000085700000, 0x0000000085800000|  0%| F|  |TAMS 0x0000000085700000, 0x0000000085700000| Untracked 
|  88|0x0000000085800000, 0x0000000085800000, 0x0000000085900000|  0%| F|  |TAMS 0x0000000085800000, 0x0000000085800000| Untracked 
|  89|0x0000000085900000, 0x0000000085900000, 0x0000000085a00000|  0%| F|  |TAMS 0x0000000085900000, 0x0000000085900000| Untracked 
|  90|0x0000000085a00000, 0x0000000085a00000, 0x0000000085b00000|  0%| F|  |TAMS 0x0000000085a00000, 0x0000000085a00000| Untracked 
|  91|0x0000000085b00000, 0x0000000085b00000, 0x0000000085c00000|  0%| F|  |TAMS 0x0000000085b00000, 0x0000000085b00000| Untracked 
|  92|0x0000000085c00000, 0x0000000085c00000, 0x0000000085d00000|  0%| F|  |TAMS 0x0000000085c00000, 0x0000000085c00000| Untracked 
|  93|0x0000000085d00000, 0x0000000085d00000, 0x0000000085e00000|  0%| F|  |TAMS 0x0000000085d00000, 0x0000000085d00000| Untracked 
|  94|0x0000000085e00000, 0x0000000085e47088, 0x0000000085f00000| 27%| E|  |TAMS 0x0000000085e00000, 0x0000000085e00000| Complete 
|  95|0x0000000085f00000, 0x0000000086000000, 0x0000000086000000|100%| E|CS|TAMS 0x0000000085f00000, 0x0000000085f00000| Complete 
|  96|0x0000000086000000, 0x0000000086100000, 0x0000000086100000|100%| E|CS|TAMS 0x0000000086000000, 0x0000000086000000| Complete 
|  97|0x0000000086100000, 0x0000000086200000, 0x0000000086200000|100%| E|CS|TAMS 0x0000000086100000, 0x0000000086100000| Complete 
|  98|0x0000000086200000, 0x0000000086300000, 0x0000000086300000|100%| E|CS|TAMS 0x0000000086200000, 0x0000000086200000| Complete 
|  99|0x0000000086300000, 0x0000000086400000, 0x0000000086400000|100%| E|CS|TAMS 0x0000000086300000, 0x0000000086300000| Complete 
| 100|0x0000000086400000, 0x0000000086500000, 0x0000000086500000|100%| E|CS|TAMS 0x0000000086400000, 0x0000000086400000| Complete 
| 101|0x0000000086500000, 0x0000000086600000, 0x0000000086600000|100%| E|CS|TAMS 0x0000000086500000, 0x0000000086500000| Complete 
| 102|0x0000000086600000, 0x0000000086700000, 0x0000000086700000|100%| E|CS|TAMS 0x0000000086600000, 0x0000000086600000| Complete 
| 103|0x0000000086700000, 0x0000000086800000, 0x0000000086800000|100%| E|CS|TAMS 0x0000000086700000, 0x0000000086700000| Complete 
| 104|0x0000000086800000, 0x0000000086900000, 0x0000000086900000|100%| E|CS|TAMS 0x0000000086800000, 0x0000000086800000| Complete 
| 105|0x0000000086900000, 0x0000000086a00000, 0x0000000086a00000|100%| E|CS|TAMS 0x0000000086900000, 0x0000000086900000| Complete 
| 106|0x0000000086a00000, 0x0000000086b00000, 0x0000000086b00000|100%| E|CS|TAMS 0x0000000086a00000, 0x0000000086a00000| Complete 
| 107|0x0000000086b00000, 0x0000000086c00000, 0x0000000086c00000|100%| E|CS|TAMS 0x0000000086b00000, 0x0000000086b00000| Complete 
| 108|0x0000000086c00000, 0x0000000086d00000, 0x0000000086d00000|100%| E|CS|TAMS 0x0000000086c00000, 0x0000000086c00000| Complete 
| 109|0x0000000086d00000, 0x0000000086e00000, 0x0000000086e00000|100%| E|CS|TAMS 0x0000000086d00000, 0x0000000086d00000| Complete 
| 110|0x0000000086e00000, 0x0000000086f00000, 0x0000000086f00000|100%| E|CS|TAMS 0x0000000086e00000, 0x0000000086e00000| Complete 
| 111|0x0000000086f00000, 0x0000000087000000, 0x0000000087000000|100%| E|CS|TAMS 0x0000000086f00000, 0x0000000086f00000| Complete 
| 112|0x0000000087000000, 0x0000000087100000, 0x0000000087100000|100%| E|CS|TAMS 0x0000000087000000, 0x0000000087000000| Complete 
| 113|0x0000000087100000, 0x0000000087200000, 0x0000000087200000|100%| E|CS|TAMS 0x0000000087100000, 0x0000000087100000| Complete 
| 114|0x0000000087200000, 0x0000000087300000, 0x0000000087300000|100%| E|CS|TAMS 0x0000000087200000, 0x0000000087200000| Complete 
| 115|0x0000000087300000, 0x0000000087400000, 0x0000000087400000|100%| E|CS|TAMS 0x0000000087300000, 0x0000000087300000| Complete 
| 116|0x0000000087400000, 0x0000000087500000, 0x0000000087500000|100%| E|CS|TAMS 0x0000000087400000, 0x0000000087400000| Complete 
| 117|0x0000000087500000, 0x0000000087600000, 0x0000000087600000|100%| E|CS|TAMS 0x0000000087500000, 0x0000000087500000| Complete 
| 118|0x0000000087600000, 0x0000000087700000, 0x0000000087700000|100%| E|CS|TAMS 0x0000000087600000, 0x0000000087600000| Complete 
| 119|0x0000000087700000, 0x0000000087800000, 0x0000000087800000|100%| E|CS|TAMS 0x0000000087700000, 0x0000000087700000| Complete 
| 120|0x0000000087800000, 0x0000000087900000, 0x0000000087900000|100%| E|CS|TAMS 0x0000000087800000, 0x0000000087800000| Complete 
| 121|0x0000000087900000, 0x0000000087a00000, 0x0000000087a00000|100%| E|CS|TAMS 0x0000000087900000, 0x0000000087900000| Complete 
| 122|0x0000000087a00000, 0x0000000087b00000, 0x0000000087b00000|100%| E|CS|TAMS 0x0000000087a00000, 0x0000000087a00000| Complete 
| 123|0x0000000087b00000, 0x0000000087c00000, 0x0000000087c00000|100%| E|CS|TAMS 0x0000000087b00000, 0x0000000087b00000| Complete 
| 124|0x0000000087c00000, 0x0000000087d00000, 0x0000000087d00000|100%| E|CS|TAMS 0x0000000087c00000, 0x0000000087c00000| Complete 
| 125|0x0000000087d00000, 0x0000000087e00000, 0x0000000087e00000|100%| E|CS|TAMS 0x0000000087d00000, 0x0000000087d00000| Complete 
| 126|0x0000000087e00000, 0x0000000087f00000, 0x0000000087f00000|100%| E|CS|TAMS 0x0000000087e00000, 0x0000000087e00000| Complete 
| 127|0x0000000087f00000, 0x0000000088000000, 0x0000000088000000|100%| E|CS|TAMS 0x0000000087f00000, 0x0000000087f00000| Complete 

Card table byte_map: [0x000000ab51fd0000,0x000000ab523d0000] _byte_map_base: 0x000000ab51bd0000

Marking Bits (Prev, Next): (CMBitMap*) 0x000000ab3f1279c8, (CMBitMap*) 0x000000ab3f127a00
 Prev Bits: [0x000000ab527d0000, 0x000000ab547d0000)
 Next Bits: [0x000000ab547d0000, 0x000000ab567d0000)

Polling page: 0x000000ab3cf80000

Metaspace:

Usage:
  Non-class:     18.07 MB capacity,    17.80 MB ( 99%) used,   241.63 KB (  1%) free+waste,    34.31 KB ( <1%) overhead. 
      Class:      2.59 MB capacity,     2.46 MB ( 95%) used,   116.73 KB (  4%) free+waste,    16.56 KB ( <1%) overhead. 
       Both:     20.66 MB capacity,    20.26 MB ( 98%) used,   358.35 KB (  2%) free+waste,    50.88 KB ( <1%) overhead. 

Virtual space:
  Non-class space:       20.00 MB reserved,      18.17 MB ( 91%) committed 
      Class space:        1.00 GB reserved,       2.63 MB ( <1%) committed 
             Both:        1.02 GB reserved,      20.80 MB (  2%) committed 

Chunk freelists:
   Non-Class:  55.00 KB
       Class:  6.00 KB
        Both:  61.00 KB

MaxMetaspaceSize: 17179869184.00 GB
CompressedClassSpaceSize: 1.00 GB
Initial GC threshold: 20.80 MB
Current GC threshold: 20.80 MB
CDS: off

CodeHeap 'non-profiled nmethods': size=120064Kb used=1011Kb max_used=1011Kb free=119052Kb
 bounds [0x000000ab4a690000, 0x000000ab4a900000, 0x000000ab51bd0000]
CodeHeap 'profiled nmethods': size=120000Kb used=4228Kb max_used=4228Kb free=115771Kb
 bounds [0x000000ab43160000, 0x000000ab43590000, 0x000000ab4a690000]
CodeHeap 'non-nmethods': size=5696Kb used=1204Kb max_used=1224Kb free=4491Kb
 bounds [0x000000ab42bd0000, 0x000000ab42e40000, 0x000000ab43160000]
 total_blobs=2446 nmethods=1972 adapters=386
 compilation: enabled
              stopped_count=0, restarted_count=0
 full_count=0

Compilation events (20 events):
Event: 6.333 Thread 0x000000ab5900d800 1965       1       java.lang.reflect.Method::getRoot (5 bytes)
Event: 6.333 Thread 0x000000ab5900d800 nmethod 1965 0x000000ab4a78bc10 code [0x000000ab4a78bdc0, 0x000000ab4a78be78]
Event: 6.333 Thread 0x000000ab5900d800 1966       1       java.lang.invoke.MethodHandleImpl::isCompileConstant (2 bytes)
Event: 6.333 Thread 0x000000ab5900d800 nmethod 1966 0x000000ab4a78bf10 code [0x000000ab4a78c0c0, 0x000000ab4a78c158]
Event: 6.351 Thread 0x000000ab5900d800 1967       3       java.util.concurrent.locks.ReentrantLock$NonfairSync::tryAcquire (6 bytes)
Event: 6.352 Thread 0x000000ab5900d800 nmethod 1967 0x000000ab43576a10 code [0x000000ab43576bc0, 0x000000ab43576ce8]
Event: 6.366 Thread 0x000000ab5900d800 1968       1       jdk.internal.reflect.DelegatingMethodAccessorImpl::setDelegate (6 bytes)
Event: 6.366 Thread 0x000000ab5900d800 nmethod 1968 0x000000ab4a78c210 code [0x000000ab4a78c3c0, 0x000000ab4a78c4b8]
Event: 6.367 Thread 0x000000ab5900d800 1969       1       java.lang.reflect.Method::getMethodAccessor (5 bytes)
Event: 6.367 Thread 0x000000ab5900d800 nmethod 1969 0x000000ab4a78c510 code [0x000000ab4a78c6c0, 0x000000ab4a78c778]
Event: 6.367 Thread 0x000000ab5900d800 1970       3       jdk.internal.reflect.MethodAccessorImpl::<init> (5 bytes)
Event: 6.367 Thread 0x000000ab5900d800 nmethod 1970 0x000000ab43576d90 code [0x000000ab43576f40, 0x000000ab435770f8]
Event: 6.368 Thread 0x000000ab5900d800 1971       1       jdk.internal.reflect.NativeMethodAccessorImpl::setParent (6 bytes)
Event: 6.368 Thread 0x000000ab5900d800 nmethod 1971 0x000000ab4a78c810 code [0x000000ab4a78c9c0, 0x000000ab4a78cab8]
Event: 6.372 Thread 0x000000ab5900d800 1972       3       com.google.common.collect.AbstractIndexedListIterator::next (31 bytes)
Event: 6.373 Thread 0x000000ab5900d800 nmethod 1972 0x000000ab43577210 code [0x000000ab43577400, 0x000000ab43577778]
Event: 6.373 Thread 0x000000ab5900d800 1974       3       org.gradle.internal.file.FilePathUtil::sizeOfCommonPrefix (142 bytes)
Event: 6.398 Thread 0x000000ab5900d800 nmethod 1974 0x000000ab43577890 code [0x000000ab43577ce0, 0x000000ab43579eb8]
Event: 6.398 Thread 0x000000ab5900d800 1973       3       com.google.common.collect.Iterators$ArrayItr::get (12 bytes)
Event: 6.398 Thread 0x000000ab5900d800 nmethod 1973 0x000000ab4357ac10 code [0x000000ab4357adc0, 0x000000ab4357aef8]

GC Heap History (8 events):
Event: 1.031 GC heap before
{Heap before GC invocations=0 (full 0):
 garbage-first heap   total 131072K, used 16384K [0x0000000080000000, 0x0000000100000000)
  region size 1024K, 14 young (14336K), 0 survivors (0K)
 Metaspace       used 6797K, capacity 7001K, committed 7168K, reserved 1056768K
  class space    used 576K, capacity 650K, committed 768K, reserved 1048576K
}
Event: 1.037 GC heap after
{Heap after GC invocations=1 (full 0):
 garbage-first heap   total 131072K, used 3964K [0x0000000080000000, 0x0000000100000000)
  region size 1024K, 2 young (2048K), 2 survivors (2048K)
 Metaspace       used 6797K, capacity 7001K, committed 7168K, reserved 1056768K
  class space    used 576K, capacity 650K, committed 768K, reserved 1048576K
}
Event: 2.052 GC heap before
{Heap before GC invocations=1 (full 0):
 garbage-first heap   total 131072K, used 19324K [0x0000000080000000, 0x0000000100000000)
  region size 1024K, 14 young (14336K), 2 survivors (2048K)
 Metaspace       used 10327K, capacity 10629K, committed 10880K, reserved 1058816K
  class space    used 1055K, capacity 1139K, committed 1152K, reserved 1048576K
}
Event: 2.060 GC heap after
{Heap after GC invocations=2 (full 0):
 garbage-first heap   total 131072K, used 9768K [0x0000000080000000, 0x0000000100000000)
  region size 1024K, 2 young (2048K), 2 survivors (2048K)
 Metaspace       used 10327K, capacity 10629K, committed 10880K, reserved 1058816K
  class space    used 1055K, capacity 1139K, committed 1152K, reserved 1048576K
}
Event: 3.112 GC heap before
{Heap before GC invocations=2 (full 0):
 garbage-first heap   total 131072K, used 37416K [0x0000000080000000, 0x0000000100000000)
  region size 1024K, 29 young (29696K), 2 survivors (2048K)
 Metaspace       used 11321K, capacity 11584K, committed 11776K, reserved 1060864K
  class space    used 1155K, capacity 1244K, committed 1280K, reserved 1048576K
}
Event: 3.117 GC heap after
{Heap after GC invocations=3 (full 0):
 garbage-first heap   total 131072K, used 11332K [0x0000000080000000, 0x0000000100000000)
  region size 1024K, 4 young (4096K), 4 survivors (4096K)
 Metaspace       used 11321K, capacity 11584K, committed 11776K, reserved 1060864K
  class space    used 1155K, capacity 1244K, committed 1280K, reserved 1048576K
}
Event: 5.605 GC heap before
{Heap before GC invocations=3 (full 0):
 garbage-first heap   total 131072K, used 53316K [0x0000000080000000, 0x0000000100000000)
  region size 1024K, 44 young (45056K), 4 survivors (4096K)
 Metaspace       used 17182K, capacity 17597K, committed 17792K, reserved 1064960K
  class space    used 1961K, capacity 2101K, committed 2176K, reserved 1048576K
}
Event: 5.614 GC heap after
{Heap after GC invocations=4 (full 0):
 garbage-first heap   total 131072K, used 15957K [0x0000000080000000, 0x0000000100000000)
  region size 1024K, 6 young (6144K), 6 survivors (6144K)
 Metaspace       used 17182K, capacity 17597K, committed 17792K, reserved 1064960K
  class space    used 1961K, capacity 2101K, committed 2176K, reserved 1048576K
}

Deoptimization events (20 events):
Event: 6.205 Thread 0x000000ab5b7d2800 DEOPT PACKING pc=0x000000ab4a6ab980 sp=0x000000ab5e979b20
Event: 6.205 Thread 0x000000ab5b7d2800 DEOPT UNPACKING pc=0x000000ab42c1a1af sp=0x000000ab5e979ad0 mode 2
Event: 6.206 Thread 0x000000ab5b7d2800 Uncommon trap: trap_request=0xffffff4d fr.pc=0x000000ab4a77254c relative=0x000000000000010c
Event: 6.206 Thread 0x000000ab5b7d2800 Uncommon trap: reason=unstable_if action=reinterpret pc=0x000000ab4a77254c method=java.lang.ThreadLocal$ThreadLocalMap.getEntry(Ljava/lang/ThreadLocal;)Ljava/lang/ThreadLocal$ThreadLocalMap$Entry; @ 29 c2
Event: 6.206 Thread 0x000000ab5b7d2800 DEOPT PACKING pc=0x000000ab4a77254c sp=0x000000ab5e9798b0
Event: 6.206 Thread 0x000000ab5b7d2800 DEOPT UNPACKING pc=0x000000ab42c1a1af sp=0x000000ab5e9797f0 mode 2
Event: 6.264 Thread 0x000000ab5b7d2800 Uncommon trap: trap_request=0xffffff4d fr.pc=0x000000ab4a709c8c relative=0x0000000000000b6c
Event: 6.264 Thread 0x000000ab5b7d2800 Uncommon trap: reason=unstable_if action=reinterpret pc=0x000000ab4a709c8c method=java.util.Properties$LineReader.readLine()I @ 249 c2
Event: 6.264 Thread 0x000000ab5b7d2800 DEOPT PACKING pc=0x000000ab4a709c8c sp=0x000000ab5e9797e0
Event: 6.264 Thread 0x000000ab5b7d2800 DEOPT UNPACKING pc=0x000000ab42c1a1af sp=0x000000ab5e979780 mode 2
Event: 6.273 Thread 0x000000ab5b7d2800 Uncommon trap: trap_request=0xffffff4d fr.pc=0x000000ab4a705658 relative=0x00000000000001f8
Event: 6.274 Thread 0x000000ab5b7d2800 Uncommon trap: reason=unstable_if action=reinterpret pc=0x000000ab4a705658 method=java.util.regex.Matcher.reset()Ljava/util/regex/Matcher; @ 71 c2
Event: 6.274 Thread 0x000000ab5b7d2800 DEOPT PACKING pc=0x000000ab4a705658 sp=0x000000ab5e978c00
Event: 6.274 Thread 0x000000ab5b7d2800 DEOPT UNPACKING pc=0x000000ab42c1a1af sp=0x000000ab5e978b88 mode 2
Event: 6.274 Thread 0x000000ab5b7d2800 Uncommon trap: trap_request=0xffffff4d fr.pc=0x000000ab4a6aba54 relative=0x00000000000005b4
Event: 6.274 Thread 0x000000ab5b7d2800 Uncommon trap: reason=unstable_if action=reinterpret pc=0x000000ab4a6aba54 method=java.util.regex.Matcher.match(II)Z @ 76 c2
Event: 6.274 Thread 0x000000ab5b7d2800 DEOPT PACKING pc=0x000000ab4a6aba54 sp=0x000000ab5e978c40
Event: 6.274 Thread 0x000000ab5b7d2800 DEOPT UNPACKING pc=0x000000ab42c1a1af sp=0x000000ab5e978c00 mode 2
Event: 6.285 Thread 0x000000ab5b7d2800 DEOPT PACKING pc=0x000000ab432458fa sp=0x000000ab5e975f50
Event: 6.285 Thread 0x000000ab5b7d2800 DEOPT UNPACKING pc=0x000000ab42c1a95e sp=0x000000ab5e975540 mode 0

Classes redefined (0 events):
No events

Internal exceptions (20 events):
Event: 1.072 Thread 0x000000ab3f0e5800 Exception <a 'java/lang/NoClassDefFoundError'{0x0000000087ed62e8}: org/slf4j/impl/StaticMarkerBinder> (0x0000000087ed62e8) thrown at [./src/hotspot/share/classfile/systemDictionary.cpp, line 220]
Event: 1.286 Thread 0x000000ab3f0e5800 Exception <a 'java/lang/NoSuchMethodError'{0x0000000087a0b978}: 'java.lang.Object java.lang.invoke.DirectMethodHandle$Holder.invokeVirtual(java.lang.Object, java.lang.Object, java.lang.Object, java.lang.Object, java.lang.Object, java.lang.Object, java.lang.Object)'> (0x0000000087a0b978) thrown at [./src/hotspot/share/interpreter/linkResolver.cpp, line 773]
Event: 1.293 Thread 0x000000ab3f0e5800 Exception <a 'java/lang/NoSuchMethodError'{0x0000000087a1fe18}: 'java.lang.Object java.lang.invoke.Invokers$Holder.invoker(java.lang.Object, java.lang.Object, java.lang.Object)'> (0x0000000087a1fe18) thrown at [./src/hotspot/share/interpreter/linkResolver.cpp, line 773]
Event: 1.305 Thread 0x000000ab3f0e5800 Exception <a 'java/lang/NoSuchMethodError'{0x0000000087a30e90}: 'void java.lang.invoke.DelegatingMethodHandle$Holder.delegate(java.lang.Object, java.lang.Object, int, java.lang.Object)'> (0x0000000087a30e90) thrown at [./src/hotspot/share/interpreter/linkResolver.cpp, line 773]
Event: 1.602 Thread 0x000000ab3f0e5800 Exception <a 'java/lang/UnsatisfiedLinkError'{0x0000000087960ab8}> (0x0000000087960ab8) thrown at [./src/hotspot/share/prims/jvm.cpp, line 3464]
Event: 1.602 Thread 0x000000ab3f0e5800 Exception <a 'java/lang/UnsatisfiedLinkError'{0x0000000087960ab8}> (0x0000000087960ab8) thrown at [./src/hotspot/share/prims/jni.cpp, line 616]
Event: 1.611 Thread 0x000000ab3f0e5800 Exception <a 'java/lang/UnsatisfiedLinkError'{0x00000000879627a0}> (0x00000000879627a0) thrown at [./src/hotspot/share/prims/jvm.cpp, line 3464]
Event: 1.611 Thread 0x000000ab3f0e5800 Exception <a 'java/lang/UnsatisfiedLinkError'{0x00000000879627a0}> (0x00000000879627a0) thrown at [./src/hotspot/share/prims/jni.cpp, line 616]
Event: 3.208 Thread 0x000000ab3f0e5800 Exception <a 'java/security/PrivilegedActionException'{0x0000000087756d28}> (0x0000000087756d28) thrown at [./src/hotspot/share/prims/jvm.cpp, line 1306]
Event: 3.208 Thread 0x000000ab3f0e5800 Exception <a 'java/security/PrivilegedActionException'{0x00000000877572a0}> (0x00000000877572a0) thrown at [./src/hotspot/share/prims/jvm.cpp, line 1306]
Event: 4.744 Thread 0x000000ab3f0e5800 Exception <a 'java/lang/NoSuchMethodError'{0x00000000866eae50}: 'java.lang.Object java.lang.invoke.DirectMethodHandle$Holder.invokeStaticInit(java.lang.Object, java.lang.Object, java.lang.Object)'> (0x00000000866eae50) thrown at [./src/hotspot/share/interpreter/linkResolver.cpp, line 773]
Event: 5.062 Thread 0x000000ab3f0e5800 Exception <a 'java/lang/NoSuchMethodError'{0x0000000085b75380}: 'java.lang.Object java.lang.invoke.DirectMethodHandle$Holder.invokeStaticInit(java.lang.Object, int, int, int, int)'> (0x0000000085b75380) thrown at [./src/hotspot/share/interpreter/linkResolver.cpp, line 773]
Event: 5.194 Thread 0x000000ab3f0e5800 Exception <a 'java/lang/NoSuchMethodError'{0x0000000085bd8bb8}: 'java.lang.Object java.lang.invoke.DirectMethodHandle$Holder.invokeStaticInit(java.lang.Object, java.lang.Object, int, int, int, int)'> (0x0000000085bd8bb8) thrown at [./src/hotspot/share/interpreter/linkResolver.cpp, line 773]
Event: 5.415 Thread 0x000000ab3f0e5800 Exception <a 'java/io/IOException'{0x00000000859ecb28}> (0x00000000859ecb28) thrown at [./src/hotspot/share/prims/jni.cpp, line 616]
Event: 5.651 Thread 0x000000ab5b7d2800 Exception <a 'java/lang/NoSuchMethodError'{0x0000000087e2e350}: 'long java.lang.invoke.DirectMethodHandle$Holder.invokeInterface(java.lang.Object, java.lang.Object)'> (0x0000000087e2e350) thrown at [./src/hotspot/share/interpreter/linkResolver.cpp, line 773]
Event: 5.653 Thread 0x000000ab5b7d2800 Exception <a 'java/lang/NoSuchMethodError'{0x0000000087e3b3f0}: 'void java.lang.invoke.DelegatingMethodHandle$Holder.reinvoke_L(java.lang.Object, java.lang.Object, java.lang.Object, java.lang.Object, java.lang.Object, java.lang.Object, java.lang.Object)'> (0x0000000087e3b3f0) thrown at [./src/hotspot/share/interpreter/linkResolver.cpp, line 773]
Event: 6.189 Thread 0x000000ab5b7d2800 Exception <a 'java/lang/NoSuchMethodError'{0x00000000864c9ad8}: 'void java.lang.invoke.DirectMethodHandle$Holder.invokeStaticInit(java.lang.Object)'> (0x00000000864c9ad8) thrown at [./src/hotspot/share/interpreter/linkResolver.cpp, line 773]
Event: 6.239 Thread 0x000000ab5b7d2800 Exception <a 'java/lang/NoSuchMethodError'{0x0000000086377410}: 'java.lang.Object java.lang.invoke.DirectMethodHandle$Holder.invokeStatic(java.lang.Object, java.lang.Object, java.lang.Object, int)'> (0x0000000086377410) thrown at [./src/hotspot/share/interpreter/linkResolver.cpp, line 773]
Event: 6.241 Thread 0x000000ab5b7d2800 Exception <a 'java/lang/NoSuchMethodError'{0x000000008637bb28}: 'java.lang.Object java.lang.invoke.DirectMethodHandle$Holder.invokeSpecial(java.lang.Object, java.lang.Object, java.lang.Object, java.lang.Object, int)'> (0x000000008637bb28) thrown at [./src/hotspot/share/interpreter/linkResolver.cpp, line 773]
Event: 6.241 Thread 0x000000ab5b7d2800 Exception <a 'java/lang/NoSuchMethodError'{0x000000008637fa60}: 'java.lang.Object java.lang.invoke.Invokers$Holder.linkToTargetMethod(java.lang.Object, java.lang.Object, int, java.lang.Object)'> (0x000000008637fa60) thrown at [./src/hotspot/share/interpreter/linkResolver.cpp, line 773]

Events (20 events):
Event: 6.359 loading class org/gradle/api/internal/changedetection/state/CachingFileHasher$FileInfoSerializer done
Event: 6.361 Thread 0x000000ab5af4a800 Thread added: 0x000000ab5af4a800
Event: 6.363 loading class org/gradle/internal/file/FileHierarchySet
Event: 6.363 loading class org/gradle/internal/file/FileHierarchySet done
Event: 6.364 loading class org/gradle/internal/file/FileHierarchySet$1
Event: 6.364 loading class org/gradle/internal/file/FileHierarchySet$1 done
Event: 6.365 loading class org/gradle/internal/file/FileHierarchySet$PrefixFileSet
Event: 6.365 loading class org/gradle/internal/file/FileHierarchySet$PrefixFileSet done
Event: 6.366 loading class org/gradle/internal/service/scopes/VirtualFileSystemServices$GradleUserHomeServices$1
Event: 6.366 loading class org/gradle/internal/service/scopes/VirtualFileSystemServices$GradleUserHomeServices$1 done
Event: 6.366 loading class org/gradle/internal/nativeintegration/services/NativeServices$3
Event: 6.366 loading class org/gradle/internal/nativeintegration/services/NativeServices$3 done
Event: 6.367 loading class org/gradle/cache/internal/DefaultGlobalCacheLocations
Event: 6.367 loading class org/gradle/cache/internal/DefaultGlobalCacheLocations done
Event: 6.368 loading class org/gradle/internal/file/FileHierarchySet$NodeVisitor
Event: 6.368 loading class org/gradle/internal/file/FileHierarchySet$NodeVisitor done
Event: 6.369 loading class org/gradle/internal/file/FileHierarchySet$Node
Event: 6.369 loading class org/gradle/internal/file/FileHierarchySet$Node done
Event: 6.370 loading class org/gradle/internal/file/FilePathUtil
Event: 6.370 loading class org/gradle/internal/file/FilePathUtil done


Dynamic libraries:
0x00007ff6b4de0000 - 0x00007ff6b4dea000 	C:\Program Files\Android\Android Studio\jre\bin\java.exe
0x00007ffcb3970000 - 0x00007ffcb3b1d000 	C:\Windows\SYSTEM32\ntdll.dll
0x00007ffcb1440000 - 0x00007ffcb157f000 	C:\Windows\system32\KERNEL32.DLL
0x00007ffcb0ae0000 - 0x00007ffcb0bf5000 	C:\Windows\system32\KERNELBASE.dll
0x00007ffca51c0000 - 0x00007ffca51d9000 	C:\Program Files\Android\Android Studio\jre\bin\jli.dll
0x00007ffcad560000 - 0x00007ffcad577000 	C:\Program Files\Android\Android Studio\jre\bin\VCRUNTIME140.dll
0x00007ffcaa870000 - 0x00007ffcaa874000 	C:\Windows\SYSTEM32\api-ms-win-crt-stdio-l1-1-0.dll
0x00007ffcaa850000 - 0x00007ffcaa854000 	C:\Windows\SYSTEM32\api-ms-win-crt-runtime-l1-1-0.dll
0x00007ffcaa830000 - 0x00007ffcaa833000 	C:\Windows\SYSTEM32\api-ms-win-crt-environment-l1-1-0.dll
0x00007ffcaa810000 - 0x00007ffcaa815000 	C:\Windows\SYSTEM32\api-ms-win-crt-math-l1-1-0.dll
0x00007ffc8fec0000 - 0x00007ffc8fec3000 	C:\Windows\SYSTEM32\api-ms-win-crt-locale-l1-1-0.dll
0x00007ffcaa7e0000 - 0x00007ffcaa7e3000 	C:\Windows\SYSTEM32\api-ms-win-crt-heap-l1-1-0.dll
0x00007ffcae1f0000 - 0x00007ffcae46b000 	C:\Windows\WinSxS\amd64_microsoft.windows.common-controls_6595b64144ccf1df_6.0.9600.19394_none_62486577ecb635cf\COMCTL32.dll
0x00007ffcb1580000 - 0x00007ffcb16f7000 	C:\Windows\system32\USER32.dll
0x00007ffcaa800000 - 0x00007ffcaa803000 	C:\Windows\SYSTEM32\api-ms-win-crt-filesystem-l1-1-0.dll
0x00007ffcaa860000 - 0x00007ffcaa864000 	C:\Windows\SYSTEM32\api-ms-win-crt-string-l1-1-0.dll
0x00007ffcaa840000 - 0x00007ffcaa844000 	C:\Windows\SYSTEM32\api-ms-win-crt-convert-l1-1-0.dll
0x00007ffcb2310000 - 0x00007ffcb23ba000 	C:\Windows\system32\msvcrt.dll
0x00007ffcb17f0000 - 0x00007ffcb193e000 	C:\Windows\system32\GDI32.dll
0x00007ffc8fbc0000 - 0x00007ffc8fcb4000 	C:\Windows\SYSTEM32\ucrtbase.DLL
0x00007ffcb1da0000 - 0x00007ffcb1dd6000 	C:\Windows\system32\IMM32.DLL
0x00007ffcb1220000 - 0x00007ffcb1371000 	C:\Windows\system32\MSCTF.dll
0x00007ffc8f970000 - 0x00007ffc8fa0d000 	C:\Program Files\Android\Android Studio\jre\bin\msvcp140.dll
0x00007ffc8feb0000 - 0x00007ffc8feb5000 	C:\Windows\SYSTEM32\api-ms-win-crt-multibyte-l1-1-0.dll
0x00007ffcaa7f0000 - 0x00007ffcaa7f3000 	C:\Windows\SYSTEM32\api-ms-win-crt-time-l1-1-0.dll
0x00007ffcaa820000 - 0x00007ffcaa823000 	C:\Windows\SYSTEM32\api-ms-win-crt-utility-l1-1-0.dll
0x00007ffc8e050000 - 0x00007ffc8eb52000 	C:\Program Files\Android\Android Studio\jre\bin\server\jvm.dll
0x00007ffcb2200000 - 0x00007ffcb22ad000 	C:\Windows\system32\ADVAPI32.dll
0x00007ffcad580000 - 0x00007ffcad589000 	C:\Windows\SYSTEM32\WSOCK32.dll
0x00007ffca92b0000 - 0x00007ffca92d2000 	C:\Windows\SYSTEM32\WINMM.dll
0x00007ffca91a0000 - 0x00007ffca91aa000 	C:\Windows\SYSTEM32\VERSION.dll
0x00007ffcb2430000 - 0x00007ffcb2437000 	C:\Windows\system32\PSAPI.DLL
0x00007ffcb1f80000 - 0x00007ffcb1fdb000 	C:\Windows\SYSTEM32\sechost.dll
0x00007ffcb1a00000 - 0x00007ffcb1b35000 	C:\Windows\system32\RPCRT4.dll
0x00007ffcb1fe0000 - 0x00007ffcb203a000 	C:\Windows\system32\WS2_32.dll
0x00007ffca9280000 - 0x00007ffca92aa000 	C:\Windows\SYSTEM32\WINMMBASE.dll
0x00007ffcb0f10000 - 0x00007ffcb0f3e000 	C:\Windows\system32\SspiCli.dll
0x00007ffcb1700000 - 0x00007ffcb1709000 	C:\Windows\system32\NSI.dll
0x00007ffcb0ec0000 - 0x00007ffcb0f0f000 	C:\Windows\SYSTEM32\cfgmgr32.dll
0x00007ffcaf840000 - 0x00007ffcaf868000 	C:\Windows\SYSTEM32\DEVOBJ.dll
0x00007ffcaa7c0000 - 0x00007ffcaa7d1000 	C:\Program Files\Android\Android Studio\jre\bin\verify.dll
0x00007ffca2a30000 - 0x00007ffca2bba000 	C:\Windows\SYSTEM32\DBGHELP.DLL
0x00007ffcaa780000 - 0x00007ffcaa7a9000 	C:\Program Files\Android\Android Studio\jre\bin\java.dll
0x00007ffcaa770000 - 0x00007ffcaa77b000 	C:\Program Files\Android\Android Studio\jre\bin\jimage.dll
0x00007ffcaa750000 - 0x00007ffcaa768000 	C:\Program Files\Android\Android Studio\jre\bin\zip.dll
0x00007ffcb2440000 - 0x00007ffcb396c000 	C:\Windows\system32\SHELL32.dll
0x00007ffcb0ff0000 - 0x00007ffcb1202000 	C:\Windows\SYSTEM32\combase.dll
0x00007ffcb22b0000 - 0x00007ffcb2304000 	C:\Windows\system32\SHLWAPI.dll
0x00007ffcaebd0000 - 0x00007ffcaec82000 	C:\Windows\SYSTEM32\SHCORE.dll
0x00007ffcb0a10000 - 0x00007ffcb0a25000 	C:\Windows\SYSTEM32\profapi.dll
0x00007ffca7390000 - 0x00007ffca73aa000 	C:\Program Files\Android\Android Studio\jre\bin\net.dll
0x00007ffca98d0000 - 0x00007ffca9999000 	C:\Windows\SYSTEM32\WINHTTP.dll
0x00007ffcb0250000 - 0x00007ffcb02a9000 	C:\Windows\system32\mswsock.dll
0x00007ffc8ff30000 - 0x00007ffc8ff44000 	C:\Program Files\Android\Android Studio\jre\bin\nio.dll
0x00007ffcab630000 - 0x00007ffcab657000 	C:\Users\Nadezhda S\.gradle\native\e1d6ef7f7dcc3fd88c89a11ec53ec762bb8ba0a96d01ffa2cd45eb1d1d8dd5c5\windows-amd64\native-platform.dll
0x00007ffcaa7b0000 - 0x00007ffcaa7ba000 	C:\Program Files\Android\Android Studio\jre\bin\management.dll
0x00007ffca8da0000 - 0x00007ffca8dad000 	C:\Program Files\Android\Android Studio\jre\bin\management_ext.dll
0x00007ffcb02b0000 - 0x00007ffcb02d0000 	C:\Windows\SYSTEM32\CRYPTSP.dll
0x00007ffcafed0000 - 0x00007ffcaff06000 	C:\Windows\system32\rsaenh.dll
0x00007ffcb04f0000 - 0x00007ffcb0516000 	C:\Windows\SYSTEM32\bcrypt.dll
0x00007ffcaffe0000 - 0x00007ffcb0001000 	C:\Windows\SYSTEM32\USERENV.dll
0x00007ffcb0810000 - 0x00007ffcb0873000 	C:\Windows\system32\bcryptprimitives.dll
0x00007ffcb0880000 - 0x00007ffcb088b000 	C:\Windows\SYSTEM32\CRYPTBASE.dll
0x00007ffcac7a0000 - 0x00007ffcac7ca000 	C:\Windows\SYSTEM32\IPHLPAPI.DLL
0x00007ffcac7f0000 - 0x00007ffcac7fa000 	C:\Windows\SYSTEM32\WINNSI.DLL
0x00007ffcac0f0000 - 0x00007ffcac106000 	C:\Windows\SYSTEM32\dhcpcsvc6.DLL
0x00007ffcac2c0000 - 0x00007ffcac2da000 	C:\Windows\SYSTEM32\dhcpcsvc.DLL

dbghelp: loaded successfully - version: 4.0.5 - missing functions: none
symbol engine: initialized successfully - sym options: 0x614 - pdb path: .;C:\Program Files\Android\Android Studio\jre\bin;C:\Windows\SYSTEM32;C:\Windows\WinSxS\amd64_microsoft.windows.common-controls_6595b64144ccf1df_6.0.9600.19394_none_62486577ecb635cf;C:\Program Files\Android\Android Studio\jre\bin\server;C:\Users\Nadezhda S\.gradle\native\e1d6ef7f7dcc3fd88c89a11ec53ec762bb8ba0a96d01ffa2cd45eb1d1d8dd5c5\windows-amd64

VM Arguments:
jvm_args: --add-opens=java.base/java.util=ALL-UNNAMED --add-opens=java.base/java.lang=ALL-UNNAMED --add-opens=java.base/java.lang.invoke=ALL-UNNAMED --add-opens=java.base/java.util=ALL-UNNAMED --add-opens=java.prefs/java.util.prefs=ALL-UNNAMED --add-opens=java.prefs/java.util.prefs=ALL-UNNAMED --add-opens=java.base/java.nio.charset=ALL-UNNAMED --add-opens=java.base/java.net=ALL-UNNAMED --add-opens=java.base/java.util.concurrent.atomic=ALL-UNNAMED -Xmx2048m -Dfile.encoding=UTF-8 -Duser.country=RU -Duser.language=ru -Duser.variant 
java_command: org.gradle.launcher.daemon.bootstrap.GradleDaemon 7.4
java_class_path (initial): C:\Users\Nadezhda S\.gradle\wrapper\dists\gradle-7.4-bin\c0gwcg53nkjbqw7r0h0umtfvt\gradle-7.4\lib\gradle-launcher-7.4.jar
Launcher Type: SUN_STANDARD

[Global flags]
     intx CICompilerCount                          = 3                                         {product} {ergonomic}
     uint ConcGCThreads                            = 1                                         {product} {ergonomic}
     uint G1ConcRefinementThreads                  = 4                                         {product} {ergonomic}
   size_t G1HeapRegionSize                         = 1048576                                   {product} {ergonomic}
    uintx GCDrainStackTargetSize                   = 64                                        {product} {ergonomic}
   size_t InitialHeapSize                          = 134217728                                 {product} {ergonomic}
   size_t MarkStackSize                            = 4194304                                   {product} {ergonomic}
   size_t MaxHeapSize                              = 2147483648                                {product} {command line}
   size_t MaxNewSize                               = 1287651328                                {product} {ergonomic}
   size_t MinHeapDeltaBytes                        = 1048576                                   {product} {ergonomic}
    uintx NonNMethodCodeHeapSize                   = 5830732                                {pd product} {ergonomic}
    uintx NonProfiledCodeHeapSize                  = 122913754                              {pd product} {ergonomic}
    uintx ProfiledCodeHeapSize                     = 122913754                              {pd product} {ergonomic}
    uintx ReservedCodeCacheSize                    = 251658240                              {pd product} {ergonomic}
     bool SegmentedCodeCache                       = true                                      {product} {ergonomic}
     bool UseCompressedClassPointers               = true                                 {lp64_product} {ergonomic}
     bool UseCompressedOops                        = true                                 {lp64_product} {ergonomic}
     bool UseG1GC                                  = true                                      {product} {ergonomic}
     bool UseLargePagesIndividualAllocation        = false                                  {pd product} {ergonomic}

Logging:
Log output configuration:
 #0: stdout all=warning uptime,level,tags
 #1: stderr all=off uptime,level,tags

Environment Variables:
PATH=C:\Windows\system32;C:\Windows;C:\Windows\System32\Wbem;C:\Windows\System32\WindowsPowerShell\v1.0\;C:\Program Files\Git\cmd
USERNAME=Nadezhda S
OS=Windows_NT
PROCESSOR_IDENTIFIER=Intel64 Family 6 Model 42 Stepping 7, GenuineIntel



---------------  S Y S T E M  ---------------

OS: Windows 8.1 , 64 bit Build 9600 (6.3.9600.20389)
OS uptime: 1 days 0:35 hours

CPU:total 4 (initial active 4) (2 cores per cpu, 2 threads per core) family 6 model 42 stepping 7 microcode 0x28, cmov, cx8, fxsr, mmx, sse, sse2, sse3, ssse3, sse4.1, sse4.2, popcnt, avx, aes, clmul, ht, tsc, tscinvbit

Memory: 4k page, system-wide physical 8105M (1375M free)
TotalPageFile size 8105M (AvailPageFile size 4M)
current process WorkingSet (physical memory assigned to process): 145M, peak: 145M
current process commit charge ("private bytes"): 244M, peak: 244M

vm_info: OpenJDK 64-Bit Server VM (11.0.13+0-b1751.21-8125866) for windows-amd64 JRE (11.0.13+0-b1751.21-8125866), built on Feb  2 2022 03:00:22 by "builder" with MS VC++ 14.0 (VS2015)

END.
