#
# There is insufficient memory for the Java Runtime Environment to continue.
# Native memory allocation (malloc) failed to allocate 1057456 bytes for Chunk::new
# Possible reasons:
#   The system is out of physical RAM or swap space
#   The process is running with CompressedOops enabled, and the Java Heap may be blocking the growth of the native heap
# Possible solutions:
#   Reduce memory load on the system
#   Increase physical memory or swap space
#   Check if swap backing store is full
#   Decrease Java heap size (-Xmx/-Xms)
#   Decrease number of Java threads
#   Decrease Java thread stack sizes (-Xss)
#   Set larger code cache with -XX:ReservedCodeCacheSize=
#   JVM is running with Unscaled Compressed Oops mode in which the Java heap is
#     placed in the first 4GB address space. The Java Heap base address is the
#     maximum limit for the native heap growth. Please use -XX:HeapBaseMinAddress
#     to set the Java Heap base and to place the Java Heap above 4GB virtual address.
# This output file may be truncated or incomplete.
#
#  Out of Memory Error (./src/hotspot/share/memory/arena.cpp:197), pid=1820, tid=4488
#
# JRE version: OpenJDK Runtime Environment (11.0.13) (build 11.0.13+0-b1751.21-8125866)
# Java VM: OpenJDK 64-Bit Server VM (11.0.13+0-b1751.21-8125866, mixed mode, tiered, compressed oops, g1 gc, windows-amd64)
# No core dump will be written. Minidumps are not enabled by default on client versions of Windows
#

---------------  S U M M A R Y ------------

Command Line: --add-opens=java.base/java.util=ALL-UNNAMED --add-opens=java.base/java.lang=ALL-UNNAMED --add-opens=java.base/java.lang.invoke=ALL-UNNAMED --add-opens=java.base/java.util=ALL-UNNAMED --add-opens=java.prefs/java.util.prefs=ALL-UNNAMED --add-opens=java.prefs/java.util.prefs=ALL-UNNAMED --add-opens=java.base/java.nio.charset=ALL-UNNAMED --add-opens=java.base/java.net=ALL-UNNAMED --add-opens=java.base/java.util.concurrent.atomic=ALL-UNNAMED -Xmx2048m -Dfile.encoding=UTF-8 -Duser.country=RU -Duser.language=ru -Duser.variant org.gradle.launcher.daemon.bootstrap.GradleDaemon 7.4

Host: Intel(R) Core(TM) i5-2450M CPU @ 2.50GHz, 4 cores, 7G,  Windows 8.1 , 64 bit Build 9600 (6.3.9600.20389)
Time: Tue Nov 15 20:19:23 2022 RTZ 4 (ceia) elapsed time: 22.409572 seconds (0d 0h 0m 22s)

---------------  T H R E A D  ---------------

Current thread (0x000000f1929b6800):  JavaThread "C2 CompilerThread1" daemon [_thread_in_native, id=4488, stack(0x000000f191b00000,0x000000f191c00000)]


Current CompileTask:
C2:  22409 8241       4       java.lang.reflect.Constructor::newInstance (76 bytes)

Stack: [0x000000f191b00000,0x000000f191c00000]
Native frames: (J=compiled Java code, j=interpreted, Vv=VM code, C=native code)
V  [jvm.dll+0x6100fa]
V  [jvm.dll+0x747090]
V  [jvm.dll+0x7486ad]
V  [jvm.dll+0x748d83]
V  [jvm.dll+0x24ab48]
V  [jvm.dll+0xc04dc]
V  [jvm.dll+0xc0a0c]
V  [jvm.dll+0x35eb9d]
V  [jvm.dll+0x19d9bc]
V  [jvm.dll+0x2033be]
V  [jvm.dll+0x202437]
V  [jvm.dll+0x188e01]
V  [jvm.dll+0x21106b]
V  [jvm.dll+0x20f8c1]
V  [jvm.dll+0x70de0f]
V  [jvm.dll+0x706a75]
V  [jvm.dll+0x60ed66]
C  [ucrtbase.DLL+0x1f4a0]
C  [KERNEL32.DLL+0x1412]
C  [ntdll.dll+0x15504]


---------------  P R O C E S S  ---------------

Threads class SMR info:
_java_thread_list=0x000000f199374b40, length=77, elements={
0x000000f1f5945800, 0x000000f1ff27d000, 0x000000f1ff286000, 0x000000f1ff2d8800,
0x000000f1ff2da800, 0x000000f1ff2dc000, 0x000000f1ff2e0000, 0x000000f1ff2e1800,
0x000000f1fe866000, 0x000000f1ff443800, 0x000000f19378d800, 0x000000f193af3000,
0x000000f193912000, 0x000000f192919800, 0x000000f194aea000, 0x000000f193ff6800,
0x000000f192a00000, 0x000000f193dc8800, 0x000000f192a02000, 0x000000f1920fd800,
0x000000f194150800, 0x000000f194151000, 0x000000f19414f800, 0x000000f194154800,
0x000000f194152000, 0x000000f194155000, 0x000000f194152800, 0x000000f194156000,
0x000000f19136c800, 0x000000f19136c000, 0x000000f19136f000, 0x000000f19136e800,
0x000000f191371800, 0x000000f191372800, 0x000000f191370000, 0x000000f195399800,
0x000000f195399000, 0x000000f195397800, 0x000000f195398000, 0x000000f19539c000,
0x000000f19539d000, 0x000000f19539a800, 0x000000f19539e000, 0x000000f19539b800,
0x000000f1953a1000, 0x000000f19539e800, 0x000000f1953a2000, 0x000000f19539f800,
0x000000f1953a2800, 0x000000f1953a0800, 0x000000f1953a5000, 0x000000f1953a6000,
0x000000f1953a3800, 0x000000f1953a4800, 0x000000f1949c2800, 0x000000f1949c2000,
0x000000f1949c0000, 0x000000f1949c1000, 0x000000f1949c5000, 0x000000f1949c4800,
0x000000f1949c6000, 0x000000f1949c3800, 0x000000f1949c8800, 0x000000f1949c9000,
0x000000f1949c7000, 0x000000f1949ca000, 0x000000f1949c7800, 0x000000f1949cb800,
0x000000f1949cc800, 0x000000f1949cd800, 0x000000f1949cb000, 0x000000f1949cf000,
0x000000f1949ce000, 0x000000f194cde000, 0x000000f194cdb800, 0x000000f194cdd000,
0x000000f1929b6800
}

Java Threads: ( => current thread )
  0x000000f1f5945800 JavaThread "main" [_thread_blocked, id=4544, stack(0x000000f1f4ff0000,0x000000f1f50f0000)]
  0x000000f1ff27d000 JavaThread "Reference Handler" daemon [_thread_blocked, id=4860, stack(0x000000f1ff770000,0x000000f1ff870000)]
  0x000000f1ff286000 JavaThread "Finalizer" daemon [_thread_blocked, id=2904, stack(0x000000f1ff870000,0x000000f1ff970000)]
  0x000000f1ff2d8800 JavaThread "Signal Dispatcher" daemon [_thread_blocked, id=1020, stack(0x000000f1ffa50000,0x000000f1ffb50000)]
  0x000000f1ff2da800 JavaThread "Attach Listener" daemon [_thread_blocked, id=4068, stack(0x000000f1ffb50000,0x000000f1ffc50000)]
  0x000000f1ff2dc000 JavaThread "Service Thread" daemon [_thread_blocked, id=5072, stack(0x000000f1ffc50000,0x000000f1ffd50000)]
  0x000000f1ff2e0000 JavaThread "C2 CompilerThread0" daemon [_thread_in_native, id=4324, stack(0x000000f1ffd50000,0x000000f1ffe50000)]
  0x000000f1ff2e1800 JavaThread "C1 CompilerThread0" daemon [_thread_blocked, id=4288, stack(0x000000f1ffe50000,0x000000f1fff50000)]
  0x000000f1fe866000 JavaThread "Sweeper thread" daemon [_thread_blocked, id=5100, stack(0x000000f191000000,0x000000f191100000)]
  0x000000f1ff443800 JavaThread "Common-Cleaner" daemon [_thread_blocked, id=4132, stack(0x000000f191100000,0x000000f191200000)]
  0x000000f19378d800 JavaThread "Daemon health stats" [_thread_blocked, id=1148, stack(0x000000f195ab0000,0x000000f195bb0000)]
  0x000000f193af3000 JavaThread "Incoming local TCP Connector on port 50016" [_thread_in_native, id=2748, stack(0x000000f1945a0000,0x000000f1946a0000)]
  0x000000f193912000 JavaThread "Daemon periodic checks" [_thread_blocked, id=4992, stack(0x000000f194770000,0x000000f194870000)]
  0x000000f192919800 JavaThread "Daemon" [_thread_blocked, id=4408, stack(0x000000f195bb0000,0x000000f195cb0000)]
  0x000000f194aea000 JavaThread "Handler for socket connection from /127.0.0.1:50016 to /127.0.0.1:50017" [_thread_in_native, id=4940, stack(0x000000f196240000,0x000000f196340000)]
  0x000000f193ff6800 JavaThread "Cancel handler" [_thread_blocked, id=2096, stack(0x000000f196340000,0x000000f196440000)]
  0x000000f192a00000 JavaThread "Daemon worker" [_thread_in_native, id=3848, stack(0x000000f196440000,0x000000f196540000)]
  0x000000f193dc8800 JavaThread "Asynchronous log dispatcher for DefaultDaemonConnection: socket connection from /127.0.0.1:50016 to /127.0.0.1:50017" [_thread_blocked, id=4760, stack(0x000000f196540000,0x000000f196640000)]
  0x000000f192a02000 JavaThread "Stdin handler" [_thread_blocked, id=3540, stack(0x000000f196740000,0x000000f196840000)]
  0x000000f1920fd800 JavaThread "Daemon client event forwarder" [_thread_blocked, id=4440, stack(0x000000f196840000,0x000000f196940000)]
  0x000000f194150800 JavaThread "Cache worker for journal cache (C:\Users\Nadezhda S\.gradle\caches\journal-1)" [_thread_blocked, id=4452, stack(0x000000f196c40000,0x000000f196d40000)]
  0x000000f194151000 JavaThread "File lock request listener" [_thread_in_native, id=4540, stack(0x000000f196d40000,0x000000f196e40000)]
  0x000000f19414f800 JavaThread "Cache worker for file hash cache (C:\Users\Nadezhda S\.gradle\caches\7.4\fileHashes)" [_thread_blocked, id=4196, stack(0x000000f196e40000,0x000000f196f40000)]
  0x000000f194154800 JavaThread "Cache worker for checksums cache (C:\Users\Nadezhda S\AndroidStudioProjects\RoomProject\.gradle\7.4\checksums)" [_thread_blocked, id=2324, stack(0x000000f198bd0000,0x000000f198cd0000)]
  0x000000f194152000 JavaThread "Cache worker for cache directory md-rule (C:\Users\Nadezhda S\.gradle\caches\7.4\md-rule)" [_thread_blocked, id=4500, stack(0x000000f198cd0000,0x000000f198dd0000)]
  0x000000f194155000 JavaThread "Cache worker for file hash cache (C:\Users\Nadezhda S\AndroidStudioProjects\RoomProject\.gradle\7.4\fileHashes)" [_thread_blocked, id=4076, stack(0x000000f198710000,0x000000f198810000)]
  0x000000f194152800 JavaThread "Cache worker for cache directory md-supplier (C:\Users\Nadezhda S\.gradle\caches\7.4\md-supplier)" [_thread_blocked, id=1428, stack(0x000000f198810000,0x000000f198910000)]
  0x000000f194156000 JavaThread "Cache worker for execution history cache (C:\Users\Nadezhda S\.gradle\caches\7.4\executionHistory)" [_thread_blocked, id=1884, stack(0x000000f198910000,0x000000f198a10000)]
  0x000000f19136c800 JavaThread "jar transforms" [_thread_blocked, id=3920, stack(0x000000f198a10000,0x000000f198b10000)]
  0x000000f19136c000 JavaThread "Cache worker for file content cache (C:\Users\Nadezhda S\.gradle\caches\7.4\fileContent)" [_thread_blocked, id=1432, stack(0x000000f19a5a0000,0x000000f19a6a0000)]
  0x000000f19136f000 JavaThread "jar transforms Thread 2" [_thread_blocked, id=4604, stack(0x000000f19a6a0000,0x000000f19a7a0000)]
  0x000000f19136e800 JavaThread "Cache worker for dependencies-accessors (C:\Users\Nadezhda S\AndroidStudioProjects\RoomProject\.gradle\7.4\dependencies-accessors)" [_thread_blocked, id=616, stack(0x000000f19a7a0000,0x000000f19a8a0000)]
  0x000000f191371800 JavaThread "jar transforms Thread 3" [_thread_blocked, id=2844, stack(0x000000f19aaa0000,0x000000f19aba0000)]
  0x000000f191372800 JavaThread "Cache worker for Build Output Cleanup Cache (C:\Users\Nadezhda S\AndroidStudioProjects\RoomProject\.gradle\buildOutputCleanup)" [_thread_blocked, id=1760, stack(0x000000f19b280000,0x000000f19b380000)]
  0x000000f191370000 JavaThread "Unconstrained build operations" [_thread_blocked, id=3892, stack(0x000000f19b380000,0x000000f19b480000)]
  0x000000f195399800 JavaThread "Unconstrained build operations Thread 2" [_thread_blocked, id=760, stack(0x000000f19b480000,0x000000f19b580000)]
  0x000000f195399000 JavaThread "Unconstrained build operations Thread 3" [_thread_blocked, id=952, stack(0x000000f19b580000,0x000000f19b680000)]
  0x000000f195397800 JavaThread "Unconstrained build operations Thread 4" [_thread_blocked, id=2380, stack(0x000000f19b680000,0x000000f19b780000)]
  0x000000f195398000 JavaThread "Unconstrained build operations Thread 5" [_thread_blocked, id=1040, stack(0x000000f19b780000,0x000000f19b880000)]
  0x000000f19539c000 JavaThread "Unconstrained build operations Thread 6" [_thread_blocked, id=1560, stack(0x000000f19b880000,0x000000f19b980000)]
  0x000000f19539d000 JavaThread "Unconstrained build operations Thread 7" [_thread_blocked, id=4404, stack(0x000000f19b980000,0x000000f19ba80000)]
  0x000000f19539a800 JavaThread "Unconstrained build operations Thread 8" [_thread_blocked, id=4976, stack(0x000000f19ba80000,0x000000f19bb80000)]
  0x000000f19539e000 JavaThread "Unconstrained build operations Thread 9" [_thread_blocked, id=3324, stack(0x000000f19bb80000,0x000000f19bc80000)]
  0x000000f19539b800 JavaThread "Unconstrained build operations Thread 10" [_thread_blocked, id=4876, stack(0x000000f19bc80000,0x000000f19bd80000)]
  0x000000f1953a1000 JavaThread "Unconstrained build operations Thread 11" [_thread_blocked, id=3632, stack(0x000000f19bd80000,0x000000f19be80000)]
  0x000000f19539e800 JavaThread "Unconstrained build operations Thread 12" [_thread_blocked, id=3868, stack(0x000000f19be80000,0x000000f19bf80000)]
  0x000000f1953a2000 JavaThread "Unconstrained build operations Thread 13" [_thread_blocked, id=3976, stack(0x000000f19bf80000,0x000000f19c080000)]
  0x000000f19539f800 JavaThread "Unconstrained build operations Thread 14" [_thread_blocked, id=3708, stack(0x000000f19c080000,0x000000f19c180000)]
  0x000000f1953a2800 JavaThread "Unconstrained build operations Thread 15" [_thread_blocked, id=2824, stack(0x000000f19c180000,0x000000f19c280000)]
  0x000000f1953a0800 JavaThread "Unconstrained build operations Thread 16" [_thread_blocked, id=4988, stack(0x000000f19c280000,0x000000f19c380000)]
  0x000000f1953a5000 JavaThread "Unconstrained build operations Thread 17" [_thread_blocked, id=4724, stack(0x000000f19c380000,0x000000f19c480000)]
  0x000000f1953a6000 JavaThread "Unconstrained build operations Thread 18" [_thread_blocked, id=4640, stack(0x000000f19c480000,0x000000f19c580000)]
  0x000000f1953a3800 JavaThread "Unconstrained build operations Thread 19" [_thread_blocked, id=812, stack(0x000000f19c580000,0x000000f19c680000)]
  0x000000f1953a4800 JavaThread "Unconstrained build operations Thread 20" [_thread_blocked, id=1876, stack(0x000000f19c680000,0x000000f19c780000)]
  0x000000f1949c2800 JavaThread "Unconstrained build operations Thread 21" [_thread_blocked, id=2428, stack(0x000000f19c780000,0x000000f19c880000)]
  0x000000f1949c2000 JavaThread "Unconstrained build operations Thread 22" [_thread_blocked, id=2120, stack(0x000000f19c880000,0x000000f19c980000)]
  0x000000f1949c0000 JavaThread "Unconstrained build operations Thread 23" [_thread_blocked, id=96, stack(0x000000f19c980000,0x000000f19ca80000)]
  0x000000f1949c1000 JavaThread "Unconstrained build operations Thread 24" [_thread_blocked, id=4776, stack(0x000000f19ca80000,0x000000f19cb80000)]
  0x000000f1949c5000 JavaThread "Unconstrained build operations Thread 25" [_thread_blocked, id=4772, stack(0x000000f19cb80000,0x000000f19cc80000)]
  0x000000f1949c4800 JavaThread "Unconstrained build operations Thread 26" [_thread_blocked, id=3844, stack(0x000000f19cc80000,0x000000f19cd80000)]
  0x000000f1949c6000 JavaThread "Unconstrained build operations Thread 27" [_thread_blocked, id=2836, stack(0x000000f19cd80000,0x000000f19ce80000)]
  0x000000f1949c3800 JavaThread "Unconstrained build operations Thread 28" [_thread_blocked, id=1500, stack(0x000000f19ce80000,0x000000f19cf80000)]
  0x000000f1949c8800 JavaThread "Unconstrained build operations Thread 29" [_thread_blocked, id=1920, stack(0x000000f19cf80000,0x000000f19d080000)]
  0x000000f1949c9000 JavaThread "Unconstrained build operations Thread 30" [_thread_blocked, id=2724, stack(0x000000f19d080000,0x000000f19d180000)]
  0x000000f1949c7000 JavaThread "Unconstrained build operations Thread 31" [_thread_blocked, id=4108, stack(0x000000f19d180000,0x000000f19d280000)]
  0x000000f1949ca000 JavaThread "Unconstrained build operations Thread 32" [_thread_blocked, id=4340, stack(0x000000f19d280000,0x000000f19d380000)]
  0x000000f1949c7800 JavaThread "Unconstrained build operations Thread 33" [_thread_blocked, id=4836, stack(0x000000f19d380000,0x000000f19d480000)]
  0x000000f1949cb800 JavaThread "Unconstrained build operations Thread 34" [_thread_blocked, id=4360, stack(0x000000f19d480000,0x000000f19d580000)]
  0x000000f1949cc800 JavaThread "Unconstrained build operations Thread 35" [_thread_blocked, id=3352, stack(0x000000f19d580000,0x000000f19d680000)]
  0x000000f1949cd800 JavaThread "Unconstrained build operations Thread 36" [_thread_blocked, id=3804, stack(0x000000f19d680000,0x000000f19d780000)]
  0x000000f1949cb000 JavaThread "Unconstrained build operations Thread 37" [_thread_blocked, id=4436, stack(0x000000f19d780000,0x000000f19d880000)]
  0x000000f1949cf000 JavaThread "Unconstrained build operations Thread 38" [_thread_blocked, id=2788, stack(0x000000f19d880000,0x000000f19d980000)]
  0x000000f1949ce000 JavaThread "Unconstrained build operations Thread 39" [_thread_blocked, id=4292, stack(0x000000f19d980000,0x000000f19da80000)]
  0x000000f194cde000 JavaThread "Unconstrained build operations Thread 40" [_thread_blocked, id=3908, stack(0x000000f19da80000,0x000000f19db80000)]
  0x000000f194cdb800 JavaThread "jar transforms Thread 4" [_thread_blocked, id=2912, stack(0x000000f19db80000,0x000000f19dc80000)]
  0x000000f194cdd000 JavaThread "Memory manager" [_thread_blocked, id=3800, stack(0x000000f19f7b0000,0x000000f19f8b0000)]
=>0x000000f1929b6800 JavaThread "C2 CompilerThread1" daemon [_thread_in_native, id=4488, stack(0x000000f191b00000,0x000000f191c00000)]

Other Threads:
  0x000000f1ff274000 VMThread "VM Thread" [stack: 0x000000f1ff670000,0x000000f1ff770000] [id=4956]
  0x000000f1ff454800 WatcherThread [stack: 0x000000f191200000,0x000000f191300000] [id=4584]
  0x000000f1f595e800 GCTaskThread "GC Thread#0" [stack: 0x000000f1f5300000,0x000000f1f5400000] [id=4864]
  0x000000f191725800 GCTaskThread "GC Thread#1" [stack: 0x000000f192bd0000,0x000000f192cd0000] [id=4264]
  0x000000f191afe800 GCTaskThread "GC Thread#2" [stack: 0x000000f192cd0000,0x000000f192dd0000] [id=1008]
  0x000000f192100000 GCTaskThread "GC Thread#3" [stack: 0x000000f196940000,0x000000f196a40000] [id=5076]
  0x000000f1f598f800 ConcurrentGCThread "G1 Main Marker" [stack: 0x000000f1fe030000,0x000000f1fe130000] [id=4852]
  0x000000f1f5993000 ConcurrentGCThread "G1 Conc#0" [stack: 0x000000f1fe130000,0x000000f1fe230000] [id=5032]
  0x000000f1fe6a9800 ConcurrentGCThread "G1 Refine#0" [stack: 0x000000f1fe870000,0x000000f1fe970000] [id=2088]
  0x000000f1fe6ab000 ConcurrentGCThread "G1 Young RemSet Sampling" [stack: 0x000000f1fe970000,0x000000f1fea70000] [id=3188]

Threads with active compile tasks:
C2 CompilerThread0  22485 8117       4       java.lang.Class::annotationData (44 bytes)
C2 CompilerThread1  22485 8241       4       java.lang.reflect.Constructor::newInstance (76 bytes)

VM state:not at safepoint (normal execution)

VM Mutex/Monitor currently owned by a thread: None

Heap address: 0x0000000080000000, size: 2048 MB, Compressed Oops mode: 32-bit
Narrow klass base: 0x0000000000000000, Narrow klass shift: 3
Compressed class space size: 1073741824 Address: 0x0000000100000000

Heap:
 garbage-first heap   total 189440K, used 133207K [0x0000000080000000, 0x0000000100000000)
  region size 1024K, 73 young (74752K), 7 survivors (7168K)
 Metaspace       used 83020K, capacity 84587K, committed 84732K, reserved 1122304K
  class space    used 10706K, capacity 11326K, committed 11340K, reserved 1048576K
Heap Regions: E=young(eden), S=young(survivor), O=old, HS=humongous(starts), HC=humongous(continues), CS=collection set, F=free, A=archive, TAMS=top-at-mark-start (previous, next)
|   0|0x0000000080000000, 0x0000000080100000, 0x0000000080100000|100%|HS|  |TAMS 0x0000000080100000, 0x0000000080000000| Complete 
|   1|0x0000000080100000, 0x0000000080200000, 0x0000000080200000|100%|HC|  |TAMS 0x0000000080200000, 0x0000000080100000| Complete 
|   2|0x0000000080200000, 0x0000000080300000, 0x0000000080300000|100%|HC|  |TAMS 0x0000000080300000, 0x0000000080200000| Complete 
|   3|0x0000000080300000, 0x0000000080400000, 0x0000000080400000|100%| O|  |TAMS 0x0000000080400000, 0x0000000080300000| Untracked 
|   4|0x0000000080400000, 0x0000000080500000, 0x0000000080500000|100%| O|  |TAMS 0x0000000080500000, 0x0000000080400000| Untracked 
|   5|0x0000000080500000, 0x0000000080600000, 0x0000000080600000|100%| O|  |TAMS 0x0000000080600000, 0x0000000080500000| Untracked 
|   6|0x0000000080600000, 0x0000000080700000, 0x0000000080700000|100%| O|  |TAMS 0x0000000080700000, 0x0000000080600000| Untracked 
|   7|0x0000000080700000, 0x0000000080800000, 0x0000000080800000|100%| O|  |TAMS 0x0000000080800000, 0x0000000080700000| Untracked 
|   8|0x0000000080800000, 0x0000000080900000, 0x0000000080900000|100%| O|  |TAMS 0x0000000080900000, 0x0000000080800000| Untracked 
|   9|0x0000000080900000, 0x0000000080a00000, 0x0000000080a00000|100%| O|  |TAMS 0x0000000080a00000, 0x0000000080900000| Untracked 
|  10|0x0000000080a00000, 0x0000000080b00000, 0x0000000080b00000|100%| O|  |TAMS 0x0000000080b00000, 0x0000000080a00000| Untracked 
|  11|0x0000000080b00000, 0x0000000080c00000, 0x0000000080c00000|100%| O|  |TAMS 0x0000000080c00000, 0x0000000080b00000| Untracked 
|  12|0x0000000080c00000, 0x0000000080d00000, 0x0000000080d00000|100%| O|  |TAMS 0x0000000080d00000, 0x0000000080c00000| Untracked 
|  13|0x0000000080d00000, 0x0000000080e00000, 0x0000000080e00000|100%| O|  |TAMS 0x0000000080e00000, 0x0000000080d00000| Untracked 
|  14|0x0000000080e00000, 0x0000000080f00000, 0x0000000080f00000|100%| O|  |TAMS 0x0000000080f00000, 0x0000000080e00000| Untracked 
|  15|0x0000000080f00000, 0x0000000081000000, 0x0000000081000000|100%| O|  |TAMS 0x0000000081000000, 0x0000000080f00000| Untracked 
|  16|0x0000000081000000, 0x0000000081100000, 0x0000000081100000|100%|HS|  |TAMS 0x0000000081100000, 0x0000000081000000| Complete 
|  17|0x0000000081100000, 0x0000000081200000, 0x0000000081200000|100%| O|  |TAMS 0x0000000081200000, 0x0000000081100000| Untracked 
|  18|0x0000000081200000, 0x0000000081300000, 0x0000000081300000|100%| O|  |TAMS 0x0000000081300000, 0x0000000081200000| Untracked 
|  19|0x0000000081300000, 0x0000000081400000, 0x0000000081400000|100%| O|  |TAMS 0x0000000081400000, 0x0000000081300000| Untracked 
|  20|0x0000000081400000, 0x0000000081500000, 0x0000000081500000|100%| O|  |TAMS 0x0000000081500000, 0x0000000081400000| Untracked 
|  21|0x0000000081500000, 0x0000000081600000, 0x0000000081600000|100%| O|  |TAMS 0x0000000081600000, 0x0000000081500000| Untracked 
|  22|0x0000000081600000, 0x0000000081700000, 0x0000000081700000|100%| O|  |TAMS 0x0000000081700000, 0x0000000081600000| Untracked 
|  23|0x0000000081700000, 0x0000000081800000, 0x0000000081800000|100%| O|  |TAMS 0x0000000081800000, 0x0000000081700000| Untracked 
|  24|0x0000000081800000, 0x0000000081900000, 0x0000000081900000|100%|HS|  |TAMS 0x0000000081900000, 0x0000000081800000| Complete 
|  25|0x0000000081900000, 0x0000000081a00000, 0x0000000081a00000|100%|HS|  |TAMS 0x0000000081a00000, 0x0000000081900000| Complete 
|  26|0x0000000081a00000, 0x0000000081b00000, 0x0000000081b00000|100%|HS|  |TAMS 0x0000000081b00000, 0x0000000081a00000| Complete 
|  27|0x0000000081b00000, 0x0000000081c00000, 0x0000000081c00000|100%|HC|  |TAMS 0x0000000081c00000, 0x0000000081b00000| Complete 
|  28|0x0000000081c00000, 0x0000000081d00000, 0x0000000081d00000|100%|HC|  |TAMS 0x0000000081d00000, 0x0000000081c00000| Complete 
|  29|0x0000000081d00000, 0x0000000081e00000, 0x0000000081e00000|100%| O|  |TAMS 0x0000000081e00000, 0x0000000081d00000| Untracked 
|  30|0x0000000081e00000, 0x0000000081f00000, 0x0000000081f00000|100%|HS|  |TAMS 0x0000000081f00000, 0x0000000081e00000| Complete 
|  31|0x0000000081f00000, 0x0000000082000000, 0x0000000082000000|100%|HC|  |TAMS 0x0000000082000000, 0x0000000081f00000| Complete 
|  32|0x0000000082000000, 0x0000000082100000, 0x0000000082100000|100%| O|  |TAMS 0x0000000082100000, 0x0000000082000000| Untracked 
|  33|0x0000000082100000, 0x0000000082200000, 0x0000000082200000|100%| O|  |TAMS 0x0000000082200000, 0x0000000082100000| Untracked 
|  34|0x0000000082200000, 0x0000000082300000, 0x0000000082300000|100%| O|  |TAMS 0x0000000082300000, 0x0000000082200000| Untracked 
|  35|0x0000000082300000, 0x0000000082400000, 0x0000000082400000|100%| O|  |TAMS 0x0000000082400000, 0x0000000082300000| Untracked 
|  36|0x0000000082400000, 0x0000000082500000, 0x0000000082500000|100%| O|  |TAMS 0x0000000082500000, 0x0000000082400000| Untracked 
|  37|0x0000000082500000, 0x0000000082600000, 0x0000000082600000|100%| O|  |TAMS 0x0000000082600000, 0x0000000082500000| Untracked 
|  38|0x0000000082600000, 0x0000000082700000, 0x0000000082700000|100%| O|  |TAMS 0x0000000082700000, 0x0000000082600000| Untracked 
|  39|0x0000000082700000, 0x0000000082800000, 0x0000000082800000|100%| O|  |TAMS 0x0000000082800000, 0x0000000082700000| Untracked 
|  40|0x0000000082800000, 0x0000000082900000, 0x0000000082900000|100%| O|  |TAMS 0x0000000082900000, 0x0000000082800000| Untracked 
|  41|0x0000000082900000, 0x0000000082a00000, 0x0000000082a00000|100%| O|  |TAMS 0x0000000082a00000, 0x0000000082900000| Untracked 
|  42|0x0000000082a00000, 0x0000000082b00000, 0x0000000082b00000|100%| O|  |TAMS 0x0000000082b00000, 0x0000000082a00000| Untracked 
|  43|0x0000000082b00000, 0x0000000082c00000, 0x0000000082c00000|100%| O|  |TAMS 0x0000000082c00000, 0x0000000082b00000| Untracked 
|  44|0x0000000082c00000, 0x0000000082d00000, 0x0000000082d00000|100%| O|  |TAMS 0x0000000082d00000, 0x0000000082c00000| Untracked 
|  45|0x0000000082d00000, 0x0000000082e00000, 0x0000000082e00000|100%| O|  |TAMS 0x0000000082e00000, 0x0000000082d00000| Untracked 
|  46|0x0000000082e00000, 0x0000000082f00000, 0x0000000082f00000|100%| O|  |TAMS 0x0000000082f00000, 0x0000000082e00000| Untracked 
|  47|0x0000000082f00000, 0x0000000083000000, 0x0000000083000000|100%| O|  |TAMS 0x0000000083000000, 0x0000000082f00000| Untracked 
|  48|0x0000000083000000, 0x0000000083100000, 0x0000000083100000|100%| O|  |TAMS 0x0000000083100000, 0x0000000083000000| Untracked 
|  49|0x0000000083100000, 0x0000000083200000, 0x0000000083200000|100%| O|  |TAMS 0x0000000083200000, 0x0000000083100000| Untracked 
|  50|0x0000000083200000, 0x0000000083300000, 0x0000000083300000|100%| O|  |TAMS 0x0000000083300000, 0x0000000083200000| Untracked 
|  51|0x0000000083300000, 0x0000000083400000, 0x0000000083400000|100%| O|  |TAMS 0x0000000083400000, 0x0000000083300000| Untracked 
|  52|0x0000000083400000, 0x0000000083500000, 0x0000000083500000|100%| O|  |TAMS 0x0000000083500000, 0x0000000083400000| Untracked 
|  53|0x0000000083500000, 0x0000000083600000, 0x0000000083600000|100%| O|  |TAMS 0x0000000083600000, 0x0000000083500000| Untracked 
|  54|0x0000000083600000, 0x0000000083700000, 0x0000000083700000|100%| O|  |TAMS 0x0000000083700000, 0x0000000083600000| Untracked 
|  55|0x0000000083700000, 0x00000000837b5600, 0x0000000083800000| 70%| O|  |TAMS 0x00000000837b5600, 0x0000000083700000| Untracked 
|  56|0x0000000083800000, 0x0000000083800000, 0x0000000083900000|  0%| F|  |TAMS 0x0000000083800000, 0x0000000083800000| Untracked 
|  57|0x0000000083900000, 0x0000000083900000, 0x0000000083a00000|  0%| F|  |TAMS 0x0000000083900000, 0x0000000083900000| Untracked 
|  58|0x0000000083a00000, 0x0000000083a00000, 0x0000000083b00000|  0%| F|  |TAMS 0x0000000083a00000, 0x0000000083a00000| Untracked 
|  59|0x0000000083b00000, 0x0000000083b00000, 0x0000000083c00000|  0%| F|  |TAMS 0x0000000083b00000, 0x0000000083b00000| Untracked 
|  60|0x0000000083c00000, 0x0000000083c00000, 0x0000000083d00000|  0%| F|  |TAMS 0x0000000083c00000, 0x0000000083c00000| Untracked 
|  61|0x0000000083d00000, 0x0000000083e00000, 0x0000000083e00000|100%| O|  |TAMS 0x0000000083e00000, 0x0000000083d00000| Untracked 
|  62|0x0000000083e00000, 0x0000000083f00000, 0x0000000083f00000|100%| O|  |TAMS 0x0000000083f00000, 0x0000000083e00000| Untracked 
|  63|0x0000000083f00000, 0x0000000084000000, 0x0000000084000000|100%| O|  |TAMS 0x0000000084000000, 0x0000000083f00000| Untracked 
|  64|0x0000000084000000, 0x0000000084000000, 0x0000000084100000|  0%| F|  |TAMS 0x0000000084000000, 0x0000000084000000| Untracked 
|  65|0x0000000084100000, 0x0000000084100000, 0x0000000084200000|  0%| F|  |TAMS 0x0000000084100000, 0x0000000084100000| Untracked 
|  66|0x0000000084200000, 0x0000000084200000, 0x0000000084300000|  0%| F|  |TAMS 0x0000000084200000, 0x0000000084200000| Untracked 
|  67|0x0000000084300000, 0x0000000084300000, 0x0000000084400000|  0%| F|  |TAMS 0x0000000084300000, 0x0000000084300000| Untracked 
|  68|0x0000000084400000, 0x0000000084400000, 0x0000000084500000|  0%| F|  |TAMS 0x0000000084400000, 0x0000000084400000| Untracked 
|  69|0x0000000084500000, 0x0000000084500000, 0x0000000084600000|  0%| F|  |TAMS 0x0000000084500000, 0x0000000084500000| Untracked 
|  70|0x0000000084600000, 0x0000000084600000, 0x0000000084700000|  0%| F|  |TAMS 0x0000000084600000, 0x0000000084600000| Untracked 
|  71|0x0000000084700000, 0x0000000084700000, 0x0000000084800000|  0%| F|  |TAMS 0x0000000084700000, 0x0000000084700000| Untracked 
|  72|0x0000000084800000, 0x0000000084800000, 0x0000000084900000|  0%| F|  |TAMS 0x0000000084800000, 0x0000000084800000| Untracked 
|  73|0x0000000084900000, 0x0000000084900000, 0x0000000084a00000|  0%| F|  |TAMS 0x0000000084900000, 0x0000000084900000| Untracked 
|  74|0x0000000084a00000, 0x0000000084a00000, 0x0000000084b00000|  0%| F|  |TAMS 0x0000000084a00000, 0x0000000084a00000| Untracked 
|  75|0x0000000084b00000, 0x0000000084b00000, 0x0000000084c00000|  0%| F|  |TAMS 0x0000000084b00000, 0x0000000084b00000| Untracked 
|  76|0x0000000084c00000, 0x0000000084c00000, 0x0000000084d00000|  0%| F|  |TAMS 0x0000000084c00000, 0x0000000084c00000| Untracked 
|  77|0x0000000084d00000, 0x0000000084d00000, 0x0000000084e00000|  0%| F|  |TAMS 0x0000000084d00000, 0x0000000084d00000| Untracked 
|  78|0x0000000084e00000, 0x0000000084e00000, 0x0000000084f00000|  0%| F|  |TAMS 0x0000000084e00000, 0x0000000084e00000| Untracked 
|  79|0x0000000084f00000, 0x0000000084f00000, 0x0000000085000000|  0%| F|  |TAMS 0x0000000084f00000, 0x0000000084f00000| Untracked 
|  80|0x0000000085000000, 0x0000000085000000, 0x0000000085100000|  0%| F|  |TAMS 0x0000000085000000, 0x0000000085000000| Untracked 
|  81|0x0000000085100000, 0x0000000085100000, 0x0000000085200000|  0%| F|  |TAMS 0x0000000085100000, 0x0000000085100000| Untracked 
|  82|0x0000000085200000, 0x0000000085200000, 0x0000000085300000|  0%| F|  |TAMS 0x0000000085200000, 0x0000000085200000| Untracked 
|  83|0x0000000085300000, 0x0000000085300000, 0x0000000085400000|  0%| F|  |TAMS 0x0000000085300000, 0x0000000085300000| Untracked 
|  84|0x0000000085400000, 0x0000000085400000, 0x0000000085500000|  0%| F|  |TAMS 0x0000000085400000, 0x0000000085400000| Untracked 
|  85|0x0000000085500000, 0x0000000085500000, 0x0000000085600000|  0%| F|  |TAMS 0x0000000085500000, 0x0000000085500000| Untracked 
|  86|0x0000000085600000, 0x0000000085600000, 0x0000000085700000|  0%| F|  |TAMS 0x0000000085600000, 0x0000000085600000| Untracked 
|  87|0x0000000085700000, 0x0000000085700000, 0x0000000085800000|  0%| F|  |TAMS 0x0000000085700000, 0x0000000085700000| Untracked 
|  88|0x0000000085800000, 0x0000000085800000, 0x0000000085900000|  0%| F|  |TAMS 0x0000000085800000, 0x0000000085800000| Untracked 
|  89|0x0000000085900000, 0x0000000085900000, 0x0000000085a00000|  0%| F|  |TAMS 0x0000000085900000, 0x0000000085900000| Untracked 
|  90|0x0000000085a00000, 0x0000000085a00000, 0x0000000085b00000|  0%| F|  |TAMS 0x0000000085a00000, 0x0000000085a00000| Untracked 
|  91|0x0000000085b00000, 0x0000000085b00000, 0x0000000085c00000|  0%| F|  |TAMS 0x0000000085b00000, 0x0000000085b00000| Untracked 
|  92|0x0000000085c00000, 0x0000000085c00000, 0x0000000085d00000|  0%| F|  |TAMS 0x0000000085c00000, 0x0000000085c00000| Untracked 
|  93|0x0000000085d00000, 0x0000000085d608f8, 0x0000000085e00000| 37%| S|CS|TAMS 0x0000000085d00000, 0x0000000085d00000| Complete 
|  94|0x0000000085e00000, 0x0000000085f00000, 0x0000000085f00000|100%| S|CS|TAMS 0x0000000085e00000, 0x0000000085e00000| Complete 
|  95|0x0000000085f00000, 0x0000000086000000, 0x0000000086000000|100%| S|CS|TAMS 0x0000000085f00000, 0x0000000085f00000| Complete 
|  96|0x0000000086000000, 0x0000000086100000, 0x0000000086100000|100%| S|CS|TAMS 0x0000000086000000, 0x0000000086000000| Complete 
|  97|0x0000000086100000, 0x0000000086200000, 0x0000000086200000|100%| S|CS|TAMS 0x0000000086100000, 0x0000000086100000| Complete 
|  98|0x0000000086200000, 0x0000000086300000, 0x0000000086300000|100%| S|CS|TAMS 0x0000000086200000, 0x0000000086200000| Complete 
|  99|0x0000000086300000, 0x0000000086400000, 0x0000000086400000|100%| S|CS|TAMS 0x0000000086300000, 0x0000000086300000| Complete 
| 100|0x0000000086400000, 0x0000000086400000, 0x0000000086500000|  0%| F|  |TAMS 0x0000000086400000, 0x0000000086400000| Untracked 
| 101|0x0000000086500000, 0x0000000086500000, 0x0000000086600000|  0%| F|  |TAMS 0x0000000086500000, 0x0000000086500000| Untracked 
| 102|0x0000000086600000, 0x0000000086600000, 0x0000000086700000|  0%| F|  |TAMS 0x0000000086600000, 0x0000000086600000| Untracked 
| 103|0x0000000086700000, 0x0000000086700000, 0x0000000086800000|  0%| F|  |TAMS 0x0000000086700000, 0x0000000086700000| Untracked 
| 104|0x0000000086800000, 0x0000000086800000, 0x0000000086900000|  0%| F|  |TAMS 0x0000000086800000, 0x0000000086800000| Untracked 
| 105|0x0000000086900000, 0x0000000086900000, 0x0000000086a00000|  0%| F|  |TAMS 0x0000000086900000, 0x0000000086900000| Untracked 
| 106|0x0000000086a00000, 0x0000000086a00000, 0x0000000086b00000|  0%| F|  |TAMS 0x0000000086a00000, 0x0000000086a00000| Untracked 
| 107|0x0000000086b00000, 0x0000000086b00000, 0x0000000086c00000|  0%| F|  |TAMS 0x0000000086b00000, 0x0000000086b00000| Untracked 
| 108|0x0000000086c00000, 0x0000000086c00000, 0x0000000086d00000|  0%| F|  |TAMS 0x0000000086c00000, 0x0000000086c00000| Untracked 
| 109|0x0000000086d00000, 0x0000000086d00000, 0x0000000086e00000|  0%| F|  |TAMS 0x0000000086d00000, 0x0000000086d00000| Untracked 
| 110|0x0000000086e00000, 0x0000000086e00000, 0x0000000086f00000|  0%| F|  |TAMS 0x0000000086e00000, 0x0000000086e00000| Untracked 
| 111|0x0000000086f00000, 0x0000000086f00000, 0x0000000087000000|  0%| F|  |TAMS 0x0000000086f00000, 0x0000000086f00000| Untracked 
| 112|0x0000000087000000, 0x0000000087000000, 0x0000000087100000|  0%| F|  |TAMS 0x0000000087000000, 0x0000000087000000| Untracked 
| 113|0x0000000087100000, 0x0000000087100000, 0x0000000087200000|  0%| F|  |TAMS 0x0000000087100000, 0x0000000087100000| Untracked 
| 114|0x0000000087200000, 0x0000000087200000, 0x0000000087300000|  0%| F|  |TAMS 0x0000000087200000, 0x0000000087200000| Untracked 
| 115|0x0000000087300000, 0x0000000087300000, 0x0000000087400000|  0%| F|  |TAMS 0x0000000087300000, 0x0000000087300000| Untracked 
| 116|0x0000000087400000, 0x0000000087400000, 0x0000000087500000|  0%| F|  |TAMS 0x0000000087400000, 0x0000000087400000| Untracked 
| 117|0x0000000087500000, 0x0000000087500000, 0x0000000087600000|  0%| F|  |TAMS 0x0000000087500000, 0x0000000087500000| Untracked 
| 118|0x0000000087600000, 0x0000000087600000, 0x0000000087700000|  0%| F|  |TAMS 0x0000000087600000, 0x0000000087600000| Untracked 
| 119|0x0000000087700000, 0x0000000087800000, 0x0000000087800000|100%| E|  |TAMS 0x0000000087700000, 0x0000000087700000| Complete 
| 120|0x0000000087800000, 0x0000000087900000, 0x0000000087900000|100%| E|CS|TAMS 0x0000000087800000, 0x0000000087800000| Complete 
| 121|0x0000000087900000, 0x0000000087a00000, 0x0000000087a00000|100%| E|CS|TAMS 0x0000000087900000, 0x0000000087900000| Complete 
| 122|0x0000000087a00000, 0x0000000087b00000, 0x0000000087b00000|100%| E|CS|TAMS 0x0000000087a00000, 0x0000000087a00000| Complete 
| 123|0x0000000087b00000, 0x0000000087c00000, 0x0000000087c00000|100%| E|CS|TAMS 0x0000000087b00000, 0x0000000087b00000| Complete 
| 124|0x0000000087c00000, 0x0000000087d00000, 0x0000000087d00000|100%| E|CS|TAMS 0x0000000087c00000, 0x0000000087c00000| Complete 
| 125|0x0000000087d00000, 0x0000000087e00000, 0x0000000087e00000|100%| E|CS|TAMS 0x0000000087d00000, 0x0000000087d00000| Complete 
| 126|0x0000000087e00000, 0x0000000087f00000, 0x0000000087f00000|100%| E|CS|TAMS 0x0000000087e00000, 0x0000000087e00000| Complete 
| 127|0x0000000087f00000, 0x0000000088000000, 0x0000000088000000|100%| E|CS|TAMS 0x0000000087f00000, 0x0000000087f00000| Complete 
| 128|0x0000000088000000, 0x0000000088100000, 0x0000000088100000|100%| E|CS|TAMS 0x0000000088000000, 0x0000000088000000| Complete 
| 129|0x0000000088100000, 0x0000000088200000, 0x0000000088200000|100%| E|CS|TAMS 0x0000000088100000, 0x0000000088100000| Complete 
| 130|0x0000000088200000, 0x0000000088300000, 0x0000000088300000|100%| E|CS|TAMS 0x0000000088200000, 0x0000000088200000| Complete 
| 131|0x0000000088300000, 0x0000000088400000, 0x0000000088400000|100%| E|CS|TAMS 0x0000000088300000, 0x0000000088300000| Complete 
| 132|0x0000000088400000, 0x0000000088500000, 0x0000000088500000|100%| E|CS|TAMS 0x0000000088400000, 0x0000000088400000| Complete 
| 133|0x0000000088500000, 0x0000000088600000, 0x0000000088600000|100%| E|CS|TAMS 0x0000000088500000, 0x0000000088500000| Complete 
| 134|0x0000000088600000, 0x0000000088700000, 0x0000000088700000|100%| E|CS|TAMS 0x0000000088600000, 0x0000000088600000| Complete 
| 135|0x0000000088700000, 0x0000000088800000, 0x0000000088800000|100%| E|CS|TAMS 0x0000000088700000, 0x0000000088700000| Complete 
| 136|0x0000000088800000, 0x0000000088900000, 0x0000000088900000|100%| E|CS|TAMS 0x0000000088800000, 0x0000000088800000| Complete 
| 137|0x0000000088900000, 0x0000000088a00000, 0x0000000088a00000|100%| E|CS|TAMS 0x0000000088900000, 0x0000000088900000| Complete 
| 138|0x0000000088a00000, 0x0000000088b00000, 0x0000000088b00000|100%| E|CS|TAMS 0x0000000088a00000, 0x0000000088a00000| Complete 
| 139|0x0000000088b00000, 0x0000000088c00000, 0x0000000088c00000|100%| E|CS|TAMS 0x0000000088b00000, 0x0000000088b00000| Complete 
| 140|0x0000000088c00000, 0x0000000088d00000, 0x0000000088d00000|100%| E|CS|TAMS 0x0000000088c00000, 0x0000000088c00000| Complete 
| 141|0x0000000088d00000, 0x0000000088e00000, 0x0000000088e00000|100%| E|CS|TAMS 0x0000000088d00000, 0x0000000088d00000| Complete 
| 142|0x0000000088e00000, 0x0000000088f00000, 0x0000000088f00000|100%| E|CS|TAMS 0x0000000088e00000, 0x0000000088e00000| Complete 
| 143|0x0000000088f00000, 0x0000000089000000, 0x0000000089000000|100%| E|CS|TAMS 0x0000000088f00000, 0x0000000088f00000| Complete 
| 144|0x0000000089000000, 0x0000000089100000, 0x0000000089100000|100%| E|CS|TAMS 0x0000000089000000, 0x0000000089000000| Complete 
| 145|0x0000000089100000, 0x0000000089200000, 0x0000000089200000|100%| E|CS|TAMS 0x0000000089100000, 0x0000000089100000| Complete 
| 146|0x0000000089200000, 0x0000000089300000, 0x0000000089300000|100%| E|CS|TAMS 0x0000000089200000, 0x0000000089200000| Complete 
| 147|0x0000000089300000, 0x0000000089400000, 0x0000000089400000|100%| E|CS|TAMS 0x0000000089300000, 0x0000000089300000| Complete 
| 148|0x0000000089400000, 0x0000000089500000, 0x0000000089500000|100%| E|CS|TAMS 0x0000000089400000, 0x0000000089400000| Complete 
| 149|0x0000000089500000, 0x0000000089600000, 0x0000000089600000|100%| E|CS|TAMS 0x0000000089500000, 0x0000000089500000| Complete 
| 150|0x0000000089600000, 0x0000000089700000, 0x0000000089700000|100%| E|CS|TAMS 0x0000000089600000, 0x0000000089600000| Complete 
| 151|0x0000000089700000, 0x0000000089800000, 0x0000000089800000|100%| E|CS|TAMS 0x0000000089700000, 0x0000000089700000| Complete 
| 152|0x0000000089800000, 0x0000000089900000, 0x0000000089900000|100%| E|CS|TAMS 0x0000000089800000, 0x0000000089800000| Complete 
| 153|0x0000000089900000, 0x0000000089a00000, 0x0000000089a00000|100%| E|CS|TAMS 0x0000000089900000, 0x0000000089900000| Complete 
| 154|0x0000000089a00000, 0x0000000089b00000, 0x0000000089b00000|100%| E|CS|TAMS 0x0000000089a00000, 0x0000000089a00000| Complete 
| 155|0x0000000089b00000, 0x0000000089c00000, 0x0000000089c00000|100%| E|CS|TAMS 0x0000000089b00000, 0x0000000089b00000| Complete 
| 156|0x0000000089c00000, 0x0000000089d00000, 0x0000000089d00000|100%| E|CS|TAMS 0x0000000089c00000, 0x0000000089c00000| Complete 
| 157|0x0000000089d00000, 0x0000000089e00000, 0x0000000089e00000|100%| E|CS|TAMS 0x0000000089d00000, 0x0000000089d00000| Complete 
| 158|0x0000000089e00000, 0x0000000089f00000, 0x0000000089f00000|100%| E|CS|TAMS 0x0000000089e00000, 0x0000000089e00000| Complete 
| 159|0x0000000089f00000, 0x000000008a000000, 0x000000008a000000|100%| E|CS|TAMS 0x0000000089f00000, 0x0000000089f00000| Complete 
| 160|0x000000008a000000, 0x000000008a100000, 0x000000008a100000|100%| E|CS|TAMS 0x000000008a000000, 0x000000008a000000| Complete 
| 161|0x000000008a100000, 0x000000008a200000, 0x000000008a200000|100%| E|CS|TAMS 0x000000008a100000, 0x000000008a100000| Complete 
| 162|0x000000008a200000, 0x000000008a300000, 0x000000008a300000|100%| E|CS|TAMS 0x000000008a200000, 0x000000008a200000| Complete 
| 163|0x000000008a300000, 0x000000008a400000, 0x000000008a400000|100%| E|CS|TAMS 0x000000008a300000, 0x000000008a300000| Complete 
| 164|0x000000008a400000, 0x000000008a500000, 0x000000008a500000|100%| E|CS|TAMS 0x000000008a400000, 0x000000008a400000| Complete 
| 165|0x000000008a500000, 0x000000008a600000, 0x000000008a600000|100%| E|CS|TAMS 0x000000008a500000, 0x000000008a500000| Complete 
| 166|0x000000008a600000, 0x000000008a700000, 0x000000008a700000|100%| E|CS|TAMS 0x000000008a600000, 0x000000008a600000| Complete 
| 167|0x000000008a700000, 0x000000008a800000, 0x000000008a800000|100%| E|CS|TAMS 0x000000008a700000, 0x000000008a700000| Complete 
| 168|0x000000008a800000, 0x000000008a900000, 0x000000008a900000|100%| E|CS|TAMS 0x000000008a800000, 0x000000008a800000| Complete 
| 169|0x000000008a900000, 0x000000008aa00000, 0x000000008aa00000|100%| E|CS|TAMS 0x000000008a900000, 0x000000008a900000| Complete 
| 170|0x000000008aa00000, 0x000000008ab00000, 0x000000008ab00000|100%| E|CS|TAMS 0x000000008aa00000, 0x000000008aa00000| Complete 
| 171|0x000000008ab00000, 0x000000008ac00000, 0x000000008ac00000|100%| E|CS|TAMS 0x000000008ab00000, 0x000000008ab00000| Complete 
| 172|0x000000008ac00000, 0x000000008ad00000, 0x000000008ad00000|100%| E|CS|TAMS 0x000000008ac00000, 0x000000008ac00000| Complete 
| 173|0x000000008ad00000, 0x000000008ae00000, 0x000000008ae00000|100%| E|CS|TAMS 0x000000008ad00000, 0x000000008ad00000| Complete 
| 174|0x000000008ae00000, 0x000000008af00000, 0x000000008af00000|100%| E|CS|TAMS 0x000000008ae00000, 0x000000008ae00000| Complete 
| 175|0x000000008af00000, 0x000000008b000000, 0x000000008b000000|100%| E|CS|TAMS 0x000000008af00000, 0x000000008af00000| Complete 
| 176|0x000000008b000000, 0x000000008b100000, 0x000000008b100000|100%| E|CS|TAMS 0x000000008b000000, 0x000000008b000000| Complete 
| 177|0x000000008b100000, 0x000000008b200000, 0x000000008b200000|100%| E|CS|TAMS 0x000000008b100000, 0x000000008b100000| Complete 
| 178|0x000000008b200000, 0x000000008b300000, 0x000000008b300000|100%| E|CS|TAMS 0x000000008b200000, 0x000000008b200000| Complete 
| 179|0x000000008b300000, 0x000000008b400000, 0x000000008b400000|100%| E|CS|TAMS 0x000000008b300000, 0x000000008b300000| Complete 
| 180|0x000000008b400000, 0x000000008b500000, 0x000000008b500000|100%| E|CS|TAMS 0x000000008b400000, 0x000000008b400000| Complete 
| 181|0x000000008b500000, 0x000000008b600000, 0x000000008b600000|100%| E|CS|TAMS 0x000000008b500000, 0x000000008b500000| Complete 
| 182|0x000000008b600000, 0x000000008b700000, 0x000000008b700000|100%| E|CS|TAMS 0x000000008b600000, 0x000000008b600000| Complete 
| 183|0x000000008b700000, 0x000000008b800000, 0x000000008b800000|100%| E|CS|TAMS 0x000000008b700000, 0x000000008b700000| Complete 
| 184|0x000000008b800000, 0x000000008b900000, 0x000000008b900000|100%| E|CS|TAMS 0x000000008b800000, 0x000000008b800000| Complete 

Card table byte_map: [0x000000f1f9830000,0x000000f1f9c30000] _byte_map_base: 0x000000f1f9430000

Marking Bits (Prev, Next): (CMBitMap*) 0x000000f1f5986e40, (CMBitMap*) 0x000000f1f5986e08
 Prev Bits: [0x000000f1fc030000, 0x000000f1fe030000)
 Next Bits: [0x000000f1fa030000, 0x000000f1fc030000)

Polling page: 0x000000f1f50f0000

Metaspace:

Usage:
  Non-class:     71.61 MB capacity,    70.64 MB ( 99%) used,   796.49 KB (  1%) free+waste,   197.94 KB ( <1%) overhead. 
      Class:     11.06 MB capacity,    10.46 MB ( 95%) used,   528.34 KB (  5%) free+waste,    90.06 KB ( <1%) overhead. 
       Both:     82.67 MB capacity,    81.09 MB ( 98%) used,     1.29 MB (  2%) free+waste,   288.00 KB ( <1%) overhead. 

Virtual space:
  Non-class space:       72.00 MB reserved,      71.67 MB (>99%) committed 
      Class space:        1.00 GB reserved,      11.07 MB (  1%) committed 
             Both:        1.07 GB reserved,      82.75 MB (  8%) committed 

Chunk freelists:
   Non-Class:  3.00 KB
       Class:  2.00 KB
        Both:  5.00 KB

MaxMetaspaceSize: 17179869184.00 GB
CompressedClassSpaceSize: 1.00 GB
Initial GC threshold: 20.80 MB
Current GC threshold: 127.70 MB
CDS: off

CodeHeap 'non-profiled nmethods': size=120064Kb used=5019Kb max_used=5019Kb free=115044Kb
 bounds [0x000000f187ac0000, 0x000000f187fb0000, 0x000000f18f000000]
CodeHeap 'profiled nmethods': size=120000Kb used=18186Kb max_used=18186Kb free=101813Kb
 bounds [0x000000f180590000, 0x000000f181760000, 0x000000f187ac0000]
CodeHeap 'non-nmethods': size=5696Kb used=2360Kb max_used=2409Kb free=3335Kb
 bounds [0x000000f180000000, 0x000000f180270000, 0x000000f180590000]
 total_blobs=9105 nmethods=8226 adapters=791
 compilation: enabled
              stopped_count=0, restarted_count=0
 full_count=0

Compilation events (20 events):
Event: 22.225 Thread 0x000000f1ff2e1800 8244       3       com.sun.xml.bind.v2.util.QNameMap::get (18 bytes)
Event: 22.225 Thread 0x000000f1ff2e1800 nmethod 8244 0x000000f18173e310 code [0x000000f18173e4e0, 0x000000f18173e668]
Event: 22.225 Thread 0x000000f1ff2e1800 8246       1       com.sun.xml.bind.v2.model.impl.TypeRefImpl::isNillable (5 bytes)
Event: 22.226 Thread 0x000000f1ff2e1800 nmethod 8246 0x000000f187fa4a90 code [0x000000f187fa4c40, 0x000000f187fa4cf8]
Event: 22.226 Thread 0x000000f1ff2e1800 8247       3       com.sun.xml.bind.v2.util.QNameMap::hash (36 bytes)
Event: 22.226 Thread 0x000000f1ff2e1800 nmethod 8247 0x000000f18173e790 code [0x000000f18173e940, 0x000000f18173ea88]
Event: 22.226 Thread 0x000000f1ff2e1800 8248       1       com.sun.xml.bind.v2.runtime.property.PropertyImpl::hasSerializeURIAction (2 bytes)
Event: 22.227 Thread 0x000000f1ff2e1800 nmethod 8248 0x000000f187fa4d90 code [0x000000f187fa4f40, 0x000000f187fa4ff8]
Event: 22.227 Thread 0x000000f1ff2e1800 8250       3       com.sun.xml.bind.v2.util.QNameMap::put (169 bytes)
Event: 22.227 Thread 0x000000f1ff2e1800 nmethod 8250 0x000000f18173eb90 code [0x000000f18173ed80, 0x000000f18173f1b8]
Event: 22.227 Thread 0x000000f1ff2e1800 8251       3       com.sun.xml.bind.v2.util.QNameMap::addEntry (60 bytes)
Event: 22.228 Thread 0x000000f1ff2e1800 nmethod 8251 0x000000f18173f390 code [0x000000f18173f580, 0x000000f18173fb68]
Event: 22.228 Thread 0x000000f1ff2e1800 8252       3       com.sun.istack.FinalArrayList::<init> (5 bytes)
Event: 22.228 Thread 0x000000f1ff2e1800 nmethod 8252 0x000000f18173fd90 code [0x000000f18173ff60, 0x000000f181740258]
Event: 22.228 Thread 0x000000f1ff2e1800 8249       1       com.sun.xml.bind.v2.model.impl.TypeRefImpl::getDefaultValue (5 bytes)
Event: 22.228 Thread 0x000000f1ff2e1800 nmethod 8249 0x000000f187fa5090 code [0x000000f187fa5240, 0x000000f187fa52f8]
Event: 22.263 Thread 0x000000f1ff2e1800 8254       3       java.util.regex.Pattern$Dollar::match (209 bytes)
Event: 22.264 Thread 0x000000f1ff2e1800 nmethod 8254 0x000000f181740390 code [0x000000f181740600, 0x000000f181741218]
Event: 22.264 Thread 0x000000f1ff2e1800 8255       3       jdk.internal.module.Resources::toPackageName (39 bytes)
Event: 22.265 Thread 0x000000f1ff2e1800 nmethod 8255 0x000000f181741490 code [0x000000f1817416c0, 0x000000f181741d38]

GC Heap History (20 events):
Event: 3.535 GC heap before
{Heap before GC invocations=4 (full 0):
 garbage-first heap   total 131072K, used 40459K [0x0000000080000000, 0x0000000100000000)
  region size 1024K, 32 young (32768K), 6 survivors (6144K)
 Metaspace       used 20761K, capacity 21155K, committed 21296K, reserved 1069056K
  class space    used 2517K, capacity 2650K, committed 2688K, reserved 1048576K
}
Event: 3.547 GC heap after
{Heap after GC invocations=5 (full 0):
 garbage-first heap   total 131072K, used 17309K [0x0000000080000000, 0x0000000100000000)
  region size 1024K, 5 young (5120K), 5 survivors (5120K)
 Metaspace       used 20761K, capacity 21155K, committed 21296K, reserved 1069056K
  class space    used 2517K, capacity 2650K, committed 2688K, reserved 1048576K
}
Event: 4.635 GC heap before
{Heap before GC invocations=6 (full 0):
 garbage-first heap   total 131072K, used 69533K [0x0000000080000000, 0x0000000100000000)
  region size 1024K, 57 young (58368K), 5 survivors (5120K)
 Metaspace       used 26261K, capacity 26826K, committed 27132K, reserved 1073152K
  class space    used 3372K, capacity 3567K, committed 3660K, reserved 1048576K
}
Event: 4.650 GC heap after
{Heap after GC invocations=7 (full 0):
 garbage-first heap   total 157696K, used 19367K [0x0000000080000000, 0x0000000100000000)
  region size 1024K, 3 young (3072K), 3 survivors (3072K)
 Metaspace       used 26261K, capacity 26826K, committed 27132K, reserved 1073152K
  class space    used 3372K, capacity 3567K, committed 3660K, reserved 1048576K
}
Event: 6.154 GC heap before
{Heap before GC invocations=7 (full 0):
 garbage-first heap   total 157696K, used 81831K [0x0000000080000000, 0x0000000100000000)
  region size 1024K, 65 young (66560K), 3 survivors (3072K)
 Metaspace       used 35181K, capacity 35890K, committed 35964K, reserved 1081344K
  class space    used 4493K, capacity 4786K, committed 4812K, reserved 1048576K
}
Event: 6.175 GC heap after
{Heap after GC invocations=8 (full 0):
 garbage-first heap   total 157696K, used 22888K [0x0000000080000000, 0x0000000100000000)
  region size 1024K, 7 young (7168K), 7 survivors (7168K)
 Metaspace       used 35181K, capacity 35890K, committed 35964K, reserved 1081344K
  class space    used 4493K, capacity 4786K, committed 4812K, reserved 1048576K
}
Event: 7.625 GC heap before
{Heap before GC invocations=9 (full 0):
 garbage-first heap   total 157696K, used 95592K [0x0000000080000000, 0x0000000100000000)
  region size 1024K, 76 young (77824K), 7 survivors (7168K)
 Metaspace       used 40540K, capacity 41498K, committed 41852K, reserved 1085440K
  class space    used 5094K, capacity 5454K, committed 5580K, reserved 1048576K
}
Event: 7.650 GC heap after
{Heap after GC invocations=10 (full 0):
 garbage-first heap   total 157696K, used 28679K [0x0000000080000000, 0x0000000100000000)
  region size 1024K, 10 young (10240K), 10 survivors (10240K)
 Metaspace       used 40540K, capacity 41498K, committed 41852K, reserved 1085440K
  class space    used 5094K, capacity 5454K, committed 5580K, reserved 1048576K
}
Event: 9.041 GC heap before
{Heap before GC invocations=11 (full 0):
 garbage-first heap   total 157696K, used 106503K [0x0000000080000000, 0x0000000100000000)
  region size 1024K, 85 young (87040K), 10 survivors (10240K)
 Metaspace       used 47130K, capacity 48239K, committed 48380K, reserved 1091584K
  class space    used 5985K, capacity 6396K, committed 6476K, reserved 1048576K
}
Event: 9.065 GC heap after
{Heap after GC invocations=12 (full 0):
 garbage-first heap   total 157696K, used 30640K [0x0000000080000000, 0x0000000100000000)
  region size 1024K, 8 young (8192K), 8 survivors (8192K)
 Metaspace       used 47130K, capacity 48239K, committed 48380K, reserved 1091584K
  class space    used 5985K, capacity 6396K, committed 6476K, reserved 1048576K
}
Event: 10.877 GC heap before
{Heap before GC invocations=12 (full 0):
 garbage-first heap   total 157696K, used 123824K [0x0000000080000000, 0x0000000100000000)
  region size 1024K, 91 young (93184K), 8 survivors (8192K)
 Metaspace       used 52928K, capacity 54192K, committed 54268K, reserved 1095680K
  class space    used 6653K, capacity 7168K, committed 7244K, reserved 1048576K
}
Event: 10.907 GC heap after
{Heap after GC invocations=13 (full 0):
 garbage-first heap   total 189440K, used 48128K [0x0000000080000000, 0x0000000100000000)
  region size 1024K, 12 young (12288K), 12 survivors (12288K)
 Metaspace       used 52928K, capacity 54192K, committed 54268K, reserved 1095680K
  class space    used 6653K, capacity 7168K, committed 7244K, reserved 1048576K
}
Event: 13.977 GC heap before
{Heap before GC invocations=13 (full 0):
 garbage-first heap   total 189440K, used 144384K [0x0000000080000000, 0x0000000100000000)
  region size 1024K, 100 young (102400K), 12 survivors (12288K)
 Metaspace       used 63026K, capacity 64474K, committed 64764K, reserved 1105920K
  class space    used 7893K, capacity 8430K, committed 8524K, reserved 1048576K
}
Event: 14.001 GC heap after
{Heap after GC invocations=14 (full 0):
 garbage-first heap   total 189440K, used 54536K [0x0000000080000000, 0x0000000100000000)
  region size 1024K, 7 young (7168K), 7 survivors (7168K)
 Metaspace       used 63026K, capacity 64474K, committed 64764K, reserved 1105920K
  class space    used 7893K, capacity 8430K, committed 8524K, reserved 1048576K
}
Event: 17.315 GC heap before
{Heap before GC invocations=14 (full 0):
 garbage-first heap   total 189440K, used 144648K [0x0000000080000000, 0x0000000100000000)
  region size 1024K, 94 young (96256K), 7 survivors (7168K)
 Metaspace       used 67918K, capacity 69455K, committed 69756K, reserved 1110016K
  class space    used 8515K, capacity 9118K, committed 9164K, reserved 1048576K
}
Event: 17.336 GC heap after
{Heap after GC invocations=15 (full 0):
 garbage-first heap   total 189440K, used 60226K [0x0000000080000000, 0x0000000100000000)
  region size 1024K, 12 young (12288K), 12 survivors (12288K)
 Metaspace       used 67918K, capacity 69455K, committed 69756K, reserved 1110016K
  class space    used 8515K, capacity 9118K, committed 9164K, reserved 1048576K
}
Event: 17.517 GC heap before
{Heap before GC invocations=15 (full 0):
 garbage-first heap   total 189440K, used 81730K [0x0000000080000000, 0x0000000100000000)
  region size 1024K, 34 young (34816K), 12 survivors (12288K)
 Metaspace       used 68170K, capacity 69650K, committed 69756K, reserved 1110016K
  class space    used 8527K, capacity 9118K, committed 9164K, reserved 1048576K
}
Event: 17.539 GC heap after
{Heap after GC invocations=16 (full 0):
 garbage-first heap   total 189440K, used 62382K [0x0000000080000000, 0x0000000100000000)
  region size 1024K, 8 young (8192K), 8 survivors (8192K)
 Metaspace       used 68170K, capacity 69650K, committed 69756K, reserved 1110016K
  class space    used 8527K, capacity 9118K, committed 9164K, reserved 1048576K
}
Event: 20.070 GC heap before
{Heap before GC invocations=17 (full 0):
 garbage-first heap   total 189440K, used 141230K [0x0000000080000000, 0x0000000100000000)
  region size 1024K, 85 young (87040K), 8 survivors (8192K)
 Metaspace       used 76424K, capacity 78024K, committed 78204K, reserved 1118208K
  class space    used 9803K, capacity 10420K, committed 10444K, reserved 1048576K
}
Event: 20.104 GC heap after
{Heap after GC invocations=18 (full 0):
 garbage-first heap   total 189440K, used 66647K [0x0000000080000000, 0x0000000100000000)
  region size 1024K, 7 young (7168K), 7 survivors (7168K)
 Metaspace       used 76424K, capacity 78024K, committed 78204K, reserved 1118208K
  class space    used 9803K, capacity 10420K, committed 10444K, reserved 1048576K
}

Deoptimization events (20 events):
Event: 21.313 Thread 0x000000f192a00000 Uncommon trap: trap_request=0xffffffc6 fr.pc=0x000000f187f49688 relative=0x00000000000006e8
Event: 21.313 Thread 0x000000f192a00000 Uncommon trap: reason=bimorphic_or_optimized_type_check action=maybe_recompile pc=0x000000f187f49688 method=com.google.common.collect.ImmutableCollection$Builder.addAll(Ljava/lang/Iterable;)Lcom/google/common/collect/ImmutableCollection$Builder; @ 1 c2
Event: 21.313 Thread 0x000000f192a00000 DEOPT PACKING pc=0x000000f187f49688 sp=0x000000f1965399f0
Event: 21.313 Thread 0x000000f192a00000 DEOPT UNPACKING pc=0x000000f18004a1af sp=0x000000f1965399c0 mode 2
Event: 21.313 Thread 0x000000f192a00000 Uncommon trap: trap_request=0xffffffc6 fr.pc=0x000000f187f49688 relative=0x00000000000006e8
Event: 21.313 Thread 0x000000f192a00000 Uncommon trap: reason=bimorphic_or_optimized_type_check action=maybe_recompile pc=0x000000f187f49688 method=com.google.common.collect.ImmutableCollection$Builder.addAll(Ljava/lang/Iterable;)Lcom/google/common/collect/ImmutableCollection$Builder; @ 1 c2
Event: 21.313 Thread 0x000000f192a00000 DEOPT PACKING pc=0x000000f187f49688 sp=0x000000f1965399f0
Event: 21.313 Thread 0x000000f192a00000 DEOPT UNPACKING pc=0x000000f18004a1af sp=0x000000f1965399c0 mode 2
Event: 21.313 Thread 0x000000f192a00000 Uncommon trap: trap_request=0xffffffc6 fr.pc=0x000000f187f49688 relative=0x00000000000006e8
Event: 21.313 Thread 0x000000f192a00000 Uncommon trap: reason=bimorphic_or_optimized_type_check action=maybe_recompile pc=0x000000f187f49688 method=com.google.common.collect.ImmutableCollection$Builder.addAll(Ljava/lang/Iterable;)Lcom/google/common/collect/ImmutableCollection$Builder; @ 1 c2
Event: 21.313 Thread 0x000000f192a00000 DEOPT PACKING pc=0x000000f187f49688 sp=0x000000f1965399f0
Event: 21.313 Thread 0x000000f192a00000 DEOPT UNPACKING pc=0x000000f18004a1af sp=0x000000f1965399c0 mode 2
Event: 21.615 Thread 0x000000f192a00000 Uncommon trap: trap_request=0xffffff4d fr.pc=0x000000f187d52c04 relative=0x0000000000000cc4
Event: 21.615 Thread 0x000000f192a00000 Uncommon trap: reason=unstable_if action=reinterpret pc=0x000000f187d52c04 method=sun.nio.fs.WindowsPathParser.normalize(Ljava/lang/StringBuilder;Ljava/lang/String;I)Ljava/lang/String; @ 172 c2
Event: 21.615 Thread 0x000000f192a00000 DEOPT PACKING pc=0x000000f187d52c04 sp=0x000000f1965389e0
Event: 21.615 Thread 0x000000f192a00000 DEOPT UNPACKING pc=0x000000f18004a1af sp=0x000000f1965389b0 mode 2
Event: 22.022 Thread 0x000000f192a00000 Uncommon trap: trap_request=0xfffffff4 fr.pc=0x000000f187e3db5c relative=0x0000000000001fdc
Event: 22.022 Thread 0x000000f192a00000 Uncommon trap: reason=null_check action=make_not_entrant pc=0x000000f187e3db5c method=java.lang.Class.createAnnotationData(I)Ljava/lang/Class$AnnotationData; @ 14 c2
Event: 22.022 Thread 0x000000f192a00000 DEOPT PACKING pc=0x000000f187e3db5c sp=0x000000f196536b00
Event: 22.022 Thread 0x000000f192a00000 DEOPT UNPACKING pc=0x000000f18004a1af sp=0x000000f196536ab0 mode 2

Classes redefined (0 events):
No events

Internal exceptions (20 events):
Event: 17.488 Thread 0x000000f192a00000 Exception <a 'java/lang/ClassNotFoundException'{0x000000008aa15838}: groovy/lang/GStringCustomizer> (0x000000008aa15838) thrown at [./src/hotspot/share/classfile/systemDictionary.cpp, line 231]
Event: 17.490 Thread 0x000000f192a00000 Exception <a 'java/lang/ClassNotFoundException'{0x000000008aa5fda0}: groovy/lang/GString$1Customizer> (0x000000008aa5fda0) thrown at [./src/hotspot/share/classfile/systemDictionary.cpp, line 231]
Event: 17.501 Thread 0x000000f192a00000 Exception <a 'java/lang/ClassNotFoundException'{0x000000008a624428}: org/codehaus/groovy/runtime/GStringImplBeanInfo> (0x000000008a624428) thrown at [./src/hotspot/share/classfile/systemDictionary.cpp, line 231]
Event: 17.507 Thread 0x000000f192a00000 Exception <a 'java/lang/ClassNotFoundException'{0x000000008a4e3658}: org/codehaus/groovy/runtime/GStringImplCustomizer> (0x000000008a4e3658) thrown at [./src/hotspot/share/classfile/systemDictionary.cpp, line 231]
Event: 18.675 Thread 0x000000f192a00000 Exception <a 'java/lang/ClassNotFoundException'{0x0000000088196950}: com/android/build/gradle/internal/api/ApkVariantOutputImpl_DecoratedBeanInfo> (0x0000000088196950) thrown at [./src/hotspot/share/classfile/systemDictionary.cpp, line 231]
Event: 18.676 Thread 0x000000f192a00000 Exception <a 'java/lang/ClassNotFoundException'{0x00000000881b4440}: com/android/build/gradle/internal/api/ApkVariantOutputImplBeanInfo> (0x00000000881b4440) thrown at [./src/hotspot/share/classfile/systemDictionary.cpp, line 231]
Event: 18.677 Thread 0x000000f192a00000 Exception <a 'java/lang/ClassNotFoundException'{0x00000000881d27f0}: com/android/build/gradle/internal/api/BaseVariantOutputImplBeanInfo> (0x00000000881d27f0) thrown at [./src/hotspot/share/classfile/systemDictionary.cpp, line 231]
Event: 18.678 Thread 0x000000f192a00000 Exception <a 'java/lang/ClassNotFoundException'{0x00000000881f0c28}: com/android/build/gradle/internal/api/BaseVariantOutputImplCustomizer> (0x00000000881f0c28) thrown at [./src/hotspot/share/classfile/systemDictionary.cpp, line 231]
Event: 18.681 Thread 0x000000f192a00000 Exception <a 'java/lang/ClassNotFoundException'{0x0000000088021b88}: com/android/build/gradle/internal/api/ApkVariantOutputImplCustomizer> (0x0000000088021b88) thrown at [./src/hotspot/share/classfile/systemDictionary.cpp, line 231]
Event: 18.683 Thread 0x000000f192a00000 Exception <a 'java/lang/ClassNotFoundException'{0x000000008804ef18}: com/android/build/gradle/internal/api/ApkVariantOutputImpl_DecoratedCustomizer> (0x000000008804ef18) thrown at [./src/hotspot/share/classfile/systemDictionary.cpp, line 231]
Event: 18.754 Thread 0x000000f192a00000 Exception <a 'java/lang/ClassNotFoundException'{0x0000000087efb140}: com/android/build/gradle/internal/api/ReadOnlyBuildTypeBeanInfo> (0x0000000087efb140) thrown at [./src/hotspot/share/classfile/systemDictionary.cpp, line 231]
Event: 18.755 Thread 0x000000f192a00000 Exception <a 'java/lang/ClassNotFoundException'{0x0000000087d19aa8}: com/android/build/gradle/internal/api/ReadOnlyBaseConfigBeanInfo> (0x0000000087d19aa8) thrown at [./src/hotspot/share/classfile/systemDictionary.cpp, line 231]
Event: 18.756 Thread 0x000000f192a00000 Exception <a 'java/lang/ClassNotFoundException'{0x0000000087d38550}: com/android/build/gradle/internal/api/ReadOnlyBaseConfigCustomizer> (0x0000000087d38550) thrown at [./src/hotspot/share/classfile/systemDictionary.cpp, line 231]
Event: 18.758 Thread 0x000000f192a00000 Exception <a 'java/lang/ClassNotFoundException'{0x0000000087d660f0}: com/android/build/gradle/internal/api/ReadOnlyBuildTypeCustomizer> (0x0000000087d660f0) thrown at [./src/hotspot/share/classfile/systemDictionary.cpp, line 231]
Event: 20.169 Thread 0x000000f192a00000 Implicit null exception at 0x000000f187f4bfc1 to 0x000000f187f4c041
Event: 21.011 Thread 0x000000f192a00000 Exception <a 'java/lang/NoSuchMethodError'{0x0000000089fb4550}: 'java.lang.Object java.lang.invoke.Invokers$Holder.linkToTargetMethod(java.lang.Object, int, java.lang.Object)'> (0x0000000089fb4550) thrown at [./src/hotspot/share/interpreter/linkResolver.cpp, line 773]
Event: 21.441 Thread 0x000000f192a00000 Exception <a 'sun/nio/fs/WindowsException'{0x00000000894380f0}> (0x00000000894380f0) thrown at [./src/hotspot/share/prims/jni.cpp, line 616]
Event: 21.874 Thread 0x000000f192a00000 Exception <a 'java/lang/NullPointerException'{0x0000000088abb148}> (0x0000000088abb148) thrown at [./src/hotspot/share/interpreter/linkResolver.cpp, line 1440]
Event: 22.022 Thread 0x000000f192a00000 Implicit null exception at 0x000000f187e3bc67 to 0x000000f187e3db34
Event: 22.256 Thread 0x000000f192a00000 Exception <a 'java/lang/NoSuchMethodError'{0x0000000087977fd8}: 'int java.lang.invoke.DirectMethodHandle$Holder.invokeStatic(java.lang.Object, java.lang.Object, int, java.lang.Object)'> (0x0000000087977fd8) thrown at [./src/hotspot/share/interpreter/linkResolver.cpp, line 773]

Events (20 events):
Event: 22.391 loading class com/sun/org/apache/xerces/internal/util/Status done
Event: 22.391 loading class com/sun/org/apache/xerces/internal/util/FeatureState
Event: 22.391 loading class com/sun/org/apache/xerces/internal/util/FeatureState done
Event: 22.391 loading class com/sun/org/apache/xerces/internal/parsers/AbstractSAXParser$AttributesProxy
Event: 22.392 loading class org/xml/sax/AttributeList
Event: 22.392 loading class org/xml/sax/AttributeList done
Event: 22.392 loading class org/xml/sax/ext/Attributes2
Event: 22.392 loading class org/xml/sax/ext/Attributes2 done
Event: 22.392 loading class com/sun/org/apache/xerces/internal/parsers/AbstractSAXParser$AttributesProxy done
Event: 22.393 loading class com/sun/xml/bind/v2/runtime/unmarshaller/SAXConnector
Event: 22.393 loading class com/sun/xml/bind/v2/runtime/unmarshaller/SAXConnector done
Event: 22.394 loading class com/sun/xml/bind/v2/runtime/unmarshaller/TagName
Event: 22.394 loading class com/sun/xml/bind/v2/runtime/unmarshaller/TagName done
Event: 22.394 loading class com/sun/xml/bind/v2/runtime/unmarshaller/SAXConnector$TagNameImpl
Event: 22.394 loading class com/sun/xml/bind/v2/runtime/unmarshaller/SAXConnector$TagNameImpl done
Event: 22.395 loading class org/xml/sax/ext/EntityResolver2
Event: 22.395 loading class org/xml/sax/ext/EntityResolver2 done
Event: 22.395 loading class com/sun/org/apache/xerces/internal/util/EntityResolverWrapper
Event: 22.401 loading class com/sun/org/apache/xerces/internal/util/EntityResolverWrapper done
Event: 22.401 loading class com/sun/org/apache/xerces/internal/impl/ExternalSubsetResolver


Dynamic libraries:
0x00007ff7d1000000 - 0x00007ff7d100a000 	C:\Program Files\Android\Android Studio\jre\bin\java.exe
0x00007ffcb3970000 - 0x00007ffcb3b1d000 	C:\Windows\SYSTEM32\ntdll.dll
0x00007ffcb1440000 - 0x00007ffcb157f000 	C:\Windows\system32\KERNEL32.DLL
0x00007ffcb0ae0000 - 0x00007ffcb0bf5000 	C:\Windows\system32\KERNELBASE.dll
0x00007ffca51c0000 - 0x00007ffca51d9000 	C:\Program Files\Android\Android Studio\jre\bin\jli.dll
0x00007ffcad560000 - 0x00007ffcad577000 	C:\Program Files\Android\Android Studio\jre\bin\VCRUNTIME140.dll
0x00007ffcaa870000 - 0x00007ffcaa874000 	C:\Windows\SYSTEM32\api-ms-win-crt-stdio-l1-1-0.dll
0x00007ffcaa850000 - 0x00007ffcaa854000 	C:\Windows\SYSTEM32\api-ms-win-crt-runtime-l1-1-0.dll
0x00007ffcaa830000 - 0x00007ffcaa833000 	C:\Windows\SYSTEM32\api-ms-win-crt-environment-l1-1-0.dll
0x00007ffcaa810000 - 0x00007ffcaa815000 	C:\Windows\SYSTEM32\api-ms-win-crt-math-l1-1-0.dll
0x00007ffc8fec0000 - 0x00007ffc8fec3000 	C:\Windows\SYSTEM32\api-ms-win-crt-locale-l1-1-0.dll
0x00007ffcaa7e0000 - 0x00007ffcaa7e3000 	C:\Windows\SYSTEM32\api-ms-win-crt-heap-l1-1-0.dll
0x00007ffcae1f0000 - 0x00007ffcae46b000 	C:\Windows\WinSxS\amd64_microsoft.windows.common-controls_6595b64144ccf1df_6.0.9600.19394_none_62486577ecb635cf\COMCTL32.dll
0x00007ffcb1580000 - 0x00007ffcb16f7000 	C:\Windows\system32\USER32.dll
0x00007ffcaa800000 - 0x00007ffcaa803000 	C:\Windows\SYSTEM32\api-ms-win-crt-filesystem-l1-1-0.dll
0x00007ffcaa860000 - 0x00007ffcaa864000 	C:\Windows\SYSTEM32\api-ms-win-crt-string-l1-1-0.dll
0x00007ffcaa840000 - 0x00007ffcaa844000 	C:\Windows\SYSTEM32\api-ms-win-crt-convert-l1-1-0.dll
0x00007ffcb2310000 - 0x00007ffcb23ba000 	C:\Windows\system32\msvcrt.dll
0x00007ffcb17f0000 - 0x00007ffcb193e000 	C:\Windows\system32\GDI32.dll
0x00007ffc8fbc0000 - 0x00007ffc8fcb4000 	C:\Windows\SYSTEM32\ucrtbase.DLL
0x00007ffcb1da0000 - 0x00007ffcb1dd6000 	C:\Windows\system32\IMM32.DLL
0x00007ffcb1220000 - 0x00007ffcb1371000 	C:\Windows\system32\MSCTF.dll
0x00007ffc8f970000 - 0x00007ffc8fa0d000 	C:\Program Files\Android\Android Studio\jre\bin\msvcp140.dll
0x00007ffc8feb0000 - 0x00007ffc8feb5000 	C:\Windows\SYSTEM32\api-ms-win-crt-multibyte-l1-1-0.dll
0x00007ffcaa7f0000 - 0x00007ffcaa7f3000 	C:\Windows\SYSTEM32\api-ms-win-crt-time-l1-1-0.dll
0x00007ffcaa820000 - 0x00007ffcaa823000 	C:\Windows\SYSTEM32\api-ms-win-crt-utility-l1-1-0.dll
0x00007ffc8e050000 - 0x00007ffc8eb52000 	C:\Program Files\Android\Android Studio\jre\bin\server\jvm.dll
0x00007ffcb2200000 - 0x00007ffcb22ad000 	C:\Windows\system32\ADVAPI32.dll
0x00007ffcad580000 - 0x00007ffcad589000 	C:\Windows\SYSTEM32\WSOCK32.dll
0x00007ffca92b0000 - 0x00007ffca92d2000 	C:\Windows\SYSTEM32\WINMM.dll
0x00007ffca91a0000 - 0x00007ffca91aa000 	C:\Windows\SYSTEM32\VERSION.dll
0x00007ffcb2430000 - 0x00007ffcb2437000 	C:\Windows\system32\PSAPI.DLL
0x00007ffcb1f80000 - 0x00007ffcb1fdb000 	C:\Windows\SYSTEM32\sechost.dll
0x00007ffcb1a00000 - 0x00007ffcb1b35000 	C:\Windows\system32\RPCRT4.dll
0x00007ffcb1fe0000 - 0x00007ffcb203a000 	C:\Windows\system32\WS2_32.dll
0x00007ffca9280000 - 0x00007ffca92aa000 	C:\Windows\SYSTEM32\WINMMBASE.dll
0x00007ffcb0f10000 - 0x00007ffcb0f3e000 	C:\Windows\system32\SspiCli.dll
0x00007ffcb1700000 - 0x00007ffcb1709000 	C:\Windows\system32\NSI.dll
0x00007ffcb0ec0000 - 0x00007ffcb0f0f000 	C:\Windows\SYSTEM32\cfgmgr32.dll
0x00007ffcaf840000 - 0x00007ffcaf868000 	C:\Windows\SYSTEM32\DEVOBJ.dll
0x00007ffcaa7c0000 - 0x00007ffcaa7d1000 	C:\Program Files\Android\Android Studio\jre\bin\verify.dll
0x00007ffca2a30000 - 0x00007ffca2bba000 	C:\Windows\SYSTEM32\DBGHELP.DLL
0x00007ffcaa780000 - 0x00007ffcaa7a9000 	C:\Program Files\Android\Android Studio\jre\bin\java.dll
0x00007ffcaa770000 - 0x00007ffcaa77b000 	C:\Program Files\Android\Android Studio\jre\bin\jimage.dll
0x00007ffcaa750000 - 0x00007ffcaa768000 	C:\Program Files\Android\Android Studio\jre\bin\zip.dll
0x00007ffcb2440000 - 0x00007ffcb396c000 	C:\Windows\system32\SHELL32.dll
0x00007ffcb0ff0000 - 0x00007ffcb1202000 	C:\Windows\SYSTEM32\combase.dll
0x00007ffcb22b0000 - 0x00007ffcb2304000 	C:\Windows\system32\SHLWAPI.dll
0x00007ffcaebd0000 - 0x00007ffcaec82000 	C:\Windows\SYSTEM32\SHCORE.dll
0x00007ffcb0a10000 - 0x00007ffcb0a25000 	C:\Windows\SYSTEM32\profapi.dll
0x00007ffca7390000 - 0x00007ffca73aa000 	C:\Program Files\Android\Android Studio\jre\bin\net.dll
0x00007ffca98d0000 - 0x00007ffca9999000 	C:\Windows\SYSTEM32\WINHTTP.dll
0x00007ffcb0250000 - 0x00007ffcb02a9000 	C:\Windows\system32\mswsock.dll
0x00007ffc8ff30000 - 0x00007ffc8ff44000 	C:\Program Files\Android\Android Studio\jre\bin\nio.dll
0x00007ffcab630000 - 0x00007ffcab657000 	C:\Users\Nadezhda S\.gradle\native\e1d6ef7f7dcc3fd88c89a11ec53ec762bb8ba0a96d01ffa2cd45eb1d1d8dd5c5\windows-amd64\native-platform.dll
0x00007ffcaa7b0000 - 0x00007ffcaa7ba000 	C:\Program Files\Android\Android Studio\jre\bin\management.dll
0x00007ffca8da0000 - 0x00007ffca8dad000 	C:\Program Files\Android\Android Studio\jre\bin\management_ext.dll
0x00007ffcb02b0000 - 0x00007ffcb02d0000 	C:\Windows\SYSTEM32\CRYPTSP.dll
0x00007ffcafed0000 - 0x00007ffcaff06000 	C:\Windows\system32\rsaenh.dll
0x00007ffcb04f0000 - 0x00007ffcb0516000 	C:\Windows\SYSTEM32\bcrypt.dll
0x00007ffcaffe0000 - 0x00007ffcb0001000 	C:\Windows\SYSTEM32\USERENV.dll
0x00007ffcb0810000 - 0x00007ffcb0873000 	C:\Windows\system32\bcryptprimitives.dll
0x00007ffcb0880000 - 0x00007ffcb088b000 	C:\Windows\SYSTEM32\CRYPTBASE.dll
0x00007ffcac7a0000 - 0x00007ffcac7ca000 	C:\Windows\SYSTEM32\IPHLPAPI.DLL
0x00007ffcac7f0000 - 0x00007ffcac7fa000 	C:\Windows\SYSTEM32\WINNSI.DLL
0x00007ffcac0f0000 - 0x00007ffcac106000 	C:\Windows\SYSTEM32\dhcpcsvc6.DLL
0x00007ffcac2c0000 - 0x00007ffcac2da000 	C:\Windows\SYSTEM32\dhcpcsvc.DLL

dbghelp: loaded successfully - version: 4.0.5 - missing functions: none
symbol engine: initialized successfully - sym options: 0x614 - pdb path: .;C:\Program Files\Android\Android Studio\jre\bin;C:\Windows\SYSTEM32;C:\Windows\WinSxS\amd64_microsoft.windows.common-controls_6595b64144ccf1df_6.0.9600.19394_none_62486577ecb635cf;C:\Program Files\Android\Android Studio\jre\bin\server;C:\Users\Nadezhda S\.gradle\native\e1d6ef7f7dcc3fd88c89a11ec53ec762bb8ba0a96d01ffa2cd45eb1d1d8dd5c5\windows-amd64

VM Arguments:
jvm_args: --add-opens=java.base/java.util=ALL-UNNAMED --add-opens=java.base/java.lang=ALL-UNNAMED --add-opens=java.base/java.lang.invoke=ALL-UNNAMED --add-opens=java.base/java.util=ALL-UNNAMED --add-opens=java.prefs/java.util.prefs=ALL-UNNAMED --add-opens=java.prefs/java.util.prefs=ALL-UNNAMED --add-opens=java.base/java.nio.charset=ALL-UNNAMED --add-opens=java.base/java.net=ALL-UNNAMED --add-opens=java.base/java.util.concurrent.atomic=ALL-UNNAMED -Xmx2048m -Dfile.encoding=UTF-8 -Duser.country=RU -Duser.language=ru -Duser.variant 
java_command: org.gradle.launcher.daemon.bootstrap.GradleDaemon 7.4
java_class_path (initial): C:\Users\Nadezhda S\.gradle\wrapper\dists\gradle-7.4-bin\c0gwcg53nkjbqw7r0h0umtfvt\gradle-7.4\lib\gradle-launcher-7.4.jar
Launcher Type: SUN_STANDARD

[Global flags]
     intx CICompilerCount                          = 3                                         {product} {ergonomic}
     uint ConcGCThreads                            = 1                                         {product} {ergonomic}
     uint G1ConcRefinementThreads                  = 4                                         {product} {ergonomic}
   size_t G1HeapRegionSize                         = 1048576                                   {product} {ergonomic}
    uintx GCDrainStackTargetSize                   = 64                                        {product} {ergonomic}
   size_t InitialHeapSize                          = 134217728                                 {product} {ergonomic}
   size_t MarkStackSize                            = 4194304                                   {product} {ergonomic}
   size_t MaxHeapSize                              = 2147483648                                {product} {command line}
   size_t MaxNewSize                               = 1287651328                                {product} {ergonomic}
   size_t MinHeapDeltaBytes                        = 1048576                                   {product} {ergonomic}
    uintx NonNMethodCodeHeapSize                   = 5830732                                {pd product} {ergonomic}
    uintx NonProfiledCodeHeapSize                  = 122913754                              {pd product} {ergonomic}
    uintx ProfiledCodeHeapSize                     = 122913754                              {pd product} {ergonomic}
    uintx ReservedCodeCacheSize                    = 251658240                              {pd product} {ergonomic}
     bool SegmentedCodeCache                       = true                                      {product} {ergonomic}
     bool UseCompressedClassPointers               = true                                 {lp64_product} {ergonomic}
     bool UseCompressedOops                        = true                                 {lp64_product} {ergonomic}
     bool UseG1GC                                  = true                                      {product} {ergonomic}
     bool UseLargePagesIndividualAllocation        = false                                  {pd product} {ergonomic}

Logging:
Log output configuration:
 #0: stdout all=warning uptime,level,tags
 #1: stderr all=off uptime,level,tags

Environment Variables:
PATH=C:\Windows\system32;C:\Windows;C:\Windows\System32\Wbem;C:\Windows\System32\WindowsPowerShell\v1.0\;C:\Program Files\Git\cmd
USERNAME=Nadezhda S
OS=Windows_NT
PROCESSOR_IDENTIFIER=Intel64 Family 6 Model 42 Stepping 7, GenuineIntel



---------------  S Y S T E M  ---------------

OS: Windows 8.1 , 64 bit Build 9600 (6.3.9600.20389)
OS uptime: 1 days 0:31 hours

CPU:total 4 (initial active 4) (2 cores per cpu, 2 threads per core) family 6 model 42 stepping 7 microcode 0x28, cmov, cx8, fxsr, mmx, sse, sse2, sse3, ssse3, sse4.1, sse4.2, popcnt, avx, aes, clmul, ht, tsc, tscinvbit

Memory: 4k page, system-wide physical 8105M (820M free)
TotalPageFile size 8105M (AvailPageFile size 267M)
current process WorkingSet (physical memory assigned to process): 418M, peak: 422M
current process commit charge ("private bytes"): 448M, peak: 451M

vm_info: OpenJDK 64-Bit Server VM (11.0.13+0-b1751.21-8125866) for windows-amd64 JRE (11.0.13+0-b1751.21-8125866), built on Feb  2 2022 03:00:22 by "builder" with MS VC++ 14.0 (VS2015)

END.
