#
# There is insufficient memory for the Java Runtime Environment to continue.
# Native memory allocation (malloc) failed to allocate 1075696 bytes for Chunk::new
# Possible reasons:
#   The system is out of physical RAM or swap space
#   The process is running with CompressedOops enabled, and the Java Heap may be blocking the growth of the native heap
# Possible solutions:
#   Reduce memory load on the system
#   Increase physical memory or swap space
#   Check if swap backing store is full
#   Decrease Java heap size (-Xmx/-Xms)
#   Decrease number of Java threads
#   Decrease Java thread stack sizes (-Xss)
#   Set larger code cache with -XX:ReservedCodeCacheSize=
#   JVM is running with Unscaled Compressed Oops mode in which the Java heap is
#     placed in the first 4GB address space. The Java Heap base address is the
#     maximum limit for the native heap growth. Please use -XX:HeapBaseMinAddress
#     to set the Java Heap base and to place the Java Heap above 4GB virtual address.
# This output file may be truncated or incomplete.
#
#  Out of Memory Error (./src/hotspot/share/memory/arena.cpp:197), pid=1400, tid=3804
#
# JRE version: OpenJDK Runtime Environment (11.0.13) (build 11.0.13+0-b1751.21-8125866)
# Java VM: OpenJDK 64-Bit Server VM (11.0.13+0-b1751.21-8125866, mixed mode, tiered, compressed oops, g1 gc, windows-amd64)
# No core dump will be written. Minidumps are not enabled by default on client versions of Windows
#

---------------  S U M M A R Y ------------

Command Line: --add-opens=java.base/java.util=ALL-UNNAMED --add-opens=java.base/java.lang=ALL-UNNAMED --add-opens=java.base/java.lang.invoke=ALL-UNNAMED --add-opens=java.base/java.util=ALL-UNNAMED --add-opens=java.prefs/java.util.prefs=ALL-UNNAMED --add-opens=java.prefs/java.util.prefs=ALL-UNNAMED --add-opens=java.base/java.nio.charset=ALL-UNNAMED --add-opens=java.base/java.net=ALL-UNNAMED --add-opens=java.base/java.util.concurrent.atomic=ALL-UNNAMED -Xmx2048m -Dfile.encoding=UTF-8 -Duser.country=RU -Duser.language=ru -Duser.variant org.gradle.launcher.daemon.bootstrap.GradleDaemon 7.4

Host: Intel(R) Core(TM) i5-2450M CPU @ 2.50GHz, 4 cores, 7G,  Windows 8.1 , 64 bit Build 9600 (6.3.9600.20389)
Time: Tue Nov 15 20:26:21 2022 RTZ 4 (ceia) elapsed time: 23.226971 seconds (0d 0h 0m 23s)

---------------  T H R E A D  ---------------

Current thread (0x000000cb825e6800):  JavaThread "C2 CompilerThread1" daemon [_thread_in_native, id=3804, stack(0x000000cb81500000,0x000000cb81600000)]


Current CompileTask:
C2:  23227 6715       4       java.util.TreeMap::put (247 bytes)

Stack: [0x000000cb81500000,0x000000cb81600000]
Native frames: (J=compiled Java code, j=interpreted, Vv=VM code, C=native code)
V  [jvm.dll+0x6100fa]
V  [jvm.dll+0x747090]
V  [jvm.dll+0x7486ad]
V  [jvm.dll+0x748d83]
V  [jvm.dll+0x24ab48]
V  [jvm.dll+0xc04dc]
V  [jvm.dll+0xc0a0c]
V  [jvm.dll+0x35eb5b]
V  [jvm.dll+0x32b833]
V  [jvm.dll+0x32ad2a]
V  [jvm.dll+0x2032b2]
V  [jvm.dll+0x202437]
V  [jvm.dll+0x188e01]
V  [jvm.dll+0x21106b]
V  [jvm.dll+0x20f8c1]
V  [jvm.dll+0x70de0f]
V  [jvm.dll+0x706a75]
V  [jvm.dll+0x60ed66]
C  [ucrtbase.DLL+0x1f4a0]
C  [KERNEL32.DLL+0x1412]
C  [ntdll.dll+0x15504]


---------------  P R O C E S S  ---------------

Threads class SMR info:
_java_thread_list=0x000000cb89114bc0, length=77, elements={
0x000000cbe0f45800, 0x000000cbfb88e000, 0x000000cbfb897000, 0x000000cbfb8e9800,
0x000000cbfb8ec000, 0x000000cbfb8ed000, 0x000000cbfb8ee000, 0x000000cbfb942800,
0x000000cbfb94f000, 0x000000cbfba3f000, 0x000000cbfdbb2800, 0x000000cbfd397000,
0x000000cbfc8cf800, 0x000000cbfd7a9000, 0x000000cbfdab3800, 0x000000cbfec79800,
0x000000cbfd74f000, 0x000000cbfd7c4800, 0x000000cbfd7c5000, 0x000000cbfed6b800,
0x000000cbfd21e000, 0x000000cbfd21d800, 0x000000cbfd21f000, 0x000000cbfd21c800,
0x000000cbfd222800, 0x000000cbfd220800, 0x000000cbfd220000, 0x000000cbfd223000,
0x000000cb827ab800, 0x000000cb827ac000, 0x000000cb827af800, 0x000000cb827ae000,
0x000000cb827ae800, 0x000000cb827ad000, 0x000000cb827b3000, 0x000000cb827b2000,
0x000000cb827b0800, 0x000000cb827b3800, 0x000000cb827b1000, 0x000000cb827b5000,
0x000000cb827b6000, 0x000000cb827b7000, 0x000000cb827b4800, 0x000000cb827b7800,
0x000000cb827b8800, 0x000000cb8477d000, 0x000000cb8477d800, 0x000000cb8477c000,
0x000000cb8477b800, 0x000000cb84781000, 0x000000cb8477e800, 0x000000cb84782000,
0x000000cb84780000, 0x000000cb8477f800, 0x000000cb84784000, 0x000000cb84785000,
0x000000cb84783800, 0x000000cb84782800, 0x000000cb84786800, 0x000000cb84786000,
0x000000cb8478a000, 0x000000cb84789000, 0x000000cb84788800, 0x000000cb84787800,
0x000000cbfdb4b800, 0x000000cbfdb4c000, 0x000000cbfdb4d000, 0x000000cbfdb4a800,
0x000000cbfdb4d800, 0x000000cbfdb4e800, 0x000000cbfdb50000, 0x000000cbfdb52000,
0x000000cbfdb51000, 0x000000cbfdb4f800, 0x000000cbfdb52800, 0x000000cbfdb54000,
0x000000cb825e6800
}

Java Threads: ( => current thread )
  0x000000cbe0f45800 JavaThread "main" [_thread_blocked, id=2420, stack(0x000000cbe05f0000,0x000000cbe06f0000)]
  0x000000cbfb88e000 JavaThread "Reference Handler" daemon [_thread_blocked, id=3008, stack(0x000000cbfbd80000,0x000000cbfbe80000)]
  0x000000cbfb897000 JavaThread "Finalizer" daemon [_thread_blocked, id=2948, stack(0x000000cbfbe80000,0x000000cbfbf80000)]
  0x000000cbfb8e9800 JavaThread "Signal Dispatcher" daemon [_thread_blocked, id=4220, stack(0x000000cbfbf80000,0x000000cbfc080000)]
  0x000000cbfb8ec000 JavaThread "Attach Listener" daemon [_thread_blocked, id=4348, stack(0x000000cbfc080000,0x000000cbfc180000)]
  0x000000cbfb8ed000 JavaThread "Service Thread" daemon [_thread_blocked, id=4808, stack(0x000000cbfc180000,0x000000cbfc280000)]
  0x000000cbfb8ee000 JavaThread "C2 CompilerThread0" daemon [_thread_in_native, id=1736, stack(0x000000cbfc280000,0x000000cbfc380000)]
  0x000000cbfb942800 JavaThread "C1 CompilerThread0" daemon [_thread_blocked, id=4740, stack(0x000000cbfc380000,0x000000cbfc480000)]
  0x000000cbfb94f000 JavaThread "Sweeper thread" daemon [_thread_blocked, id=3584, stack(0x000000cbfc480000,0x000000cbfc580000)]
  0x000000cbfba3f000 JavaThread "Common-Cleaner" daemon [_thread_blocked, id=1944, stack(0x000000cbfc580000,0x000000cbfc680000)]
  0x000000cbfdbb2800 JavaThread "Daemon health stats" [_thread_blocked, id=100, stack(0x000000cbffc20000,0x000000cbffd20000)]
  0x000000cbfd397000 JavaThread "Incoming local TCP Connector on port 50704" [_thread_in_native, id=3528, stack(0x000000cbfcf80000,0x000000cbfd080000)]
  0x000000cbfc8cf800 JavaThread "Daemon periodic checks" [_thread_blocked, id=3684, stack(0x000000cb80300000,0x000000cb80400000)]
  0x000000cbfd7a9000 JavaThread "Daemon" [_thread_blocked, id=868, stack(0x000000cb80400000,0x000000cb80500000)]
  0x000000cbfdab3800 JavaThread "Handler for socket connection from /127.0.0.1:50704 to /127.0.0.1:50705" [_thread_in_native, id=600, stack(0x000000cb80500000,0x000000cb80600000)]
  0x000000cbfec79800 JavaThread "Cancel handler" [_thread_blocked, id=1568, stack(0x000000cb80600000,0x000000cb80700000)]
  0x000000cbfd74f000 JavaThread "Daemon worker" [_thread_in_vm, id=4948, stack(0x000000cb80700000,0x000000cb80800000)]
  0x000000cbfd7c4800 JavaThread "Asynchronous log dispatcher for DefaultDaemonConnection: socket connection from /127.0.0.1:50704 to /127.0.0.1:50705" [_thread_blocked, id=184, stack(0x000000cb80800000,0x000000cb80900000)]
  0x000000cbfd7c5000 JavaThread "Stdin handler" [_thread_blocked, id=3196, stack(0x000000cb80a00000,0x000000cb80b00000)]
  0x000000cbfed6b800 JavaThread "Daemon client event forwarder" [_thread_blocked, id=692, stack(0x000000cb80b00000,0x000000cb80c00000)]
  0x000000cbfd21e000 JavaThread "Cache worker for journal cache (C:\Users\Nadezhda S\.gradle\caches\journal-1)" [_thread_blocked, id=4152, stack(0x000000cb80e00000,0x000000cb80f00000)]
  0x000000cbfd21d800 JavaThread "File lock request listener" [_thread_in_native, id=2716, stack(0x000000cb80f00000,0x000000cb81000000)]
  0x000000cbfd21f000 JavaThread "Cache worker for file hash cache (C:\Users\Nadezhda S\.gradle\caches\7.4\fileHashes)" [_thread_blocked, id=3900, stack(0x000000cb81000000,0x000000cb81100000)]
  0x000000cbfd21c800 JavaThread "Cache worker for checksums cache (C:\Users\Nadezhda S\AndroidStudioProjects\RoomProject\.gradle\7.4\checksums)" [_thread_blocked, id=872, stack(0x000000cb81600000,0x000000cb81700000)]
  0x000000cbfd222800 JavaThread "Cache worker for cache directory md-rule (C:\Users\Nadezhda S\.gradle\caches\7.4\md-rule)" [_thread_blocked, id=2588, stack(0x000000cb81700000,0x000000cb81800000)]
  0x000000cbfd220800 JavaThread "Cache worker for file hash cache (C:\Users\Nadezhda S\AndroidStudioProjects\RoomProject\.gradle\7.4\fileHashes)" [_thread_blocked, id=3540, stack(0x000000cb82eb0000,0x000000cb82fb0000)]
  0x000000cbfd220000 JavaThread "Cache worker for cache directory md-supplier (C:\Users\Nadezhda S\.gradle\caches\7.4\md-supplier)" [_thread_blocked, id=1560, stack(0x000000cb81800000,0x000000cb81900000)]
  0x000000cbfd223000 JavaThread "Cache worker for execution history cache (C:\Users\Nadezhda S\.gradle\caches\7.4\executionHistory)" [_thread_blocked, id=1752, stack(0x000000cb828f0000,0x000000cb829f0000)]
  0x000000cb827ab800 JavaThread "jar transforms" [_thread_blocked, id=4932, stack(0x000000cb837b0000,0x000000cb838b0000)]
  0x000000cb827ac000 JavaThread "Cache worker for file content cache (C:\Users\Nadezhda S\.gradle\caches\7.4\fileContent)" [_thread_blocked, id=4796, stack(0x000000cb84c10000,0x000000cb84d10000)]
  0x000000cb827af800 JavaThread "jar transforms Thread 2" [_thread_blocked, id=3600, stack(0x000000cb84e50000,0x000000cb84f50000)]
  0x000000cb827ae000 JavaThread "Cache worker for dependencies-accessors (C:\Users\Nadezhda S\AndroidStudioProjects\RoomProject\.gradle\7.4\dependencies-accessors)" [_thread_blocked, id=4084, stack(0x000000cb84f50000,0x000000cb85050000)]
  0x000000cb827ae800 JavaThread "jar transforms Thread 3" [_thread_blocked, id=5104, stack(0x000000cb84ac0000,0x000000cb84bc0000)]
  0x000000cb827ad000 JavaThread "Cache worker for Build Output Cleanup Cache (C:\Users\Nadezhda S\AndroidStudioProjects\RoomProject\.gradle\buildOutputCleanup)" [_thread_blocked, id=4312, stack(0x000000cb84d10000,0x000000cb84e10000)]
  0x000000cb827b3000 JavaThread "Unconstrained build operations" [_thread_blocked, id=3716, stack(0x000000cb85650000,0x000000cb85750000)]
  0x000000cb827b2000 JavaThread "Unconstrained build operations Thread 2" [_thread_blocked, id=4252, stack(0x000000cb85750000,0x000000cb85850000)]
  0x000000cb827b0800 JavaThread "Unconstrained build operations Thread 3" [_thread_blocked, id=2136, stack(0x000000cb85850000,0x000000cb85950000)]
  0x000000cb827b3800 JavaThread "Unconstrained build operations Thread 4" [_thread_blocked, id=3148, stack(0x000000cb85950000,0x000000cb85a50000)]
  0x000000cb827b1000 JavaThread "Unconstrained build operations Thread 5" [_thread_blocked, id=1808, stack(0x000000cb85a50000,0x000000cb85b50000)]
  0x000000cb827b5000 JavaThread "Unconstrained build operations Thread 6" [_thread_blocked, id=1448, stack(0x000000cb85b50000,0x000000cb85c50000)]
  0x000000cb827b6000 JavaThread "Unconstrained build operations Thread 7" [_thread_blocked, id=2436, stack(0x000000cb85c50000,0x000000cb85d50000)]
  0x000000cb827b7000 JavaThread "Unconstrained build operations Thread 8" [_thread_blocked, id=3884, stack(0x000000cb85d50000,0x000000cb85e50000)]
  0x000000cb827b4800 JavaThread "Unconstrained build operations Thread 9" [_thread_blocked, id=4764, stack(0x000000cb85e50000,0x000000cb85f50000)]
  0x000000cb827b7800 JavaThread "Unconstrained build operations Thread 10" [_thread_blocked, id=4684, stack(0x000000cb85f50000,0x000000cb86050000)]
  0x000000cb827b8800 JavaThread "Unconstrained build operations Thread 11" [_thread_blocked, id=3796, stack(0x000000cb86050000,0x000000cb86150000)]
  0x000000cb8477d000 JavaThread "Unconstrained build operations Thread 12" [_thread_blocked, id=864, stack(0x000000cb86150000,0x000000cb86250000)]
  0x000000cb8477d800 JavaThread "Unconstrained build operations Thread 13" [_thread_blocked, id=4564, stack(0x000000cb86250000,0x000000cb86350000)]
  0x000000cb8477c000 JavaThread "Unconstrained build operations Thread 14" [_thread_blocked, id=4304, stack(0x000000cb86350000,0x000000cb86450000)]
  0x000000cb8477b800 JavaThread "Unconstrained build operations Thread 15" [_thread_blocked, id=3024, stack(0x000000cb86450000,0x000000cb86550000)]
  0x000000cb84781000 JavaThread "Unconstrained build operations Thread 16" [_thread_blocked, id=4544, stack(0x000000cb86550000,0x000000cb86650000)]
  0x000000cb8477e800 JavaThread "Unconstrained build operations Thread 17" [_thread_blocked, id=5100, stack(0x000000cb86650000,0x000000cb86750000)]
  0x000000cb84782000 JavaThread "Unconstrained build operations Thread 18" [_thread_blocked, id=1924, stack(0x000000cb86750000,0x000000cb86850000)]
  0x000000cb84780000 JavaThread "Unconstrained build operations Thread 19" [_thread_blocked, id=4912, stack(0x000000cb86850000,0x000000cb86950000)]
  0x000000cb8477f800 JavaThread "Unconstrained build operations Thread 20" [_thread_blocked, id=3300, stack(0x000000cb86950000,0x000000cb86a50000)]
  0x000000cb84784000 JavaThread "Unconstrained build operations Thread 21" [_thread_blocked, id=1548, stack(0x000000cb86a50000,0x000000cb86b50000)]
  0x000000cb84785000 JavaThread "Unconstrained build operations Thread 22" [_thread_blocked, id=1112, stack(0x000000cb86b50000,0x000000cb86c50000)]
  0x000000cb84783800 JavaThread "Unconstrained build operations Thread 23" [_thread_blocked, id=4772, stack(0x000000cb86c50000,0x000000cb86d50000)]
  0x000000cb84782800 JavaThread "Unconstrained build operations Thread 24" [_thread_blocked, id=5040, stack(0x000000cb86d50000,0x000000cb86e50000)]
  0x000000cb84786800 JavaThread "Unconstrained build operations Thread 25" [_thread_blocked, id=2024, stack(0x000000cb86e50000,0x000000cb86f50000)]
  0x000000cb84786000 JavaThread "Unconstrained build operations Thread 26" [_thread_blocked, id=4936, stack(0x000000cb86f50000,0x000000cb87050000)]
  0x000000cb8478a000 JavaThread "Unconstrained build operations Thread 27" [_thread_blocked, id=4520, stack(0x000000cb87050000,0x000000cb87150000)]
  0x000000cb84789000 JavaThread "Unconstrained build operations Thread 28" [_thread_blocked, id=5068, stack(0x000000cb87150000,0x000000cb87250000)]
  0x000000cb84788800 JavaThread "Unconstrained build operations Thread 29" [_thread_blocked, id=1384, stack(0x000000cb87250000,0x000000cb87350000)]
  0x000000cb84787800 JavaThread "Unconstrained build operations Thread 30" [_thread_blocked, id=1380, stack(0x000000cb87350000,0x000000cb87450000)]
  0x000000cbfdb4b800 JavaThread "Unconstrained build operations Thread 31" [_thread_blocked, id=4880, stack(0x000000cb87450000,0x000000cb87550000)]
  0x000000cbfdb4c000 JavaThread "Unconstrained build operations Thread 32" [_thread_blocked, id=4508, stack(0x000000cb87550000,0x000000cb87650000)]
  0x000000cbfdb4d000 JavaThread "Unconstrained build operations Thread 33" [_thread_blocked, id=3016, stack(0x000000cb87650000,0x000000cb87750000)]
  0x000000cbfdb4a800 JavaThread "Unconstrained build operations Thread 34" [_thread_blocked, id=2032, stack(0x000000cb87750000,0x000000cb87850000)]
  0x000000cbfdb4d800 JavaThread "Unconstrained build operations Thread 35" [_thread_blocked, id=3896, stack(0x000000cb87850000,0x000000cb87950000)]
  0x000000cbfdb4e800 JavaThread "Unconstrained build operations Thread 36" [_thread_blocked, id=1440, stack(0x000000cb87950000,0x000000cb87a50000)]
  0x000000cbfdb50000 JavaThread "Unconstrained build operations Thread 37" [_thread_blocked, id=1820, stack(0x000000cb87a50000,0x000000cb87b50000)]
  0x000000cbfdb52000 JavaThread "Unconstrained build operations Thread 38" [_thread_blocked, id=4240, stack(0x000000cb87b50000,0x000000cb87c50000)]
  0x000000cbfdb51000 JavaThread "Unconstrained build operations Thread 39" [_thread_blocked, id=5096, stack(0x000000cb87c50000,0x000000cb87d50000)]
  0x000000cbfdb4f800 JavaThread "Unconstrained build operations Thread 40" [_thread_blocked, id=4116, stack(0x000000cb87d50000,0x000000cb87e50000)]
  0x000000cbfdb52800 JavaThread "jar transforms Thread 4" [_thread_blocked, id=4736, stack(0x000000cb87e50000,0x000000cb87f50000)]
  0x000000cbfdb54000 JavaThread "Memory manager" [_thread_blocked, id=4844, stack(0x000000cb88750000,0x000000cb88850000)]
=>0x000000cb825e6800 JavaThread "C2 CompilerThread1" daemon [_thread_in_native, id=3804, stack(0x000000cb81500000,0x000000cb81600000)]

Other Threads:
  0x000000cbfb885000 VMThread "VM Thread" [stack: 0x000000cbfbc80000,0x000000cbfbd80000] [id=4628]
  0x000000cbfba5c000 WatcherThread [stack: 0x000000cbfc680000,0x000000cbfc780000] [id=2744]
  0x000000cbe0f5e800 GCTaskThread "GC Thread#0" [stack: 0x000000cbe08d0000,0x000000cbe09d0000] [id=2168]
  0x000000cbfc968800 GCTaskThread "GC Thread#1" [stack: 0x000000cbfe050000,0x000000cbfe150000] [id=1360]
  0x000000cbfc969800 GCTaskThread "GC Thread#2" [stack: 0x000000cbfe150000,0x000000cbfe250000] [id=604]
  0x000000cbfebe5800 GCTaskThread "GC Thread#3" [stack: 0x000000cb80200000,0x000000cb80300000] [id=2576]
  0x000000cbe0f8f800 ConcurrentGCThread "G1 Main Marker" [stack: 0x000000cbf8630000,0x000000cbf8730000] [id=2932]
  0x000000cbe0f92000 ConcurrentGCThread "G1 Conc#0" [stack: 0x000000cbf8730000,0x000000cbf8830000] [id=4092]
  0x000000cbfacb3800 ConcurrentGCThread "G1 Refine#0" [stack: 0x000000cbfae80000,0x000000cbfaf80000] [id=3752]
  0x000000cbfacb4000 ConcurrentGCThread "G1 Young RemSet Sampling" [stack: 0x000000cbfaf80000,0x000000cbfb080000] [id=1424]

Threads with active compile tasks:
C2 CompilerThread0  23249 6621 %     4       org.gradle.internal.instantiation.generator.AbstractClassGenerator::inspectType @ 77 (560 bytes)
C2 CompilerThread1  23249 6715       4       java.util.TreeMap::put (247 bytes)

VM state:not at safepoint (normal execution)

VM Mutex/Monitor currently owned by a thread: None

Heap address: 0x0000000080000000, size: 2048 MB, Compressed Oops mode: 32-bit
Narrow klass base: 0x0000000000000000, Narrow klass shift: 3
Compressed class space size: 1073741824 Address: 0x0000000100000000

Heap:
 garbage-first heap   total 183296K, used 74344K [0x0000000080000000, 0x0000000100000000)
  region size 1024K, 27 young (27648K), 8 survivors (8192K)
 Metaspace       used 66107K, capacity 67565K, committed 67664K, reserved 1107968K
  class space    used 8289K, capacity 8875K, committed 8908K, reserved 1048576K
Heap Regions: E=young(eden), S=young(survivor), O=old, HS=humongous(starts), HC=humongous(continues), CS=collection set, F=free, A=archive, TAMS=top-at-mark-start (previous, next)
|   0|0x0000000080000000, 0x0000000080100000, 0x0000000080100000|100%|HS|  |TAMS 0x0000000080100000, 0x0000000080000000| Complete 
|   1|0x0000000080100000, 0x0000000080200000, 0x0000000080200000|100%|HC|  |TAMS 0x0000000080200000, 0x0000000080100000| Complete 
|   2|0x0000000080200000, 0x0000000080300000, 0x0000000080300000|100%|HC|  |TAMS 0x0000000080300000, 0x0000000080200000| Complete 
|   3|0x0000000080300000, 0x0000000080400000, 0x0000000080400000|100%| O|  |TAMS 0x0000000080400000, 0x0000000080300000| Untracked 
|   4|0x0000000080400000, 0x0000000080500000, 0x0000000080500000|100%| O|  |TAMS 0x0000000080500000, 0x0000000080400000| Untracked 
|   5|0x0000000080500000, 0x0000000080600000, 0x0000000080600000|100%| O|  |TAMS 0x0000000080600000, 0x0000000080500000| Untracked 
|   6|0x0000000080600000, 0x0000000080700000, 0x0000000080700000|100%| O|  |TAMS 0x0000000080700000, 0x0000000080600000| Untracked 
|   7|0x0000000080700000, 0x0000000080800000, 0x0000000080800000|100%| O|  |TAMS 0x0000000080800000, 0x0000000080700000| Untracked 
|   8|0x0000000080800000, 0x0000000080900000, 0x0000000080900000|100%| O|  |TAMS 0x0000000080900000, 0x0000000080800000| Untracked 
|   9|0x0000000080900000, 0x0000000080a00000, 0x0000000080a00000|100%| O|  |TAMS 0x0000000080a00000, 0x0000000080900000| Untracked 
|  10|0x0000000080a00000, 0x0000000080b00000, 0x0000000080b00000|100%| O|  |TAMS 0x0000000080b00000, 0x0000000080a00000| Untracked 
|  11|0x0000000080b00000, 0x0000000080c00000, 0x0000000080c00000|100%| O|  |TAMS 0x0000000080c00000, 0x0000000080b00000| Untracked 
|  12|0x0000000080c00000, 0x0000000080d00000, 0x0000000080d00000|100%| O|  |TAMS 0x0000000080d00000, 0x0000000080c00000| Untracked 
|  13|0x0000000080d00000, 0x0000000080e00000, 0x0000000080e00000|100%| O|  |TAMS 0x0000000080e00000, 0x0000000080d00000| Untracked 
|  14|0x0000000080e00000, 0x0000000080f00000, 0x0000000080f00000|100%| O|  |TAMS 0x0000000080f00000, 0x0000000080e00000| Untracked 
|  15|0x0000000080f00000, 0x0000000081000000, 0x0000000081000000|100%| O|  |TAMS 0x0000000081000000, 0x0000000080f00000| Untracked 
|  16|0x0000000081000000, 0x0000000081100000, 0x0000000081100000|100%|HS|  |TAMS 0x0000000081100000, 0x0000000081000000| Complete 
|  17|0x0000000081100000, 0x0000000081200000, 0x0000000081200000|100%| O|  |TAMS 0x0000000081200000, 0x0000000081100000| Untracked 
|  18|0x0000000081200000, 0x0000000081300000, 0x0000000081300000|100%| O|  |TAMS 0x0000000081300000, 0x0000000081200000| Untracked 
|  19|0x0000000081300000, 0x0000000081400000, 0x0000000081400000|100%| O|  |TAMS 0x0000000081400000, 0x0000000081300000| Untracked 
|  20|0x0000000081400000, 0x0000000081500000, 0x0000000081500000|100%| O|  |TAMS 0x0000000081500000, 0x0000000081400000| Untracked 
|  21|0x0000000081500000, 0x0000000081600000, 0x0000000081600000|100%| O|  |TAMS 0x0000000081600000, 0x0000000081500000| Untracked 
|  22|0x0000000081600000, 0x0000000081700000, 0x0000000081700000|100%| O|  |TAMS 0x0000000081700000, 0x0000000081600000| Untracked 
|  23|0x0000000081700000, 0x0000000081800000, 0x0000000081800000|100%|HS|  |TAMS 0x0000000081800000, 0x0000000081700000| Complete 
|  24|0x0000000081800000, 0x0000000081900000, 0x0000000081900000|100%|HS|  |TAMS 0x0000000081900000, 0x0000000081800000| Complete 
|  25|0x0000000081900000, 0x0000000081a00000, 0x0000000081a00000|100%|HS|  |TAMS 0x0000000081a00000, 0x0000000081900000| Complete 
|  26|0x0000000081a00000, 0x0000000081b00000, 0x0000000081b00000|100%|HC|  |TAMS 0x0000000081b00000, 0x0000000081a00000| Complete 
|  27|0x0000000081b00000, 0x0000000081c00000, 0x0000000081c00000|100%|HC|  |TAMS 0x0000000081c00000, 0x0000000081b00000| Complete 
|  28|0x0000000081c00000, 0x0000000081d00000, 0x0000000081d00000|100%| O|  |TAMS 0x0000000081d00000, 0x0000000081c00000| Untracked 
|  29|0x0000000081d00000, 0x0000000081e00000, 0x0000000081e00000|100%|HS|  |TAMS 0x0000000081e00000, 0x0000000081d00000| Complete 
|  30|0x0000000081e00000, 0x0000000081f00000, 0x0000000081f00000|100%|HC|  |TAMS 0x0000000081f00000, 0x0000000081e00000| Complete 
|  31|0x0000000081f00000, 0x0000000082000000, 0x0000000082000000|100%| O|  |TAMS 0x0000000082000000, 0x0000000081f00000| Untracked 
|  32|0x0000000082000000, 0x0000000082100000, 0x0000000082100000|100%| O|  |TAMS 0x0000000082100000, 0x0000000082000000| Untracked 
|  33|0x0000000082100000, 0x0000000082200000, 0x0000000082200000|100%| O|  |TAMS 0x0000000082200000, 0x0000000082100000| Untracked 
|  34|0x0000000082200000, 0x0000000082300000, 0x0000000082300000|100%| O|  |TAMS 0x0000000082300000, 0x0000000082200000| Untracked 
|  35|0x0000000082300000, 0x0000000082400000, 0x0000000082400000|100%| O|  |TAMS 0x0000000082400000, 0x0000000082300000| Untracked 
|  36|0x0000000082400000, 0x0000000082500000, 0x0000000082500000|100%| O|  |TAMS 0x0000000082500000, 0x0000000082400000| Untracked 
|  37|0x0000000082500000, 0x0000000082600000, 0x0000000082600000|100%| O|  |TAMS 0x0000000082600000, 0x0000000082500000| Untracked 
|  38|0x0000000082600000, 0x0000000082700000, 0x0000000082700000|100%| O|  |TAMS 0x0000000082700000, 0x0000000082600000| Untracked 
|  39|0x0000000082700000, 0x0000000082800000, 0x0000000082800000|100%| O|  |TAMS 0x0000000082800000, 0x0000000082700000| Untracked 
|  40|0x0000000082800000, 0x0000000082900000, 0x0000000082900000|100%| O|  |TAMS 0x0000000082900000, 0x0000000082800000| Untracked 
|  41|0x0000000082900000, 0x0000000082a00000, 0x0000000082a00000|100%| O|  |TAMS 0x0000000082a00000, 0x0000000082900000| Untracked 
|  42|0x0000000082a00000, 0x0000000082b00000, 0x0000000082b00000|100%| O|  |TAMS 0x0000000082b00000, 0x0000000082a00000| Untracked 
|  43|0x0000000082b00000, 0x0000000082c00000, 0x0000000082c00000|100%| O|  |TAMS 0x0000000082c00000, 0x0000000082b00000| Untracked 
|  44|0x0000000082c00000, 0x0000000082d00000, 0x0000000082d00000|100%| O|  |TAMS 0x0000000082d00000, 0x0000000082c00000| Untracked 
|  45|0x0000000082d00000, 0x0000000082e00000, 0x0000000082e00000|100%| O|  |TAMS 0x0000000082e00000, 0x0000000082d00000| Untracked 
|  46|0x0000000082e00000, 0x0000000082efa200, 0x0000000082f00000| 97%| O|  |TAMS 0x0000000082efa200, 0x0000000082e00000| Untracked 
|  47|0x0000000082f00000, 0x0000000083000000, 0x0000000083000000|100%|HS|  |TAMS 0x0000000082f00000, 0x0000000082f00000| Complete 
|  48|0x0000000083000000, 0x0000000083000000, 0x0000000083100000|  0%| F|  |TAMS 0x0000000083000000, 0x0000000083000000| Untracked 
|  49|0x0000000083100000, 0x0000000083100000, 0x0000000083200000|  0%| F|  |TAMS 0x0000000083100000, 0x0000000083100000| Untracked 
|  50|0x0000000083200000, 0x0000000083200000, 0x0000000083300000|  0%| F|  |TAMS 0x0000000083200000, 0x0000000083200000| Untracked 
|  51|0x0000000083300000, 0x0000000083300000, 0x0000000083400000|  0%| F|  |TAMS 0x0000000083300000, 0x0000000083300000| Untracked 
|  52|0x0000000083400000, 0x0000000083400000, 0x0000000083500000|  0%| F|  |TAMS 0x0000000083400000, 0x0000000083400000| Untracked 
|  53|0x0000000083500000, 0x0000000083500000, 0x0000000083600000|  0%| F|  |TAMS 0x0000000083500000, 0x0000000083500000| Untracked 
|  54|0x0000000083600000, 0x0000000083600000, 0x0000000083700000|  0%| F|  |TAMS 0x0000000083600000, 0x0000000083600000| Untracked 
|  55|0x0000000083700000, 0x0000000083700000, 0x0000000083800000|  0%| F|  |TAMS 0x0000000083700000, 0x0000000083700000| Untracked 
|  56|0x0000000083800000, 0x0000000083800000, 0x0000000083900000|  0%| F|  |TAMS 0x0000000083800000, 0x0000000083800000| Untracked 
|  57|0x0000000083900000, 0x0000000083900000, 0x0000000083a00000|  0%| F|  |TAMS 0x0000000083900000, 0x0000000083900000| Untracked 
|  58|0x0000000083a00000, 0x0000000083a00000, 0x0000000083b00000|  0%| F|  |TAMS 0x0000000083a00000, 0x0000000083a00000| Untracked 
|  59|0x0000000083b00000, 0x0000000083b00000, 0x0000000083c00000|  0%| F|  |TAMS 0x0000000083b00000, 0x0000000083b00000| Untracked 
|  60|0x0000000083c00000, 0x0000000083c00000, 0x0000000083d00000|  0%| F|  |TAMS 0x0000000083c00000, 0x0000000083c00000| Untracked 
|  61|0x0000000083d00000, 0x0000000083d00000, 0x0000000083e00000|  0%| F|  |TAMS 0x0000000083d00000, 0x0000000083d00000| Untracked 
|  62|0x0000000083e00000, 0x0000000083e00000, 0x0000000083f00000|  0%| F|  |TAMS 0x0000000083e00000, 0x0000000083e00000| Untracked 
|  63|0x0000000083f00000, 0x0000000083f00000, 0x0000000084000000|  0%| F|  |TAMS 0x0000000083f00000, 0x0000000083f00000| Untracked 
|  64|0x0000000084000000, 0x0000000084000000, 0x0000000084100000|  0%| F|  |TAMS 0x0000000084000000, 0x0000000084000000| Untracked 
|  65|0x0000000084100000, 0x0000000084100000, 0x0000000084200000|  0%| F|  |TAMS 0x0000000084100000, 0x0000000084100000| Untracked 
|  66|0x0000000084200000, 0x0000000084200000, 0x0000000084300000|  0%| F|  |TAMS 0x0000000084200000, 0x0000000084200000| Untracked 
|  67|0x0000000084300000, 0x0000000084300000, 0x0000000084400000|  0%| F|  |TAMS 0x0000000084300000, 0x0000000084300000| Untracked 
|  68|0x0000000084400000, 0x0000000084400000, 0x0000000084500000|  0%| F|  |TAMS 0x0000000084400000, 0x0000000084400000| Untracked 
|  69|0x0000000084500000, 0x0000000084500000, 0x0000000084600000|  0%| F|  |TAMS 0x0000000084500000, 0x0000000084500000| Untracked 
|  70|0x0000000084600000, 0x0000000084600000, 0x0000000084700000|  0%| F|  |TAMS 0x0000000084600000, 0x0000000084600000| Untracked 
|  71|0x0000000084700000, 0x0000000084700000, 0x0000000084800000|  0%| F|  |TAMS 0x0000000084700000, 0x0000000084700000| Untracked 
|  72|0x0000000084800000, 0x0000000084800000, 0x0000000084900000|  0%| F|  |TAMS 0x0000000084800000, 0x0000000084800000| Untracked 
|  73|0x0000000084900000, 0x0000000084900000, 0x0000000084a00000|  0%| F|  |TAMS 0x0000000084900000, 0x0000000084900000| Untracked 
|  74|0x0000000084a00000, 0x0000000084a00000, 0x0000000084b00000|  0%| F|  |TAMS 0x0000000084a00000, 0x0000000084a00000| Untracked 
|  75|0x0000000084b00000, 0x0000000084b00000, 0x0000000084c00000|  0%| F|  |TAMS 0x0000000084b00000, 0x0000000084b00000| Untracked 
|  76|0x0000000084c00000, 0x0000000084c00000, 0x0000000084d00000|  0%| F|  |TAMS 0x0000000084c00000, 0x0000000084c00000| Untracked 
|  77|0x0000000084d00000, 0x0000000084d00000, 0x0000000084e00000|  0%| F|  |TAMS 0x0000000084d00000, 0x0000000084d00000| Untracked 
|  78|0x0000000084e00000, 0x0000000084e00000, 0x0000000084f00000|  0%| F|  |TAMS 0x0000000084e00000, 0x0000000084e00000| Untracked 
|  79|0x0000000084f00000, 0x0000000084f00000, 0x0000000085000000|  0%| F|  |TAMS 0x0000000084f00000, 0x0000000084f00000| Untracked 
|  80|0x0000000085000000, 0x0000000085000000, 0x0000000085100000|  0%| F|  |TAMS 0x0000000085000000, 0x0000000085000000| Untracked 
|  81|0x0000000085100000, 0x0000000085100000, 0x0000000085200000|  0%| F|  |TAMS 0x0000000085100000, 0x0000000085100000| Untracked 
|  82|0x0000000085200000, 0x0000000085200000, 0x0000000085300000|  0%| F|  |TAMS 0x0000000085200000, 0x0000000085200000| Untracked 
|  83|0x0000000085300000, 0x0000000085300000, 0x0000000085400000|  0%| F|  |TAMS 0x0000000085300000, 0x0000000085300000| Untracked 
|  84|0x0000000085400000, 0x0000000085400000, 0x0000000085500000|  0%| F|  |TAMS 0x0000000085400000, 0x0000000085400000| Untracked 
|  85|0x0000000085500000, 0x0000000085500000, 0x0000000085600000|  0%| F|  |TAMS 0x0000000085500000, 0x0000000085500000| Untracked 
|  86|0x0000000085600000, 0x0000000085600000, 0x0000000085700000|  0%| F|  |TAMS 0x0000000085600000, 0x0000000085600000| Untracked 
|  87|0x0000000085700000, 0x0000000085700000, 0x0000000085800000|  0%| F|  |TAMS 0x0000000085700000, 0x0000000085700000| Untracked 
|  88|0x0000000085800000, 0x0000000085800000, 0x0000000085900000|  0%| F|  |TAMS 0x0000000085800000, 0x0000000085800000| Untracked 
|  89|0x0000000085900000, 0x0000000085900000, 0x0000000085a00000|  0%| F|  |TAMS 0x0000000085900000, 0x0000000085900000| Untracked 
|  90|0x0000000085a00000, 0x0000000085a00000, 0x0000000085b00000|  0%| F|  |TAMS 0x0000000085a00000, 0x0000000085a00000| Untracked 
|  91|0x0000000085b00000, 0x0000000085b00000, 0x0000000085c00000|  0%| F|  |TAMS 0x0000000085b00000, 0x0000000085b00000| Untracked 
|  92|0x0000000085c00000, 0x0000000085c00000, 0x0000000085d00000|  0%| F|  |TAMS 0x0000000085c00000, 0x0000000085c00000| Untracked 
|  93|0x0000000085d00000, 0x0000000085d00000, 0x0000000085e00000|  0%| F|  |TAMS 0x0000000085d00000, 0x0000000085d00000| Untracked 
|  94|0x0000000085e00000, 0x0000000085e00000, 0x0000000085f00000|  0%| F|  |TAMS 0x0000000085e00000, 0x0000000085e00000| Untracked 
|  95|0x0000000085f00000, 0x0000000085f00000, 0x0000000086000000|  0%| F|  |TAMS 0x0000000085f00000, 0x0000000085f00000| Untracked 
|  96|0x0000000086000000, 0x0000000086000000, 0x0000000086100000|  0%| F|  |TAMS 0x0000000086000000, 0x0000000086000000| Untracked 
|  97|0x0000000086100000, 0x0000000086100000, 0x0000000086200000|  0%| F|  |TAMS 0x0000000086100000, 0x0000000086100000| Untracked 
|  98|0x0000000086200000, 0x00000000862a0120, 0x0000000086300000| 62%| S|CS|TAMS 0x0000000086200000, 0x0000000086200000| Complete 
|  99|0x0000000086300000, 0x0000000086400000, 0x0000000086400000|100%| S|CS|TAMS 0x0000000086300000, 0x0000000086300000| Complete 
| 100|0x0000000086400000, 0x0000000086500000, 0x0000000086500000|100%| S|CS|TAMS 0x0000000086400000, 0x0000000086400000| Complete 
| 101|0x0000000086500000, 0x0000000086600000, 0x0000000086600000|100%| S|CS|TAMS 0x0000000086500000, 0x0000000086500000| Complete 
| 102|0x0000000086600000, 0x0000000086700000, 0x0000000086700000|100%| S|CS|TAMS 0x0000000086600000, 0x0000000086600000| Complete 
| 103|0x0000000086700000, 0x0000000086800000, 0x0000000086800000|100%| S|CS|TAMS 0x0000000086700000, 0x0000000086700000| Complete 
| 104|0x0000000086800000, 0x0000000086900000, 0x0000000086900000|100%| S|CS|TAMS 0x0000000086800000, 0x0000000086800000| Complete 
| 105|0x0000000086900000, 0x0000000086a00000, 0x0000000086a00000|100%| S|CS|TAMS 0x0000000086900000, 0x0000000086900000| Complete 
| 106|0x0000000086a00000, 0x0000000086a00000, 0x0000000086b00000|  0%| F|  |TAMS 0x0000000086a00000, 0x0000000086a00000| Untracked 
| 107|0x0000000086b00000, 0x0000000086b00000, 0x0000000086c00000|  0%| F|  |TAMS 0x0000000086b00000, 0x0000000086b00000| Untracked 
| 108|0x0000000086c00000, 0x0000000086c00000, 0x0000000086d00000|  0%| F|  |TAMS 0x0000000086c00000, 0x0000000086c00000| Untracked 
| 109|0x0000000086d00000, 0x0000000086d00000, 0x0000000086e00000|  0%| F|  |TAMS 0x0000000086d00000, 0x0000000086d00000| Untracked 
| 110|0x0000000086e00000, 0x0000000086e00000, 0x0000000086f00000|  0%| F|  |TAMS 0x0000000086e00000, 0x0000000086e00000| Untracked 
| 111|0x0000000086f00000, 0x0000000086f00000, 0x0000000087000000|  0%| F|  |TAMS 0x0000000086f00000, 0x0000000086f00000| Untracked 
| 112|0x0000000087000000, 0x0000000087000000, 0x0000000087100000|  0%| F|  |TAMS 0x0000000087000000, 0x0000000087000000| Untracked 
| 113|0x0000000087100000, 0x0000000087100000, 0x0000000087200000|  0%| F|  |TAMS 0x0000000087100000, 0x0000000087100000| Untracked 
| 114|0x0000000087200000, 0x0000000087200000, 0x0000000087300000|  0%| F|  |TAMS 0x0000000087200000, 0x0000000087200000| Untracked 
| 115|0x0000000087300000, 0x0000000087300000, 0x0000000087400000|  0%| F|  |TAMS 0x0000000087300000, 0x0000000087300000| Untracked 
| 116|0x0000000087400000, 0x0000000087400000, 0x0000000087500000|  0%| F|  |TAMS 0x0000000087400000, 0x0000000087400000| Untracked 
| 117|0x0000000087500000, 0x0000000087500000, 0x0000000087600000|  0%| F|  |TAMS 0x0000000087500000, 0x0000000087500000| Untracked 
| 118|0x0000000087600000, 0x0000000087600000, 0x0000000087700000|  0%| F|  |TAMS 0x0000000087600000, 0x0000000087600000| Untracked 
| 119|0x0000000087700000, 0x0000000087700000, 0x0000000087800000|  0%| F|  |TAMS 0x0000000087700000, 0x0000000087700000| Untracked 
| 120|0x0000000087800000, 0x0000000087800000, 0x0000000087900000|  0%| F|  |TAMS 0x0000000087800000, 0x0000000087800000| Untracked 
| 121|0x0000000087900000, 0x0000000087900000, 0x0000000087a00000|  0%| F|  |TAMS 0x0000000087900000, 0x0000000087900000| Untracked 
| 122|0x0000000087a00000, 0x0000000087a00000, 0x0000000087b00000|  0%| F|  |TAMS 0x0000000087a00000, 0x0000000087a00000| Untracked 
| 123|0x0000000087b00000, 0x0000000087b00000, 0x0000000087c00000|  0%| F|  |TAMS 0x0000000087b00000, 0x0000000087b00000| Untracked 
| 124|0x0000000087c00000, 0x0000000087c00000, 0x0000000087d00000|  0%| F|  |TAMS 0x0000000087c00000, 0x0000000087c00000| Untracked 
| 125|0x0000000087d00000, 0x0000000087d00000, 0x0000000087e00000|  0%| F|  |TAMS 0x0000000087d00000, 0x0000000087d00000| Untracked 
| 126|0x0000000087e00000, 0x0000000087e00000, 0x0000000087f00000|  0%| F|  |TAMS 0x0000000087e00000, 0x0000000087e00000| Untracked 
| 127|0x0000000087f00000, 0x0000000087f00000, 0x0000000088000000|  0%| F|  |TAMS 0x0000000087f00000, 0x0000000087f00000| Untracked 
| 128|0x0000000088000000, 0x0000000088000000, 0x0000000088100000|  0%| F|  |TAMS 0x0000000088000000, 0x0000000088000000| Untracked 
| 129|0x0000000088100000, 0x0000000088100000, 0x0000000088200000|  0%| F|  |TAMS 0x0000000088100000, 0x0000000088100000| Untracked 
| 130|0x0000000088200000, 0x0000000088200000, 0x0000000088300000|  0%| F|  |TAMS 0x0000000088200000, 0x0000000088200000| Untracked 
| 131|0x0000000088300000, 0x0000000088300000, 0x0000000088400000|  0%| F|  |TAMS 0x0000000088300000, 0x0000000088300000| Untracked 
| 132|0x0000000088400000, 0x0000000088400000, 0x0000000088500000|  0%| F|  |TAMS 0x0000000088400000, 0x0000000088400000| Untracked 
| 133|0x0000000088500000, 0x0000000088500000, 0x0000000088600000|  0%| F|  |TAMS 0x0000000088500000, 0x0000000088500000| Untracked 
| 134|0x0000000088600000, 0x0000000088600000, 0x0000000088700000|  0%| F|  |TAMS 0x0000000088600000, 0x0000000088600000| Untracked 
| 135|0x0000000088700000, 0x0000000088700000, 0x0000000088800000|  0%| F|  |TAMS 0x0000000088700000, 0x0000000088700000| Untracked 
| 136|0x0000000088800000, 0x0000000088800000, 0x0000000088900000|  0%| F|  |TAMS 0x0000000088800000, 0x0000000088800000| Untracked 
| 137|0x0000000088900000, 0x0000000088900000, 0x0000000088a00000|  0%| F|  |TAMS 0x0000000088900000, 0x0000000088900000| Untracked 
| 138|0x0000000088a00000, 0x0000000088a00000, 0x0000000088b00000|  0%| F|  |TAMS 0x0000000088a00000, 0x0000000088a00000| Untracked 
| 139|0x0000000088b00000, 0x0000000088b00000, 0x0000000088c00000|  0%| F|  |TAMS 0x0000000088b00000, 0x0000000088b00000| Untracked 
| 140|0x0000000088c00000, 0x0000000088c00000, 0x0000000088d00000|  0%| F|  |TAMS 0x0000000088c00000, 0x0000000088c00000| Untracked 
| 141|0x0000000088d00000, 0x0000000088d00000, 0x0000000088e00000|  0%| F|  |TAMS 0x0000000088d00000, 0x0000000088d00000| Untracked 
| 142|0x0000000088e00000, 0x0000000088e00000, 0x0000000088f00000|  0%| F|  |TAMS 0x0000000088e00000, 0x0000000088e00000| Untracked 
| 143|0x0000000088f00000, 0x0000000088f00000, 0x0000000089000000|  0%| F|  |TAMS 0x0000000088f00000, 0x0000000088f00000| Untracked 
| 144|0x0000000089000000, 0x0000000089000000, 0x0000000089100000|  0%| F|  |TAMS 0x0000000089000000, 0x0000000089000000| Untracked 
| 145|0x0000000089100000, 0x0000000089100000, 0x0000000089200000|  0%| F|  |TAMS 0x0000000089100000, 0x0000000089100000| Untracked 
| 146|0x0000000089200000, 0x0000000089200000, 0x0000000089300000|  0%| F|  |TAMS 0x0000000089200000, 0x0000000089200000| Untracked 
| 147|0x0000000089300000, 0x0000000089300000, 0x0000000089400000|  0%| F|  |TAMS 0x0000000089300000, 0x0000000089300000| Untracked 
| 148|0x0000000089400000, 0x0000000089400000, 0x0000000089500000|  0%| F|  |TAMS 0x0000000089400000, 0x0000000089400000| Untracked 
| 149|0x0000000089500000, 0x0000000089500000, 0x0000000089600000|  0%| F|  |TAMS 0x0000000089500000, 0x0000000089500000| Untracked 
| 150|0x0000000089600000, 0x0000000089600000, 0x0000000089700000|  0%| F|  |TAMS 0x0000000089600000, 0x0000000089600000| Untracked 
| 151|0x0000000089700000, 0x0000000089700000, 0x0000000089800000|  0%| F|  |TAMS 0x0000000089700000, 0x0000000089700000| Untracked 
| 152|0x0000000089800000, 0x0000000089800000, 0x0000000089900000|  0%| F|  |TAMS 0x0000000089800000, 0x0000000089800000| Untracked 
| 153|0x0000000089900000, 0x0000000089900000, 0x0000000089a00000|  0%| F|  |TAMS 0x0000000089900000, 0x0000000089900000| Untracked 
| 154|0x0000000089a00000, 0x0000000089a00000, 0x0000000089b00000|  0%| F|  |TAMS 0x0000000089a00000, 0x0000000089a00000| Untracked 
| 155|0x0000000089b00000, 0x0000000089b00000, 0x0000000089c00000|  0%| F|  |TAMS 0x0000000089b00000, 0x0000000089b00000| Untracked 
| 156|0x0000000089c00000, 0x0000000089c00000, 0x0000000089d00000|  0%| F|  |TAMS 0x0000000089c00000, 0x0000000089c00000| Untracked 
| 157|0x0000000089d00000, 0x0000000089d00000, 0x0000000089e00000|  0%| F|  |TAMS 0x0000000089d00000, 0x0000000089d00000| Untracked 
| 158|0x0000000089e00000, 0x0000000089e00000, 0x0000000089f00000|  0%| F|  |TAMS 0x0000000089e00000, 0x0000000089e00000| Untracked 
| 159|0x0000000089f00000, 0x0000000089f00000, 0x000000008a000000|  0%| F|  |TAMS 0x0000000089f00000, 0x0000000089f00000| Untracked 
| 160|0x000000008a000000, 0x000000008a100000, 0x000000008a100000|100%| E|  |TAMS 0x000000008a000000, 0x000000008a000000| Complete 
| 161|0x000000008a100000, 0x000000008a200000, 0x000000008a200000|100%| E|CS|TAMS 0x000000008a100000, 0x000000008a100000| Complete 
| 162|0x000000008a200000, 0x000000008a300000, 0x000000008a300000|100%| E|CS|TAMS 0x000000008a200000, 0x000000008a200000| Complete 
| 163|0x000000008a300000, 0x000000008a400000, 0x000000008a400000|100%| E|CS|TAMS 0x000000008a300000, 0x000000008a300000| Complete 
| 164|0x000000008a400000, 0x000000008a500000, 0x000000008a500000|100%| E|CS|TAMS 0x000000008a400000, 0x000000008a400000| Complete 
| 165|0x000000008a500000, 0x000000008a600000, 0x000000008a600000|100%| E|CS|TAMS 0x000000008a500000, 0x000000008a500000| Complete 
| 166|0x000000008a600000, 0x000000008a700000, 0x000000008a700000|100%| E|CS|TAMS 0x000000008a600000, 0x000000008a600000| Complete 
| 167|0x000000008a700000, 0x000000008a800000, 0x000000008a800000|100%| E|CS|TAMS 0x000000008a700000, 0x000000008a700000| Complete 
| 168|0x000000008a800000, 0x000000008a900000, 0x000000008a900000|100%| E|CS|TAMS 0x000000008a800000, 0x000000008a800000| Complete 
| 169|0x000000008a900000, 0x000000008aa00000, 0x000000008aa00000|100%| E|CS|TAMS 0x000000008a900000, 0x000000008a900000| Complete 
| 170|0x000000008aa00000, 0x000000008ab00000, 0x000000008ab00000|100%| E|CS|TAMS 0x000000008aa00000, 0x000000008aa00000| Complete 
| 171|0x000000008ab00000, 0x000000008ac00000, 0x000000008ac00000|100%| E|CS|TAMS 0x000000008ab00000, 0x000000008ab00000| Complete 
| 172|0x000000008ac00000, 0x000000008ad00000, 0x000000008ad00000|100%| E|CS|TAMS 0x000000008ac00000, 0x000000008ac00000| Complete 
| 173|0x000000008ad00000, 0x000000008ae00000, 0x000000008ae00000|100%| E|CS|TAMS 0x000000008ad00000, 0x000000008ad00000| Complete 
| 174|0x000000008ae00000, 0x000000008af00000, 0x000000008af00000|100%| E|CS|TAMS 0x000000008ae00000, 0x000000008ae00000| Complete 
| 175|0x000000008af00000, 0x000000008b000000, 0x000000008b000000|100%| E|CS|TAMS 0x000000008af00000, 0x000000008af00000| Complete 
| 176|0x000000008b000000, 0x000000008b100000, 0x000000008b100000|100%| E|CS|TAMS 0x000000008b000000, 0x000000008b000000| Complete 
| 177|0x000000008b100000, 0x000000008b200000, 0x000000008b200000|100%| E|CS|TAMS 0x000000008b100000, 0x000000008b100000| Complete 
| 178|0x000000008b200000, 0x000000008b300000, 0x000000008b300000|100%| E|  |TAMS 0x000000008b200000, 0x000000008b200000| Complete 

Card table byte_map: [0x000000cbf3e30000,0x000000cbf4230000] _byte_map_base: 0x000000cbf3a30000

Marking Bits (Prev, Next): (CMBitMap*) 0x000000cbe0f86e40, (CMBitMap*) 0x000000cbe0f86e08
 Prev Bits: [0x000000cbf6630000, 0x000000cbf8630000)
 Next Bits: [0x000000cbf4630000, 0x000000cbf6630000)

Polling page: 0x000000cbdecd0000

Metaspace:

Usage:
  Non-class:     57.38 MB capacity,    56.48 MB ( 98%) used,   754.84 KB (  1%) free+waste,   165.69 KB ( <1%) overhead. 
      Class:      8.67 MB capacity,     8.10 MB ( 93%) used,   505.27 KB (  6%) free+waste,    76.63 KB ( <1%) overhead. 
       Both:     66.04 MB capacity,    64.58 MB ( 98%) used,     1.23 MB (  2%) free+waste,   242.31 KB ( <1%) overhead. 

Virtual space:
  Non-class space:       58.00 MB reserved,      57.38 MB ( 99%) committed 
      Class space:        1.00 GB reserved,       8.70 MB ( <1%) committed 
             Both:        1.06 GB reserved,      66.08 MB (  6%) committed 

Chunk freelists:
   Non-Class:  2.00 KB
       Class:  21.00 KB
        Both:  23.00 KB

MaxMetaspaceSize: 17179869184.00 GB
CompressedClassSpaceSize: 1.00 GB
Initial GC threshold: 20.80 MB
Current GC threshold: 98.67 MB
CDS: off

CodeHeap 'non-profiled nmethods': size=120064Kb used=4092Kb max_used=4092Kb free=115971Kb
 bounds [0x000000cbec4f0000, 0x000000cbec8f0000, 0x000000cbf3a30000]
CodeHeap 'profiled nmethods': size=120000Kb used=14553Kb max_used=14553Kb free=105446Kb
 bounds [0x000000cbe4fc0000, 0x000000cbe5e00000, 0x000000cbec4f0000]
CodeHeap 'non-nmethods': size=5696Kb used=2343Kb max_used=2379Kb free=3352Kb
 bounds [0x000000cbe4a30000, 0x000000cbe4ca0000, 0x000000cbe4fc0000]
 total_blobs=7633 nmethods=6777 adapters=768
 compilation: enabled
              stopped_count=0, restarted_count=0
 full_count=0

Compilation events (20 events):
Event: 23.162 Thread 0x000000cbfb942800 6788       1       org.apache.tools.ant.AntTypeDefinition::setAdaptToClass (6 bytes)
Event: 23.162 Thread 0x000000cbfb942800 nmethod 6788 0x000000cbec8ee810 code [0x000000cbec8ee9c0, 0x000000cbec8eeab8]
Event: 23.162 Thread 0x000000cbfb942800 6789       1       org.apache.tools.ant.AntTypeDefinition::setAdapterClass (6 bytes)
Event: 23.162 Thread 0x000000cbfb942800 nmethod 6789 0x000000cbec8eeb10 code [0x000000cbec8eecc0, 0x000000cbec8eedb8]
Event: 23.162 Thread 0x000000cbfb942800 6790       3       org.apache.tools.ant.AntTypeDefinition::<init> (10 bytes)
Event: 23.162 Thread 0x000000cbfb942800 nmethod 6790 0x000000cbe5defb10 code [0x000000cbe5defcc0, 0x000000cbe5defe18]
Event: 23.186 Thread 0x000000cbfb942800 6791       3       jdk.internal.loader.URLClassPath$JarLoader::validIndex (94 bytes)
Event: 23.188 Thread 0x000000cbfb942800 nmethod 6791 0x000000cbe5deff10 code [0x000000cbe5df0260, 0x000000cbe5df1568]
Event: 23.189 Thread 0x000000cbfb942800 6792       3       java.lang.String::replace (42 bytes)
Event: 23.190 Thread 0x000000cbfb942800 nmethod 6792 0x000000cbe5df1c10 code [0x000000cbe5df1de0, 0x000000cbe5df20f8]
Event: 23.193 Thread 0x000000cbfb942800 6793       3       sun.reflect.generics.tree.SimpleClassTypeSignature::make (11 bytes)
Event: 23.194 Thread 0x000000cbfb942800 nmethod 6793 0x000000cbe5df2210 code [0x000000cbe5df23e0, 0x000000cbe5df2698]
Event: 23.194 Thread 0x000000cbfb942800 6794       3       sun.reflect.generics.tree.SimpleClassTypeSignature::<init> (20 bytes)
Event: 23.194 Thread 0x000000cbfb942800 nmethod 6794 0x000000cbe5df2790 code [0x000000cbe5df2940, 0x000000cbe5df2b58]
Event: 23.196 Thread 0x000000cbfb942800 6795       3       java.beans.PropertyDescriptor::getPropertyEditorClass (22 bytes)
Event: 23.196 Thread 0x000000cbfb942800 nmethod 6795 0x000000cbe5df2c10 code [0x000000cbe5df2de0, 0x000000cbe5df30e8]
Event: 23.196 Thread 0x000000cbfb942800 6796       3       java.lang.Class::getDeclaredFields (27 bytes)
Event: 23.197 Thread 0x000000cbfb942800 nmethod 6796 0x000000cbe5df3210 code [0x000000cbe5df3400, 0x000000cbe5df3698]
Event: 23.218 Thread 0x000000cbfb942800 6798       3       java.lang.reflect.Constructor::getGenericParameterTypes (5 bytes)
Event: 23.220 Thread 0x000000cbfb942800 nmethod 6798 0x000000cbe5df3790 code [0x000000cbe5df3a40, 0x000000cbe5df49d8]

GC Heap History (20 events):
Event: 5.471 GC heap before
{Heap before GC invocations=1 (full 0):
 garbage-first heap   total 131072K, used 82868K [0x0000000080000000, 0x0000000100000000)
  region size 1024K, 76 young (77824K), 2 survivors (2048K)
 Metaspace       used 16035K, capacity 16461K, committed 16640K, reserved 1064960K
  class space    used 1807K, capacity 1935K, committed 2048K, reserved 1048576K
}
Event: 5.590 GC heap after
{Heap after GC invocations=2 (full 0):
 garbage-first heap   total 131072K, used 15360K [0x0000000080000000, 0x0000000100000000)
  region size 1024K, 10 young (10240K), 10 survivors (10240K)
 Metaspace       used 16035K, capacity 16461K, committed 16640K, reserved 1064960K
  class space    used 1807K, capacity 1935K, committed 2048K, reserved 1048576K
}
Event: 6.449 GC heap before
{Heap before GC invocations=2 (full 0):
 garbage-first heap   total 131072K, used 48128K [0x0000000080000000, 0x0000000100000000)
  region size 1024K, 42 young (43008K), 10 survivors (10240K)
 Metaspace       used 19747K, capacity 20222K, committed 20352K, reserved 1067008K
  class space    used 2396K, capacity 2572K, committed 2688K, reserved 1048576K
}
Event: 6.467 GC heap after
{Heap after GC invocations=3 (full 0):
 garbage-first heap   total 131072K, used 17154K [0x0000000080000000, 0x0000000100000000)
  region size 1024K, 2 young (2048K), 2 survivors (2048K)
 Metaspace       used 19747K, capacity 20222K, committed 20352K, reserved 1067008K
  class space    used 2396K, capacity 2572K, committed 2688K, reserved 1048576K
}
Event: 6.615 GC heap before
{Heap before GC invocations=3 (full 0):
 garbage-first heap   total 131072K, used 22274K [0x0000000080000000, 0x0000000100000000)
  region size 1024K, 8 young (8192K), 2 survivors (2048K)
 Metaspace       used 20755K, capacity 21149K, committed 21296K, reserved 1069056K
  class space    used 2515K, capacity 2648K, committed 2688K, reserved 1048576K
}
Event: 6.620 GC heap after
{Heap after GC invocations=4 (full 0):
 garbage-first heap   total 131072K, used 16977K [0x0000000080000000, 0x0000000100000000)
  region size 1024K, 2 young (2048K), 2 survivors (2048K)
 Metaspace       used 20755K, capacity 21149K, committed 21296K, reserved 1069056K
  class space    used 2515K, capacity 2648K, committed 2688K, reserved 1048576K
}
Event: 8.410 GC heap before
{Heap before GC invocations=5 (full 0):
 garbage-first heap   total 131072K, used 72273K [0x0000000080000000, 0x0000000100000000)
  region size 1024K, 56 young (57344K), 2 survivors (2048K)
 Metaspace       used 26381K, capacity 26986K, committed 27132K, reserved 1073152K
  class space    used 3392K, capacity 3599K, committed 3660K, reserved 1048576K
}
Event: 8.418 GC heap after
{Heap after GC invocations=6 (full 0):
 garbage-first heap   total 131072K, used 18903K [0x0000000080000000, 0x0000000100000000)
  region size 1024K, 4 young (4096K), 4 survivors (4096K)
 Metaspace       used 26381K, capacity 26986K, committed 27132K, reserved 1073152K
  class space    used 3392K, capacity 3599K, committed 3660K, reserved 1048576K
}
Event: 10.581 GC heap before
{Heap before GC invocations=6 (full 0):
 garbage-first heap   total 131072K, used 77271K [0x0000000080000000, 0x0000000100000000)
  region size 1024K, 62 young (63488K), 4 survivors (4096K)
 Metaspace       used 35168K, capacity 35874K, committed 35964K, reserved 1081344K
  class space    used 4486K, capacity 4781K, committed 4812K, reserved 1048576K
}
Event: 10.600 GC heap after
{Heap after GC invocations=7 (full 0):
 garbage-first heap   total 131072K, used 22562K [0x0000000080000000, 0x0000000100000000)
  region size 1024K, 7 young (7168K), 7 survivors (7168K)
 Metaspace       used 35168K, capacity 35874K, committed 35964K, reserved 1081344K
  class space    used 4486K, capacity 4781K, committed 4812K, reserved 1048576K
}
Event: 13.260 GC heap before
{Heap before GC invocations=8 (full 0):
 garbage-first heap   total 131072K, used 85026K [0x0000000080000000, 0x0000000100000000)
  region size 1024K, 66 young (67584K), 7 survivors (7168K)
 Metaspace       used 39627K, capacity 40485K, committed 40572K, reserved 1085440K
  class space    used 4987K, capacity 5309K, committed 5324K, reserved 1048576K
}
Event: 13.285 GC heap after
{Heap after GC invocations=9 (full 0):
 garbage-first heap   total 183296K, used 27774K [0x0000000080000000, 0x0000000100000000)
  region size 1024K, 9 young (9216K), 9 survivors (9216K)
 Metaspace       used 39627K, capacity 40485K, committed 40572K, reserved 1085440K
  class space    used 4987K, capacity 5309K, committed 5324K, reserved 1048576K
}
Event: 15.500 GC heap before
{Heap before GC invocations=9 (full 0):
 garbage-first heap   total 183296K, used 109694K [0x0000000080000000, 0x0000000100000000)
  region size 1024K, 88 young (90112K), 9 survivors (9216K)
 Metaspace       used 46918K, capacity 47984K, committed 48252K, reserved 1091584K
  class space    used 5943K, capacity 6331K, committed 6348K, reserved 1048576K
}
Event: 15.520 GC heap after
{Heap after GC invocations=10 (full 0):
 garbage-first heap   total 183296K, used 30352K [0x0000000080000000, 0x0000000100000000)
  region size 1024K, 8 young (8192K), 8 survivors (8192K)
 Metaspace       used 46918K, capacity 47984K, committed 48252K, reserved 1091584K
  class space    used 5943K, capacity 6331K, committed 6348K, reserved 1048576K
}
Event: 18.556 GC heap before
{Heap before GC invocations=10 (full 0):
 garbage-first heap   total 183296K, used 131728K [0x0000000080000000, 0x0000000100000000)
  region size 1024K, 99 young (101376K), 8 survivors (8192K)
 Metaspace       used 53510K, capacity 54817K, committed 55036K, reserved 1097728K
  class space    used 6727K, capacity 7226K, committed 7244K, reserved 1048576K
}
Event: 18.584 GC heap after
{Heap after GC invocations=11 (full 0):
 garbage-first heap   total 183296K, used 48442K [0x0000000080000000, 0x0000000100000000)
  region size 1024K, 13 young (13312K), 13 survivors (13312K)
 Metaspace       used 53510K, capacity 54817K, committed 55036K, reserved 1097728K
  class space    used 6727K, capacity 7226K, committed 7244K, reserved 1048576K
}
Event: 20.172 GC heap before
{Heap before GC invocations=11 (full 0):
 garbage-first heap   total 183296K, used 83258K [0x0000000080000000, 0x0000000100000000)
  region size 1024K, 48 young (49152K), 13 survivors (13312K)
 Metaspace       used 58813K, capacity 60220K, committed 60368K, reserved 1101824K
  class space    used 7380K, capacity 7892K, committed 8012K, reserved 1048576K
}
Event: 20.199 GC heap after
{Heap after GC invocations=12 (full 0):
 garbage-first heap   total 183296K, used 50152K [0x0000000080000000, 0x0000000100000000)
  region size 1024K, 2 young (2048K), 2 survivors (2048K)
 Metaspace       used 58813K, capacity 60220K, committed 60368K, reserved 1101824K
  class space    used 7380K, capacity 7892K, committed 8012K, reserved 1048576K
}
Event: 22.613 GC heap before
{Heap before GC invocations=13 (full 0):
 garbage-first heap   total 183296K, used 129000K [0x0000000080000000, 0x0000000100000000)
  region size 1024K, 73 young (74752K), 2 survivors (2048K)
 Metaspace       used 64396K, capacity 65857K, committed 66000K, reserved 1105920K
  class space    used 8073K, capacity 8651K, committed 8780K, reserved 1048576K
}
Event: 22.632 GC heap after
{Heap after GC invocations=14 (full 0):
 garbage-first heap   total 183296K, used 55912K [0x0000000080000000, 0x0000000100000000)
  region size 1024K, 8 young (8192K), 8 survivors (8192K)
 Metaspace       used 64396K, capacity 65857K, committed 66000K, reserved 1105920K
  class space    used 8073K, capacity 8651K, committed 8780K, reserved 1048576K
}

Deoptimization events (20 events):
Event: 23.139 Thread 0x000000cbfd74f000 Uncommon trap: trap_request=0xffffffc6 fr.pc=0x000000cbec88e50c relative=0x0000000000000cec
Event: 23.139 Thread 0x000000cbfd74f000 Uncommon trap: reason=bimorphic_or_optimized_type_check action=maybe_recompile pc=0x000000cbec88e50c method=java.util.Hashtable.put(Ljava/lang/Object;Ljava/lang/Object;)Ljava/lang/Object; @ 18 c2
Event: 23.139 Thread 0x000000cbfd74f000 DEOPT PACKING pc=0x000000cbec88e50c sp=0x000000cb807f7bf0
Event: 23.139 Thread 0x000000cbfd74f000 DEOPT UNPACKING pc=0x000000cbe4a7a1af sp=0x000000cb807f7bc8 mode 2
Event: 23.139 Thread 0x000000cbfd74f000 Uncommon trap: trap_request=0xffffffc6 fr.pc=0x000000cbec88b794 relative=0x0000000000000834
Event: 23.139 Thread 0x000000cbfd74f000 Uncommon trap: reason=bimorphic_or_optimized_type_check action=maybe_recompile pc=0x000000cbec88b794 method=java.util.Hashtable.get(Ljava/lang/Object;)Ljava/lang/Object; @ 6 c2
Event: 23.139 Thread 0x000000cbfd74f000 DEOPT PACKING pc=0x000000cbec88b794 sp=0x000000cb807f7c20
Event: 23.139 Thread 0x000000cbfd74f000 DEOPT UNPACKING pc=0x000000cbe4a7a1af sp=0x000000cb807f7bd0 mode 2
Event: 23.139 Thread 0x000000cbfd74f000 Uncommon trap: trap_request=0xffffffc6 fr.pc=0x000000cbec88e50c relative=0x0000000000000cec
Event: 23.139 Thread 0x000000cbfd74f000 Uncommon trap: reason=bimorphic_or_optimized_type_check action=maybe_recompile pc=0x000000cbec88e50c method=java.util.Hashtable.put(Ljava/lang/Object;Ljava/lang/Object;)Ljava/lang/Object; @ 18 c2
Event: 23.139 Thread 0x000000cbfd74f000 DEOPT PACKING pc=0x000000cbec88e50c sp=0x000000cb807f7bf0
Event: 23.139 Thread 0x000000cbfd74f000 DEOPT UNPACKING pc=0x000000cbe4a7a1af sp=0x000000cb807f7bc8 mode 2
Event: 23.157 Thread 0x000000cbfd74f000 DEOPT PACKING pc=0x000000cbe55ce096 sp=0x000000cb807f7bb0
Event: 23.157 Thread 0x000000cbfd74f000 DEOPT UNPACKING pc=0x000000cbe4a7a95e sp=0x000000cb807f70c8 mode 0
Event: 23.162 Thread 0x000000cbfd74f000 DEOPT PACKING pc=0x000000cbe55ce096 sp=0x000000cb807f7bb0
Event: 23.162 Thread 0x000000cbfd74f000 DEOPT UNPACKING pc=0x000000cbe4a7a95e sp=0x000000cb807f70c8 mode 0
Event: 23.164 Thread 0x000000cbfd74f000 Uncommon trap: trap_request=0xffffff4d fr.pc=0x000000cbec59c030 relative=0x00000000000005f0
Event: 23.164 Thread 0x000000cbfd74f000 Uncommon trap: reason=unstable_if action=reinterpret pc=0x000000cbec59c030 method=java.lang.String.replace(CC)Ljava/lang/String; @ 2 c2
Event: 23.164 Thread 0x000000cbfd74f000 DEOPT PACKING pc=0x000000cbec59c030 sp=0x000000cb807f7ce0
Event: 23.164 Thread 0x000000cbfd74f000 DEOPT UNPACKING pc=0x000000cbe4a7a1af sp=0x000000cb807f7c90 mode 2

Classes redefined (0 events):
No events

Internal exceptions (20 events):
Event: 22.180 Thread 0x000000cbfd74f000 Exception <a 'java/lang/ClassNotFoundException'{0x000000008786c238}: org/gradle/api/plugins/internal/DefaultBasePluginConventionBeanInfo> (0x000000008786c238) thrown at [./src/hotspot/share/classfile/systemDictionary.cpp, line 231]
Event: 22.184 Thread 0x000000cbfd74f000 Exception <a 'java/lang/ClassNotFoundException'{0x00000000878aeaa8}: org/gradle/api/plugins/BasePluginConventionBeanInfo> (0x00000000878aeaa8) thrown at [./src/hotspot/share/classfile/systemDictionary.cpp, line 231]
Event: 22.240 Thread 0x000000cbfd74f000 Exception <a 'java/lang/ClassNotFoundException'{0x00000000878f12b0}: org/gradle/api/plugins/BasePluginConventionCustomizer> (0x00000000878f12b0) thrown at [./src/hotspot/share/classfile/systemDictionary.cpp, line 231]
Event: 22.247 Thread 0x000000cbfd74f000 Exception <a 'java/lang/ClassNotFoundException'{0x0000000087745ec8}: org/gradle/api/plugins/internal/DefaultBasePluginConventionCustomizer> (0x0000000087745ec8) thrown at [./src/hotspot/share/classfile/systemDictionary.cpp, line 231]
Event: 22.270 Thread 0x000000cbfd74f000 Exception <a 'java/lang/ClassNotFoundException'{0x00000000877ce160}: org/gradle/api/plugins/internal/DefaultJavaPluginConventionBeanInfo> (0x00000000877ce160) thrown at [./src/hotspot/share/classfile/systemDictionary.cpp, line 231]
Event: 22.272 Thread 0x000000cbfd74f000 Exception <a 'java/lang/ClassNotFoundException'{0x0000000087610c08}: org/gradle/api/plugins/JavaPluginConventionBeanInfo> (0x0000000087610c08) thrown at [./src/hotspot/share/classfile/systemDictionary.cpp, line 231]
Event: 22.274 Thread 0x000000cbfd74f000 Exception <a 'java/lang/ClassNotFoundException'{0x0000000087653410}: org/gradle/api/plugins/JavaPluginConventionCustomizer> (0x0000000087653410) thrown at [./src/hotspot/share/classfile/systemDictionary.cpp, line 231]
Event: 22.277 Thread 0x000000cbfd74f000 Exception <a 'java/lang/ClassNotFoundException'{0x00000000876b1e30}: org/gradle/api/plugins/internal/DefaultJavaPluginConventionCustomizer> (0x00000000876b1e30) thrown at [./src/hotspot/share/classfile/systemDictionary.cpp, line 231]
Event: 22.544 Thread 0x000000cbfd74f000 Implicit null exception at 0x000000cbec8b73e6 to 0x000000cbec8b74a4
Event: 23.114 Thread 0x000000cbfd74f000 Exception <a 'java/lang/IncompatibleClassChangeError'{0x000000008a7501e8}: Found class java.lang.Object, but interface was expected> (0x000000008a7501e8) thrown at [./src/hotspot/share/interpreter/linkResolver.cpp, line 839]
Event: 23.172 Thread 0x000000cbfd74f000 Exception <a 'java/lang/ClassNotFoundException'{0x000000008a51eef0}: org/gradle/api/internal/project/DefaultAntBuilderBeanInfo> (0x000000008a51eef0) thrown at [./src/hotspot/share/classfile/systemDictionary.cpp, line 231]
Event: 23.174 Thread 0x000000cbfd74f000 Exception <a 'java/lang/ClassNotFoundException'{0x000000008a557990}: org/gradle/api/internal/project/ant/BasicAntBuilderBeanInfo> (0x000000008a557990) thrown at [./src/hotspot/share/classfile/systemDictionary.cpp, line 231]
Event: 23.176 Thread 0x000000cbfd74f000 Exception <a 'java/lang/ClassNotFoundException'{0x000000008a585520}: org/gradle/api/AntBuilderBeanInfo> (0x000000008a585520) thrown at [./src/hotspot/share/classfile/systemDictionary.cpp, line 231]
Event: 23.179 Thread 0x000000cbfd74f000 Exception <a 'java/lang/ClassNotFoundException'{0x000000008a405050}: groovy/util/AntBuilderBeanInfo> (0x000000008a405050) thrown at [./src/hotspot/share/classfile/systemDictionary.cpp, line 231]
Event: 23.181 Thread 0x000000cbfd74f000 Exception <a 'java/lang/ClassNotFoundException'{0x000000008a485d50}: groovy/util/BuilderSupportBeanInfo> (0x000000008a485d50) thrown at [./src/hotspot/share/classfile/systemDictionary.cpp, line 231]
Event: 23.184 Thread 0x000000cbfd74f000 Exception <a 'java/lang/ClassNotFoundException'{0x000000008a307ec8}: groovy/util/BuilderSupportCustomizer> (0x000000008a307ec8) thrown at [./src/hotspot/share/classfile/systemDictionary.cpp, line 231]
Event: 23.187 Thread 0x000000cbfd74f000 Exception <a 'java/lang/ClassNotFoundException'{0x000000008a389ba0}: groovy/util/AntBuilderCustomizer> (0x000000008a389ba0) thrown at [./src/hotspot/share/classfile/systemDictionary.cpp, line 231]
Event: 23.191 Thread 0x000000cbfd74f000 Exception <a 'java/lang/ClassNotFoundException'{0x000000008a3be650}: org/gradle/api/AntBuilderCustomizer> (0x000000008a3be650) thrown at [./src/hotspot/share/classfile/systemDictionary.cpp, line 231]
Event: 23.193 Thread 0x000000cbfd74f000 Exception <a 'java/lang/ClassNotFoundException'{0x000000008a202cf0}: org/gradle/api/internal/project/ant/BasicAntBuilderCustomizer> (0x000000008a202cf0) thrown at [./src/hotspot/share/classfile/systemDictionary.cpp, line 231]
Event: 23.195 Thread 0x000000cbfd74f000 Exception <a 'java/lang/ClassNotFoundException'{0x000000008a24df50}: org/gradle/api/internal/project/DefaultAntBuilderCustomizer> (0x000000008a24df50) thrown at [./src/hotspot/share/classfile/systemDictionary.cpp, line 231]

Events (20 events):
Event: 23.215 loading class org/gradle/normalization/internal/RuntimeClasspathNormalizationInternal$CachedState
Event: 23.215 loading class org/gradle/normalization/internal/RuntimeClasspathNormalizationInternal$CachedState done
Event: 23.215 loading class org/gradle/normalization/PropertiesFileNormalization
Event: 23.215 loading class org/gradle/normalization/PropertiesFileNormalization done
Event: 23.216 loading class org/gradle/normalization/internal/DefaultRuntimeClasspathNormalization$EvaluatableFilter
Event: 23.216 loading class org/gradle/normalization/internal/DefaultRuntimeClasspathNormalization$EvaluatableFilter done
Event: 23.216 loading class org/gradle/normalization/internal/DefaultRuntimeClasspathNormalization$DefaultPropertiesFileFilter
Event: 23.216 loading class org/gradle/normalization/internal/DefaultRuntimeClasspathNormalization$DefaultPropertiesFileFilter done
Event: 23.220 loading class org/gradle/normalization/internal/DefaultRuntimeClasspathNormalization$RuntimeMetaInfNormalization
Event: 23.220 loading class org/gradle/normalization/internal/DefaultRuntimeClasspathNormalization$RuntimeMetaInfNormalization done
Event: 23.222 loading class org/gradle/api/internal/changedetection/state/IgnoringResourceFilter
Event: 23.222 loading class org/gradle/api/internal/changedetection/state/IgnoringResourceFilter done
Event: 23.223 loading class com/google/common/collect/ImmutableSet
Event: 23.223 loading class com/google/common/collect/ImmutableSet done
Event: 23.223 loading class com/google/common/collect/ImmutableSet
Event: 23.223 loading class com/google/common/collect/ImmutableSet done
Event: 23.224 loading class org/gradle/normalization/internal/DefaultRuntimeClasspathNormalization$EvaluatableFilter
Event: 23.224 loading class org/gradle/normalization/internal/DefaultRuntimeClasspathNormalization$EvaluatableFilter done
Event: 23.225 loading class org/gradle/api/internal/changedetection/state/IgnoringResourceEntryFilter
Event: 23.225 loading class org/gradle/api/internal/changedetection/state/IgnoringResourceEntryFilter done


Dynamic libraries:
0x00007ff6b4de0000 - 0x00007ff6b4dea000 	C:\Program Files\Android\Android Studio\jre\bin\java.exe
0x00007ffcb3970000 - 0x00007ffcb3b1d000 	C:\Windows\SYSTEM32\ntdll.dll
0x00007ffcb1440000 - 0x00007ffcb157f000 	C:\Windows\system32\KERNEL32.DLL
0x00007ffcb0ae0000 - 0x00007ffcb0bf5000 	C:\Windows\system32\KERNELBASE.dll
0x00007ffc8f770000 - 0x00007ffc8f789000 	C:\Program Files\Android\Android Studio\jre\bin\jli.dll
0x00007ffcad560000 - 0x00007ffcad577000 	C:\Program Files\Android\Android Studio\jre\bin\VCRUNTIME140.dll
0x00007ffcaa870000 - 0x00007ffcaa874000 	C:\Windows\SYSTEM32\api-ms-win-crt-stdio-l1-1-0.dll
0x00007ffcaa850000 - 0x00007ffcaa854000 	C:\Windows\SYSTEM32\api-ms-win-crt-runtime-l1-1-0.dll
0x00007ffcaa830000 - 0x00007ffcaa833000 	C:\Windows\SYSTEM32\api-ms-win-crt-environment-l1-1-0.dll
0x00007ffcaa810000 - 0x00007ffcaa815000 	C:\Windows\SYSTEM32\api-ms-win-crt-math-l1-1-0.dll
0x00007ffc8fec0000 - 0x00007ffc8fec3000 	C:\Windows\SYSTEM32\api-ms-win-crt-locale-l1-1-0.dll
0x00007ffcaa7e0000 - 0x00007ffcaa7e3000 	C:\Windows\SYSTEM32\api-ms-win-crt-heap-l1-1-0.dll
0x00007ffcae1f0000 - 0x00007ffcae46b000 	C:\Windows\WinSxS\amd64_microsoft.windows.common-controls_6595b64144ccf1df_6.0.9600.19394_none_62486577ecb635cf\COMCTL32.dll
0x00007ffcb1580000 - 0x00007ffcb16f7000 	C:\Windows\system32\USER32.dll
0x00007ffcaa800000 - 0x00007ffcaa803000 	C:\Windows\SYSTEM32\api-ms-win-crt-filesystem-l1-1-0.dll
0x00007ffcaa860000 - 0x00007ffcaa864000 	C:\Windows\SYSTEM32\api-ms-win-crt-string-l1-1-0.dll
0x00007ffcaa840000 - 0x00007ffcaa844000 	C:\Windows\SYSTEM32\api-ms-win-crt-convert-l1-1-0.dll
0x00007ffcb2310000 - 0x00007ffcb23ba000 	C:\Windows\system32\msvcrt.dll
0x00007ffcb17f0000 - 0x00007ffcb193e000 	C:\Windows\system32\GDI32.dll
0x00007ffc8fbc0000 - 0x00007ffc8fcb4000 	C:\Windows\SYSTEM32\ucrtbase.DLL
0x00007ffcb1da0000 - 0x00007ffcb1dd6000 	C:\Windows\system32\IMM32.DLL
0x00007ffcb1220000 - 0x00007ffcb1371000 	C:\Windows\system32\MSCTF.dll
0x00007ffc8f970000 - 0x00007ffc8fa0d000 	C:\Program Files\Android\Android Studio\jre\bin\msvcp140.dll
0x00007ffc8feb0000 - 0x00007ffc8feb5000 	C:\Windows\SYSTEM32\api-ms-win-crt-multibyte-l1-1-0.dll
0x00007ffcaa7f0000 - 0x00007ffcaa7f3000 	C:\Windows\SYSTEM32\api-ms-win-crt-time-l1-1-0.dll
0x00007ffcaa820000 - 0x00007ffcaa823000 	C:\Windows\SYSTEM32\api-ms-win-crt-utility-l1-1-0.dll
0x00007ffc8e0a0000 - 0x00007ffc8eba2000 	C:\Program Files\Android\Android Studio\jre\bin\server\jvm.dll
0x00007ffcb2200000 - 0x00007ffcb22ad000 	C:\Windows\system32\ADVAPI32.dll
0x00007ffcac860000 - 0x00007ffcac869000 	C:\Windows\SYSTEM32\WSOCK32.dll
0x00007ffca92b0000 - 0x00007ffca92d2000 	C:\Windows\SYSTEM32\WINMM.dll
0x00007ffca91a0000 - 0x00007ffca91aa000 	C:\Windows\SYSTEM32\VERSION.dll
0x00007ffcb2430000 - 0x00007ffcb2437000 	C:\Windows\system32\PSAPI.DLL
0x00007ffcb1f80000 - 0x00007ffcb1fdb000 	C:\Windows\SYSTEM32\sechost.dll
0x00007ffcb1a00000 - 0x00007ffcb1b35000 	C:\Windows\system32\RPCRT4.dll
0x00007ffcb1fe0000 - 0x00007ffcb203a000 	C:\Windows\system32\WS2_32.dll
0x00007ffca9280000 - 0x00007ffca92aa000 	C:\Windows\SYSTEM32\WINMMBASE.dll
0x00007ffcb0f10000 - 0x00007ffcb0f3e000 	C:\Windows\system32\SspiCli.dll
0x00007ffcb1700000 - 0x00007ffcb1709000 	C:\Windows\system32\NSI.dll
0x00007ffcb0ec0000 - 0x00007ffcb0f0f000 	C:\Windows\SYSTEM32\cfgmgr32.dll
0x00007ffcaf840000 - 0x00007ffcaf868000 	C:\Windows\SYSTEM32\DEVOBJ.dll
0x00007ffcac840000 - 0x00007ffcac851000 	C:\Program Files\Android\Android Studio\jre\bin\verify.dll
0x00007ffca2a30000 - 0x00007ffca2bba000 	C:\Windows\SYSTEM32\DBGHELP.DLL
0x00007ffcaa7b0000 - 0x00007ffcaa7d9000 	C:\Program Files\Android\Android Studio\jre\bin\java.dll
0x00007ffcac830000 - 0x00007ffcac83b000 	C:\Program Files\Android\Android Studio\jre\bin\jimage.dll
0x00007ffcaa790000 - 0x00007ffcaa7a8000 	C:\Program Files\Android\Android Studio\jre\bin\zip.dll
0x00007ffcb2440000 - 0x00007ffcb396c000 	C:\Windows\system32\SHELL32.dll
0x00007ffcb0ff0000 - 0x00007ffcb1202000 	C:\Windows\SYSTEM32\combase.dll
0x00007ffcb22b0000 - 0x00007ffcb2304000 	C:\Windows\system32\SHLWAPI.dll
0x00007ffcaebd0000 - 0x00007ffcaec82000 	C:\Windows\SYSTEM32\SHCORE.dll
0x00007ffcb0a10000 - 0x00007ffcb0a25000 	C:\Windows\SYSTEM32\profapi.dll
0x00007ffca7390000 - 0x00007ffca73aa000 	C:\Program Files\Android\Android Studio\jre\bin\net.dll
0x00007ffca98d0000 - 0x00007ffca9999000 	C:\Windows\SYSTEM32\WINHTTP.dll
0x00007ffcb0250000 - 0x00007ffcb02a9000 	C:\Windows\system32\mswsock.dll
0x00007ffca51c0000 - 0x00007ffca51d4000 	C:\Program Files\Android\Android Studio\jre\bin\nio.dll
0x00007ffc8ef90000 - 0x00007ffc8efb7000 	C:\Users\Nadezhda S\.gradle\native\e1d6ef7f7dcc3fd88c89a11ec53ec762bb8ba0a96d01ffa2cd45eb1d1d8dd5c5\windows-amd64\native-platform.dll
0x00007ffcaa780000 - 0x00007ffcaa78a000 	C:\Program Files\Android\Android Studio\jre\bin\management.dll
0x00007ffca8da0000 - 0x00007ffca8dad000 	C:\Program Files\Android\Android Studio\jre\bin\management_ext.dll
0x00007ffcb02b0000 - 0x00007ffcb02d0000 	C:\Windows\SYSTEM32\CRYPTSP.dll
0x00007ffcafed0000 - 0x00007ffcaff06000 	C:\Windows\system32\rsaenh.dll
0x00007ffcb04f0000 - 0x00007ffcb0516000 	C:\Windows\SYSTEM32\bcrypt.dll
0x00007ffcaffe0000 - 0x00007ffcb0001000 	C:\Windows\SYSTEM32\USERENV.dll
0x00007ffcb0810000 - 0x00007ffcb0873000 	C:\Windows\system32\bcryptprimitives.dll
0x00007ffcb0880000 - 0x00007ffcb088b000 	C:\Windows\SYSTEM32\CRYPTBASE.dll
0x00007ffcac7a0000 - 0x00007ffcac7ca000 	C:\Windows\SYSTEM32\IPHLPAPI.DLL
0x00007ffcac7f0000 - 0x00007ffcac7fa000 	C:\Windows\SYSTEM32\WINNSI.DLL
0x00007ffcac0f0000 - 0x00007ffcac106000 	C:\Windows\SYSTEM32\dhcpcsvc6.DLL
0x00007ffcac2c0000 - 0x00007ffcac2da000 	C:\Windows\SYSTEM32\dhcpcsvc.DLL

dbghelp: loaded successfully - version: 4.0.5 - missing functions: none
symbol engine: initialized successfully - sym options: 0x614 - pdb path: .;C:\Program Files\Android\Android Studio\jre\bin;C:\Windows\SYSTEM32;C:\Windows\WinSxS\amd64_microsoft.windows.common-controls_6595b64144ccf1df_6.0.9600.19394_none_62486577ecb635cf;C:\Program Files\Android\Android Studio\jre\bin\server;C:\Users\Nadezhda S\.gradle\native\e1d6ef7f7dcc3fd88c89a11ec53ec762bb8ba0a96d01ffa2cd45eb1d1d8dd5c5\windows-amd64

VM Arguments:
jvm_args: --add-opens=java.base/java.util=ALL-UNNAMED --add-opens=java.base/java.lang=ALL-UNNAMED --add-opens=java.base/java.lang.invoke=ALL-UNNAMED --add-opens=java.base/java.util=ALL-UNNAMED --add-opens=java.prefs/java.util.prefs=ALL-UNNAMED --add-opens=java.prefs/java.util.prefs=ALL-UNNAMED --add-opens=java.base/java.nio.charset=ALL-UNNAMED --add-opens=java.base/java.net=ALL-UNNAMED --add-opens=java.base/java.util.concurrent.atomic=ALL-UNNAMED -Xmx2048m -Dfile.encoding=UTF-8 -Duser.country=RU -Duser.language=ru -Duser.variant 
java_command: org.gradle.launcher.daemon.bootstrap.GradleDaemon 7.4
java_class_path (initial): C:\Users\Nadezhda S\.gradle\wrapper\dists\gradle-7.4-bin\c0gwcg53nkjbqw7r0h0umtfvt\gradle-7.4\lib\gradle-launcher-7.4.jar
Launcher Type: SUN_STANDARD

[Global flags]
     intx CICompilerCount                          = 3                                         {product} {ergonomic}
     uint ConcGCThreads                            = 1                                         {product} {ergonomic}
     uint G1ConcRefinementThreads                  = 4                                         {product} {ergonomic}
   size_t G1HeapRegionSize                         = 1048576                                   {product} {ergonomic}
    uintx GCDrainStackTargetSize                   = 64                                        {product} {ergonomic}
   size_t InitialHeapSize                          = 134217728                                 {product} {ergonomic}
   size_t MarkStackSize                            = 4194304                                   {product} {ergonomic}
   size_t MaxHeapSize                              = 2147483648                                {product} {command line}
   size_t MaxNewSize                               = 1287651328                                {product} {ergonomic}
   size_t MinHeapDeltaBytes                        = 1048576                                   {product} {ergonomic}
    uintx NonNMethodCodeHeapSize                   = 5830732                                {pd product} {ergonomic}
    uintx NonProfiledCodeHeapSize                  = 122913754                              {pd product} {ergonomic}
    uintx ProfiledCodeHeapSize                     = 122913754                              {pd product} {ergonomic}
    uintx ReservedCodeCacheSize                    = 251658240                              {pd product} {ergonomic}
     bool SegmentedCodeCache                       = true                                      {product} {ergonomic}
     bool UseCompressedClassPointers               = true                                 {lp64_product} {ergonomic}
     bool UseCompressedOops                        = true                                 {lp64_product} {ergonomic}
     bool UseG1GC                                  = true                                      {product} {ergonomic}
     bool UseLargePagesIndividualAllocation        = false                                  {pd product} {ergonomic}

Logging:
Log output configuration:
 #0: stdout all=warning uptime,level,tags
 #1: stderr all=off uptime,level,tags

Environment Variables:
PATH=C:\Windows\system32;C:\Windows;C:\Windows\System32\Wbem;C:\Windows\System32\WindowsPowerShell\v1.0\;C:\Program Files\Git\cmd
USERNAME=Nadezhda S
OS=Windows_NT
PROCESSOR_IDENTIFIER=Intel64 Family 6 Model 42 Stepping 7, GenuineIntel



---------------  S Y S T E M  ---------------

OS: Windows 8.1 , 64 bit Build 9600 (6.3.9600.20389)
OS uptime: 1 days 0:37 hours

CPU:total 4 (initial active 4) (2 cores per cpu, 2 threads per core) family 6 model 42 stepping 7 microcode 0x28, cmov, cx8, fxsr, mmx, sse, sse2, sse3, ssse3, sse4.1, sse4.2, popcnt, avx, aes, clmul, ht, tsc, tscinvbit

Memory: 4k page, system-wide physical 8105M (934M free)
TotalPageFile size 8105M (AvailPageFile size 5M)
current process WorkingSet (physical memory assigned to process): 387M, peak: 388M
current process commit charge ("private bytes"): 418M, peak: 419M

vm_info: OpenJDK 64-Bit Server VM (11.0.13+0-b1751.21-8125866) for windows-amd64 JRE (11.0.13+0-b1751.21-8125866), built on Feb  2 2022 03:00:22 by "builder" with MS VC++ 14.0 (VS2015)

END.
