#
# There is insufficient memory for the Java Runtime Environment to continue.
# Native memory allocation (malloc) failed to allocate 778896 bytes for Chunk::new
# Possible reasons:
#   The system is out of physical RAM or swap space
#   The process is running with CompressedOops enabled, and the Java Heap may be blocking the growth of the native heap
# Possible solutions:
#   Reduce memory load on the system
#   Increase physical memory or swap space
#   Check if swap backing store is full
#   Decrease Java heap size (-Xmx/-Xms)
#   Decrease number of Java threads
#   Decrease Java thread stack sizes (-Xss)
#   Set larger code cache with -XX:ReservedCodeCacheSize=
#   JVM is running with Unscaled Compressed Oops mode in which the Java heap is
#     placed in the first 4GB address space. The Java Heap base address is the
#     maximum limit for the native heap growth. Please use -XX:HeapBaseMinAddress
#     to set the Java Heap base and to place the Java Heap above 4GB virtual address.
# This output file may be truncated or incomplete.
#
#  Out of Memory Error (./src/hotspot/share/memory/arena.cpp:197), pid=4228, tid=3876
#
# JRE version: OpenJDK Runtime Environment (11.0.13) (build 11.0.13+0-b1751.21-8125866)
# Java VM: OpenJDK 64-Bit Server VM (11.0.13+0-b1751.21-8125866, mixed mode, tiered, compressed oops, g1 gc, windows-amd64)
# No core dump will be written. Minidumps are not enabled by default on client versions of Windows
#

---------------  S U M M A R Y ------------

Command Line: --add-opens=java.base/java.util=ALL-UNNAMED --add-opens=java.base/java.lang=ALL-UNNAMED --add-opens=java.base/java.lang.invoke=ALL-UNNAMED --add-opens=java.base/java.util=ALL-UNNAMED --add-opens=java.prefs/java.util.prefs=ALL-UNNAMED --add-opens=java.prefs/java.util.prefs=ALL-UNNAMED --add-opens=java.base/java.nio.charset=ALL-UNNAMED --add-opens=java.base/java.net=ALL-UNNAMED --add-opens=java.base/java.util.concurrent.atomic=ALL-UNNAMED -Xmx2048m -Dfile.encoding=UTF-8 -Duser.country=RU -Duser.language=ru -Duser.variant org.gradle.launcher.daemon.bootstrap.GradleDaemon 7.4

Host: Intel(R) Core(TM) i5-2450M CPU @ 2.50GHz, 4 cores, 7G,  Windows 8.1 , 64 bit Build 9600 (6.3.9600.20389)
Time: Tue Nov 15 20:19:52 2022 RTZ 4 (ceia) elapsed time: 16.201722 seconds (0d 0h 0m 16s)

---------------  T H R E A D  ---------------

Current thread (0x00000014e9310800):  JavaThread "C2 CompilerThread1" daemon [_thread_in_native, id=3876, stack(0x00000014ece20000,0x00000014ecf20000)]


Current CompileTask:
C2:  16201 3849       4       java.lang.invoke.MethodType::makeImpl (108 bytes)

Stack: [0x00000014ece20000,0x00000014ecf20000]
Native frames: (J=compiled Java code, j=interpreted, Vv=VM code, C=native code)
V  [jvm.dll+0x6100fa]
V  [jvm.dll+0x747090]
V  [jvm.dll+0x7486ad]
V  [jvm.dll+0x748d83]
V  [jvm.dll+0x24ab48]
V  [jvm.dll+0xc04dc]
V  [jvm.dll+0xc0a0c]
V  [jvm.dll+0x2bfab4]
V  [jvm.dll+0x524238]
V  [jvm.dll+0x204a21]
V  [jvm.dll+0x2023c2]
V  [jvm.dll+0x188e01]
V  [jvm.dll+0x21106b]
V  [jvm.dll+0x20f8c1]
V  [jvm.dll+0x70de0f]
V  [jvm.dll+0x706a75]
V  [jvm.dll+0x60ed66]
C  [ucrtbase.DLL+0x1f4a0]
C  [KERNEL32.DLL+0x1412]
C  [ntdll.dll+0x15504]


---------------  P R O C E S S  ---------------

Threads class SMR info:
_java_thread_list=0x00000014edab8e30, length=34, elements={
0x00000014c9b25800, 0x00000014e445d000, 0x00000014e445e800, 0x00000014e44b8800,
0x00000014e44ba800, 0x00000014e44bc000, 0x00000014e44bd000, 0x00000014e3a4e000,
0x00000014e451b000, 0x00000014e460e800, 0x00000014e8a04800, 0x00000014e6cf2800,
0x00000014e777f000, 0x00000014e804f800, 0x00000014e75c4800, 0x00000014e6410000,
0x00000014e5f0d800, 0x00000014e7879800, 0x00000014e787a000, 0x00000014e7b69000,
0x00000014e7f5e800, 0x00000014e7f5d000, 0x00000014e7f5c000, 0x00000014e7f5f800,
0x00000014e7f60000, 0x00000014e7f5d800, 0x00000014e7f62800, 0x00000014e7f61000,
0x00000014e9310800, 0x00000014e7f62000, 0x00000014e95cd800, 0x00000014e95cf000,
0x00000014e95cc800, 0x00000014e95d0800
}

Java Threads: ( => current thread )
  0x00000014c9b25800 JavaThread "main" [_thread_blocked, id=4972, stack(0x00000014c7a50000,0x00000014c7b50000)]
  0x00000014e445d000 JavaThread "Reference Handler" daemon [_thread_blocked, id=4148, stack(0x00000014e4950000,0x00000014e4a50000)]
  0x00000014e445e800 JavaThread "Finalizer" daemon [_thread_blocked, id=1552, stack(0x00000014e4a50000,0x00000014e4b50000)]
  0x00000014e44b8800 JavaThread "Signal Dispatcher" daemon [_thread_blocked, id=164, stack(0x00000014e4c30000,0x00000014e4d30000)]
  0x00000014e44ba800 JavaThread "Attach Listener" daemon [_thread_blocked, id=4244, stack(0x00000014e4d30000,0x00000014e4e30000)]
  0x00000014e44bc000 JavaThread "Service Thread" daemon [_thread_blocked, id=1712, stack(0x00000014e4e30000,0x00000014e4f30000)]
  0x00000014e44bd000 JavaThread "C2 CompilerThread0" daemon [_thread_blocked, id=2372, stack(0x00000014e4f30000,0x00000014e5030000)]
  0x00000014e3a4e000 JavaThread "C1 CompilerThread0" daemon [_thread_blocked, id=4156, stack(0x00000014e5030000,0x00000014e5130000)]
  0x00000014e451b000 JavaThread "Sweeper thread" daemon [_thread_blocked, id=2068, stack(0x00000014e5130000,0x00000014e5230000)]
  0x00000014e460e800 JavaThread "Common-Cleaner" daemon [_thread_blocked, id=4828, stack(0x00000014e5230000,0x00000014e5330000)]
  0x00000014e8a04800 JavaThread "Daemon health stats" [_thread_blocked, id=4252, stack(0x00000014e98a0000,0x00000014e99a0000)]
  0x00000014e6cf2800 JavaThread "Incoming local TCP Connector on port 50061" [_thread_in_native, id=4880, stack(0x00000014e99a0000,0x00000014e9aa0000)]
  0x00000014e777f000 JavaThread "Daemon periodic checks" [_thread_blocked, id=4256, stack(0x00000014e5c30000,0x00000014e5d30000)]
  0x00000014e804f800 JavaThread "Daemon" [_thread_blocked, id=2108, stack(0x00000014ea040000,0x00000014ea140000)]
  0x00000014e75c4800 JavaThread "Handler for socket connection from /127.0.0.1:50061 to /127.0.0.1:50062" [_thread_in_native, id=3912, stack(0x00000014ea140000,0x00000014ea240000)]
  0x00000014e6410000 JavaThread "Cancel handler" [_thread_blocked, id=744, stack(0x00000014ea240000,0x00000014ea340000)]
  0x00000014e5f0d800 JavaThread "Daemon worker" [_thread_in_vm, id=4644, stack(0x00000014ea340000,0x00000014ea440000)]
  0x00000014e7879800 JavaThread "Asynchronous log dispatcher for DefaultDaemonConnection: socket connection from /127.0.0.1:50061 to /127.0.0.1:50062" [_thread_blocked, id=4680, stack(0x00000014ea440000,0x00000014ea540000)]
  0x00000014e787a000 JavaThread "Stdin handler" [_thread_blocked, id=2356, stack(0x00000014ea540000,0x00000014ea640000)]
  0x00000014e7b69000 JavaThread "Daemon client event forwarder" [_thread_blocked, id=4696, stack(0x00000014ea740000,0x00000014ea840000)]
  0x00000014e7f5e800 JavaThread "Cache worker for journal cache (C:\Users\Nadezhda S\.gradle\caches\journal-1)" [_thread_blocked, id=4348, stack(0x00000014eab40000,0x00000014eac40000)]
  0x00000014e7f5d000 JavaThread "File lock request listener" [_thread_in_native, id=4220, stack(0x00000014eac40000,0x00000014ead40000)]
  0x00000014e7f5c000 JavaThread "Cache worker for file hash cache (C:\Users\Nadezhda S\.gradle\caches\7.4\fileHashes)" [_thread_blocked, id=4528, stack(0x00000014ead40000,0x00000014eae40000)]
  0x00000014e7f5f800 JavaThread "Cache worker for checksums cache (C:\Users\Nadezhda S\AndroidStudioProjects\RoomProject\.gradle\7.4\checksums)" [_thread_blocked, id=4384, stack(0x00000014ec720000,0x00000014ec820000)]
  0x00000014e7f60000 JavaThread "Cache worker for cache directory md-rule (C:\Users\Nadezhda S\.gradle\caches\7.4\md-rule)" [_thread_blocked, id=3356, stack(0x00000014ec820000,0x00000014ec920000)]
  0x00000014e7f5d800 JavaThread "Cache worker for file hash cache (C:\Users\Nadezhda S\AndroidStudioProjects\RoomProject\.gradle\7.4\fileHashes)" [_thread_blocked, id=4176, stack(0x00000014eb440000,0x00000014eb540000)]
  0x00000014e7f62800 JavaThread "Cache worker for cache directory md-supplier (C:\Users\Nadezhda S\.gradle\caches\7.4\md-supplier)" [_thread_blocked, id=4932, stack(0x00000014ec5b0000,0x00000014ec6b0000)]
  0x00000014e7f61000 JavaThread "Cache worker for execution history cache (C:\Users\Nadezhda S\.gradle\caches\7.4\executionHistory)" [_thread_blocked, id=4428, stack(0x00000014ecb20000,0x00000014ecc20000)]
=>0x00000014e9310800 JavaThread "C2 CompilerThread1" daemon [_thread_in_native, id=3876, stack(0x00000014ece20000,0x00000014ecf20000)]
  0x00000014e7f62000 JavaThread "jar transforms" [_thread_blocked, id=2456, stack(0x00000014ed520000,0x00000014ed620000)]
  0x00000014e95cd800 JavaThread "Cache worker for file content cache (C:\Users\Nadezhda S\.gradle\caches\7.4\fileContent)" [_thread_blocked, id=4084, stack(0x00000014ed620000,0x00000014ed720000)]
  0x00000014e95cf000 JavaThread "jar transforms Thread 2" [_thread_blocked, id=4580, stack(0x00000014ed920000,0x00000014eda20000)]
  0x00000014e95cc800 JavaThread "Cache worker for dependencies-accessors (C:\Users\Nadezhda S\AndroidStudioProjects\RoomProject\.gradle\7.4\dependencies-accessors)" [_thread_blocked, id=4892, stack(0x00000014ee9f0000,0x00000014eeaf0000)]
  0x00000014e95d0800 JavaThread "jar transforms Thread 3" [_thread_blocked, id=1672, stack(0x00000014ef1f0000,0x00000014ef2f0000)]

Other Threads:
  0x00000014e4454000 VMThread "VM Thread" [stack: 0x00000014e4850000,0x00000014e4950000] [id=4820]
  0x00000014e4625800 WatcherThread [stack: 0x00000014e5330000,0x00000014e5430000] [id=4188]
  0x00000014c9b3e800 GCTaskThread "GC Thread#0" [stack: 0x00000014c94b0000,0x00000014c95b0000] [id=3152]
  0x00000014e5feb000 GCTaskThread "GC Thread#1" [stack: 0x00000014e6d00000,0x00000014e6e00000] [id=1860]
  0x00000014e5bca800 GCTaskThread "GC Thread#2" [stack: 0x00000014e6e00000,0x00000014e6f00000] [id=872]
  0x00000014e78de000 GCTaskThread "GC Thread#3" [stack: 0x00000014ea840000,0x00000014ea940000] [id=4808]
  0x00000014c9b70800 ConcurrentGCThread "G1 Main Marker" [stack: 0x00000014e1210000,0x00000014e1310000] [id=1936]
  0x00000014c9b73000 ConcurrentGCThread "G1 Conc#0" [stack: 0x00000014e1310000,0x00000014e1410000] [id=4168]
  0x00000014e3888800 ConcurrentGCThread "G1 Refine#0" [stack: 0x00000014e3a50000,0x00000014e3b50000] [id=4496]
  0x00000014e3889000 ConcurrentGCThread "G1 Young RemSet Sampling" [stack: 0x00000014e3b50000,0x00000014e3c50000] [id=3676]

Threads with active compile tasks:
C2 CompilerThread1  16252 3849       4       java.lang.invoke.MethodType::makeImpl (108 bytes)

VM state:not at safepoint (normal execution)

VM Mutex/Monitor currently owned by a thread: None

Heap address: 0x0000000080000000, size: 2048 MB, Compressed Oops mode: 32-bit
Narrow klass base: 0x0000000000000000, Narrow klass shift: 3
Compressed class space size: 1073741824 Address: 0x0000000100000000

Heap:
 garbage-first heap   total 164864K, used 80593K [0x0000000080000000, 0x0000000100000000)
  region size 1024K, 62 young (63488K), 11 survivors (11264K)
 Metaspace       used 45992K, capacity 47011K, committed 47312K, reserved 1091584K
  class space    used 5813K, capacity 6197K, committed 6272K, reserved 1048576K
Heap Regions: E=young(eden), S=young(survivor), O=old, HS=humongous(starts), HC=humongous(continues), CS=collection set, F=free, A=archive, TAMS=top-at-mark-start (previous, next)
|   0|0x0000000080000000, 0x0000000080100000, 0x0000000080100000|100%|HS|  |TAMS 0x0000000080100000, 0x0000000080000000| Complete 
|   1|0x0000000080100000, 0x0000000080200000, 0x0000000080200000|100%|HC|  |TAMS 0x0000000080200000, 0x0000000080100000| Complete 
|   2|0x0000000080200000, 0x0000000080300000, 0x0000000080300000|100%|HC|  |TAMS 0x0000000080300000, 0x0000000080200000| Complete 
|   3|0x0000000080300000, 0x0000000080400000, 0x0000000080400000|100%| O|  |TAMS 0x0000000080400000, 0x0000000080300000| Untracked 
|   4|0x0000000080400000, 0x0000000080500000, 0x0000000080500000|100%| O|  |TAMS 0x0000000080500000, 0x0000000080400000| Untracked 
|   5|0x0000000080500000, 0x0000000080600000, 0x0000000080600000|100%| O|  |TAMS 0x0000000080600000, 0x0000000080500000| Untracked 
|   6|0x0000000080600000, 0x0000000080700000, 0x0000000080700000|100%| O|  |TAMS 0x0000000080700000, 0x0000000080600000| Untracked 
|   7|0x0000000080700000, 0x0000000080800000, 0x0000000080800000|100%| O|  |TAMS 0x0000000080800000, 0x0000000080700000| Untracked 
|   8|0x0000000080800000, 0x0000000080900000, 0x0000000080900000|100%| O|  |TAMS 0x0000000080900000, 0x0000000080800000| Untracked 
|   9|0x0000000080900000, 0x0000000080a00000, 0x0000000080a00000|100%| O|  |TAMS 0x0000000080a00000, 0x0000000080900000| Untracked 
|  10|0x0000000080a00000, 0x0000000080b00000, 0x0000000080b00000|100%| O|  |TAMS 0x0000000080b00000, 0x0000000080a00000| Untracked 
|  11|0x0000000080b00000, 0x0000000080c00000, 0x0000000080c00000|100%| O|  |TAMS 0x0000000080c00000, 0x0000000080b00000| Untracked 
|  12|0x0000000080c00000, 0x0000000080d00000, 0x0000000080d00000|100%| O|  |TAMS 0x0000000080d00000, 0x0000000080c00000| Untracked 
|  13|0x0000000080d00000, 0x0000000080e00000, 0x0000000080e00000|100%| O|  |TAMS 0x0000000080e00000, 0x0000000080d00000| Untracked 
|  14|0x0000000080e00000, 0x0000000080f00000, 0x0000000080f00000|100%| O|  |TAMS 0x0000000080f00000, 0x0000000080e00000| Untracked 
|  15|0x0000000080f00000, 0x0000000081000000, 0x0000000081000000|100%| O|  |TAMS 0x0000000081000000, 0x0000000080f00000| Untracked 
|  16|0x0000000081000000, 0x0000000081100000, 0x0000000081100000|100%| O|  |TAMS 0x0000000081042400, 0x0000000081000000| Untracked 
|  17|0x0000000081100000, 0x0000000081200000, 0x0000000081200000|100%|HS|  |TAMS 0x0000000081100000, 0x0000000081100000| Complete 
|  18|0x0000000081200000, 0x0000000081200000, 0x0000000081300000|  0%| F|  |TAMS 0x0000000081200000, 0x0000000081200000| Untracked 
|  19|0x0000000081300000, 0x0000000081300000, 0x0000000081400000|  0%| F|  |TAMS 0x0000000081300000, 0x0000000081300000| Untracked 
|  20|0x0000000081400000, 0x00000000814b4400, 0x0000000081500000| 70%| O|  |TAMS 0x0000000081400000, 0x0000000081400000| Untracked 
|  21|0x0000000081500000, 0x0000000081500000, 0x0000000081600000|  0%| F|  |TAMS 0x0000000081500000, 0x0000000081500000| Untracked 
|  22|0x0000000081600000, 0x0000000081600000, 0x0000000081700000|  0%| F|  |TAMS 0x0000000081600000, 0x0000000081600000| Untracked 
|  23|0x0000000081700000, 0x0000000081700000, 0x0000000081800000|  0%| F|  |TAMS 0x0000000081700000, 0x0000000081700000| Untracked 
|  24|0x0000000081800000, 0x0000000081800000, 0x0000000081900000|  0%| F|  |TAMS 0x0000000081800000, 0x0000000081800000| Untracked 
|  25|0x0000000081900000, 0x0000000081900000, 0x0000000081a00000|  0%| F|  |TAMS 0x0000000081900000, 0x0000000081900000| Untracked 
|  26|0x0000000081a00000, 0x0000000081a00000, 0x0000000081b00000|  0%| F|  |TAMS 0x0000000081a00000, 0x0000000081a00000| Untracked 
|  27|0x0000000081b00000, 0x0000000081b00000, 0x0000000081c00000|  0%| F|  |TAMS 0x0000000081b00000, 0x0000000081b00000| Untracked 
|  28|0x0000000081c00000, 0x0000000081c00000, 0x0000000081d00000|  0%| F|  |TAMS 0x0000000081c00000, 0x0000000081c00000| Untracked 
|  29|0x0000000081d00000, 0x0000000081d00000, 0x0000000081e00000|  0%| F|  |TAMS 0x0000000081d00000, 0x0000000081d00000| Untracked 
|  30|0x0000000081e00000, 0x0000000081e00000, 0x0000000081f00000|  0%| F|  |TAMS 0x0000000081e00000, 0x0000000081e00000| Untracked 
|  31|0x0000000081f00000, 0x0000000081f00000, 0x0000000082000000|  0%| F|  |TAMS 0x0000000081f00000, 0x0000000081f00000| Untracked 
|  32|0x0000000082000000, 0x0000000082000000, 0x0000000082100000|  0%| F|  |TAMS 0x0000000082000000, 0x0000000082000000| Untracked 
|  33|0x0000000082100000, 0x0000000082100000, 0x0000000082200000|  0%| F|  |TAMS 0x0000000082100000, 0x0000000082100000| Untracked 
|  34|0x0000000082200000, 0x0000000082200000, 0x0000000082300000|  0%| F|  |TAMS 0x0000000082200000, 0x0000000082200000| Untracked 
|  35|0x0000000082300000, 0x0000000082300000, 0x0000000082400000|  0%| F|  |TAMS 0x0000000082300000, 0x0000000082300000| Untracked 
|  36|0x0000000082400000, 0x0000000082400000, 0x0000000082500000|  0%| F|  |TAMS 0x0000000082400000, 0x0000000082400000| Untracked 
|  37|0x0000000082500000, 0x0000000082500000, 0x0000000082600000|  0%| F|  |TAMS 0x0000000082500000, 0x0000000082500000| Untracked 
|  38|0x0000000082600000, 0x0000000082600000, 0x0000000082700000|  0%| F|  |TAMS 0x0000000082600000, 0x0000000082600000| Untracked 
|  39|0x0000000082700000, 0x0000000082700000, 0x0000000082800000|  0%| F|  |TAMS 0x0000000082700000, 0x0000000082700000| Untracked 
|  40|0x0000000082800000, 0x0000000082800000, 0x0000000082900000|  0%| F|  |TAMS 0x0000000082800000, 0x0000000082800000| Untracked 
|  41|0x0000000082900000, 0x0000000082900000, 0x0000000082a00000|  0%| F|  |TAMS 0x0000000082900000, 0x0000000082900000| Untracked 
|  42|0x0000000082a00000, 0x0000000082a00000, 0x0000000082b00000|  0%| F|  |TAMS 0x0000000082a00000, 0x0000000082a00000| Untracked 
|  43|0x0000000082b00000, 0x0000000082b00000, 0x0000000082c00000|  0%| F|  |TAMS 0x0000000082b00000, 0x0000000082b00000| Untracked 
|  44|0x0000000082c00000, 0x0000000082c00000, 0x0000000082d00000|  0%| F|  |TAMS 0x0000000082c00000, 0x0000000082c00000| Untracked 
|  45|0x0000000082d00000, 0x0000000082d00000, 0x0000000082e00000|  0%| F|  |TAMS 0x0000000082d00000, 0x0000000082d00000| Untracked 
|  46|0x0000000082e00000, 0x0000000082e00000, 0x0000000082f00000|  0%| F|  |TAMS 0x0000000082e00000, 0x0000000082e00000| Untracked 
|  47|0x0000000082f00000, 0x0000000082f00000, 0x0000000083000000|  0%| F|  |TAMS 0x0000000082f00000, 0x0000000082f00000| Untracked 
|  48|0x0000000083000000, 0x0000000083000000, 0x0000000083100000|  0%| F|  |TAMS 0x0000000083000000, 0x0000000083000000| Untracked 
|  49|0x0000000083100000, 0x0000000083100000, 0x0000000083200000|  0%| F|  |TAMS 0x0000000083100000, 0x0000000083100000| Untracked 
|  50|0x0000000083200000, 0x0000000083200000, 0x0000000083300000|  0%| F|  |TAMS 0x0000000083200000, 0x0000000083200000| Untracked 
|  51|0x0000000083300000, 0x0000000083300000, 0x0000000083400000|  0%| F|  |TAMS 0x0000000083300000, 0x0000000083300000| Untracked 
|  52|0x0000000083400000, 0x0000000083400000, 0x0000000083500000|  0%| F|  |TAMS 0x0000000083400000, 0x0000000083400000| Untracked 
|  53|0x0000000083500000, 0x0000000083500000, 0x0000000083600000|  0%| F|  |TAMS 0x0000000083500000, 0x0000000083500000| Untracked 
|  54|0x0000000083600000, 0x0000000083600000, 0x0000000083700000|  0%| F|  |TAMS 0x0000000083600000, 0x0000000083600000| Untracked 
|  55|0x0000000083700000, 0x0000000083700000, 0x0000000083800000|  0%| F|  |TAMS 0x0000000083700000, 0x0000000083700000| Untracked 
|  56|0x0000000083800000, 0x0000000083800000, 0x0000000083900000|  0%| F|  |TAMS 0x0000000083800000, 0x0000000083800000| Untracked 
|  57|0x0000000083900000, 0x0000000083900000, 0x0000000083a00000|  0%| F|  |TAMS 0x0000000083900000, 0x0000000083900000| Untracked 
|  58|0x0000000083a00000, 0x0000000083a00000, 0x0000000083b00000|  0%| F|  |TAMS 0x0000000083a00000, 0x0000000083a00000| Untracked 
|  59|0x0000000083b00000, 0x0000000083b00000, 0x0000000083c00000|  0%| F|  |TAMS 0x0000000083b00000, 0x0000000083b00000| Untracked 
|  60|0x0000000083c00000, 0x0000000083c00000, 0x0000000083d00000|  0%| F|  |TAMS 0x0000000083c00000, 0x0000000083c00000| Untracked 
|  61|0x0000000083d00000, 0x0000000083d00000, 0x0000000083e00000|  0%| F|  |TAMS 0x0000000083d00000, 0x0000000083d00000| Untracked 
|  62|0x0000000083e00000, 0x0000000083e00000, 0x0000000083f00000|  0%| F|  |TAMS 0x0000000083e00000, 0x0000000083e00000| Untracked 
|  63|0x0000000083f00000, 0x0000000083f00000, 0x0000000084000000|  0%| F|  |TAMS 0x0000000083f00000, 0x0000000083f00000| Untracked 
|  64|0x0000000084000000, 0x0000000084000000, 0x0000000084100000|  0%| F|  |TAMS 0x0000000084000000, 0x0000000084000000| Untracked 
|  65|0x0000000084100000, 0x0000000084100000, 0x0000000084200000|  0%| F|  |TAMS 0x0000000084100000, 0x0000000084100000| Untracked 
|  66|0x0000000084200000, 0x0000000084300000, 0x0000000084300000|100%| S|CS|TAMS 0x0000000084200000, 0x0000000084200000| Complete 
|  67|0x0000000084300000, 0x0000000084400000, 0x0000000084400000|100%| S|CS|TAMS 0x0000000084300000, 0x0000000084300000| Complete 
|  68|0x0000000084400000, 0x0000000084500000, 0x0000000084500000|100%| S|CS|TAMS 0x0000000084400000, 0x0000000084400000| Complete 
|  69|0x0000000084500000, 0x0000000084600000, 0x0000000084600000|100%| S|CS|TAMS 0x0000000084500000, 0x0000000084500000| Complete 
|  70|0x0000000084600000, 0x0000000084700000, 0x0000000084700000|100%| S|CS|TAMS 0x0000000084600000, 0x0000000084600000| Complete 
|  71|0x0000000084700000, 0x0000000084800000, 0x0000000084800000|100%| S|CS|TAMS 0x0000000084700000, 0x0000000084700000| Complete 
|  72|0x0000000084800000, 0x0000000084900000, 0x0000000084900000|100%| S|CS|TAMS 0x0000000084800000, 0x0000000084800000| Complete 
|  73|0x0000000084900000, 0x0000000084a00000, 0x0000000084a00000|100%| S|CS|TAMS 0x0000000084900000, 0x0000000084900000| Complete 
|  74|0x0000000084a00000, 0x0000000084b00000, 0x0000000084b00000|100%| S|CS|TAMS 0x0000000084a00000, 0x0000000084a00000| Complete 
|  75|0x0000000084b00000, 0x0000000084c00000, 0x0000000084c00000|100%| S|CS|TAMS 0x0000000084b00000, 0x0000000084b00000| Complete 
|  76|0x0000000084c00000, 0x0000000084d00000, 0x0000000084d00000|100%| S|CS|TAMS 0x0000000084c00000, 0x0000000084c00000| Complete 
|  77|0x0000000084d00000, 0x0000000084d00000, 0x0000000084e00000|  0%| F|  |TAMS 0x0000000084d00000, 0x0000000084d00000| Untracked 
|  78|0x0000000084e00000, 0x0000000084e00000, 0x0000000084f00000|  0%| F|  |TAMS 0x0000000084e00000, 0x0000000084e00000| Untracked 
|  79|0x0000000084f00000, 0x0000000084f00000, 0x0000000085000000|  0%| F|  |TAMS 0x0000000084f00000, 0x0000000084f00000| Untracked 
|  80|0x0000000085000000, 0x0000000085000000, 0x0000000085100000|  0%| F|  |TAMS 0x0000000085000000, 0x0000000085000000| Untracked 
|  81|0x0000000085100000, 0x0000000085100000, 0x0000000085200000|  0%| F|  |TAMS 0x0000000085100000, 0x0000000085100000| Untracked 
|  82|0x0000000085200000, 0x0000000085200000, 0x0000000085300000|  0%| F|  |TAMS 0x0000000085200000, 0x0000000085200000| Untracked 
|  83|0x0000000085300000, 0x0000000085300000, 0x0000000085400000|  0%| F|  |TAMS 0x0000000085300000, 0x0000000085300000| Untracked 
|  84|0x0000000085400000, 0x0000000085400000, 0x0000000085500000|  0%| F|  |TAMS 0x0000000085400000, 0x0000000085400000| Untracked 
|  85|0x0000000085500000, 0x0000000085500000, 0x0000000085600000|  0%| F|  |TAMS 0x0000000085500000, 0x0000000085500000| Untracked 
|  86|0x0000000085600000, 0x0000000085600000, 0x0000000085700000|  0%| F|  |TAMS 0x0000000085600000, 0x0000000085600000| Untracked 
|  87|0x0000000085700000, 0x0000000085700000, 0x0000000085800000|  0%| F|  |TAMS 0x0000000085700000, 0x0000000085700000| Untracked 
|  88|0x0000000085800000, 0x0000000085800000, 0x0000000085900000|  0%| F|  |TAMS 0x0000000085800000, 0x0000000085800000| Untracked 
|  89|0x0000000085900000, 0x0000000085900000, 0x0000000085a00000|  0%| F|  |TAMS 0x0000000085900000, 0x0000000085900000| Untracked 
|  90|0x0000000085a00000, 0x0000000085a00000, 0x0000000085b00000|  0%| F|  |TAMS 0x0000000085a00000, 0x0000000085a00000| Untracked 
|  91|0x0000000085b00000, 0x0000000085b00000, 0x0000000085c00000|  0%| F|  |TAMS 0x0000000085b00000, 0x0000000085b00000| Untracked 
|  92|0x0000000085c00000, 0x0000000085c00000, 0x0000000085d00000|  0%| F|  |TAMS 0x0000000085c00000, 0x0000000085c00000| Untracked 
|  93|0x0000000085d00000, 0x0000000085d00000, 0x0000000085e00000|  0%| F|  |TAMS 0x0000000085d00000, 0x0000000085d00000| Untracked 
|  94|0x0000000085e00000, 0x0000000085e00000, 0x0000000085f00000|  0%| F|  |TAMS 0x0000000085e00000, 0x0000000085e00000| Untracked 
|  95|0x0000000085f00000, 0x0000000085f00000, 0x0000000086000000|  0%| F|  |TAMS 0x0000000085f00000, 0x0000000085f00000| Untracked 
|  96|0x0000000086000000, 0x0000000086000000, 0x0000000086100000|  0%| F|  |TAMS 0x0000000086000000, 0x0000000086000000| Untracked 
|  97|0x0000000086100000, 0x0000000086100000, 0x0000000086200000|  0%| F|  |TAMS 0x0000000086100000, 0x0000000086100000| Untracked 
|  98|0x0000000086200000, 0x0000000086200000, 0x0000000086300000|  0%| F|  |TAMS 0x0000000086200000, 0x0000000086200000| Untracked 
|  99|0x0000000086300000, 0x0000000086300000, 0x0000000086400000|  0%| F|  |TAMS 0x0000000086300000, 0x0000000086300000| Untracked 
| 100|0x0000000086400000, 0x0000000086400000, 0x0000000086500000|  0%| F|  |TAMS 0x0000000086400000, 0x0000000086400000| Untracked 
| 101|0x0000000086500000, 0x0000000086500000, 0x0000000086600000|  0%| F|  |TAMS 0x0000000086500000, 0x0000000086500000| Untracked 
| 102|0x0000000086600000, 0x0000000086600000, 0x0000000086700000|  0%| F|  |TAMS 0x0000000086600000, 0x0000000086600000| Untracked 
| 103|0x0000000086700000, 0x0000000086700000, 0x0000000086800000|  0%| F|  |TAMS 0x0000000086700000, 0x0000000086700000| Untracked 
| 104|0x0000000086800000, 0x0000000086800000, 0x0000000086900000|  0%| F|  |TAMS 0x0000000086800000, 0x0000000086800000| Untracked 
| 105|0x0000000086900000, 0x0000000086900000, 0x0000000086a00000|  0%| F|  |TAMS 0x0000000086900000, 0x0000000086900000| Untracked 
| 106|0x0000000086a00000, 0x0000000086a00000, 0x0000000086b00000|  0%| F|  |TAMS 0x0000000086a00000, 0x0000000086a00000| Untracked 
| 107|0x0000000086b00000, 0x0000000086b00000, 0x0000000086c00000|  0%| F|  |TAMS 0x0000000086b00000, 0x0000000086b00000| Untracked 
| 108|0x0000000086c00000, 0x0000000086c00000, 0x0000000086d00000|  0%| F|  |TAMS 0x0000000086c00000, 0x0000000086c00000| Untracked 
| 109|0x0000000086d00000, 0x0000000086d00000, 0x0000000086e00000|  0%| F|  |TAMS 0x0000000086d00000, 0x0000000086d00000| Untracked 
| 110|0x0000000086e00000, 0x0000000086e81c10, 0x0000000086f00000| 50%| E|  |TAMS 0x0000000086e00000, 0x0000000086e00000| Complete 
| 111|0x0000000086f00000, 0x0000000087000000, 0x0000000087000000|100%| E|CS|TAMS 0x0000000086f00000, 0x0000000086f00000| Complete 
| 112|0x0000000087000000, 0x0000000087100000, 0x0000000087100000|100%| E|CS|TAMS 0x0000000087000000, 0x0000000087000000| Complete 
| 113|0x0000000087100000, 0x0000000087200000, 0x0000000087200000|100%| E|CS|TAMS 0x0000000087100000, 0x0000000087100000| Complete 
| 114|0x0000000087200000, 0x0000000087300000, 0x0000000087300000|100%| E|CS|TAMS 0x0000000087200000, 0x0000000087200000| Complete 
| 115|0x0000000087300000, 0x0000000087400000, 0x0000000087400000|100%| E|CS|TAMS 0x0000000087300000, 0x0000000087300000| Complete 
| 116|0x0000000087400000, 0x0000000087500000, 0x0000000087500000|100%| E|CS|TAMS 0x0000000087400000, 0x0000000087400000| Complete 
| 117|0x0000000087500000, 0x0000000087600000, 0x0000000087600000|100%| E|CS|TAMS 0x0000000087500000, 0x0000000087500000| Complete 
| 118|0x0000000087600000, 0x0000000087700000, 0x0000000087700000|100%| E|CS|TAMS 0x0000000087600000, 0x0000000087600000| Complete 
| 119|0x0000000087700000, 0x0000000087800000, 0x0000000087800000|100%| E|CS|TAMS 0x0000000087700000, 0x0000000087700000| Complete 
| 120|0x0000000087800000, 0x0000000087900000, 0x0000000087900000|100%| E|CS|TAMS 0x0000000087800000, 0x0000000087800000| Complete 
| 121|0x0000000087900000, 0x0000000087a00000, 0x0000000087a00000|100%| E|CS|TAMS 0x0000000087900000, 0x0000000087900000| Complete 
| 122|0x0000000087a00000, 0x0000000087b00000, 0x0000000087b00000|100%| E|CS|TAMS 0x0000000087a00000, 0x0000000087a00000| Complete 
| 123|0x0000000087b00000, 0x0000000087c00000, 0x0000000087c00000|100%| E|CS|TAMS 0x0000000087b00000, 0x0000000087b00000| Complete 
| 124|0x0000000087c00000, 0x0000000087d00000, 0x0000000087d00000|100%| E|CS|TAMS 0x0000000087c00000, 0x0000000087c00000| Complete 
| 125|0x0000000087d00000, 0x0000000087e00000, 0x0000000087e00000|100%| E|CS|TAMS 0x0000000087d00000, 0x0000000087d00000| Complete 
| 126|0x0000000087e00000, 0x0000000087f00000, 0x0000000087f00000|100%| E|CS|TAMS 0x0000000087e00000, 0x0000000087e00000| Complete 
| 127|0x0000000087f00000, 0x0000000088000000, 0x0000000088000000|100%| E|CS|TAMS 0x0000000087f00000, 0x0000000087f00000| Complete 
| 128|0x0000000088000000, 0x0000000088100000, 0x0000000088100000|100%| E|CS|TAMS 0x0000000088000000, 0x0000000088000000| Complete 
| 129|0x0000000088100000, 0x0000000088200000, 0x0000000088200000|100%| E|CS|TAMS 0x0000000088100000, 0x0000000088100000| Complete 
| 130|0x0000000088200000, 0x0000000088300000, 0x0000000088300000|100%| E|CS|TAMS 0x0000000088200000, 0x0000000088200000| Complete 
| 131|0x0000000088300000, 0x0000000088400000, 0x0000000088400000|100%| E|CS|TAMS 0x0000000088300000, 0x0000000088300000| Complete 
| 132|0x0000000088400000, 0x0000000088500000, 0x0000000088500000|100%| E|CS|TAMS 0x0000000088400000, 0x0000000088400000| Complete 
| 133|0x0000000088500000, 0x0000000088600000, 0x0000000088600000|100%| E|CS|TAMS 0x0000000088500000, 0x0000000088500000| Complete 
| 134|0x0000000088600000, 0x0000000088700000, 0x0000000088700000|100%| E|CS|TAMS 0x0000000088600000, 0x0000000088600000| Complete 
| 135|0x0000000088700000, 0x0000000088800000, 0x0000000088800000|100%| E|CS|TAMS 0x0000000088700000, 0x0000000088700000| Complete 
| 136|0x0000000088800000, 0x0000000088900000, 0x0000000088900000|100%| E|CS|TAMS 0x0000000088800000, 0x0000000088800000| Complete 
| 137|0x0000000088900000, 0x0000000088a00000, 0x0000000088a00000|100%| E|CS|TAMS 0x0000000088900000, 0x0000000088900000| Complete 
| 138|0x0000000088a00000, 0x0000000088b00000, 0x0000000088b00000|100%| E|CS|TAMS 0x0000000088a00000, 0x0000000088a00000| Complete 
| 139|0x0000000088b00000, 0x0000000088c00000, 0x0000000088c00000|100%| E|CS|TAMS 0x0000000088b00000, 0x0000000088b00000| Complete 
| 140|0x0000000088c00000, 0x0000000088d00000, 0x0000000088d00000|100%| E|CS|TAMS 0x0000000088c00000, 0x0000000088c00000| Complete 
| 141|0x0000000088d00000, 0x0000000088e00000, 0x0000000088e00000|100%| E|CS|TAMS 0x0000000088d00000, 0x0000000088d00000| Complete 
| 142|0x0000000088e00000, 0x0000000088f00000, 0x0000000088f00000|100%| E|CS|TAMS 0x0000000088e00000, 0x0000000088e00000| Complete 
| 143|0x0000000088f00000, 0x0000000089000000, 0x0000000089000000|100%| E|CS|TAMS 0x0000000088f00000, 0x0000000088f00000| Complete 
| 144|0x0000000089000000, 0x0000000089100000, 0x0000000089100000|100%| E|CS|TAMS 0x0000000089000000, 0x0000000089000000| Complete 
| 145|0x0000000089100000, 0x0000000089200000, 0x0000000089200000|100%| E|CS|TAMS 0x0000000089100000, 0x0000000089100000| Complete 
| 146|0x0000000089200000, 0x0000000089300000, 0x0000000089300000|100%| E|  |TAMS 0x0000000089200000, 0x0000000089200000| Complete 
| 147|0x0000000089300000, 0x0000000089400000, 0x0000000089400000|100%| E|CS|TAMS 0x0000000089300000, 0x0000000089300000| Complete 
| 148|0x0000000089400000, 0x0000000089500000, 0x0000000089500000|100%| E|CS|TAMS 0x0000000089400000, 0x0000000089400000| Complete 
| 149|0x0000000089500000, 0x0000000089600000, 0x0000000089600000|100%| E|CS|TAMS 0x0000000089500000, 0x0000000089500000| Complete 
| 150|0x0000000089600000, 0x0000000089700000, 0x0000000089700000|100%| E|CS|TAMS 0x0000000089600000, 0x0000000089600000| Complete 
| 151|0x0000000089700000, 0x0000000089800000, 0x0000000089800000|100%| E|CS|TAMS 0x0000000089700000, 0x0000000089700000| Complete 
| 152|0x0000000089800000, 0x0000000089900000, 0x0000000089900000|100%| E|CS|TAMS 0x0000000089800000, 0x0000000089800000| Complete 
| 153|0x0000000089900000, 0x0000000089a00000, 0x0000000089a00000|100%| E|CS|TAMS 0x0000000089900000, 0x0000000089900000| Complete 
| 154|0x0000000089a00000, 0x0000000089b00000, 0x0000000089b00000|100%| E|CS|TAMS 0x0000000089a00000, 0x0000000089a00000| Complete 
| 155|0x0000000089b00000, 0x0000000089c00000, 0x0000000089c00000|100%| E|CS|TAMS 0x0000000089b00000, 0x0000000089b00000| Complete 
| 156|0x0000000089c00000, 0x0000000089d00000, 0x0000000089d00000|100%| E|CS|TAMS 0x0000000089c00000, 0x0000000089c00000| Complete 
| 157|0x0000000089d00000, 0x0000000089e00000, 0x0000000089e00000|100%| E|CS|TAMS 0x0000000089d00000, 0x0000000089d00000| Complete 
| 158|0x0000000089e00000, 0x0000000089f00000, 0x0000000089f00000|100%| E|CS|TAMS 0x0000000089e00000, 0x0000000089e00000| Complete 
| 159|0x0000000089f00000, 0x000000008a000000, 0x000000008a000000|100%| E|CS|TAMS 0x0000000089f00000, 0x0000000089f00000| Complete 
| 160|0x000000008a000000, 0x000000008a100000, 0x000000008a100000|100%| E|CS|TAMS 0x000000008a000000, 0x000000008a000000| Complete 

Card table byte_map: [0x00000014dca10000,0x00000014dce10000] _byte_map_base: 0x00000014dc610000

Marking Bits (Prev, Next): (CMBitMap*) 0x00000014c9b679c8, (CMBitMap*) 0x00000014c9b67a00
 Prev Bits: [0x00000014dd210000, 0x00000014df210000)
 Next Bits: [0x00000014df210000, 0x00000014e1210000)

Polling page: 0x00000014c7b50000

Metaspace:

Usage:
  Non-class:     39.86 MB capacity,    39.25 MB ( 98%) used,   515.44 KB (  1%) free+waste,   108.00 KB ( <1%) overhead. 
      Class:      6.05 MB capacity,     5.68 MB ( 94%) used,   330.83 KB (  5%) free+waste,    51.13 KB ( <1%) overhead. 
       Both:     45.91 MB capacity,    44.93 MB ( 98%) used,   846.27 KB (  2%) free+waste,   159.13 KB ( <1%) overhead. 

Virtual space:
  Non-class space:       42.00 MB reserved,      40.08 MB ( 95%) committed 
      Class space:        1.00 GB reserved,       6.13 MB ( <1%) committed 
             Both:        1.04 GB reserved,      46.20 MB (  4%) committed 

Chunk freelists:
   Non-Class:  33.00 KB
       Class:  11.00 KB
        Both:  44.00 KB

MaxMetaspaceSize: 17179869184.00 GB
CompressedClassSpaceSize: 1.00 GB
Initial GC threshold: 20.80 MB
Current GC threshold: 58.88 MB
CDS: off

CodeHeap 'non-profiled nmethods': size=120064Kb used=2329Kb max_used=2329Kb free=117734Kb
 bounds [0x00000014d50d0000, 0x00000014d5340000, 0x00000014dc610000]
CodeHeap 'profiled nmethods': size=120000Kb used=8293Kb max_used=8293Kb free=111706Kb
 bounds [0x00000014cdba0000, 0x00000014ce3c0000, 0x00000014d50d0000]
CodeHeap 'non-nmethods': size=5696Kb used=2282Kb max_used=2331Kb free=3413Kb
 bounds [0x00000014cd610000, 0x00000014cd880000, 0x00000014cdba0000]
 total_blobs=4619 nmethods=3840 adapters=691
 compilation: enabled
              stopped_count=0, restarted_count=0
 full_count=0

Compilation events (20 events):
Event: 15.752 Thread 0x00000014e9310800 3837       4       sun.net.util.URLUtil::urlNoFragString (114 bytes)
Event: 15.780 Thread 0x00000014e3a4e000 3840       3       org.gradle.internal.instantiation.generator.AsmBackedClassGenerator$ClassBuilderImpl::addGetter (56 bytes)
Event: 15.780 Thread 0x00000014e3a4e000 nmethod 3840 0x00000014ce3b6290 code [0x00000014ce3b64c0, 0x00000014ce3b6a28]
Event: 15.877 Thread 0x00000014e3a4e000 3845       1       java.lang.invoke.DirectMethodHandle$Special::isInvokeSpecial (2 bytes)
Event: 15.878 Thread 0x00000014e3a4e000 nmethod 3845 0x00000014d52fed10 code [0x00000014d52feec0, 0x00000014d52fef78]
Event: 15.911 Thread 0x00000014e9310800 nmethod 3837 0x00000014d52ff010 code [0x00000014d52ff320, 0x00000014d5302580]
Event: 15.912 Thread 0x00000014e9310800 3838       4       org.gradle.internal.instantiation.generator.AbstractClassGenerator$DisabledAnnotationValidator::validateMethod (68 bytes)
Event: 15.920 Thread 0x00000014e9310800 nmethod 3838 0x00000014d5303b90 code [0x00000014d5303d60, 0x00000014d5304118]
Event: 15.921 Thread 0x00000014e9310800 3839       4       org.objectweb.asm.ByteVector::put12 (64 bytes)
Event: 15.923 Thread 0x00000014e9310800 nmethod 3839 0x00000014d5304490 code [0x00000014d5304640, 0x00000014d53047e8]
Event: 15.930 Thread 0x00000014e44bd000 nmethod 3687 0x00000014d5304990 code [0x00000014d5304fc0, 0x00000014d530cf88]
Event: 15.979 Thread 0x00000014e3a4e000 3846       3       java.net.URI$Parser::scan (41 bytes)
Event: 15.980 Thread 0x00000014e3a4e000 nmethod 3846 0x00000014ce3b6c90 code [0x00000014ce3b6f00, 0x00000014ce3b7858]
Event: 16.040 Thread 0x00000014e9310800 3847       4       java.util.jar.JarFile$1::apply (9 bytes)
Event: 16.044 Thread 0x00000014e9310800 nmethod 3847 0x00000014d5311290 code [0x00000014d5311440, 0x00000014d5311718]
Event: 16.053 Thread 0x00000014e44bd000 3848       4       jdk.internal.org.objectweb.asm.ClassWriter::newStringishItem (68 bytes)
Event: 16.074 Thread 0x00000014e44bd000 nmethod 3848 0x00000014d5311910 code [0x00000014d5311b00, 0x00000014d53123d0]
Event: 16.106 Thread 0x00000014e9310800 3849       4       java.lang.invoke.MethodType::makeImpl (108 bytes)
Event: 16.106 Thread 0x00000014e44bd000 3850       4       java.lang.invoke.MethodType$ConcurrentWeakInternSet::get (54 bytes)
Event: 16.181 Thread 0x00000014e44bd000 nmethod 3850 0x00000014d5312f10 code [0x00000014d5313180, 0x00000014d5314c00]

GC Heap History (16 events):
Event: 0.723 GC heap before
{Heap before GC invocations=0 (full 0):
 garbage-first heap   total 131072K, used 16384K [0x0000000080000000, 0x0000000100000000)
  region size 1024K, 14 young (14336K), 0 survivors (0K)
 Metaspace       used 6784K, capacity 7001K, committed 7168K, reserved 1056768K
  class space    used 576K, capacity 650K, committed 768K, reserved 1048576K
}
Event: 0.728 GC heap after
{Heap after GC invocations=1 (full 0):
 garbage-first heap   total 131072K, used 4163K [0x0000000080000000, 0x0000000100000000)
  region size 1024K, 2 young (2048K), 2 survivors (2048K)
 Metaspace       used 6784K, capacity 7001K, committed 7168K, reserved 1056768K
  class space    used 576K, capacity 650K, committed 768K, reserved 1048576K
}
Event: 1.589 GC heap before
{Heap before GC invocations=1 (full 0):
 garbage-first heap   total 131072K, used 30787K [0x0000000080000000, 0x0000000100000000)
  region size 1024K, 25 young (25600K), 2 survivors (2048K)
 Metaspace       used 11198K, capacity 11456K, committed 11520K, reserved 1058816K
  class space    used 1155K, capacity 1244K, committed 1280K, reserved 1048576K
}
Event: 1.597 GC heap after
{Heap after GC invocations=2 (full 0):
 garbage-first heap   total 131072K, used 9646K [0x0000000080000000, 0x0000000100000000)
  region size 1024K, 4 young (4096K), 4 survivors (4096K)
 Metaspace       used 11198K, capacity 11456K, committed 11520K, reserved 1058816K
  class space    used 1155K, capacity 1244K, committed 1280K, reserved 1048576K
}
Event: 1.991 GC heap before
{Heap before GC invocations=2 (full 0):
 garbage-first heap   total 131072K, used 35246K [0x0000000080000000, 0x0000000100000000)
  region size 1024K, 29 young (29696K), 4 survivors (4096K)
 Metaspace       used 11320K, capacity 11584K, committed 11776K, reserved 1060864K
  class space    used 1158K, capacity 1244K, committed 1280K, reserved 1048576K
}
Event: 1.999 GC heap after
{Heap after GC invocations=3 (full 0):
 garbage-first heap   total 131072K, used 14058K [0x0000000080000000, 0x0000000100000000)
  region size 1024K, 4 young (4096K), 4 survivors (4096K)
 Metaspace       used 11320K, capacity 11584K, committed 11776K, reserved 1060864K
  class space    used 1158K, capacity 1244K, committed 1280K, reserved 1048576K
}
Event: 4.002 GC heap before
{Heap before GC invocations=3 (full 0):
 garbage-first heap   total 131072K, used 48874K [0x0000000080000000, 0x0000000100000000)
  region size 1024K, 38 young (38912K), 4 survivors (4096K)
 Metaspace       used 17592K, capacity 18081K, committed 18432K, reserved 1064960K
  class space    used 2040K, capacity 2179K, committed 2304K, reserved 1048576K
}
Event: 4.062 GC heap after
{Heap after GC invocations=4 (full 0):
 garbage-first heap   total 131072K, used 17004K [0x0000000080000000, 0x0000000100000000)
  region size 1024K, 3 young (3072K), 3 survivors (3072K)
 Metaspace       used 17592K, capacity 18081K, committed 18432K, reserved 1064960K
  class space    used 2040K, capacity 2179K, committed 2304K, reserved 1048576K
}
Event: 7.283 GC heap before
{Heap before GC invocations=4 (full 0):
 garbage-first heap   total 131072K, used 45676K [0x0000000080000000, 0x0000000100000000)
  region size 1024K, 32 young (32768K), 3 survivors (3072K)
 Metaspace       used 20759K, capacity 21149K, committed 21296K, reserved 1069056K
  class space    used 2514K, capacity 2648K, committed 2688K, reserved 1048576K
}
Event: 7.293 GC heap after
{Heap after GC invocations=5 (full 0):
 garbage-first heap   total 164864K, used 17921K [0x0000000080000000, 0x0000000100000000)
  region size 1024K, 4 young (4096K), 4 survivors (4096K)
 Metaspace       used 20759K, capacity 21149K, committed 21296K, reserved 1069056K
  class space    used 2514K, capacity 2648K, committed 2688K, reserved 1048576K
}
Event: 10.356 GC heap before
{Heap before GC invocations=6 (full 0):
 garbage-first heap   total 164864K, used 72193K [0x0000000080000000, 0x0000000100000000)
  region size 1024K, 57 young (58368K), 4 survivors (4096K)
 Metaspace       used 26330K, capacity 26954K, committed 27056K, reserved 1073152K
  class space    used 3381K, capacity 3567K, committed 3584K, reserved 1048576K
}
Event: 10.371 GC heap after
{Heap after GC invocations=7 (full 0):
 garbage-first heap   total 164864K, used 19870K [0x0000000080000000, 0x0000000100000000)
  region size 1024K, 6 young (6144K), 6 survivors (6144K)
 Metaspace       used 26330K, capacity 26954K, committed 27056K, reserved 1073152K
  class space    used 3381K, capacity 3567K, committed 3584K, reserved 1048576K
}
Event: 12.420 GC heap before
{Heap before GC invocations=7 (full 0):
 garbage-first heap   total 164864K, used 80286K [0x0000000080000000, 0x0000000100000000)
  region size 1024K, 66 young (67584K), 6 survivors (6144K)
 Metaspace       used 35018K, capacity 35714K, committed 35920K, reserved 1081344K
  class space    used 4470K, capacity 4749K, committed 4864K, reserved 1048576K
}
Event: 12.440 GC heap after
{Heap after GC invocations=8 (full 0):
 garbage-first heap   total 164864K, used 23482K [0x0000000080000000, 0x0000000100000000)
  region size 1024K, 7 young (7168K), 7 survivors (7168K)
 Metaspace       used 35018K, capacity 35714K, committed 35920K, reserved 1081344K
  class space    used 4470K, capacity 4749K, committed 4864K, reserved 1048576K
}
Event: 14.838 GC heap before
{Heap before GC invocations=9 (full 0):
 garbage-first heap   total 164864K, used 104378K [0x0000000080000000, 0x0000000100000000)
  region size 1024K, 84 young (86016K), 7 survivors (7168K)
 Metaspace       used 41400K, capacity 42303K, committed 42576K, reserved 1087488K
  class space    used 5234K, capacity 5566K, committed 5632K, reserved 1048576K
}
Event: 14.870 GC heap after
{Heap after GC invocations=10 (full 0):
 garbage-first heap   total 164864K, used 29393K [0x0000000080000000, 0x0000000100000000)
  region size 1024K, 11 young (11264K), 11 survivors (11264K)
 Metaspace       used 41400K, capacity 42303K, committed 42576K, reserved 1087488K
  class space    used 5234K, capacity 5566K, committed 5632K, reserved 1048576K
}

Deoptimization events (20 events):
Event: 15.090 Thread 0x00000014e5f0d800 Uncommon trap: trap_request=0xffffff4d fr.pc=0x00000014d5227b88 relative=0x00000000000000e8
Event: 15.091 Thread 0x00000014e5f0d800 Uncommon trap: reason=unstable_if action=reinterpret pc=0x00000014d5227b88 method=org.objectweb.asm.ByteVector.putShort(I)Lorg/objectweb/asm/ByteVector; @ 13 c2
Event: 15.091 Thread 0x00000014e5f0d800 DEOPT PACKING pc=0x00000014d5227b88 sp=0x00000014ea438d70
Event: 15.091 Thread 0x00000014e5f0d800 DEOPT UNPACKING pc=0x00000014cd65a1af sp=0x00000014ea438d08 mode 2
Event: 15.187 Thread 0x00000014e5f0d800 Uncommon trap: trap_request=0xffffff4d fr.pc=0x00000014d524bb70 relative=0x0000000000001b70
Event: 15.187 Thread 0x00000014e5f0d800 Uncommon trap: reason=unstable_if action=reinterpret pc=0x00000014d524bb70 method=java.util.concurrent.ConcurrentHashMap.computeIfAbsent(Ljava/lang/Object;Ljava/util/function/Function;)Ljava/lang/Object; @ 123 c2
Event: 15.188 Thread 0x00000014e5f0d800 DEOPT PACKING pc=0x00000014d524bb70 sp=0x00000014ea43a1d0
Event: 15.188 Thread 0x00000014e5f0d800 DEOPT UNPACKING pc=0x00000014cd65a1af sp=0x00000014ea43a160 mode 2
Event: 15.647 Thread 0x00000014e5f0d800 Uncommon trap: trap_request=0xffffff4d fr.pc=0x00000014d515ea8c relative=0x00000000000001cc
Event: 15.647 Thread 0x00000014e5f0d800 Uncommon trap: reason=unstable_if action=reinterpret pc=0x00000014d515ea8c method=java.net.URI$Parser.scan(IILjava/lang/String;)I @ 26 c2
Event: 15.647 Thread 0x00000014e5f0d800 DEOPT PACKING pc=0x00000014d515ea8c sp=0x00000014ea438b90
Event: 15.647 Thread 0x00000014e5f0d800 DEOPT UNPACKING pc=0x00000014cd65a1af sp=0x00000014ea438b20 mode 2
Event: 15.647 Thread 0x00000014e5f0d800 Uncommon trap: trap_request=0xffffff4d fr.pc=0x00000014d512a268 relative=0x0000000000000148
Event: 15.647 Thread 0x00000014e5f0d800 Uncommon trap: reason=unstable_if action=reinterpret pc=0x00000014d512a268 method=java.net.URI.match(CJJ)Z @ 45 c2
Event: 15.647 Thread 0x00000014e5f0d800 DEOPT PACKING pc=0x00000014d512a268 sp=0x00000014ea438900
Event: 15.647 Thread 0x00000014e5f0d800 DEOPT UNPACKING pc=0x00000014cd65a1af sp=0x00000014ea438838 mode 2
Event: 15.650 Thread 0x00000014e5f0d800 Uncommon trap: trap_request=0xffffff4d fr.pc=0x00000014d50f3044 relative=0x00000000000000a4
Event: 15.650 Thread 0x00000014e5f0d800 Uncommon trap: reason=unstable_if action=reinterpret pc=0x00000014d50f3044 method=java.net.URI.match(CJJ)Z @ 45 c2
Event: 15.650 Thread 0x00000014e5f0d800 DEOPT PACKING pc=0x00000014d50f3044 sp=0x00000014ea438890
Event: 15.650 Thread 0x00000014e5f0d800 DEOPT UNPACKING pc=0x00000014cd65a1af sp=0x00000014ea438840 mode 2

Classes redefined (0 events):
No events

Internal exceptions (20 events):
Event: 14.445 Thread 0x00000014e5f0d800 Exception <a 'java/lang/ClassNotFoundException'{0x00000000862761f0}: org/gradle/initialization/DefaultProjectDescriptorBeanInfo> (0x00000000862761f0) thrown at [./src/hotspot/share/classfile/systemDictionary.cpp, line 231]
Event: 14.447 Thread 0x00000014e5f0d800 Exception <a 'java/lang/ClassNotFoundException'{0x000000008629c978}: org/gradle/initialization/DefaultProjectDescriptorCustomizer> (0x000000008629c978) thrown at [./src/hotspot/share/classfile/systemDictionary.cpp, line 231]
Event: 14.452 Thread 0x00000014e5f0d800 Implicit null exception at 0x00000014d524796f to 0x00000014d5247a18
Event: 14.785 Thread 0x00000014e7b69000 Exception <a 'java/lang/NoSuchMethodError'{0x000000008a08fc58}: <clinit>> (0x000000008a08fc58) thrown at [./src/hotspot/share/prims/jni.cpp, line 1366]
Event: 14.786 Thread 0x00000014e7b69000 Exception <a 'java/lang/NoSuchMethodError'{0x000000008a091348}: <clinit>> (0x000000008a091348) thrown at [./src/hotspot/share/prims/jni.cpp, line 1366]
Event: 14.790 Thread 0x00000014e7b69000 Exception <a 'java/lang/NoSuchMethodError'{0x0000000084f86200}: <clinit>> (0x0000000084f86200) thrown at [./src/hotspot/share/prims/jni.cpp, line 1366]
Event: 14.790 Thread 0x00000014e7b69000 Exception <a 'java/lang/NoSuchMethodError'{0x0000000084f88588}: <clinit>> (0x0000000084f88588) thrown at [./src/hotspot/share/prims/jni.cpp, line 1366]
Event: 14.794 Thread 0x00000014e7b69000 Exception <a 'java/lang/NoSuchMethodError'{0x0000000084f97fd8}: <clinit>> (0x0000000084f97fd8) thrown at [./src/hotspot/share/prims/jni.cpp, line 1366]
Event: 15.029 Thread 0x00000014e5f0d800 Implicit null exception at 0x00000014d51c9774 to 0x00000014d51c9984
Event: 15.029 Thread 0x00000014e5f0d800 Implicit null exception at 0x00000014d50f9078 to 0x00000014d50f910a
Event: 15.402 Thread 0x00000014e5f0d800 Exception <a 'java/lang/ClassNotFoundException'{0x0000000088ffa470}: build_8cs1d7j3yvx6ik7oitv9bk0diBeanInfo> (0x0000000088ffa470) thrown at [./src/hotspot/share/classfile/systemDictionary.cpp, line 231]
Event: 15.403 Thread 0x00000014e5f0d800 Exception <a 'java/lang/ClassNotFoundException'{0x0000000088e11d10}: org/gradle/api/internal/project/ProjectScriptBeanInfo> (0x0000000088e11d10) thrown at [./src/hotspot/share/classfile/systemDictionary.cpp, line 231]
Event: 15.403 Thread 0x00000014e5f0d800 Exception <a 'java/lang/ClassNotFoundException'{0x0000000088e29540}: org/gradle/api/internal/project/ProjectScriptCustomizer> (0x0000000088e29540) thrown at [./src/hotspot/share/classfile/systemDictionary.cpp, line 231]
Event: 15.406 Thread 0x00000014e5f0d800 Exception <a 'java/lang/ClassNotFoundException'{0x0000000088e45410}: build_8cs1d7j3yvx6ik7oitv9bk0diCustomizer> (0x0000000088e45410) thrown at [./src/hotspot/share/classfile/systemDictionary.cpp, line 231]
Event: 15.426 Thread 0x00000014e5f0d800 Exception <a 'java/lang/ClassNotFoundException'{0x0000000088edae80}: org/gradle/plugin/use/internal/PluginRequestCollector$PluginDependenciesSpecImplBeanInfo> (0x0000000088edae80) thrown at [./src/hotspot/share/classfile/systemDictionary.cpp, line 231]
Event: 15.428 Thread 0x00000014e5f0d800 Exception <a 'java/lang/ClassNotFoundException'{0x0000000088d0a8a8}: org/gradle/plugin/use/internal/PluginRequestCollector$PluginDependenciesSpecImplCustomizer> (0x0000000088d0a8a8) thrown at [./src/hotspot/share/classfile/systemDictionary.cpp, line 231]
Event: 15.438 Thread 0x00000014e5f0d800 Exception <a 'java/lang/ClassNotFoundException'{0x0000000088d8cfe8}: org/gradle/plugin/use/internal/PluginRequestCollector$PluginDependencySpecImplBeanInfo> (0x0000000088d8cfe8) thrown at [./src/hotspot/share/classfile/systemDictionary.cpp, line 231]
Event: 15.439 Thread 0x00000014e5f0d800 Exception <a 'java/lang/ClassNotFoundException'{0x0000000088dbb6e8}: org/gradle/plugin/use/internal/PluginRequestCollector$PluginDependencySpecImplCustomizer> (0x0000000088dbb6e8) thrown at [./src/hotspot/share/classfile/systemDictionary.cpp, line 231]
Event: 16.115 Thread 0x00000014e5f0d800 Exception <a 'java/lang/NoSuchMethodError'{0x00000000874b9d10}: 'int java.lang.invoke.DirectMethodHandle$Holder.invokeInterface(java.lang.Object, java.lang.Object)'> (0x00000000874b9d10) thrown at [./src/hotspot/share/interpreter/linkResolver.cpp, line 773]
Event: 16.116 Thread 0x00000014e5f0d800 Exception <a 'java/lang/IncompatibleClassChangeError'{0x00000000874bd7f0}: Found class java.lang.Object, but interface was expected> (0x00000000874bd7f0) thrown at [./src/hotspot/share/interpreter/linkResolver.cpp, line 839]

Events (20 events):
Event: 16.181 loading class org/gradle/api/internal/artifacts/ivyservice/resolveengine/graph/builder/ResolveState$SelectorCacheKey
Event: 16.181 loading class org/gradle/api/internal/artifacts/ivyservice/resolveengine/graph/builder/ResolveState$SelectorCacheKey done
Event: 16.182 loading class org/gradle/api/internal/artifacts/ivyservice/resolveengine/graph/builder/DependencyState
Event: 16.182 loading class org/gradle/api/internal/artifacts/ivyservice/resolveengine/graph/builder/DependencyState done
Event: 16.182 loading class org/gradle/api/internal/artifacts/ivyservice/resolveengine/graph/builder/SelectorState
Event: 16.182 loading class org/gradle/api/internal/artifacts/ivyservice/resolveengine/graph/builder/SelectorState done
Event: 16.183 loading class org/gradle/api/internal/artifacts/ivyservice/resolveengine/graph/builder/ResolveState$SelectorCacheKey
Event: 16.183 loading class org/gradle/api/internal/artifacts/ivyservice/resolveengine/graph/builder/ResolveState$SelectorCacheKey done
Event: 16.183 loading class org/gradle/api/internal/artifacts/ivyservice/resolveengine/graph/builder/ResolveState
Event: 16.183 loading class org/gradle/api/internal/artifacts/ivyservice/resolveengine/graph/builder/ResolveState done
Event: 16.184 loading class org/gradle/internal/resolve/result/BuildableComponentIdResolveResult
Event: 16.184 loading class org/gradle/internal/resolve/result/BuildableComponentIdResolveResult done
Event: 16.185 loading class org/gradle/internal/resolve/result/ComponentIdResolveResult
Event: 16.185 loading class org/gradle/internal/resolve/result/ComponentIdResolveResult done
Event: 16.186 loading class org/gradle/internal/component/model/DefaultComponentOverrideMetadata
Event: 16.186 loading class org/gradle/internal/component/model/DefaultComponentOverrideMetadata done
Event: 16.187 loading class org/gradle/internal/component/model/ComponentOverrideMetadata
Event: 16.187 loading class org/gradle/internal/component/model/ComponentOverrideMetadata done
Event: 16.188 loading class org/gradle/api/artifacts/ClientModule
Event: 16.188 loading class org/gradle/api/artifacts/ClientModule done


Dynamic libraries:
0x00007ff7d1000000 - 0x00007ff7d100a000 	C:\Program Files\Android\Android Studio\jre\bin\java.exe
0x00007ffcb3970000 - 0x00007ffcb3b1d000 	C:\Windows\SYSTEM32\ntdll.dll
0x00007ffcb1440000 - 0x00007ffcb157f000 	C:\Windows\system32\KERNEL32.DLL
0x00007ffcb0ae0000 - 0x00007ffcb0bf5000 	C:\Windows\system32\KERNELBASE.dll
0x00007ffca51c0000 - 0x00007ffca51d9000 	C:\Program Files\Android\Android Studio\jre\bin\jli.dll
0x00007ffcad560000 - 0x00007ffcad577000 	C:\Program Files\Android\Android Studio\jre\bin\VCRUNTIME140.dll
0x00007ffcaa870000 - 0x00007ffcaa874000 	C:\Windows\SYSTEM32\api-ms-win-crt-stdio-l1-1-0.dll
0x00007ffcaa850000 - 0x00007ffcaa854000 	C:\Windows\SYSTEM32\api-ms-win-crt-runtime-l1-1-0.dll
0x00007ffcaa830000 - 0x00007ffcaa833000 	C:\Windows\SYSTEM32\api-ms-win-crt-environment-l1-1-0.dll
0x00007ffcaa810000 - 0x00007ffcaa815000 	C:\Windows\SYSTEM32\api-ms-win-crt-math-l1-1-0.dll
0x00007ffc8fec0000 - 0x00007ffc8fec3000 	C:\Windows\SYSTEM32\api-ms-win-crt-locale-l1-1-0.dll
0x00007ffcaa7e0000 - 0x00007ffcaa7e3000 	C:\Windows\SYSTEM32\api-ms-win-crt-heap-l1-1-0.dll
0x00007ffcae1f0000 - 0x00007ffcae46b000 	C:\Windows\WinSxS\amd64_microsoft.windows.common-controls_6595b64144ccf1df_6.0.9600.19394_none_62486577ecb635cf\COMCTL32.dll
0x00007ffcb1580000 - 0x00007ffcb16f7000 	C:\Windows\system32\USER32.dll
0x00007ffcaa800000 - 0x00007ffcaa803000 	C:\Windows\SYSTEM32\api-ms-win-crt-filesystem-l1-1-0.dll
0x00007ffcaa860000 - 0x00007ffcaa864000 	C:\Windows\SYSTEM32\api-ms-win-crt-string-l1-1-0.dll
0x00007ffcaa840000 - 0x00007ffcaa844000 	C:\Windows\SYSTEM32\api-ms-win-crt-convert-l1-1-0.dll
0x00007ffcb2310000 - 0x00007ffcb23ba000 	C:\Windows\system32\msvcrt.dll
0x00007ffcb17f0000 - 0x00007ffcb193e000 	C:\Windows\system32\GDI32.dll
0x00007ffc8fbc0000 - 0x00007ffc8fcb4000 	C:\Windows\SYSTEM32\ucrtbase.DLL
0x00007ffcb1da0000 - 0x00007ffcb1dd6000 	C:\Windows\system32\IMM32.DLL
0x00007ffcb1220000 - 0x00007ffcb1371000 	C:\Windows\system32\MSCTF.dll
0x00007ffc8f970000 - 0x00007ffc8fa0d000 	C:\Program Files\Android\Android Studio\jre\bin\msvcp140.dll
0x00007ffc8feb0000 - 0x00007ffc8feb5000 	C:\Windows\SYSTEM32\api-ms-win-crt-multibyte-l1-1-0.dll
0x00007ffcaa7f0000 - 0x00007ffcaa7f3000 	C:\Windows\SYSTEM32\api-ms-win-crt-time-l1-1-0.dll
0x00007ffcaa820000 - 0x00007ffcaa823000 	C:\Windows\SYSTEM32\api-ms-win-crt-utility-l1-1-0.dll
0x00007ffc8e050000 - 0x00007ffc8eb52000 	C:\Program Files\Android\Android Studio\jre\bin\server\jvm.dll
0x00007ffcb2200000 - 0x00007ffcb22ad000 	C:\Windows\system32\ADVAPI32.dll
0x00007ffcad580000 - 0x00007ffcad589000 	C:\Windows\SYSTEM32\WSOCK32.dll
0x00007ffca92b0000 - 0x00007ffca92d2000 	C:\Windows\SYSTEM32\WINMM.dll
0x00007ffca91a0000 - 0x00007ffca91aa000 	C:\Windows\SYSTEM32\VERSION.dll
0x00007ffcb2430000 - 0x00007ffcb2437000 	C:\Windows\system32\PSAPI.DLL
0x00007ffcb1f80000 - 0x00007ffcb1fdb000 	C:\Windows\SYSTEM32\sechost.dll
0x00007ffcb1a00000 - 0x00007ffcb1b35000 	C:\Windows\system32\RPCRT4.dll
0x00007ffcb1fe0000 - 0x00007ffcb203a000 	C:\Windows\system32\WS2_32.dll
0x00007ffca9280000 - 0x00007ffca92aa000 	C:\Windows\SYSTEM32\WINMMBASE.dll
0x00007ffcb0f10000 - 0x00007ffcb0f3e000 	C:\Windows\system32\SspiCli.dll
0x00007ffcb1700000 - 0x00007ffcb1709000 	C:\Windows\system32\NSI.dll
0x00007ffcb0ec0000 - 0x00007ffcb0f0f000 	C:\Windows\SYSTEM32\cfgmgr32.dll
0x00007ffcaf840000 - 0x00007ffcaf868000 	C:\Windows\SYSTEM32\DEVOBJ.dll
0x00007ffcaa7c0000 - 0x00007ffcaa7d1000 	C:\Program Files\Android\Android Studio\jre\bin\verify.dll
0x00007ffca2a30000 - 0x00007ffca2bba000 	C:\Windows\SYSTEM32\DBGHELP.DLL
0x00007ffcaa780000 - 0x00007ffcaa7a9000 	C:\Program Files\Android\Android Studio\jre\bin\java.dll
0x00007ffcaa770000 - 0x00007ffcaa77b000 	C:\Program Files\Android\Android Studio\jre\bin\jimage.dll
0x00007ffcaa750000 - 0x00007ffcaa768000 	C:\Program Files\Android\Android Studio\jre\bin\zip.dll
0x00007ffcb2440000 - 0x00007ffcb396c000 	C:\Windows\system32\SHELL32.dll
0x00007ffcb0ff0000 - 0x00007ffcb1202000 	C:\Windows\SYSTEM32\combase.dll
0x00007ffcb22b0000 - 0x00007ffcb2304000 	C:\Windows\system32\SHLWAPI.dll
0x00007ffcaebd0000 - 0x00007ffcaec82000 	C:\Windows\SYSTEM32\SHCORE.dll
0x00007ffcb0a10000 - 0x00007ffcb0a25000 	C:\Windows\SYSTEM32\profapi.dll
0x00007ffca7390000 - 0x00007ffca73aa000 	C:\Program Files\Android\Android Studio\jre\bin\net.dll
0x00007ffca98d0000 - 0x00007ffca9999000 	C:\Windows\SYSTEM32\WINHTTP.dll
0x00007ffcb0250000 - 0x00007ffcb02a9000 	C:\Windows\system32\mswsock.dll
0x00007ffc8ff30000 - 0x00007ffc8ff44000 	C:\Program Files\Android\Android Studio\jre\bin\nio.dll
0x00007ffcab630000 - 0x00007ffcab657000 	C:\Users\Nadezhda S\.gradle\native\e1d6ef7f7dcc3fd88c89a11ec53ec762bb8ba0a96d01ffa2cd45eb1d1d8dd5c5\windows-amd64\native-platform.dll
0x00007ffcaa7b0000 - 0x00007ffcaa7ba000 	C:\Program Files\Android\Android Studio\jre\bin\management.dll
0x00007ffca8da0000 - 0x00007ffca8dad000 	C:\Program Files\Android\Android Studio\jre\bin\management_ext.dll
0x00007ffcb02b0000 - 0x00007ffcb02d0000 	C:\Windows\SYSTEM32\CRYPTSP.dll
0x00007ffcafed0000 - 0x00007ffcaff06000 	C:\Windows\system32\rsaenh.dll
0x00007ffcb04f0000 - 0x00007ffcb0516000 	C:\Windows\SYSTEM32\bcrypt.dll
0x00007ffcaffe0000 - 0x00007ffcb0001000 	C:\Windows\SYSTEM32\USERENV.dll
0x00007ffcb0810000 - 0x00007ffcb0873000 	C:\Windows\system32\bcryptprimitives.dll
0x00007ffcb0880000 - 0x00007ffcb088b000 	C:\Windows\SYSTEM32\CRYPTBASE.dll
0x00007ffcac7a0000 - 0x00007ffcac7ca000 	C:\Windows\SYSTEM32\IPHLPAPI.DLL
0x00007ffcac7f0000 - 0x00007ffcac7fa000 	C:\Windows\SYSTEM32\WINNSI.DLL
0x00007ffcac0f0000 - 0x00007ffcac106000 	C:\Windows\SYSTEM32\dhcpcsvc6.DLL
0x00007ffcac2c0000 - 0x00007ffcac2da000 	C:\Windows\SYSTEM32\dhcpcsvc.DLL

dbghelp: loaded successfully - version: 4.0.5 - missing functions: none
symbol engine: initialized successfully - sym options: 0x614 - pdb path: .;C:\Program Files\Android\Android Studio\jre\bin;C:\Windows\SYSTEM32;C:\Windows\WinSxS\amd64_microsoft.windows.common-controls_6595b64144ccf1df_6.0.9600.19394_none_62486577ecb635cf;C:\Program Files\Android\Android Studio\jre\bin\server;C:\Users\Nadezhda S\.gradle\native\e1d6ef7f7dcc3fd88c89a11ec53ec762bb8ba0a96d01ffa2cd45eb1d1d8dd5c5\windows-amd64

VM Arguments:
jvm_args: --add-opens=java.base/java.util=ALL-UNNAMED --add-opens=java.base/java.lang=ALL-UNNAMED --add-opens=java.base/java.lang.invoke=ALL-UNNAMED --add-opens=java.base/java.util=ALL-UNNAMED --add-opens=java.prefs/java.util.prefs=ALL-UNNAMED --add-opens=java.prefs/java.util.prefs=ALL-UNNAMED --add-opens=java.base/java.nio.charset=ALL-UNNAMED --add-opens=java.base/java.net=ALL-UNNAMED --add-opens=java.base/java.util.concurrent.atomic=ALL-UNNAMED -Xmx2048m -Dfile.encoding=UTF-8 -Duser.country=RU -Duser.language=ru -Duser.variant 
java_command: org.gradle.launcher.daemon.bootstrap.GradleDaemon 7.4
java_class_path (initial): C:\Users\Nadezhda S\.gradle\wrapper\dists\gradle-7.4-bin\c0gwcg53nkjbqw7r0h0umtfvt\gradle-7.4\lib\gradle-launcher-7.4.jar
Launcher Type: SUN_STANDARD

[Global flags]
     intx CICompilerCount                          = 3                                         {product} {ergonomic}
     uint ConcGCThreads                            = 1                                         {product} {ergonomic}
     uint G1ConcRefinementThreads                  = 4                                         {product} {ergonomic}
   size_t G1HeapRegionSize                         = 1048576                                   {product} {ergonomic}
    uintx GCDrainStackTargetSize                   = 64                                        {product} {ergonomic}
   size_t InitialHeapSize                          = 134217728                                 {product} {ergonomic}
   size_t MarkStackSize                            = 4194304                                   {product} {ergonomic}
   size_t MaxHeapSize                              = 2147483648                                {product} {command line}
   size_t MaxNewSize                               = 1287651328                                {product} {ergonomic}
   size_t MinHeapDeltaBytes                        = 1048576                                   {product} {ergonomic}
    uintx NonNMethodCodeHeapSize                   = 5830732                                {pd product} {ergonomic}
    uintx NonProfiledCodeHeapSize                  = 122913754                              {pd product} {ergonomic}
    uintx ProfiledCodeHeapSize                     = 122913754                              {pd product} {ergonomic}
    uintx ReservedCodeCacheSize                    = 251658240                              {pd product} {ergonomic}
     bool SegmentedCodeCache                       = true                                      {product} {ergonomic}
     bool UseCompressedClassPointers               = true                                 {lp64_product} {ergonomic}
     bool UseCompressedOops                        = true                                 {lp64_product} {ergonomic}
     bool UseG1GC                                  = true                                      {product} {ergonomic}
     bool UseLargePagesIndividualAllocation        = false                                  {pd product} {ergonomic}

Logging:
Log output configuration:
 #0: stdout all=warning uptime,level,tags
 #1: stderr all=off uptime,level,tags

Environment Variables:
PATH=C:\Windows\system32;C:\Windows;C:\Windows\System32\Wbem;C:\Windows\System32\WindowsPowerShell\v1.0\;C:\Program Files\Git\cmd
USERNAME=Nadezhda S
OS=Windows_NT
PROCESSOR_IDENTIFIER=Intel64 Family 6 Model 42 Stepping 7, GenuineIntel



---------------  S Y S T E M  ---------------

OS: Windows 8.1 , 64 bit Build 9600 (6.3.9600.20389)
OS uptime: 1 days 0:31 hours

CPU:total 4 (initial active 4) (2 cores per cpu, 2 threads per core) family 6 model 42 stepping 7 microcode 0x28, cmov, cx8, fxsr, mmx, sse, sse2, sse3, ssse3, sse4.1, sse4.2, popcnt, avx, aes, clmul, ht, tsc, tscinvbit

Memory: 4k page, system-wide physical 8105M (1043M free)
TotalPageFile size 8105M (AvailPageFile size 1M)
current process WorkingSet (physical memory assigned to process): 277M, peak: 284M
current process commit charge ("private bytes"): 351M, peak: 360M

vm_info: OpenJDK 64-Bit Server VM (11.0.13+0-b1751.21-8125866) for windows-amd64 JRE (11.0.13+0-b1751.21-8125866), built on Feb  2 2022 03:00:22 by "builder" with MS VC++ 14.0 (VS2015)

END.
