#
# There is insufficient memory for the Java Runtime Environment to continue.
# Native memory allocation (malloc) failed to allocate 1505616 bytes for Chunk::new
# Possible reasons:
#   The system is out of physical RAM or swap space
#   The process is running with CompressedOops enabled, and the Java Heap may be blocking the growth of the native heap
# Possible solutions:
#   Reduce memory load on the system
#   Increase physical memory or swap space
#   Check if swap backing store is full
#   Decrease Java heap size (-Xmx/-Xms)
#   Decrease number of Java threads
#   Decrease Java thread stack sizes (-Xss)
#   Set larger code cache with -XX:ReservedCodeCacheSize=
#   JVM is running with Unscaled Compressed Oops mode in which the Java heap is
#     placed in the first 4GB address space. The Java Heap base address is the
#     maximum limit for the native heap growth. Please use -XX:HeapBaseMinAddress
#     to set the Java Heap base and to place the Java Heap above 4GB virtual address.
# This output file may be truncated or incomplete.
#
#  Out of Memory Error (./src/hotspot/share/memory/arena.cpp:197), pid=4748, tid=1148
#
# JRE version: OpenJDK Runtime Environment (11.0.13) (build 11.0.13+0-b1751.21-8125866)
# Java VM: OpenJDK 64-Bit Server VM (11.0.13+0-b1751.21-8125866, mixed mode, tiered, compressed oops, g1 gc, windows-amd64)
# No core dump will be written. Minidumps are not enabled by default on client versions of Windows
#

---------------  S U M M A R Y ------------

Command Line: --add-opens=java.base/java.util=ALL-UNNAMED --add-opens=java.base/java.lang=ALL-UNNAMED --add-opens=java.base/java.lang.invoke=ALL-UNNAMED --add-opens=java.base/java.util=ALL-UNNAMED --add-opens=java.prefs/java.util.prefs=ALL-UNNAMED --add-opens=java.prefs/java.util.prefs=ALL-UNNAMED --add-opens=java.base/java.nio.charset=ALL-UNNAMED --add-opens=java.base/java.net=ALL-UNNAMED --add-opens=java.base/java.util.concurrent.atomic=ALL-UNNAMED -Xmx2048m -Dfile.encoding=UTF-8 -Duser.country=RU -Duser.language=ru -Duser.variant org.gradle.launcher.daemon.bootstrap.GradleDaemon 7.4

Host: Intel(R) Core(TM) i5-2450M CPU @ 2.50GHz, 4 cores, 7G,  Windows 8.1 , 64 bit Build 9600 (6.3.9600.20389)
Time: Tue Nov 15 20:21:46 2022 RTZ 4 (ceia) elapsed time: 94.274554 seconds (0d 0h 1m 34s)

---------------  T H R E A D  ---------------

Current thread (0x000000f27f3fd000):  JavaThread "C2 CompilerThread0" daemon [_thread_in_native, id=1148, stack(0x000000f27fe70000,0x000000f27ff70000)]


Current CompileTask:
C2:  94274 16386       4       javax.management.ObjectName::construct (1135 bytes)

Stack: [0x000000f27fe70000,0x000000f27ff70000]
Native frames: (J=compiled Java code, j=interpreted, Vv=VM code, C=native code)
V  [jvm.dll+0x6100fa]
V  [jvm.dll+0x747090]
V  [jvm.dll+0x7486ad]
V  [jvm.dll+0x748d83]
V  [jvm.dll+0x24ab48]
V  [jvm.dll+0xc04dc]
V  [jvm.dll+0xc0a0c]
V  [jvm.dll+0x35eb5b]
V  [jvm.dll+0x19d9bc]
V  [jvm.dll+0x2033be]
V  [jvm.dll+0x202437]
V  [jvm.dll+0x188e01]
V  [jvm.dll+0x21106b]
V  [jvm.dll+0x20f8c1]
V  [jvm.dll+0x70de0f]
V  [jvm.dll+0x706a75]
V  [jvm.dll+0x60ed66]
C  [ucrtbase.DLL+0x1f4a0]
C  [KERNEL32.DLL+0x1412]
C  [ntdll.dll+0x15504]


---------------  P R O C E S S  ---------------

Threads class SMR info:
_java_thread_list=0x000000f21e163b70, length=85, elements={
0x000000f279a65800, 0x000000f27f39d000, 0x000000f27f3a6800, 0x000000f27f3f8800,
0x000000f27f3fb000, 0x000000f27f3fc000, 0x000000f27f3fd000, 0x000000f27e98e000,
0x000000f27f457800, 0x000000f27f546800, 0x000000f2180c1800, 0x000000f21755a800,
0x000000f216006800, 0x000000f215ece000, 0x000000f217551800, 0x000000f2158b0800,
0x000000f217b75000, 0x000000f2175e8000, 0x000000f2169c6000, 0x000000f217fc9800,
0x000000f217fcb000, 0x000000f217fcc800, 0x000000f217fcb800, 0x000000f217fca000,
0x000000f217fd0000, 0x000000f217fce000, 0x000000f217fcd800, 0x000000f217fcf000,
0x000000f21b1a7800, 0x000000f21b1a6000, 0x000000f21b1a9000, 0x000000f21b1a6800,
0x000000f21b1ab000, 0x000000f21b1aa000, 0x000000f21b1ab800, 0x000000f21b1ac800,
0x000000f21b1ad800, 0x000000f21b1af800, 0x000000f21b1af000, 0x000000f21b1b0800,
0x000000f21b1ae000, 0x000000f21b1b4000, 0x000000f21b1b3000, 0x000000f21b1b1800,
0x000000f21b1b2000, 0x000000f21acd1800, 0x000000f21acd0800, 0x000000f21acd2800,
0x000000f21acd0000, 0x000000f21acd4800, 0x000000f21acd4000, 0x000000f21acd3000,
0x000000f21acd8000, 0x000000f21acd5800, 0x000000f21acd9000, 0x000000f21acd7000,
0x000000f21acd6800, 0x000000f21acd9800, 0x000000f21acda800, 0x000000f21acdd000,
0x000000f21acdd800, 0x000000f21acdc000, 0x000000f21acdb000, 0x000000f21acde800,
0x000000f21b9c9000, 0x000000f21b9ca800, 0x000000f21b9c8800, 0x000000f21b9cc800,
0x000000f21b9cb800, 0x000000f21b9ca000, 0x000000f21b9ce000, 0x000000f21b9cf000,
0x000000f21b9cd000, 0x000000f21b9cf800, 0x000000f21b9d0800, 0x000000f21b9d4800,
0x000000f21b9d3800, 0x000000f21b9d3000, 0x000000f21b9d2000, 0x000000f21b9d7000,
0x000000f21b9d5800, 0x000000f21b9d6000, 0x000000f27f673000, 0x000000f27f674000,
0x000000f27f674800
}

Java Threads: ( => current thread )
  0x000000f279a65800 JavaThread "main" [_thread_blocked, id=4852, stack(0x000000f279110000,0x000000f279210000)]
  0x000000f27f39d000 JavaThread "Reference Handler" daemon [_thread_blocked, id=5100, stack(0x000000f27f890000,0x000000f27f990000)]
  0x000000f27f3a6800 JavaThread "Finalizer" daemon [_thread_blocked, id=4132, stack(0x000000f27f990000,0x000000f27fa90000)]
  0x000000f27f3f8800 JavaThread "Signal Dispatcher" daemon [_thread_blocked, id=4584, stack(0x000000f27fb70000,0x000000f27fc70000)]
  0x000000f27f3fb000 JavaThread "Attach Listener" daemon [_thread_blocked, id=4264, stack(0x000000f27fc70000,0x000000f27fd70000)]
  0x000000f27f3fc000 JavaThread "Service Thread" daemon [_thread_blocked, id=1008, stack(0x000000f27fd70000,0x000000f27fe70000)]
=>0x000000f27f3fd000 JavaThread "C2 CompilerThread0" daemon [_thread_in_native, id=1148, stack(0x000000f27fe70000,0x000000f27ff70000)]
  0x000000f27e98e000 JavaThread "C1 CompilerThread0" daemon [_thread_blocked, id=4544, stack(0x000000f215000000,0x000000f215100000)]
  0x000000f27f457800 JavaThread "Sweeper thread" daemon [_thread_blocked, id=2748, stack(0x000000f215100000,0x000000f215200000)]
  0x000000f27f546800 JavaThread "Common-Cleaner" daemon [_thread_blocked, id=3848, stack(0x000000f215200000,0x000000f215300000)]
  0x000000f2180c1800 JavaThread "Daemon health stats" [_thread_blocked, id=2836, stack(0x000000f2188f0000,0x000000f2189f0000)]
  0x000000f21755a800 JavaThread "Incoming local TCP Connector on port 50107" [_thread_in_native, id=4716, stack(0x000000f218cd0000,0x000000f218dd0000)]
  0x000000f216006800 JavaThread "Daemon periodic checks" [_thread_blocked, id=1752, stack(0x000000f218fd0000,0x000000f2190d0000)]
  0x000000f215ece000 JavaThread "Daemon" [_thread_blocked, id=4888, stack(0x000000f2190d0000,0x000000f2191d0000)]
  0x000000f217551800 JavaThread "Handler for socket connection from /127.0.0.1:50107 to /127.0.0.1:50108" [_thread_in_native, id=3696, stack(0x000000f2191d0000,0x000000f2192d0000)]
  0x000000f2158b0800 JavaThread "Cancel handler" [_thread_blocked, id=4624, stack(0x000000f2192d0000,0x000000f2193d0000)]
  0x000000f217b75000 JavaThread "Daemon worker" [_thread_blocked, id=604, stack(0x000000f2193d0000,0x000000f2194d0000)]
  0x000000f2175e8000 JavaThread "Asynchronous log dispatcher for DefaultDaemonConnection: socket connection from /127.0.0.1:50107 to /127.0.0.1:50108" [_thread_blocked, id=3600, stack(0x000000f2194d0000,0x000000f2195d0000)]
  0x000000f2169c6000 JavaThread "Daemon client event forwarder" [_thread_blocked, id=2436, stack(0x000000f2197d0000,0x000000f2198d0000)]
  0x000000f217fc9800 JavaThread "Cache worker for journal cache (C:\Users\Nadezhda S\.gradle\caches\journal-1)" [_thread_blocked, id=4668, stack(0x000000f215c00000,0x000000f215d00000)]
  0x000000f217fcb000 JavaThread "File lock request listener" [_thread_in_native, id=4796, stack(0x000000f219bd0000,0x000000f219cd0000)]
  0x000000f217fcc800 JavaThread "Cache worker for file hash cache (C:\Users\Nadezhda S\.gradle\caches\7.4\fileHashes)" [_thread_blocked, id=1880, stack(0x000000f219cd0000,0x000000f219dd0000)]
  0x000000f217fcb800 JavaThread "Cache worker for checksums cache (C:\Users\Nadezhda S\AndroidStudioProjects\RoomProject\.gradle\7.4\checksums)" [_thread_blocked, id=1484, stack(0x000000f21a4d0000,0x000000f21a5d0000)]
  0x000000f217fca000 JavaThread "Cache worker for cache directory md-rule (C:\Users\Nadezhda S\.gradle\caches\7.4\md-rule)" [_thread_blocked, id=2504, stack(0x000000f21b600000,0x000000f21b700000)]
  0x000000f217fd0000 JavaThread "Cache worker for file hash cache (C:\Users\Nadezhda S\AndroidStudioProjects\RoomProject\.gradle\7.4\fileHashes)" [_thread_blocked, id=4944, stack(0x000000f21cc30000,0x000000f21cd30000)]
  0x000000f217fce000 JavaThread "Cache worker for cache directory md-supplier (C:\Users\Nadezhda S\.gradle\caches\7.4\md-supplier)" [_thread_blocked, id=2608, stack(0x000000f21cac0000,0x000000f21cbc0000)]
  0x000000f217fcd800 JavaThread "Cache worker for execution history cache (C:\Users\Nadezhda S\.gradle\caches\7.4\executionHistory)" [_thread_blocked, id=1356, stack(0x000000f21b700000,0x000000f21b800000)]
  0x000000f217fcf000 JavaThread "jar transforms" [_thread_blocked, id=2528, stack(0x000000f21d530000,0x000000f21d630000)]
  0x000000f21b1a7800 JavaThread "Cache worker for file content cache (C:\Users\Nadezhda S\.gradle\caches\7.4\fileContent)" [_thread_blocked, id=3328, stack(0x000000f21d630000,0x000000f21d730000)]
  0x000000f21b1a6000 JavaThread "jar transforms Thread 2" [_thread_blocked, id=4332, stack(0x000000f21d730000,0x000000f21d830000)]
  0x000000f21b1a9000 JavaThread "Cache worker for dependencies-accessors (C:\Users\Nadezhda S\AndroidStudioProjects\RoomProject\.gradle\7.4\dependencies-accessors)" [_thread_blocked, id=3768, stack(0x000000f21d830000,0x000000f21d930000)]
  0x000000f21b1a6800 JavaThread "jar transforms Thread 3" [_thread_blocked, id=1632, stack(0x000000f21d930000,0x000000f21da30000)]
  0x000000f21b1ab000 JavaThread "Cache worker for Build Output Cleanup Cache (C:\Users\Nadezhda S\AndroidStudioProjects\RoomProject\.gradle\buildOutputCleanup)" [_thread_blocked, id=1860, stack(0x000000f21f2f0000,0x000000f21f3f0000)]
  0x000000f21b1aa000 JavaThread "Unconstrained build operations" [_thread_blocked, id=4808, stack(0x000000f21f3f0000,0x000000f21f4f0000)]
  0x000000f21b1ab800 JavaThread "Unconstrained build operations Thread 2" [_thread_blocked, id=4680, stack(0x000000f21f4f0000,0x000000f21f5f0000)]
  0x000000f21b1ac800 JavaThread "Unconstrained build operations Thread 3" [_thread_blocked, id=4348, stack(0x000000f21f5f0000,0x000000f21f6f0000)]
  0x000000f21b1ad800 JavaThread "Unconstrained build operations Thread 4" [_thread_blocked, id=4220, stack(0x000000f21f6f0000,0x000000f21f7f0000)]
  0x000000f21b1af800 JavaThread "Unconstrained build operations Thread 5" [_thread_blocked, id=4528, stack(0x000000f21f7f0000,0x000000f21f8f0000)]
  0x000000f21b1af000 JavaThread "Unconstrained build operations Thread 6" [_thread_blocked, id=4384, stack(0x000000f21f8f0000,0x000000f21f9f0000)]
  0x000000f21b1b0800 JavaThread "Unconstrained build operations Thread 7" [_thread_blocked, id=3356, stack(0x000000f21f9f0000,0x000000f21faf0000)]
  0x000000f21b1ae000 JavaThread "Unconstrained build operations Thread 8" [_thread_blocked, id=4176, stack(0x000000f21faf0000,0x000000f21fbf0000)]
  0x000000f21b1b4000 JavaThread "Unconstrained build operations Thread 9" [_thread_blocked, id=4932, stack(0x000000f21fbf0000,0x000000f21fcf0000)]
  0x000000f21b1b3000 JavaThread "Unconstrained build operations Thread 10" [_thread_blocked, id=4428, stack(0x000000f21fcf0000,0x000000f21fdf0000)]
  0x000000f21b1b1800 JavaThread "Unconstrained build operations Thread 11" [_thread_blocked, id=2456, stack(0x000000f21fdf0000,0x000000f21fef0000)]
  0x000000f21b1b2000 JavaThread "Unconstrained build operations Thread 12" [_thread_blocked, id=4084, stack(0x000000f21fef0000,0x000000f21fff0000)]
  0x000000f21acd1800 JavaThread "Unconstrained build operations Thread 13" [_thread_blocked, id=4580, stack(0x000000f21fff0000,0x000000f2200f0000)]
  0x000000f21acd0800 JavaThread "Unconstrained build operations Thread 14" [_thread_blocked, id=4892, stack(0x000000f2200f0000,0x000000f2201f0000)]
  0x000000f21acd2800 JavaThread "Unconstrained build operations Thread 15" [_thread_blocked, id=4696, stack(0x000000f2201f0000,0x000000f2202f0000)]
  0x000000f21acd0000 JavaThread "Unconstrained build operations Thread 16" [_thread_blocked, id=1672, stack(0x000000f2202f0000,0x000000f2203f0000)]
  0x000000f21acd4800 JavaThread "Unconstrained build operations Thread 17" [_thread_blocked, id=3912, stack(0x000000f2203f0000,0x000000f2204f0000)]
  0x000000f21acd4000 JavaThread "Unconstrained build operations Thread 18" [_thread_blocked, id=4996, stack(0x000000f2204f0000,0x000000f2205f0000)]
  0x000000f21acd3000 JavaThread "Unconstrained build operations Thread 19" [_thread_blocked, id=1788, stack(0x000000f2205f0000,0x000000f2206f0000)]
  0x000000f21acd8000 JavaThread "Unconstrained build operations Thread 20" [_thread_blocked, id=5064, stack(0x000000f2206f0000,0x000000f2207f0000)]
  0x000000f21acd5800 JavaThread "Unconstrained build operations Thread 21" [_thread_blocked, id=864, stack(0x000000f2207f0000,0x000000f2208f0000)]
  0x000000f21acd9000 JavaThread "Unconstrained build operations Thread 22" [_thread_blocked, id=4512, stack(0x000000f2208f0000,0x000000f2209f0000)]
  0x000000f21acd7000 JavaThread "Unconstrained build operations Thread 23" [_thread_blocked, id=4800, stack(0x000000f2209f0000,0x000000f220af0000)]
  0x000000f21acd6800 JavaThread "Unconstrained build operations Thread 24" [_thread_blocked, id=4424, stack(0x000000f220af0000,0x000000f220bf0000)]
  0x000000f21acd9800 JavaThread "Unconstrained build operations Thread 25" [_thread_blocked, id=5008, stack(0x000000f220bf0000,0x000000f220cf0000)]
  0x000000f21acda800 JavaThread "Unconstrained build operations Thread 26" [_thread_blocked, id=2772, stack(0x000000f220cf0000,0x000000f220df0000)]
  0x000000f21acdd000 JavaThread "Unconstrained build operations Thread 27" [_thread_blocked, id=3212, stack(0x000000f220df0000,0x000000f220ef0000)]
  0x000000f21acdd800 JavaThread "Unconstrained build operations Thread 28" [_thread_blocked, id=4508, stack(0x000000f220ef0000,0x000000f220ff0000)]
  0x000000f21acdc000 JavaThread "Unconstrained build operations Thread 29" [_thread_blocked, id=4784, stack(0x000000f220ff0000,0x000000f2210f0000)]
  0x000000f21acdb000 JavaThread "Unconstrained build operations Thread 30" [_thread_blocked, id=3712, stack(0x000000f2210f0000,0x000000f2211f0000)]
  0x000000f21acde800 JavaThread "Unconstrained build operations Thread 31" [_thread_blocked, id=1808, stack(0x000000f2211f0000,0x000000f2212f0000)]
  0x000000f21b9c9000 JavaThread "Unconstrained build operations Thread 32" [_thread_blocked, id=600, stack(0x000000f2212f0000,0x000000f2213f0000)]
  0x000000f21b9ca800 JavaThread "Unconstrained build operations Thread 33" [_thread_in_Java, id=3876, stack(0x000000f2213f0000,0x000000f2214f0000)]
  0x000000f21b9c8800 JavaThread "Unconstrained build operations Thread 34" [_thread_blocked, id=4228, stack(0x000000f2214f0000,0x000000f2215f0000)]
  0x000000f21b9cc800 JavaThread "Unconstrained build operations Thread 35" [_thread_blocked, id=5004, stack(0x000000f2215f0000,0x000000f2216f0000)]
  0x000000f21b9cb800 JavaThread "Unconstrained build operations Thread 36" [_thread_blocked, id=4388, stack(0x000000f2216f0000,0x000000f2217f0000)]
  0x000000f21b9ca000 JavaThread "Unconstrained build operations Thread 37" [_thread_blocked, id=3968, stack(0x000000f2217f0000,0x000000f2218f0000)]
  0x000000f21b9ce000 JavaThread "Unconstrained build operations Thread 38" [_thread_in_native, id=3884, stack(0x000000f2218f0000,0x000000f2219f0000)]
  0x000000f21b9cf000 JavaThread "Unconstrained build operations Thread 39" [_thread_blocked, id=2916, stack(0x000000f2219f0000,0x000000f221af0000)]
  0x000000f21b9cd000 JavaThread "Unconstrained build operations Thread 40" [_thread_blocked, id=3792, stack(0x000000f221af0000,0x000000f221bf0000)]
  0x000000f21b9cf800 JavaThread "jar transforms Thread 4" [_thread_blocked, id=2720, stack(0x000000f221df0000,0x000000f221ef0000)]
  0x000000f21b9d0800 JavaThread "Memory manager" [_thread_blocked, id=3880, stack(0x000000f2226f0000,0x000000f2227f0000)]
  0x000000f21b9d4800 JavaThread "build event listener" [_thread_blocked, id=4652, stack(0x000000f225e70000,0x000000f225f70000)]
  0x000000f21b9d3800 JavaThread "included builds" [_thread_blocked, id=4564, stack(0x000000f225f70000,0x000000f226070000)]
  0x000000f21b9d3000 JavaThread "Execution worker for ':'" [_thread_blocked, id=4556, stack(0x000000f226290000,0x000000f226390000)]
  0x000000f21b9d2000 JavaThread "Execution worker for ':' Thread 2" [_thread_blocked, id=4304, stack(0x000000f226390000,0x000000f226490000)]
  0x000000f21b9d7000 JavaThread "Execution worker for ':' Thread 3" [_thread_blocked, id=1516, stack(0x000000f226490000,0x000000f226590000)]
  0x000000f21b9d5800 JavaThread "Cache worker for execution history cache (C:\Users\Nadezhda S\AndroidStudioProjects\RoomProject\.gradle\7.4\executionHistory)" [_thread_blocked, id=4240, stack(0x000000f219fd0000,0x000000f21a0d0000)]
  0x000000f21b9d6000 JavaThread "WorkerExecutor Queue" [_thread_blocked, id=5112, stack(0x000000f226ad0000,0x000000f226bd0000)]
  0x000000f27f673000 JavaThread "WorkerExecutor Queue Thread 2" [_thread_blocked, id=2380, stack(0x000000f2270d0000,0x000000f2271d0000)]
  0x000000f27f674000 JavaThread "WorkerExecutor Queue Thread 3" [_thread_blocked, id=5048, stack(0x000000f2271d0000,0x000000f2272d0000)]
  0x000000f27f674800 JavaThread "WorkerExecutor Queue Thread 4" [_thread_blocked, id=4988, stack(0x000000f2272d0000,0x000000f2273d0000)]

Other Threads:
  0x000000f27f394000 VMThread "VM Thread" [stack: 0x000000f27f790000,0x000000f27f890000] [id=4288]
  0x000000f27f56f800 WatcherThread [stack: 0x000000f215300000,0x000000f215400000] [id=3540]
  0x000000f279a7e800 GCTaskThread "GC Thread#0" [stack: 0x000000f279400000,0x000000f279500000] [id=5032]
  0x000000f215ba4000 GCTaskThread "GC Thread#1" [stack: 0x000000f216cd0000,0x000000f216dd0000] [id=1560]
  0x000000f2154ea800 GCTaskThread "GC Thread#2" [stack: 0x000000f216dd0000,0x000000f216ed0000] [id=4976]
  0x000000f21773d000 GCTaskThread "GC Thread#3" [stack: 0x000000f2198d0000,0x000000f2199d0000] [id=4984]
  0x000000f279ab0800 ConcurrentGCThread "G1 Main Marker" [stack: 0x000000f27e150000,0x000000f27e250000] [id=2088]
  0x000000f279ab3000 ConcurrentGCThread "G1 Conc#0" [stack: 0x000000f27e250000,0x000000f27e350000] [id=3188]
  0x000000f27e7cc800 ConcurrentGCThread "G1 Refine#0" [stack: 0x000000f27e990000,0x000000f27ea90000] [id=2904]
  0x000000f2240e5800 ConcurrentGCThread "G1 Refine#1" [stack: 0x000000f226dd0000,0x000000f226ed0000] [id=1548]
  0x000000f27e7cd000 ConcurrentGCThread "G1 Young RemSet Sampling" [stack: 0x000000f27ea90000,0x000000f27eb90000] [id=5072]

Threads with active compile tasks:
C2 CompilerThread0  94336 16386       4       javax.management.ObjectName::construct (1135 bytes)

VM state:not at safepoint (normal execution)

VM Mutex/Monitor currently owned by a thread: None

Heap address: 0x0000000080000000, size: 2048 MB, Compressed Oops mode: 32-bit
Narrow klass base: 0x0000000000000000, Narrow klass shift: 3
Compressed class space size: 1073741824 Address: 0x0000000100000000

Heap:
 garbage-first heap   total 185344K, used 133752K [0x0000000080000000, 0x0000000100000000)
  region size 1024K, 41 young (41984K), 7 survivors (7168K)
 Metaspace       used 113336K, capacity 115518K, committed 115816K, reserved 1150976K
  class space    used 13906K, capacity 14742K, committed 14828K, reserved 1048576K
Heap Regions: E=young(eden), S=young(survivor), O=old, HS=humongous(starts), HC=humongous(continues), CS=collection set, F=free, A=archive, TAMS=top-at-mark-start (previous, next)
|   0|0x0000000080000000, 0x0000000080100000, 0x0000000080100000|100%|HS|  |TAMS 0x0000000080100000, 0x0000000080000000| Complete 
|   1|0x0000000080100000, 0x0000000080200000, 0x0000000080200000|100%|HC|  |TAMS 0x0000000080200000, 0x0000000080100000| Complete 
|   2|0x0000000080200000, 0x0000000080300000, 0x0000000080300000|100%|HC|  |TAMS 0x0000000080300000, 0x0000000080200000| Complete 
|   3|0x0000000080300000, 0x0000000080400000, 0x0000000080400000|100%| O|  |TAMS 0x0000000080400000, 0x0000000080300000| Untracked 
|   4|0x0000000080400000, 0x0000000080500000, 0x0000000080500000|100%| O|  |TAMS 0x0000000080500000, 0x0000000080400000| Untracked 
|   5|0x0000000080500000, 0x0000000080600000, 0x0000000080600000|100%| O|  |TAMS 0x0000000080600000, 0x0000000080500000| Untracked 
|   6|0x0000000080600000, 0x0000000080700000, 0x0000000080700000|100%| O|  |TAMS 0x0000000080700000, 0x0000000080600000| Untracked 
|   7|0x0000000080700000, 0x0000000080800000, 0x0000000080800000|100%| O|  |TAMS 0x0000000080800000, 0x0000000080700000| Untracked 
|   8|0x0000000080800000, 0x0000000080900000, 0x0000000080900000|100%| O|  |TAMS 0x0000000080900000, 0x0000000080800000| Untracked 
|   9|0x0000000080900000, 0x0000000080a00000, 0x0000000080a00000|100%| O|  |TAMS 0x0000000080a00000, 0x0000000080900000| Untracked 
|  10|0x0000000080a00000, 0x0000000080b00000, 0x0000000080b00000|100%| O|  |TAMS 0x0000000080b00000, 0x0000000080a00000| Untracked 
|  11|0x0000000080b00000, 0x0000000080c00000, 0x0000000080c00000|100%| O|  |TAMS 0x0000000080c00000, 0x0000000080b00000| Untracked 
|  12|0x0000000080c00000, 0x0000000080d00000, 0x0000000080d00000|100%| O|  |TAMS 0x0000000080d00000, 0x0000000080c00000| Untracked 
|  13|0x0000000080d00000, 0x0000000080e00000, 0x0000000080e00000|100%| O|  |TAMS 0x0000000080e00000, 0x0000000080d00000| Untracked 
|  14|0x0000000080e00000, 0x0000000080f00000, 0x0000000080f00000|100%| O|  |TAMS 0x0000000080f00000, 0x0000000080e00000| Untracked 
|  15|0x0000000080f00000, 0x0000000081000000, 0x0000000081000000|100%| O|  |TAMS 0x0000000081000000, 0x0000000080f00000| Untracked 
|  16|0x0000000081000000, 0x0000000081100000, 0x0000000081100000|100%|HS|  |TAMS 0x0000000081100000, 0x0000000081000000| Complete 
|  17|0x0000000081100000, 0x0000000081200000, 0x0000000081200000|100%| O|  |TAMS 0x0000000081200000, 0x0000000081100000| Untracked 
|  18|0x0000000081200000, 0x0000000081300000, 0x0000000081300000|100%| O|  |TAMS 0x0000000081300000, 0x0000000081200000| Untracked 
|  19|0x0000000081300000, 0x0000000081400000, 0x0000000081400000|100%| O|  |TAMS 0x0000000081400000, 0x0000000081300000| Untracked 
|  20|0x0000000081400000, 0x0000000081500000, 0x0000000081500000|100%| O|  |TAMS 0x0000000081500000, 0x0000000081400000| Untracked 
|  21|0x0000000081500000, 0x0000000081600000, 0x0000000081600000|100%| O|  |TAMS 0x0000000081600000, 0x0000000081500000| Untracked 
|  22|0x0000000081600000, 0x0000000081700000, 0x0000000081700000|100%| O|  |TAMS 0x0000000081700000, 0x0000000081600000| Untracked 
|  23|0x0000000081700000, 0x0000000081800000, 0x0000000081800000|100%| O|  |TAMS 0x0000000081800000, 0x0000000081700000| Untracked 
|  24|0x0000000081800000, 0x0000000081900000, 0x0000000081900000|100%|HS|  |TAMS 0x0000000081900000, 0x0000000081800000| Complete 
|  25|0x0000000081900000, 0x0000000081a00000, 0x0000000081a00000|100%|HS|  |TAMS 0x0000000081a00000, 0x0000000081900000| Complete 
|  26|0x0000000081a00000, 0x0000000081b00000, 0x0000000081b00000|100%|HS|  |TAMS 0x0000000081b00000, 0x0000000081a00000| Complete 
|  27|0x0000000081b00000, 0x0000000081c00000, 0x0000000081c00000|100%|HC|  |TAMS 0x0000000081c00000, 0x0000000081b00000| Complete 
|  28|0x0000000081c00000, 0x0000000081d00000, 0x0000000081d00000|100%|HC|  |TAMS 0x0000000081d00000, 0x0000000081c00000| Complete 
|  29|0x0000000081d00000, 0x0000000081e00000, 0x0000000081e00000|100%| O|  |TAMS 0x0000000081e00000, 0x0000000081d00000| Untracked 
|  30|0x0000000081e00000, 0x0000000081f00000, 0x0000000081f00000|100%|HS|  |TAMS 0x0000000081f00000, 0x0000000081e00000| Complete 
|  31|0x0000000081f00000, 0x0000000082000000, 0x0000000082000000|100%|HC|  |TAMS 0x0000000082000000, 0x0000000081f00000| Complete 
|  32|0x0000000082000000, 0x0000000082100000, 0x0000000082100000|100%| O|  |TAMS 0x0000000082100000, 0x0000000082000000| Untracked 
|  33|0x0000000082100000, 0x0000000082200000, 0x0000000082200000|100%| O|  |TAMS 0x0000000082200000, 0x0000000082100000| Untracked 
|  34|0x0000000082200000, 0x0000000082300000, 0x0000000082300000|100%| O|  |TAMS 0x0000000082300000, 0x0000000082200000| Untracked 
|  35|0x0000000082300000, 0x0000000082400000, 0x0000000082400000|100%| O|  |TAMS 0x0000000082400000, 0x0000000082300000| Untracked 
|  36|0x0000000082400000, 0x0000000082500000, 0x0000000082500000|100%| O|  |TAMS 0x0000000082500000, 0x0000000082400000| Untracked 
|  37|0x0000000082500000, 0x0000000082600000, 0x0000000082600000|100%| O|  |TAMS 0x0000000082600000, 0x0000000082500000| Untracked 
|  38|0x0000000082600000, 0x0000000082700000, 0x0000000082700000|100%| O|  |TAMS 0x0000000082700000, 0x0000000082600000| Untracked 
|  39|0x0000000082700000, 0x0000000082800000, 0x0000000082800000|100%| O|  |TAMS 0x0000000082800000, 0x0000000082700000| Untracked 
|  40|0x0000000082800000, 0x0000000082900000, 0x0000000082900000|100%| O|  |TAMS 0x0000000082900000, 0x0000000082800000| Untracked 
|  41|0x0000000082900000, 0x0000000082a00000, 0x0000000082a00000|100%| O|  |TAMS 0x0000000082a00000, 0x0000000082900000| Untracked 
|  42|0x0000000082a00000, 0x0000000082b00000, 0x0000000082b00000|100%| O|  |TAMS 0x0000000082b00000, 0x0000000082a00000| Untracked 
|  43|0x0000000082b00000, 0x0000000082c00000, 0x0000000082c00000|100%| O|  |TAMS 0x0000000082c00000, 0x0000000082b00000| Untracked 
|  44|0x0000000082c00000, 0x0000000082d00000, 0x0000000082d00000|100%| O|  |TAMS 0x0000000082d00000, 0x0000000082c00000| Untracked 
|  45|0x0000000082d00000, 0x0000000082e00000, 0x0000000082e00000|100%| O|  |TAMS 0x0000000082e00000, 0x0000000082d00000| Untracked 
|  46|0x0000000082e00000, 0x0000000082f00000, 0x0000000082f00000|100%| O|  |TAMS 0x0000000082f00000, 0x0000000082e00000| Untracked 
|  47|0x0000000082f00000, 0x0000000083000000, 0x0000000083000000|100%| O|  |TAMS 0x0000000083000000, 0x0000000082f00000| Untracked 
|  48|0x0000000083000000, 0x0000000083100000, 0x0000000083100000|100%| O|  |TAMS 0x0000000083100000, 0x0000000083000000| Untracked 
|  49|0x0000000083100000, 0x0000000083200000, 0x0000000083200000|100%| O|  |TAMS 0x0000000083200000, 0x0000000083100000| Untracked 
|  50|0x0000000083200000, 0x0000000083300000, 0x0000000083300000|100%| O|  |TAMS 0x0000000083300000, 0x0000000083200000| Untracked 
|  51|0x0000000083300000, 0x0000000083400000, 0x0000000083400000|100%| O|  |TAMS 0x0000000083400000, 0x0000000083300000| Untracked 
|  52|0x0000000083400000, 0x0000000083500000, 0x0000000083500000|100%| O|  |TAMS 0x0000000083500000, 0x0000000083400000| Untracked 
|  53|0x0000000083500000, 0x0000000083600000, 0x0000000083600000|100%| O|  |TAMS 0x0000000083600000, 0x0000000083500000| Untracked 
|  54|0x0000000083600000, 0x0000000083700000, 0x0000000083700000|100%| O|  |TAMS 0x0000000083700000, 0x0000000083600000| Untracked 
|  55|0x0000000083700000, 0x0000000083800000, 0x0000000083800000|100%| O|  |TAMS 0x0000000083800000, 0x0000000083700000| Untracked 
|  56|0x0000000083800000, 0x0000000083900000, 0x0000000083900000|100%| O|  |TAMS 0x0000000083900000, 0x0000000083800000| Untracked 
|  57|0x0000000083900000, 0x0000000083a00000, 0x0000000083a00000|100%| O|  |TAMS 0x0000000083a00000, 0x0000000083900000| Untracked 
|  58|0x0000000083a00000, 0x0000000083b00000, 0x0000000083b00000|100%| O|  |TAMS 0x0000000083b00000, 0x0000000083a00000| Untracked 
|  59|0x0000000083b00000, 0x0000000083c00000, 0x0000000083c00000|100%| O|  |TAMS 0x0000000083c00000, 0x0000000083b00000| Untracked 
|  60|0x0000000083c00000, 0x0000000083d00000, 0x0000000083d00000|100%| O|  |TAMS 0x0000000083d00000, 0x0000000083c00000| Untracked 
|  61|0x0000000083d00000, 0x0000000083e00000, 0x0000000083e00000|100%| O|  |TAMS 0x0000000083e00000, 0x0000000083d00000| Untracked 
|  62|0x0000000083e00000, 0x0000000083f00000, 0x0000000083f00000|100%| O|  |TAMS 0x0000000083f00000, 0x0000000083e00000| Untracked 
|  63|0x0000000083f00000, 0x0000000084000000, 0x0000000084000000|100%| O|  |TAMS 0x0000000084000000, 0x0000000083f00000| Untracked 
|  64|0x0000000084000000, 0x0000000084100000, 0x0000000084100000|100%| O|  |TAMS 0x0000000084100000, 0x0000000084000000| Untracked 
|  65|0x0000000084100000, 0x0000000084200000, 0x0000000084200000|100%| O|  |TAMS 0x0000000084200000, 0x0000000084100000| Untracked 
|  66|0x0000000084200000, 0x0000000084300000, 0x0000000084300000|100%| O|  |TAMS 0x0000000084300000, 0x0000000084200000| Untracked 
|  67|0x0000000084300000, 0x0000000084400000, 0x0000000084400000|100%| O|  |TAMS 0x0000000084400000, 0x0000000084300000| Untracked 
|  68|0x0000000084400000, 0x0000000084500000, 0x0000000084500000|100%| O|  |TAMS 0x0000000084500000, 0x0000000084400000| Untracked 
|  69|0x0000000084500000, 0x0000000084600000, 0x0000000084600000|100%| O|  |TAMS 0x0000000084600000, 0x0000000084500000| Untracked 
|  70|0x0000000084600000, 0x0000000084700000, 0x0000000084700000|100%| O|  |TAMS 0x0000000084700000, 0x0000000084600000| Untracked 
|  71|0x0000000084700000, 0x0000000084800000, 0x0000000084800000|100%| O|  |TAMS 0x0000000084800000, 0x0000000084700000| Untracked 
|  72|0x0000000084800000, 0x0000000084900000, 0x0000000084900000|100%| O|  |TAMS 0x0000000084900000, 0x0000000084800000| Untracked 
|  73|0x0000000084900000, 0x0000000084a00000, 0x0000000084a00000|100%| O|  |TAMS 0x0000000084a00000, 0x0000000084900000| Untracked 
|  74|0x0000000084a00000, 0x0000000084b00000, 0x0000000084b00000|100%| O|  |TAMS 0x0000000084b00000, 0x0000000084a00000| Untracked 
|  75|0x0000000084b00000, 0x0000000084c00000, 0x0000000084c00000|100%| O|  |TAMS 0x0000000084c00000, 0x0000000084b00000| Untracked 
|  76|0x0000000084c00000, 0x0000000084d00000, 0x0000000084d00000|100%| O|  |TAMS 0x0000000084d00000, 0x0000000084c00000| Untracked 
|  77|0x0000000084d00000, 0x0000000084e00000, 0x0000000084e00000|100%| O|  |TAMS 0x0000000084e00000, 0x0000000084d00000| Untracked 
|  78|0x0000000084e00000, 0x0000000084f00000, 0x0000000084f00000|100%| O|  |TAMS 0x0000000084f00000, 0x0000000084e00000| Untracked 
|  79|0x0000000084f00000, 0x0000000085000000, 0x0000000085000000|100%| O|  |TAMS 0x0000000085000000, 0x0000000084f00000| Untracked 
|  80|0x0000000085000000, 0x0000000085013400, 0x0000000085100000|  7%| O|  |TAMS 0x0000000085013400, 0x0000000085000000| Untracked 
|  81|0x0000000085100000, 0x0000000085200000, 0x0000000085200000|100%| O|  |TAMS 0x0000000085200000, 0x0000000085100000| Untracked 
|  82|0x0000000085200000, 0x0000000085200000, 0x0000000085300000|  0%| F|  |TAMS 0x0000000085200000, 0x0000000085200000| Untracked 
|  83|0x0000000085300000, 0x0000000085300000, 0x0000000085400000|  0%| F|  |TAMS 0x0000000085300000, 0x0000000085300000| Untracked 
|  84|0x0000000085400000, 0x0000000085500000, 0x0000000085500000|100%| O|  |TAMS 0x0000000085500000, 0x0000000085400000| Untracked 
|  85|0x0000000085500000, 0x0000000085600000, 0x0000000085600000|100%| O|  |TAMS 0x0000000085600000, 0x0000000085500000| Untracked 
|  86|0x0000000085600000, 0x0000000085700000, 0x0000000085700000|100%| O|  |TAMS 0x0000000085700000, 0x0000000085600000| Untracked 
|  87|0x0000000085700000, 0x0000000085800000, 0x0000000085800000|100%| O|  |TAMS 0x0000000085800000, 0x0000000085700000| Untracked 
|  88|0x0000000085800000, 0x0000000085900000, 0x0000000085900000|100%| O|  |TAMS 0x0000000085900000, 0x0000000085800000| Untracked 
|  89|0x0000000085900000, 0x0000000085a00000, 0x0000000085a00000|100%| O|  |TAMS 0x0000000085a00000, 0x0000000085900000| Untracked 
|  90|0x0000000085a00000, 0x0000000085b00000, 0x0000000085b00000|100%| O|  |TAMS 0x0000000085b00000, 0x0000000085a00000| Untracked 
|  91|0x0000000085b00000, 0x0000000085b00000, 0x0000000085c00000|  0%| F|  |TAMS 0x0000000085b00000, 0x0000000085b00000| Untracked 
|  92|0x0000000085c00000, 0x0000000085d00000, 0x0000000085d00000|100%| O|  |TAMS 0x0000000085d00000, 0x0000000085c00000| Untracked 
|  93|0x0000000085d00000, 0x0000000085e00000, 0x0000000085e00000|100%| O|  |TAMS 0x0000000085e00000, 0x0000000085d00000| Untracked 
|  94|0x0000000085e00000, 0x0000000085f00000, 0x0000000085f00000|100%| O|  |TAMS 0x0000000085f00000, 0x0000000085e00000| Untracked 
|  95|0x0000000085f00000, 0x0000000086000000, 0x0000000086000000|100%| O|  |TAMS 0x0000000086000000, 0x0000000085f00000| Untracked 
|  96|0x0000000086000000, 0x0000000086000000, 0x0000000086100000|  0%| F|  |TAMS 0x0000000086000000, 0x0000000086000000| Untracked 
|  97|0x0000000086100000, 0x0000000086100000, 0x0000000086200000|  0%| F|  |TAMS 0x0000000086100000, 0x0000000086100000| Untracked 
|  98|0x0000000086200000, 0x0000000086200000, 0x0000000086300000|  0%| F|  |TAMS 0x0000000086200000, 0x0000000086200000| Untracked 
|  99|0x0000000086300000, 0x0000000086300000, 0x0000000086400000|  0%| F|  |TAMS 0x0000000086300000, 0x0000000086300000| Untracked 
| 100|0x0000000086400000, 0x0000000086400000, 0x0000000086500000|  0%| F|  |TAMS 0x0000000086400000, 0x0000000086400000| Untracked 
| 101|0x0000000086500000, 0x0000000086500000, 0x0000000086600000|  0%| F|  |TAMS 0x0000000086500000, 0x0000000086500000| Untracked 
| 102|0x0000000086600000, 0x0000000086600000, 0x0000000086700000|  0%| F|  |TAMS 0x0000000086600000, 0x0000000086600000| Untracked 
| 103|0x0000000086700000, 0x0000000086700000, 0x0000000086800000|  0%| F|  |TAMS 0x0000000086700000, 0x0000000086700000| Untracked 
| 104|0x0000000086800000, 0x0000000086800000, 0x0000000086900000|  0%| F|  |TAMS 0x0000000086800000, 0x0000000086800000| Untracked 
| 105|0x0000000086900000, 0x0000000086900000, 0x0000000086a00000|  0%| F|  |TAMS 0x0000000086900000, 0x0000000086900000| Untracked 
| 106|0x0000000086a00000, 0x0000000086a00000, 0x0000000086b00000|  0%| F|  |TAMS 0x0000000086a00000, 0x0000000086a00000| Untracked 
| 107|0x0000000086b00000, 0x0000000086b00000, 0x0000000086c00000|  0%| F|  |TAMS 0x0000000086b00000, 0x0000000086b00000| Untracked 
| 108|0x0000000086c00000, 0x0000000086c00000, 0x0000000086d00000|  0%| F|  |TAMS 0x0000000086c00000, 0x0000000086c00000| Untracked 
| 109|0x0000000086d00000, 0x0000000086d00000, 0x0000000086e00000|  0%| F|  |TAMS 0x0000000086d00000, 0x0000000086d00000| Untracked 
| 110|0x0000000086e00000, 0x0000000086e00000, 0x0000000086f00000|  0%| F|  |TAMS 0x0000000086e00000, 0x0000000086e00000| Untracked 
| 111|0x0000000086f00000, 0x0000000086f00000, 0x0000000087000000|  0%| F|  |TAMS 0x0000000086f00000, 0x0000000086f00000| Untracked 
| 112|0x0000000087000000, 0x0000000087000000, 0x0000000087100000|  0%| F|  |TAMS 0x0000000087000000, 0x0000000087000000| Untracked 
| 113|0x0000000087100000, 0x0000000087100000, 0x0000000087200000|  0%| F|  |TAMS 0x0000000087100000, 0x0000000087100000| Untracked 
| 114|0x0000000087200000, 0x0000000087200000, 0x0000000087300000|  0%| F|  |TAMS 0x0000000087200000, 0x0000000087200000| Untracked 
| 115|0x0000000087300000, 0x0000000087300000, 0x0000000087400000|  0%| F|  |TAMS 0x0000000087300000, 0x0000000087300000| Untracked 
| 116|0x0000000087400000, 0x0000000087400000, 0x0000000087500000|  0%| F|  |TAMS 0x0000000087400000, 0x0000000087400000| Untracked 
| 117|0x0000000087500000, 0x0000000087500000, 0x0000000087600000|  0%| F|  |TAMS 0x0000000087500000, 0x0000000087500000| Untracked 
| 118|0x0000000087600000, 0x0000000087600000, 0x0000000087700000|  0%| F|  |TAMS 0x0000000087600000, 0x0000000087600000| Untracked 
| 119|0x0000000087700000, 0x0000000087700000, 0x0000000087800000|  0%| F|  |TAMS 0x0000000087700000, 0x0000000087700000| Untracked 
| 120|0x0000000087800000, 0x0000000087800000, 0x0000000087900000|  0%| F|  |TAMS 0x0000000087800000, 0x0000000087800000| Untracked 
| 121|0x0000000087900000, 0x0000000087900000, 0x0000000087a00000|  0%| F|  |TAMS 0x0000000087900000, 0x0000000087900000| Untracked 
| 122|0x0000000087a00000, 0x0000000087a00000, 0x0000000087b00000|  0%| F|  |TAMS 0x0000000087a00000, 0x0000000087a00000| Untracked 
| 123|0x0000000087b00000, 0x0000000087b00000, 0x0000000087c00000|  0%| F|  |TAMS 0x0000000087b00000, 0x0000000087b00000| Untracked 
| 124|0x0000000087c00000, 0x0000000087c8ae60, 0x0000000087d00000| 54%| S|CS|TAMS 0x0000000087c00000, 0x0000000087c00000| Complete 
| 125|0x0000000087d00000, 0x0000000087e00000, 0x0000000087e00000|100%| S|CS|TAMS 0x0000000087d00000, 0x0000000087d00000| Complete 
| 126|0x0000000087e00000, 0x0000000087f00000, 0x0000000087f00000|100%| S|CS|TAMS 0x0000000087e00000, 0x0000000087e00000| Complete 
| 127|0x0000000087f00000, 0x0000000088000000, 0x0000000088000000|100%| S|CS|TAMS 0x0000000087f00000, 0x0000000087f00000| Complete 
| 128|0x0000000088000000, 0x0000000088100000, 0x0000000088100000|100%| S|CS|TAMS 0x0000000088000000, 0x0000000088000000| Complete 
| 129|0x0000000088100000, 0x0000000088100000, 0x0000000088200000|  0%| F|  |TAMS 0x0000000088100000, 0x0000000088100000| Untracked 
| 130|0x0000000088200000, 0x0000000088200000, 0x0000000088300000|  0%| F|  |TAMS 0x0000000088200000, 0x0000000088200000| Untracked 
| 131|0x0000000088300000, 0x0000000088300000, 0x0000000088400000|  0%| F|  |TAMS 0x0000000088300000, 0x0000000088300000| Untracked 
| 132|0x0000000088400000, 0x0000000088400000, 0x0000000088500000|  0%| F|  |TAMS 0x0000000088400000, 0x0000000088400000| Untracked 
| 133|0x0000000088500000, 0x0000000088600000, 0x0000000088600000|100%| S|CS|TAMS 0x0000000088500000, 0x0000000088500000| Complete 
| 134|0x0000000088600000, 0x0000000088700000, 0x0000000088700000|100%| S|CS|TAMS 0x0000000088600000, 0x0000000088600000| Complete 
| 135|0x0000000088700000, 0x0000000088700000, 0x0000000088800000|  0%| F|  |TAMS 0x0000000088700000, 0x0000000088700000| Untracked 
| 136|0x0000000088800000, 0x0000000088800000, 0x0000000088900000|  0%| F|  |TAMS 0x0000000088800000, 0x0000000088800000| Untracked 
| 137|0x0000000088900000, 0x0000000088900000, 0x0000000088a00000|  0%| F|  |TAMS 0x0000000088900000, 0x0000000088900000| Untracked 
| 138|0x0000000088a00000, 0x0000000088a00000, 0x0000000088b00000|  0%| F|  |TAMS 0x0000000088a00000, 0x0000000088a00000| Untracked 
| 139|0x0000000088b00000, 0x0000000088b00000, 0x0000000088c00000|  0%| F|  |TAMS 0x0000000088b00000, 0x0000000088b00000| Untracked 
| 140|0x0000000088c00000, 0x0000000088c00000, 0x0000000088d00000|  0%| F|  |TAMS 0x0000000088c00000, 0x0000000088c00000| Untracked 
| 141|0x0000000088d00000, 0x0000000088d00000, 0x0000000088e00000|  0%| F|  |TAMS 0x0000000088d00000, 0x0000000088d00000| Untracked 
| 142|0x0000000088e00000, 0x0000000088e00000, 0x0000000088f00000|  0%| F|  |TAMS 0x0000000088e00000, 0x0000000088e00000| Untracked 
| 143|0x0000000088f00000, 0x0000000088f00000, 0x0000000089000000|  0%| F|  |TAMS 0x0000000088f00000, 0x0000000088f00000| Untracked 
| 144|0x0000000089000000, 0x0000000089000000, 0x0000000089100000|  0%| F|  |TAMS 0x0000000089000000, 0x0000000089000000| Untracked 
| 145|0x0000000089100000, 0x0000000089100000, 0x0000000089200000|  0%| F|  |TAMS 0x0000000089100000, 0x0000000089100000| Untracked 
| 146|0x0000000089200000, 0x0000000089200000, 0x0000000089300000|  0%| F|  |TAMS 0x0000000089200000, 0x0000000089200000| Untracked 
| 147|0x0000000089300000, 0x00000000893e8700, 0x0000000089400000| 90%| E|  |TAMS 0x0000000089300000, 0x0000000089300000| Complete 
| 148|0x0000000089400000, 0x0000000089500000, 0x0000000089500000|100%| E|CS|TAMS 0x0000000089400000, 0x0000000089400000| Complete 
| 149|0x0000000089500000, 0x00000000895fff08, 0x0000000089600000| 99%| E|  |TAMS 0x0000000089500000, 0x0000000089500000| Complete 
| 150|0x0000000089600000, 0x0000000089700000, 0x0000000089700000|100%| E|CS|TAMS 0x0000000089600000, 0x0000000089600000| Complete 
| 151|0x0000000089700000, 0x0000000089800000, 0x0000000089800000|100%| E|CS|TAMS 0x0000000089700000, 0x0000000089700000| Complete 
| 152|0x0000000089800000, 0x0000000089900000, 0x0000000089900000|100%| E|CS|TAMS 0x0000000089800000, 0x0000000089800000| Complete 
| 153|0x0000000089900000, 0x0000000089a00000, 0x0000000089a00000|100%| E|CS|TAMS 0x0000000089900000, 0x0000000089900000| Complete 
| 154|0x0000000089a00000, 0x0000000089b00000, 0x0000000089b00000|100%| E|CS|TAMS 0x0000000089a00000, 0x0000000089a00000| Complete 
| 155|0x0000000089b00000, 0x0000000089c00000, 0x0000000089c00000|100%| E|CS|TAMS 0x0000000089b00000, 0x0000000089b00000| Complete 
| 156|0x0000000089c00000, 0x0000000089d00000, 0x0000000089d00000|100%| E|CS|TAMS 0x0000000089c00000, 0x0000000089c00000| Complete 
| 157|0x0000000089d00000, 0x0000000089e00000, 0x0000000089e00000|100%| E|CS|TAMS 0x0000000089d00000, 0x0000000089d00000| Complete 
| 158|0x0000000089e00000, 0x0000000089effff8, 0x0000000089f00000| 99%| E|CS|TAMS 0x0000000089e00000, 0x0000000089e00000| Complete 
| 159|0x0000000089f00000, 0x000000008a000000, 0x000000008a000000|100%| E|CS|TAMS 0x0000000089f00000, 0x0000000089f00000| Complete 
| 160|0x000000008a000000, 0x000000008a100000, 0x000000008a100000|100%| E|CS|TAMS 0x000000008a000000, 0x000000008a000000| Complete 
| 161|0x000000008a100000, 0x000000008a200000, 0x000000008a200000|100%| E|CS|TAMS 0x000000008a100000, 0x000000008a100000| Complete 
| 162|0x000000008a200000, 0x000000008a300000, 0x000000008a300000|100%| E|CS|TAMS 0x000000008a200000, 0x000000008a200000| Complete 
| 163|0x000000008a300000, 0x000000008a400000, 0x000000008a400000|100%| E|CS|TAMS 0x000000008a300000, 0x000000008a300000| Complete 
| 164|0x000000008a400000, 0x000000008a500000, 0x000000008a500000|100%| E|CS|TAMS 0x000000008a400000, 0x000000008a400000| Complete 
| 165|0x000000008a500000, 0x000000008a600000, 0x000000008a600000|100%| E|CS|TAMS 0x000000008a500000, 0x000000008a500000| Complete 
| 166|0x000000008a600000, 0x000000008a700000, 0x000000008a700000|100%| E|CS|TAMS 0x000000008a600000, 0x000000008a600000| Complete 
| 167|0x000000008a700000, 0x000000008a800000, 0x000000008a800000|100%| E|CS|TAMS 0x000000008a700000, 0x000000008a700000| Complete 
| 168|0x000000008a800000, 0x000000008a900000, 0x000000008a900000|100%| E|CS|TAMS 0x000000008a800000, 0x000000008a800000| Complete 
| 169|0x000000008a900000, 0x000000008aa00000, 0x000000008aa00000|100%| E|CS|TAMS 0x000000008a900000, 0x000000008a900000| Complete 
| 170|0x000000008aa00000, 0x000000008ab00000, 0x000000008ab00000|100%| E|CS|TAMS 0x000000008aa00000, 0x000000008aa00000| Complete 
| 171|0x000000008ab00000, 0x000000008ac00000, 0x000000008ac00000|100%| E|CS|TAMS 0x000000008ab00000, 0x000000008ab00000| Complete 
| 172|0x000000008ac00000, 0x000000008ad00000, 0x000000008ad00000|100%| E|CS|TAMS 0x000000008ac00000, 0x000000008ac00000| Complete 
| 173|0x000000008ad00000, 0x000000008ae00000, 0x000000008ae00000|100%| E|CS|TAMS 0x000000008ad00000, 0x000000008ad00000| Complete 
| 174|0x000000008ae00000, 0x000000008af00000, 0x000000008af00000|100%| E|CS|TAMS 0x000000008ae00000, 0x000000008ae00000| Complete 
| 175|0x000000008af00000, 0x000000008b000000, 0x000000008b000000|100%| E|CS|TAMS 0x000000008af00000, 0x000000008af00000| Complete 
| 176|0x000000008b000000, 0x000000008b100000, 0x000000008b100000|100%| E|CS|TAMS 0x000000008b000000, 0x000000008b000000| Complete 
| 177|0x000000008b100000, 0x000000008b200000, 0x000000008b200000|100%| E|CS|TAMS 0x000000008b100000, 0x000000008b100000| Complete 
| 178|0x000000008b200000, 0x000000008b300000, 0x000000008b300000|100%| E|CS|TAMS 0x000000008b200000, 0x000000008b200000| Complete 
| 179|0x000000008b300000, 0x000000008b400000, 0x000000008b400000|100%| E|CS|TAMS 0x000000008b300000, 0x000000008b300000| Complete 
| 180|0x000000008b400000, 0x000000008b500000, 0x000000008b500000|100%| E|CS|TAMS 0x000000008b400000, 0x000000008b400000| Complete 

Card table byte_map: [0x000000f27d950000,0x000000f27dd50000] _byte_map_base: 0x000000f27d550000

Marking Bits (Prev, Next): (CMBitMap*) 0x000000f279aa7a00, (CMBitMap*) 0x000000f279aa79c8
 Prev Bits: [0x000000f211000000, 0x000000f213000000)
 Next Bits: [0x000000f20f000000, 0x000000f211000000)

Polling page: 0x000000f277b50000

Metaspace:

Usage:
  Non-class:     98.41 MB capacity,    97.10 MB ( 99%) used,     1.04 MB (  1%) free+waste,   284.31 KB ( <1%) overhead. 
      Class:     14.40 MB capacity,    13.58 MB ( 94%) used,   713.72 KB (  5%) free+waste,   121.44 KB ( <1%) overhead. 
       Both:    112.81 MB capacity,   110.68 MB ( 98%) used,     1.73 MB (  2%) free+waste,   405.75 KB ( <1%) overhead. 

Virtual space:
  Non-class space:      100.00 MB reserved,      98.62 MB ( 99%) committed 
      Class space:        1.00 GB reserved,      14.48 MB (  1%) committed 
             Both:        1.10 GB reserved,     113.10 MB ( 10%) committed 

Chunk freelists:
   Non-Class:  20.00 KB
       Class:  10.00 KB
        Both:  30.00 KB

MaxMetaspaceSize: 17179869184.00 GB
CompressedClassSpaceSize: 1.00 GB
Initial GC threshold: 20.80 MB
Current GC threshold: 180.59 MB
CDS: off

CodeHeap 'non-profiled nmethods': size=120064Kb used=12144Kb max_used=12144Kb free=107919Kb
 bounds [0x000000f207ac0000, 0x000000f2086a0000, 0x000000f20f000000]
CodeHeap 'profiled nmethods': size=120000Kb used=36344Kb max_used=36344Kb free=83655Kb
 bounds [0x000000f200590000, 0x000000f202910000, 0x000000f207ac0000]
CodeHeap 'non-nmethods': size=5696Kb used=2420Kb max_used=2450Kb free=3275Kb
 bounds [0x000000f200000000, 0x000000f200270000, 0x000000f200590000]
 total_blobs=16450 nmethods=15495 adapters=867
 compilation: enabled
              stopped_count=0, restarted_count=0
 full_count=0

Compilation events (20 events):
Event: 91.877 Thread 0x000000f27e98e000 nmethod 16376 0x000000f20290d510 code [0x000000f20290d6e0, 0x000000f20290d9b8]
Event: 91.880 Thread 0x000000f27f3fd000 16377       4       org.gradle.internal.work.DefaultWorkerLeaseService$DefaultWorkerLease::doIsLockedByCurrentThread (23 bytes)
Event: 91.881 Thread 0x000000f27f3fd000 nmethod 16377 0x000000f20869b090 code [0x000000f20869b220, 0x000000f20869b2b8]
Event: 91.883 Thread 0x000000f27e98e000 16378       1       org.gradle.api.specs.Specs$2::isSatisfiedBy (2 bytes)
Event: 91.883 Thread 0x000000f27e98e000 nmethod 16378 0x000000f20869b390 code [0x000000f20869b540, 0x000000f20869b5f8]
Event: 91.884 Thread 0x000000f27f3fd000 16379       4       org.apache.http.util.CharArrayBuffer::append (37 bytes)
Event: 91.886 Thread 0x000000f27f3fd000 nmethod 16379 0x000000f20869b690 code [0x000000f20869b820, 0x000000f20869b8f8]
Event: 91.886 Thread 0x000000f27e98e000 16380       3       com.sun.crypto.provider.GaloisCounterMode::checkDataLength (19 bytes)
Event: 91.886 Thread 0x000000f27e98e000 nmethod 16380 0x000000f20290da90 code [0x000000f20290dc60, 0x000000f20290de48]
Event: 92.106 Thread 0x000000f27e98e000 16381       1       java.io.ExpiringCache$Entry::timestamp (5 bytes)
Event: 92.106 Thread 0x000000f27e98e000 nmethod 16381 0x000000f20869ba10 code [0x000000f20869bbc0, 0x000000f20869bc78]
Event: 93.104 Thread 0x000000f27f3fd000 16382       4       java.math.BigDecimal::valueOf (57 bytes)
Event: 93.107 Thread 0x000000f27f3fd000 nmethod 16382 0x000000f20869bd10 code [0x000000f20869bec0, 0x000000f20869c018]
Event: 93.665 Thread 0x000000f27e98e000 16383       3       org.apache.http.params.BasicHttpParams::getParameter (11 bytes)
Event: 93.666 Thread 0x000000f27e98e000 nmethod 16383 0x000000f20290df10 code [0x000000f20290e0c0, 0x000000f20290e288]
Event: 93.667 Thread 0x000000f27e98e000 16384       3       org.apache.http.impl.io.SessionOutputBufferImpl::writeLine (120 bytes)
Event: 93.669 Thread 0x000000f27e98e000 nmethod 16384 0x000000f20290e390 code [0x000000f20290e5e0, 0x000000f20290edc8]
Event: 93.669 Thread 0x000000f27e98e000 16385       3       org.apache.http.impl.io.SessionOutputBufferImpl::write (14 bytes)
Event: 93.669 Thread 0x000000f27e98e000 nmethod 16385 0x000000f20290f110 code [0x000000f20290f2e0, 0x000000f20290f488]
Event: 93.750 Thread 0x000000f27f3fd000 16386       4       javax.management.ObjectName::construct (1135 bytes)

GC Heap History (20 events):
Event: 66.255 GC heap before
{Heap before GC invocations=28 (full 0):
 garbage-first heap   total 185344K, used 135822K [0x0000000080000000, 0x0000000100000000)
  region size 1024K, 34 young (34816K), 4 survivors (4096K)
 Metaspace       used 98361K, capacity 100431K, committed 100584K, reserved 1136640K
  class space    used 12247K, capacity 13055K, committed 13164K, reserved 1048576K
}
Event: 66.269 GC heap after
{Heap after GC invocations=29 (full 0):
 garbage-first heap   total 185344K, used 108879K [0x0000000080000000, 0x0000000100000000)
  region size 1024K, 4 young (4096K), 4 survivors (4096K)
 Metaspace       used 98361K, capacity 100431K, committed 100584K, reserved 1136640K
  class space    used 12247K, capacity 13055K, committed 13164K, reserved 1048576K
}
Event: 66.610 GC heap before
{Heap before GC invocations=29 (full 0):
 garbage-first heap   total 185344K, used 112975K [0x0000000080000000, 0x0000000100000000)
  region size 1024K, 9 young (9216K), 4 survivors (4096K)
 Metaspace       used 98544K, capacity 100623K, committed 100840K, reserved 1136640K
  class space    used 12263K, capacity 13055K, committed 13164K, reserved 1048576K
}
Event: 66.621 GC heap after
{Heap after GC invocations=30 (full 0):
 garbage-first heap   total 185344K, used 99619K [0x0000000080000000, 0x0000000100000000)
  region size 1024K, 1 young (1024K), 1 survivors (1024K)
 Metaspace       used 98544K, capacity 100623K, committed 100840K, reserved 1136640K
  class space    used 12263K, capacity 13055K, committed 13164K, reserved 1048576K
}
Event: 69.483 GC heap before
{Heap before GC invocations=30 (full 0):
 garbage-first heap   total 185344K, used 141603K [0x0000000080000000, 0x0000000100000000)
  region size 1024K, 42 young (43008K), 1 survivors (1024K)
 Metaspace       used 99861K, capacity 101982K, committed 102248K, reserved 1138688K
  class space    used 12385K, capacity 13187K, committed 13292K, reserved 1048576K
}
Event: 69.503 GC heap after
{Heap after GC invocations=31 (full 0):
 garbage-first heap   total 185344K, used 104858K [0x0000000080000000, 0x0000000100000000)
  region size 1024K, 6 young (6144K), 6 survivors (6144K)
 Metaspace       used 99861K, capacity 101982K, committed 102248K, reserved 1138688K
  class space    used 12385K, capacity 13187K, committed 13292K, reserved 1048576K
}
Event: 72.043 GC heap before
{Heap before GC invocations=32 (full 0):
 garbage-first heap   total 185344K, used 142746K [0x0000000080000000, 0x0000000100000000)
  region size 1024K, 45 young (46080K), 6 survivors (6144K)
 Metaspace       used 100567K, capacity 102624K, committed 102760K, reserved 1138688K
  class space    used 12450K, capacity 13223K, committed 13292K, reserved 1048576K
}
Event: 72.059 GC heap after
{Heap after GC invocations=33 (full 0):
 garbage-first heap   total 185344K, used 104534K [0x0000000080000000, 0x0000000100000000)
  region size 1024K, 2 young (2048K), 2 survivors (2048K)
 Metaspace       used 100567K, capacity 102624K, committed 102760K, reserved 1138688K
  class space    used 12450K, capacity 13223K, committed 13292K, reserved 1048576K
}
Event: 72.368 GC heap before
{Heap before GC invocations=33 (full 0):
 garbage-first heap   total 185344K, used 110678K [0x0000000080000000, 0x0000000100000000)
  region size 1024K, 9 young (9216K), 2 survivors (2048K)
 Metaspace       used 100639K, capacity 102768K, committed 103016K, reserved 1138688K
  class space    used 12450K, capacity 13223K, committed 13292K, reserved 1048576K
}
Event: 72.387 GC heap after
{Heap after GC invocations=34 (full 0):
 garbage-first heap   total 185344K, used 98033K [0x0000000080000000, 0x0000000100000000)
  region size 1024K, 1 young (1024K), 1 survivors (1024K)
 Metaspace       used 100639K, capacity 102768K, committed 103016K, reserved 1138688K
  class space    used 12450K, capacity 13223K, committed 13292K, reserved 1048576K
}
Event: 75.261 GC heap before
{Heap before GC invocations=34 (full 0):
 garbage-first heap   total 185344K, used 141041K [0x0000000080000000, 0x0000000100000000)
  region size 1024K, 44 young (45056K), 1 survivors (1024K)
 Metaspace       used 101729K, capacity 103881K, committed 103912K, reserved 1140736K
  class space    used 12565K, capacity 13400K, committed 13420K, reserved 1048576K
}
Event: 75.270 GC heap after
{Heap after GC invocations=35 (full 0):
 garbage-first heap   total 185344K, used 99947K [0x0000000080000000, 0x0000000100000000)
  region size 1024K, 3 young (3072K), 3 survivors (3072K)
 Metaspace       used 101729K, capacity 103881K, committed 103912K, reserved 1140736K
  class space    used 12565K, capacity 13400K, committed 13420K, reserved 1048576K
}
Event: 77.410 GC heap before
{Heap before GC invocations=36 (full 0):
 garbage-first heap   total 185344K, used 140907K [0x0000000080000000, 0x0000000100000000)
  region size 1024K, 46 young (47104K), 3 survivors (3072K)
 Metaspace       used 103682K, capacity 105804K, committed 105960K, reserved 1142784K
  class space    used 12803K, capacity 13634K, committed 13676K, reserved 1048576K
}
Event: 77.425 GC heap after
{Heap after GC invocations=37 (full 0):
 garbage-first heap   total 185344K, used 100443K [0x0000000080000000, 0x0000000100000000)
  region size 1024K, 6 young (6144K), 6 survivors (6144K)
 Metaspace       used 103682K, capacity 105804K, committed 105960K, reserved 1142784K
  class space    used 12803K, capacity 13634K, committed 13676K, reserved 1048576K
}
Event: 77.537 GC heap before
{Heap before GC invocations=37 (full 0):
 garbage-first heap   total 185344K, used 102491K [0x0000000080000000, 0x0000000100000000)
  region size 1024K, 9 young (9216K), 6 survivors (6144K)
 Metaspace       used 103875K, capacity 106028K, committed 106344K, reserved 1142784K
  class space    used 12831K, capacity 13666K, committed 13804K, reserved 1048576K
}
Event: 77.551 GC heap after
{Heap after GC invocations=38 (full 0):
 garbage-first heap   total 185344K, used 95233K [0x0000000080000000, 0x0000000100000000)
  region size 1024K, 1 young (1024K), 1 survivors (1024K)
 Metaspace       used 103875K, capacity 106028K, committed 106344K, reserved 1142784K
  class space    used 12831K, capacity 13666K, committed 13804K, reserved 1048576K
}
Event: 80.252 GC heap before
{Heap before GC invocations=38 (full 0):
 garbage-first heap   total 185344K, used 143361K [0x0000000080000000, 0x0000000100000000)
  region size 1024K, 48 young (49152K), 1 survivors (1024K)
 Metaspace       used 107721K, capacity 109842K, committed 110056K, reserved 1144832K
  class space    used 13269K, capacity 14098K, committed 14188K, reserved 1048576K
}
Event: 80.265 GC heap after
{Heap after GC invocations=39 (full 0):
 garbage-first heap   total 185344K, used 97789K [0x0000000080000000, 0x0000000100000000)
  region size 1024K, 4 young (4096K), 4 survivors (4096K)
 Metaspace       used 107721K, capacity 109842K, committed 110056K, reserved 1144832K
  class space    used 13269K, capacity 14098K, committed 14188K, reserved 1048576K
}
Event: 85.112 GC heap before
{Heap before GC invocations=40 (full 0):
 garbage-first heap   total 185344K, used 143869K [0x0000000080000000, 0x0000000100000000)
  region size 1024K, 50 young (51200K), 4 survivors (4096K)
 Metaspace       used 113060K, capacity 115307K, committed 115560K, reserved 1150976K
  class space    used 13905K, capacity 14740K, committed 14828K, reserved 1048576K
}
Event: 85.125 GC heap after
{Heap after GC invocations=41 (full 0):
 garbage-first heap   total 185344K, used 100984K [0x0000000080000000, 0x0000000100000000)
  region size 1024K, 7 young (7168K), 7 survivors (7168K)
 Metaspace       used 113060K, capacity 115307K, committed 115560K, reserved 1150976K
  class space    used 13905K, capacity 14740K, committed 14828K, reserved 1048576K
}

Deoptimization events (20 events):
Event: 85.002 Thread 0x000000f21b1b4000 DEOPT PACKING pc=0x000000f202749fb8 sp=0x000000f21fce9170
Event: 85.002 Thread 0x000000f21b1b4000 DEOPT UNPACKING pc=0x000000f20004a95e sp=0x000000f21fce8680 mode 0
Event: 85.033 Thread 0x000000f21b1b4000 Uncommon trap: trap_request=0xffffffde fr.pc=0x000000f208024a90 relative=0x0000000000000af0
Event: 85.033 Thread 0x000000f21b1b4000 Uncommon trap: reason=class_check action=maybe_recompile pc=0x000000f208024a90 method=java.lang.AbstractStringBuilder.append(Ljava/lang/CharSequence;)Ljava/lang/AbstractStringBuilder; @ 37 c2
Event: 85.033 Thread 0x000000f21b1b4000 DEOPT PACKING pc=0x000000f208024a90 sp=0x000000f21fcea780
Event: 85.033 Thread 0x000000f21b1b4000 DEOPT UNPACKING pc=0x000000f20004a1af sp=0x000000f21fcea778 mode 2
Event: 85.793 Thread 0x000000f21b9d3800 DEOPT PACKING pc=0x000000f20230dae7 sp=0x000000f226068670
Event: 85.793 Thread 0x000000f21b9d3800 DEOPT UNPACKING pc=0x000000f20004a95e sp=0x000000f226067b98 mode 0
Event: 86.071 Thread 0x000000f21b9d3800 Uncommon trap: trap_request=0xffffffc6 fr.pc=0x000000f20815b5d8 relative=0x0000000000000758
Event: 86.071 Thread 0x000000f21b9d3800 Uncommon trap: reason=bimorphic_or_optimized_type_check action=maybe_recompile pc=0x000000f20815b5d8 method=java.util.Collections.indexedBinarySearch(Ljava/util/List;Ljava/lang/Object;Ljava/util/Comparator;)I @ 3 c2
Event: 86.071 Thread 0x000000f21b9d3800 DEOPT PACKING pc=0x000000f20815b5d8 sp=0x000000f22606a220
Event: 86.071 Thread 0x000000f21b9d3800 DEOPT UNPACKING pc=0x000000f20004a1af sp=0x000000f22606a158 mode 2
Event: 86.075 Thread 0x000000f21b9d3800 Uncommon trap: trap_request=0xffffffc6 fr.pc=0x000000f20815b5d8 relative=0x0000000000000758
Event: 86.075 Thread 0x000000f21b9d3800 Uncommon trap: reason=bimorphic_or_optimized_type_check action=maybe_recompile pc=0x000000f20815b5d8 method=java.util.Collections.indexedBinarySearch(Ljava/util/List;Ljava/lang/Object;Ljava/util/Comparator;)I @ 3 c2
Event: 86.075 Thread 0x000000f21b9d3800 DEOPT PACKING pc=0x000000f20815b5d8 sp=0x000000f22606a220
Event: 86.075 Thread 0x000000f21b9d3800 DEOPT UNPACKING pc=0x000000f20004a1af sp=0x000000f22606a158 mode 2
Event: 86.876 Thread 0x000000f21acd6800 DEOPT PACKING pc=0x000000f20274bb2c sp=0x000000f220bebbd0
Event: 86.876 Thread 0x000000f21acd6800 DEOPT UNPACKING pc=0x000000f20004a95e sp=0x000000f220beb080 mode 0
Event: 86.975 Thread 0x000000f21b9ca800 DEOPT PACKING pc=0x000000f202733f1d sp=0x000000f2214eb970
Event: 86.976 Thread 0x000000f21b9ca800 DEOPT UNPACKING pc=0x000000f20004a95e sp=0x000000f2214eae58 mode 0

Classes redefined (0 events):
No events

Internal exceptions (20 events):
Event: 68.655 Thread 0x000000f27f673000 Implicit null exception at 0x000000f20821d3bc to 0x000000f20821d750
Event: 68.655 Thread 0x000000f27f673000 Implicit null exception at 0x000000f20821d3bc to 0x000000f20821d750
Event: 70.630 Thread 0x000000f21b9d2000 Exception <a 'java/lang/NoSuchMethodError'{0x000000008a301440}: <clinit>> (0x000000008a301440) thrown at [./src/hotspot/share/prims/jni.cpp, line 1366]
Event: 71.137 Thread 0x000000f21b9d3800 Exception <a 'sun/nio/fs/WindowsException'{0x0000000089fa02e8}> (0x0000000089fa02e8) thrown at [./src/hotspot/share/prims/jni.cpp, line 616]
Event: 71.137 Thread 0x000000f21b9d3800 Exception <a 'sun/nio/fs/WindowsException'{0x0000000089fa1430}> (0x0000000089fa1430) thrown at [./src/hotspot/share/prims/jni.cpp, line 616]
Event: 71.491 Thread 0x000000f21b9d3800 Exception <a 'sun/nio/fs/WindowsException'{0x00000000897025f8}> (0x00000000897025f8) thrown at [./src/hotspot/share/prims/jni.cpp, line 616]
Event: 71.491 Thread 0x000000f21b9d3800 Exception <a 'sun/nio/fs/WindowsException'{0x0000000089703740}> (0x0000000089703740) thrown at [./src/hotspot/share/prims/jni.cpp, line 616]
Event: 72.728 Thread 0x000000f21b9d3800 Exception <a 'sun/nio/fs/WindowsException'{0x000000008aad7d18}> (0x000000008aad7d18) thrown at [./src/hotspot/share/prims/jni.cpp, line 616]
Event: 72.728 Thread 0x000000f21b9d3800 Exception <a 'sun/nio/fs/WindowsException'{0x000000008aad8ea0}> (0x000000008aad8ea0) thrown at [./src/hotspot/share/prims/jni.cpp, line 616]
Event: 72.728 Thread 0x000000f21b9d3800 Exception <a 'sun/nio/fs/WindowsException'{0x000000008aad91c8}> (0x000000008aad91c8) thrown at [./src/hotspot/share/prims/jni.cpp, line 616]
Event: 72.728 Thread 0x000000f21b9d3800 Exception <a 'sun/nio/fs/WindowsException'{0x000000008aada568}> (0x000000008aada568) thrown at [./src/hotspot/share/prims/jni.cpp, line 616]
Event: 72.728 Thread 0x000000f21b9d3800 Exception <a 'sun/nio/fs/WindowsException'{0x000000008aada870}> (0x000000008aada870) thrown at [./src/hotspot/share/prims/jni.cpp, line 616]
Event: 72.728 Thread 0x000000f21b9d3800 Exception <a 'sun/nio/fs/WindowsException'{0x000000008aadb9b0}> (0x000000008aadb9b0) thrown at [./src/hotspot/share/prims/jni.cpp, line 616]
Event: 73.538 Thread 0x000000f21b9d3800 Implicit null exception at 0x000000f20827646c to 0x000000f208276c18
Event: 73.540 Thread 0x000000f21b9d3800 Implicit null exception at 0x000000f207badc94 to 0x000000f207bae2a4
Event: 79.461 Thread 0x000000f21b9d3800 Implicit null exception at 0x000000f207c7b5eb to 0x000000f207c7b60c
Event: 79.877 Thread 0x000000f21b9d3800 Exception <a 'sun/nio/fs/WindowsException'{0x00000000889e0978}> (0x00000000889e0978) thrown at [./src/hotspot/share/prims/jni.cpp, line 616]
Event: 79.888 Thread 0x000000f21b9d3800 Implicit null exception at 0x000000f2083af4db to 0x000000f2083b21e4
Event: 88.215 Thread 0x000000f21acd3000 Exception <a 'java/net/SocketTimeoutException'{0x000000008a56c3a0}: Read timed out> (0x000000008a56c3a0) thrown at [./src/hotspot/share/prims/jni.cpp, line 637]
Event: 93.667 Thread 0x000000f21acdd800 Exception <a 'java/net/SocketTimeoutException'{0x000000008947a378}: Read timed out> (0x000000008947a378) thrown at [./src/hotspot/share/prims/jni.cpp, line 637]

Events (20 events):
Event: 85.125 Executing VM operation: G1CollectForAllocation done
Event: 85.286 Executing VM operation: RevokeBias
Event: 85.286 Executing VM operation: RevokeBias done
Event: 85.318 Executing VM operation: RevokeBias
Event: 85.318 Executing VM operation: RevokeBias done
Event: 85.321 Executing VM operation: RevokeBias
Event: 85.321 Executing VM operation: RevokeBias done
Event: 85.323 Thread 0x000000f21eb0d800 Thread exited: 0x000000f21eb0d800
Event: 85.325 Executing VM operation: RevokeBias
Event: 85.326 Executing VM operation: RevokeBias done
Event: 85.801 Executing VM operation: RevokeBias
Event: 85.801 Executing VM operation: RevokeBias done
Event: 85.802 Executing VM operation: RevokeBias
Event: 85.803 Executing VM operation: RevokeBias done
Event: 85.803 Executing VM operation: RevokeBias
Event: 85.804 Executing VM operation: RevokeBias done
Event: 86.313 Executing VM operation: RevokeBias
Event: 86.314 Executing VM operation: RevokeBias done
Event: 88.216 loading class sun/net/ConnectionResetException
Event: 88.216 loading class sun/net/ConnectionResetException done


Dynamic libraries:
0x00007ff7d1000000 - 0x00007ff7d100a000 	C:\Program Files\Android\Android Studio\jre\bin\java.exe
0x00007ffcb3970000 - 0x00007ffcb3b1d000 	C:\Windows\SYSTEM32\ntdll.dll
0x00007ffcb1440000 - 0x00007ffcb157f000 	C:\Windows\system32\KERNEL32.DLL
0x00007ffcb0ae0000 - 0x00007ffcb0bf5000 	C:\Windows\system32\KERNELBASE.dll
0x00007ffca51c0000 - 0x00007ffca51d9000 	C:\Program Files\Android\Android Studio\jre\bin\jli.dll
0x00007ffcad560000 - 0x00007ffcad577000 	C:\Program Files\Android\Android Studio\jre\bin\VCRUNTIME140.dll
0x00007ffcaa870000 - 0x00007ffcaa874000 	C:\Windows\SYSTEM32\api-ms-win-crt-stdio-l1-1-0.dll
0x00007ffcaa850000 - 0x00007ffcaa854000 	C:\Windows\SYSTEM32\api-ms-win-crt-runtime-l1-1-0.dll
0x00007ffcaa830000 - 0x00007ffcaa833000 	C:\Windows\SYSTEM32\api-ms-win-crt-environment-l1-1-0.dll
0x00007ffcaa810000 - 0x00007ffcaa815000 	C:\Windows\SYSTEM32\api-ms-win-crt-math-l1-1-0.dll
0x00007ffc8fec0000 - 0x00007ffc8fec3000 	C:\Windows\SYSTEM32\api-ms-win-crt-locale-l1-1-0.dll
0x00007ffcaa7e0000 - 0x00007ffcaa7e3000 	C:\Windows\SYSTEM32\api-ms-win-crt-heap-l1-1-0.dll
0x00007ffcae1f0000 - 0x00007ffcae46b000 	C:\Windows\WinSxS\amd64_microsoft.windows.common-controls_6595b64144ccf1df_6.0.9600.19394_none_62486577ecb635cf\COMCTL32.dll
0x00007ffcb1580000 - 0x00007ffcb16f7000 	C:\Windows\system32\USER32.dll
0x00007ffcaa800000 - 0x00007ffcaa803000 	C:\Windows\SYSTEM32\api-ms-win-crt-filesystem-l1-1-0.dll
0x00007ffcaa860000 - 0x00007ffcaa864000 	C:\Windows\SYSTEM32\api-ms-win-crt-string-l1-1-0.dll
0x00007ffcaa840000 - 0x00007ffcaa844000 	C:\Windows\SYSTEM32\api-ms-win-crt-convert-l1-1-0.dll
0x00007ffcb2310000 - 0x00007ffcb23ba000 	C:\Windows\system32\msvcrt.dll
0x00007ffcb17f0000 - 0x00007ffcb193e000 	C:\Windows\system32\GDI32.dll
0x00007ffc8fbc0000 - 0x00007ffc8fcb4000 	C:\Windows\SYSTEM32\ucrtbase.DLL
0x00007ffcb1da0000 - 0x00007ffcb1dd6000 	C:\Windows\system32\IMM32.DLL
0x00007ffcb1220000 - 0x00007ffcb1371000 	C:\Windows\system32\MSCTF.dll
0x00007ffc8f970000 - 0x00007ffc8fa0d000 	C:\Program Files\Android\Android Studio\jre\bin\msvcp140.dll
0x00007ffc8feb0000 - 0x00007ffc8feb5000 	C:\Windows\SYSTEM32\api-ms-win-crt-multibyte-l1-1-0.dll
0x00007ffcaa7f0000 - 0x00007ffcaa7f3000 	C:\Windows\SYSTEM32\api-ms-win-crt-time-l1-1-0.dll
0x00007ffcaa820000 - 0x00007ffcaa823000 	C:\Windows\SYSTEM32\api-ms-win-crt-utility-l1-1-0.dll
0x00007ffc8e050000 - 0x00007ffc8eb52000 	C:\Program Files\Android\Android Studio\jre\bin\server\jvm.dll
0x00007ffcb2200000 - 0x00007ffcb22ad000 	C:\Windows\system32\ADVAPI32.dll
0x00007ffcad580000 - 0x00007ffcad589000 	C:\Windows\SYSTEM32\WSOCK32.dll
0x00007ffca92b0000 - 0x00007ffca92d2000 	C:\Windows\SYSTEM32\WINMM.dll
0x00007ffca91a0000 - 0x00007ffca91aa000 	C:\Windows\SYSTEM32\VERSION.dll
0x00007ffcb2430000 - 0x00007ffcb2437000 	C:\Windows\system32\PSAPI.DLL
0x00007ffcb1f80000 - 0x00007ffcb1fdb000 	C:\Windows\SYSTEM32\sechost.dll
0x00007ffcb1a00000 - 0x00007ffcb1b35000 	C:\Windows\system32\RPCRT4.dll
0x00007ffcb1fe0000 - 0x00007ffcb203a000 	C:\Windows\system32\WS2_32.dll
0x00007ffca9280000 - 0x00007ffca92aa000 	C:\Windows\SYSTEM32\WINMMBASE.dll
0x00007ffcb0f10000 - 0x00007ffcb0f3e000 	C:\Windows\system32\SspiCli.dll
0x00007ffcb1700000 - 0x00007ffcb1709000 	C:\Windows\system32\NSI.dll
0x00007ffcb0ec0000 - 0x00007ffcb0f0f000 	C:\Windows\SYSTEM32\cfgmgr32.dll
0x00007ffcaf840000 - 0x00007ffcaf868000 	C:\Windows\SYSTEM32\DEVOBJ.dll
0x00007ffcaa7c0000 - 0x00007ffcaa7d1000 	C:\Program Files\Android\Android Studio\jre\bin\verify.dll
0x00007ffca2a30000 - 0x00007ffca2bba000 	C:\Windows\SYSTEM32\DBGHELP.DLL
0x00007ffcaa780000 - 0x00007ffcaa7a9000 	C:\Program Files\Android\Android Studio\jre\bin\java.dll
0x00007ffcaa770000 - 0x00007ffcaa77b000 	C:\Program Files\Android\Android Studio\jre\bin\jimage.dll
0x00007ffcaa750000 - 0x00007ffcaa768000 	C:\Program Files\Android\Android Studio\jre\bin\zip.dll
0x00007ffcb2440000 - 0x00007ffcb396c000 	C:\Windows\system32\SHELL32.dll
0x00007ffcb0ff0000 - 0x00007ffcb1202000 	C:\Windows\SYSTEM32\combase.dll
0x00007ffcb22b0000 - 0x00007ffcb2304000 	C:\Windows\system32\SHLWAPI.dll
0x00007ffcaebd0000 - 0x00007ffcaec82000 	C:\Windows\SYSTEM32\SHCORE.dll
0x00007ffcb0a10000 - 0x00007ffcb0a25000 	C:\Windows\SYSTEM32\profapi.dll
0x00007ffca7390000 - 0x00007ffca73aa000 	C:\Program Files\Android\Android Studio\jre\bin\net.dll
0x00007ffca98d0000 - 0x00007ffca9999000 	C:\Windows\SYSTEM32\WINHTTP.dll
0x00007ffcb0250000 - 0x00007ffcb02a9000 	C:\Windows\system32\mswsock.dll
0x00007ffc8ff30000 - 0x00007ffc8ff44000 	C:\Program Files\Android\Android Studio\jre\bin\nio.dll
0x00007ffcab630000 - 0x00007ffcab657000 	C:\Users\Nadezhda S\.gradle\native\e1d6ef7f7dcc3fd88c89a11ec53ec762bb8ba0a96d01ffa2cd45eb1d1d8dd5c5\windows-amd64\native-platform.dll
0x00007ffcaa7b0000 - 0x00007ffcaa7ba000 	C:\Program Files\Android\Android Studio\jre\bin\management.dll
0x00007ffca8da0000 - 0x00007ffca8dad000 	C:\Program Files\Android\Android Studio\jre\bin\management_ext.dll
0x00007ffcb02b0000 - 0x00007ffcb02d0000 	C:\Windows\SYSTEM32\CRYPTSP.dll
0x00007ffcafed0000 - 0x00007ffcaff06000 	C:\Windows\system32\rsaenh.dll
0x00007ffcb04f0000 - 0x00007ffcb0516000 	C:\Windows\SYSTEM32\bcrypt.dll
0x00007ffcaffe0000 - 0x00007ffcb0001000 	C:\Windows\SYSTEM32\USERENV.dll
0x00007ffcb0810000 - 0x00007ffcb0873000 	C:\Windows\system32\bcryptprimitives.dll
0x00007ffcb0880000 - 0x00007ffcb088b000 	C:\Windows\SYSTEM32\CRYPTBASE.dll
0x00007ffcac7a0000 - 0x00007ffcac7ca000 	C:\Windows\SYSTEM32\IPHLPAPI.DLL
0x00007ffcac7f0000 - 0x00007ffcac7fa000 	C:\Windows\SYSTEM32\WINNSI.DLL
0x00007ffcac0f0000 - 0x00007ffcac106000 	C:\Windows\SYSTEM32\dhcpcsvc6.DLL
0x00007ffcac2c0000 - 0x00007ffcac2da000 	C:\Windows\SYSTEM32\dhcpcsvc.DLL
0x00007ffcab250000 - 0x00007ffcab282000 	C:\Windows\SYSTEM32\ntmarta.dll
0x00007ffc8f780000 - 0x00007ffc8f7a7000 	C:\Program Files\Android\Android Studio\jre\bin\sunec.dll
0x00007ffcb0050000 - 0x00007ffcb00f4000 	C:\Windows\SYSTEM32\DNSAPI.dll
0x00007ffca8c00000 - 0x00007ffca8c0a000 	C:\Windows\System32\rasadhlp.dll
0x00007ffcac2e0000 - 0x00007ffcac34b000 	C:\Windows\System32\fwpuclnt.dll

dbghelp: loaded successfully - version: 4.0.5 - missing functions: none
symbol engine: initialized successfully - sym options: 0x614 - pdb path: .;C:\Program Files\Android\Android Studio\jre\bin;C:\Windows\SYSTEM32;C:\Windows\WinSxS\amd64_microsoft.windows.common-controls_6595b64144ccf1df_6.0.9600.19394_none_62486577ecb635cf;C:\Program Files\Android\Android Studio\jre\bin\server;C:\Users\Nadezhda S\.gradle\native\e1d6ef7f7dcc3fd88c89a11ec53ec762bb8ba0a96d01ffa2cd45eb1d1d8dd5c5\windows-amd64

VM Arguments:
jvm_args: --add-opens=java.base/java.util=ALL-UNNAMED --add-opens=java.base/java.lang=ALL-UNNAMED --add-opens=java.base/java.lang.invoke=ALL-UNNAMED --add-opens=java.base/java.util=ALL-UNNAMED --add-opens=java.prefs/java.util.prefs=ALL-UNNAMED --add-opens=java.prefs/java.util.prefs=ALL-UNNAMED --add-opens=java.base/java.nio.charset=ALL-UNNAMED --add-opens=java.base/java.net=ALL-UNNAMED --add-opens=java.base/java.util.concurrent.atomic=ALL-UNNAMED -Xmx2048m -Dfile.encoding=UTF-8 -Duser.country=RU -Duser.language=ru -Duser.variant 
java_command: org.gradle.launcher.daemon.bootstrap.GradleDaemon 7.4
java_class_path (initial): C:\Users\Nadezhda S\.gradle\wrapper\dists\gradle-7.4-bin\c0gwcg53nkjbqw7r0h0umtfvt\gradle-7.4\lib\gradle-launcher-7.4.jar
Launcher Type: SUN_STANDARD

[Global flags]
     intx CICompilerCount                          = 3                                         {product} {ergonomic}
     uint ConcGCThreads                            = 1                                         {product} {ergonomic}
     uint G1ConcRefinementThreads                  = 4                                         {product} {ergonomic}
   size_t G1HeapRegionSize                         = 1048576                                   {product} {ergonomic}
    uintx GCDrainStackTargetSize                   = 64                                        {product} {ergonomic}
   size_t InitialHeapSize                          = 134217728                                 {product} {ergonomic}
   size_t MarkStackSize                            = 4194304                                   {product} {ergonomic}
   size_t MaxHeapSize                              = 2147483648                                {product} {command line}
   size_t MaxNewSize                               = 1287651328                                {product} {ergonomic}
   size_t MinHeapDeltaBytes                        = 1048576                                   {product} {ergonomic}
    uintx NonNMethodCodeHeapSize                   = 5830732                                {pd product} {ergonomic}
    uintx NonProfiledCodeHeapSize                  = 122913754                              {pd product} {ergonomic}
    uintx ProfiledCodeHeapSize                     = 122913754                              {pd product} {ergonomic}
    uintx ReservedCodeCacheSize                    = 251658240                              {pd product} {ergonomic}
     bool SegmentedCodeCache                       = true                                      {product} {ergonomic}
     bool UseCompressedClassPointers               = true                                 {lp64_product} {ergonomic}
     bool UseCompressedOops                        = true                                 {lp64_product} {ergonomic}
     bool UseG1GC                                  = true                                      {product} {ergonomic}
     bool UseLargePagesIndividualAllocation        = false                                  {pd product} {ergonomic}

Logging:
Log output configuration:
 #0: stdout all=warning uptime,level,tags
 #1: stderr all=off uptime,level,tags

Environment Variables:
PATH=C:\Windows\system32;C:\Windows;C:\Windows\System32\Wbem;C:\Windows\System32\WindowsPowerShell\v1.0\;C:\Program Files\Git\cmd
USERNAME=Nadezhda S
OS=Windows_NT
PROCESSOR_IDENTIFIER=Intel64 Family 6 Model 42 Stepping 7, GenuineIntel



---------------  S Y S T E M  ---------------

OS: Windows 8.1 , 64 bit Build 9600 (6.3.9600.20389)
OS uptime: 1 days 0:33 hours

CPU:total 4 (initial active 4) (2 cores per cpu, 2 threads per core) family 6 model 42 stepping 7 microcode 0x28, cmov, cx8, fxsr, mmx, sse, sse2, sse3, ssse3, sse4.1, sse4.2, popcnt, avx, aes, clmul, ht, tsc, tscinvbit

Memory: 4k page, system-wide physical 8105M (1122M free)
TotalPageFile size 8105M (AvailPageFile size 8M)
current process WorkingSet (physical memory assigned to process): 487M, peak: 489M
current process commit charge ("private bytes"): 511M, peak: 514M

vm_info: OpenJDK 64-Bit Server VM (11.0.13+0-b1751.21-8125866) for windows-amd64 JRE (11.0.13+0-b1751.21-8125866), built on Feb  2 2022 03:00:22 by "builder" with MS VC++ 14.0 (VS2015)

END.
